Running (μ + 1), μ = 2, p_c = 0.99, p_m = 0.03125 on RuggedOneMax(k = 3, n = 32)
Progress: 0 1 2 3 4 5 6 7 8 9 10 11 12 13 14 15 16 17 18 19 20 21 22 23 24 25 26 27 28 29 30 31 32 33 34 35 36 37 38 39 40 41 42 43 44 45 46 47 48 49 50 51 52 53 54 55 56 57 58 59 60 61 62 63 64 65 66 67 68 69 70 71 72 73 74 75 76 77 78 79 80 81 82 83 84 85 86 87 88 89 90 91 92 93 94 95 96 97 98 99 100 101 102 103 104 105 106 107 108 109 110 111 112 113 114 115 116 117 118 119 120 121 122 123 124 125 126 127
Runtimes: [4027, 3083, 3412, 5185, 7034, 3436, 12307, 3491, 17832, 11605, 3857, 17421, 3691, 13335, 927, 22222, 1068, 3604, 9747, 2338, 20071, 9992, 1608, 2055, 3629, 16424, 7168, 10892, 6579, 5585, 1030, 11871, 1649, 8235, 5343, 4478, 13650, 2157, 10411, 2513, 2049, 3373, 628, 1297, 2898, 7637, 1454, 2108, 2536, 2198, 1085, 7886, 9207, 2063, 9051, 3158, 922, 1863, 7338, 4494, 952, 4416, 3769, 9470, 10406, 1736, 30223, 434, 7568, 642, 5192, 2572, 4250, 10176, 1919, 13084, 1816, 3045, 2503, 933, 7892, 2910, 1273, 7230, 2677, 2403, 8206, 4336, 1061, 17947, 3511, 9988, 1300, 631, 11097, 24221, 5641, 665, 2428, 4173, 2086, 5609, 5425, 4387, 1393, 27378, 857, 4529, 2855, 7328, 878, 1661, 543, 5952, 11172, 2997, 2562, 5049, 1384, 11181, 838, 3617, 1094, 4514, 1249, 8417, 8804, 18002]
Average: 5895.8125
Evaluated in 225.59ms

2
Running (μ + 1) w/ chm, μ = 2, p_c = 0.99, p_m = 0.03125 on RuggedOneMax(k = 3, n = 32)
Progress: 0 1 2 3 4 5 6 7 8 9 10 11 12 13 14 15 16 17 18 19 20 21 22 23 24 25 26 27 28 29 30 31 32 33 34 35 36 37 38 39 40 41 42 43 44 45 46 47 48 49 50 51 52 53 54 55 56 57 58 59 60 61 62 63 64 65 66 67 68 69 70 71 72 73 74 75 76 77 78 79 80 81 82 83 84 85 86 87 88 89 90 91 92 93 94 95 96 97 98 99 100 101 102 103 104 105 106 107 108 109 110 111 112 113 114 115 116 117 118 119 120 121 122 123 124 125 126 127
Runtimes: [512, 552, 769, 676, 211, 851, 1026, 881, 446, 455, 763, 877, 747, 1147, 716, 546, 928, 954, 1088, 905, 310, 644, 950, 978, 1280, 518, 708, 208, 874, 456, 508, 748, 998, 576, 852, 438, 525, 286, 923, 712, 230, 802, 356, 891, 312, 528, 1541, 1478, 475, 300, 1448, 521, 338, 512, 1529, 547, 776, 703, 1197, 1080, 1938, 698, 505, 707, 662, 736, 597, 807, 749, 1111, 938, 1452, 428, 1954, 876, 1294, 426, 856, 930, 1011, 719, 1384, 1080, 1123, 540, 802, 706, 533, 1496, 456, 899, 1066, 493, 264, 525, 364, 368, 767, 468, 396, 691, 635, 1011, 294, 1387, 1188, 697, 460, 1167, 433, 242, 784, 1010, 951, 1855, 1108, 1138, 1106, 503, 631, 475, 321, 738, 496, 1000, 750, 409, 921]
Average: 778.3671875
Evaluated in 31.81ms

log2(n)
Running (μ + 1), μ = 5, p_c = 0.99, p_m = 0.03125 on RuggedOneMax(k = 3, n = 32)
Progress: 0 1 2 3 4 5 6 7 8 9 10 11 12 13 14 15 16 17 18 19 20 21 22 23 24 25 26 27 28 29 30 31 32 33 34 35 36 37 38 39 40 41 42 43 44 45 46 47 48 49 50 51 52 53 54 55 56 57 58 59 60 61 62 63 64 65 66 67 68 69 70 71 72 73 74 75 76 77 78 79 80 81 82 83 84 85 86 87 88 89 90 91 92 93 94 95 96 97 98 99 100 101 102 103 104 105 106 107 108 109 110 111 112 113 114 115 116 117 118 119 120 121 122 123 124 125 126 127
Runtimes: [2432, 1202, 2289, 1706, 1751, 1260, 1312, 6490, 871, 677, 1772, 988, 1167, 4567, 4511, 945, 2828, 428, 4447, 1787, 1842, 536, 2010, 2266, 727, 4405, 3100, 2801, 1332, 2041, 1083, 207, 866, 2078, 572, 274, 3332, 987, 6145, 888, 2489, 3950, 7474, 4159, 2177, 3933, 739, 2434, 1927, 532, 3781, 4058, 4466, 310, 2603, 1980, 5010, 429, 4948, 557, 3003, 3414, 279, 1967, 3392, 1470, 3368, 784, 1643, 1290, 1922, 2026, 2778, 3112, 1579, 2202, 405, 201, 4316, 1510, 1252, 1662, 1290, 2659, 967, 2679, 1122, 578, 1409, 761, 503, 2008, 2956, 360, 3777, 677, 800, 1135, 2784, 1136, 816, 918, 3549, 3225, 1699, 407, 426, 4002, 2397, 800, 2143, 2292, 1093, 1785, 1512, 757, 1318, 2296, 1050, 2161, 6719, 5024, 2650, 1188, 3308, 2958, 3814, 1317]
Average: 2122.484375
Evaluated in 67.57ms

log2(n)
Running (μ + 1) w/ chm, μ = 5, p_c = 0.99, p_m = 0.03125 on RuggedOneMax(k = 3, n = 32)
Progress: 0 1 2 3 4 5 6 7 8 9 10 11 12 13 14 15 16 17 18 19 20 21 22 23 24 25 26 27 28 29 30 31 32 33 34 35 36 37 38 39 40 41 42 43 44 45 46 47 48 49 50 51 52 53 54 55 56 57 58 59 60 61 62 63 64 65 66 67 68 69 70 71 72 73 74 75 76 77 78 79 80 81 82 83 84 85 86 87 88 89 90 91 92 93 94 95 96 97 98 99 100 101 102 103 104 105 106 107 108 109 110 111 112 113 114 115 116 117 118 119 120 121 122 123 124 125 126 127
Runtimes: [776, 598, 529, 450, 543, 658, 1005, 967, 919, 632, 271, 767, 748, 1042, 256, 454, 621, 504, 1380, 467, 1518, 408, 214, 244, 481, 286, 661, 712, 335, 394, 974, 1416, 317, 477, 889, 513, 702, 678, 512, 365, 956, 318, 757, 794, 589, 1120, 827, 400, 709, 692, 1006, 301, 558, 211, 444, 389, 1378, 752, 919, 504, 838, 489, 975, 622, 272, 260, 399, 501, 442, 421, 619, 565, 500, 974, 541, 658, 763, 502, 565, 1038, 632, 443, 304, 250, 276, 575, 550, 1311, 822, 678, 436, 342, 829, 304, 611, 824, 231, 369, 887, 514, 319, 346, 454, 588, 371, 173, 1057, 484, 899, 313, 487, 330, 541, 501, 1221, 697, 514, 297, 551, 308, 729, 887, 635, 1201, 449, 422, 521, 146]
Average: 608.4375
Evaluated in 30.09ms

sqrt(n)
Running (μ + 1), μ = 5, p_c = 0.99, p_m = 0.03125 on RuggedOneMax(k = 3, n = 32)
Progress: 0 1 2 3 4 5 6 7 8 9 10 11 12 13 14 15 16 17 18 19 20 21 22 23 24 25 26 27 28 29 30 31 32 33 34 35 36 37 38 39 40 41 42 43 44 45 46 47 48 49 50 51 52 53 54 55 56 57 58 59 60 61 62 63 64 65 66 67 68 69 70 71 72 73 74 75 76 77 78 79 80 81 82 83 84 85 86 87 88 89 90 91 92 93 94 95 96 97 98 99 100 101 102 103 104 105 106 107 108 109 110 111 112 113 114 115 116 117 118 119 120 121 122 123 124 125 126 127
Runtimes: [4133, 3522, 686, 773, 1509, 589, 488, 307, 2127, 3320, 573, 500, 1590, 5151, 1266, 975, 890, 3492, 382, 2172, 4253, 2487, 1424, 1220, 1619, 5585, 1519, 1014, 6676, 4831, 775, 511, 731, 2443, 773, 263, 9614, 2404, 4149, 1636, 1727, 1694, 788, 1406, 1844, 944, 2166, 1215, 536, 2225, 2097, 5856, 2289, 2873, 854, 1314, 7227, 3515, 721, 1242, 1106, 681, 3283, 2325, 3882, 2373, 8701, 1068, 1384, 2221, 714, 1296, 1596, 3594, 2327, 2768, 2260, 2319, 855, 2923, 938, 506, 2197, 1530, 2472, 1928, 963, 1098, 1298, 3888, 1963, 2401, 8485, 1755, 3732, 481, 1993, 902, 1791, 6419, 6246, 1139, 1230, 459, 2860, 716, 1210, 315, 1879, 409, 4057, 5129, 678, 1469, 1098, 747, 1020, 1154, 1129, 1388, 1103, 1023, 650, 4494, 4015, 1058, 1342, 1360]
Average: 2146.078125
Evaluated in 68.10ms

sqrt(n)
Running (μ + 1) w/ chm, μ = 5, p_c = 0.99, p_m = 0.03125 on RuggedOneMax(k = 3, n = 32)
Progress: 0 1 2 3 4 5 6 7 8 9 10 11 12 13 14 15 16 17 18 19 20 21 22 23 24 25 26 27 28 29 30 31 32 33 34 35 36 37 38 39 40 41 42 43 44 45 46 47 48 49 50 51 52 53 54 55 56 57 58 59 60 61 62 63 64 65 66 67 68 69 70 71 72 73 74 75 76 77 78 79 80 81 82 83 84 85 86 87 88 89 90 91 92 93 94 95 96 97 98 99 100 101 102 103 104 105 106 107 108 109 110 111 112 113 114 115 116 117 118 119 120 121 122 123 124 125 126 127
Runtimes: [716, 571, 565, 833, 677, 533, 513, 886, 372, 433, 433, 495, 977, 944, 711, 280, 582, 695, 415, 496, 560, 546, 581, 576, 1181, 528, 555, 560, 508, 478, 747, 329, 272, 604, 563, 732, 1088, 992, 1004, 738, 773, 904, 949, 240, 485, 752, 1141, 919, 1004, 626, 847, 942, 607, 577, 613, 485, 350, 368, 641, 407, 461, 334, 593, 326, 427, 836, 820, 670, 400, 281, 707, 600, 830, 883, 456, 439, 1583, 507, 555, 1337, 628, 780, 965, 555, 868, 1108, 373, 622, 753, 259, 796, 756, 500, 896, 634, 158, 320, 525, 690, 1012, 1157, 548, 751, 746, 789, 398, 623, 355, 499, 459, 531, 573, 441, 746, 411, 855, 229, 575, 964, 435, 491, 388, 500, 408, 410, 1054, 520, 610]
Average: 637.5625
Evaluated in 31.67ms


2
Running (μ + 1), μ = 2, p_c = 0.99, p_m = 0.015625 on RuggedOneMax(k = 3, n = 64)
Progress: 0 1 2 3 4 5 6 7 8 9 10 11 12 13 14 15 16 17 18 19 20 21 22 23 24 25 26 27 28 29 30 31 32 33 34 35 36 37 38 39 40 41 42 43 44 45 46 47 48 49 50 51 52 53 54 55 56 57 58 59 60 61 62 63 64 65 66 67 68 69 70 71 72 73 74 75 76 77 78 79 80 81 82 83 84 85 86 87 88 89 90 91 92 93 94 95 96 97 98 99 100 101 102 103 104 105 106 107 108 109 110 111 112 113 114 115 116 117 118 119 120 121 122 123 124 125 126 127
Runtimes: [47505, 2885, 40041, 16151, 21877, 84411, 117980, 11291, 10721, 69865, 29914, 6187, 41858, 8689, 20230, 193107, 19769, 58673, 20557, 67011, 57070, 102039, 139726, 74394, 64806, 54891, 18228, 54740, 157358, 7104, 44514, 108335, 19632, 77445, 18002, 99798, 84660, 62139, 27033, 176501, 57635, 4269, 110111, 47877, 8780, 63208, 52300, 431675, 14709, 130690, 104548, 14691, 100731, 15178, 37169, 41193, 46151, 66206, 16892, 139056, 46961, 22997, 20545, 144032, 136760, 14517, 9893, 152762, 19604, 9801, 90254, 19103, 47410, 87766, 73132, 117924, 119183, 107423, 30248, 122791, 54609, 15245, 20433, 68499, 27645, 51535, 3388, 71964, 41470, 24306, 5737, 228436, 78721, 8216, 24564, 121955, 117787, 22548, 26037, 190462, 63857, 43495, 123168, 131653, 146692, 36634, 26316, 70461, 13222, 40934, 41549, 54078, 97782, 39952, 21309, 197738, 160363, 33182, 209365, 27664, 29499, 29946, 6010, 11985, 53224, 40550, 82546, 21285]
Average: 64776
Evaluated in 3.68s

2
Running (μ + 1) w/ chm, μ = 2, p_c = 0.99, p_m = 0.015625 on RuggedOneMax(k = 3, n = 64)
Progress: 0 1 2 3 4 5 6 7 8 9 10 11 12 13 14 15 16 17 18 19 20 21 22 23 24 25 26 27 28 29 30 31 32 33 34 35 36 37 38 39 40 41 42 43 44 45 46 47 48 49 50 51 52 53 54 55 56 57 58 59 60 61 62 63 64 65 66 67 68 69 70 71 72 73 74 75 76 77 78 79 80 81 82 83 84 85 86 87 88 89 90 91 92 93 94 95 96 97 98 99 100 101 102 103 104 105 106 107 108 109 110 111 112 113 114 115 116 117 118 119 120 121 122 123 124 125 126 127
Runtimes: [1211, 1102, 1750, 1587, 1669, 2254, 554, 1791, 1332, 1445, 1378, 1544, 1808, 978, 1336, 1341, 967, 2242, 1523, 1277, 2121, 1594, 1846, 1401, 2114, 1220, 2292, 1132, 1727, 1300, 1344, 1328, 1451, 1331, 1180, 1637, 1497, 1399, 1559, 1070, 1834, 1199, 1397, 1624, 2065, 869, 1960, 996, 1228, 882, 1545, 2357, 1030, 1724, 1353, 934, 1335, 1174, 2679, 2052, 2066, 1228, 2333, 1360, 2449, 1959, 2312, 1188, 1183, 2081, 1935, 1280, 1148, 2080, 1752, 1804, 1733, 1058, 1183, 2019, 2250, 1851, 1351, 1676, 1492, 1916, 2236, 1496, 1410, 1094, 1387, 1079, 1746, 1282, 1414, 3103, 1726, 2066, 4491, 1233, 1119, 3192, 1645, 1307, 1700, 1283, 1532, 1605, 1217, 1292, 1100, 1585, 1987, 2289, 994, 1365, 2248, 1491, 1389, 2080, 1846, 1466, 1509, 1663, 1015, 1219, 1084, 1258]
Average: 1592.1796875
Evaluated in 113.71ms

log2(n)
Running (μ + 1), μ = 6, p_c = 0.99, p_m = 0.015625 on RuggedOneMax(k = 3, n = 64)
Progress: 0 1 2 3 4 5 6 7 8 9 10 11 12 13 14 15 16 17 18 19 20 21 22 23 24 25 26 27 28 29 30 31 32 33 34 35 36 37 38 39 40 41 42 43 44 45 46 47 48 49 50 51 52 53 54 55 56 57 58 59 60 61 62 63 64 65 66 67 68 69 70 71 72 73 74 75 76 77 78 79 80 81 82 83 84 85 86 87 88 89 90 91 92 93 94 95 96 97 98 99 100 101 102 103 104 105 106 107 108 109 110 111 112 113 114 115 116 117 118 119 120 121 122 123 124 125 126 127
Runtimes: [4602, 11134, 2654, 3500, 1855, 4976, 8097, 5728, 1387, 825, 13937, 2966, 1520, 43565, 6478, 1804, 14930, 5479, 1995, 10219, 1640, 8925, 11307, 8187, 979, 4485, 1434, 627, 6030, 12146, 2219, 11068, 14877, 10692, 2859, 1868, 1219, 5465, 8758, 3728, 7840, 8105, 7867, 5009, 3682, 7450, 23310, 7561, 1795, 2374, 7528, 8620, 3064, 1441, 2031, 1730, 5054, 12297, 4489, 3249, 4260, 2397, 2971, 12876, 4333, 4344, 9814, 6059, 3308, 1528, 12134, 2708, 9166, 11020, 9723, 2520, 4459, 9708, 10872, 3521, 12451, 2184, 1427, 10342, 4648, 6235, 10621, 2690, 6929, 2215, 3171, 1827, 7452, 1709, 1298, 3197, 9674, 7049, 1632, 27699, 19112, 3663, 4611, 26414, 4801, 2082, 2889, 5196, 18552, 2018, 2253, 3292, 3022, 5428, 1286, 3369, 8633, 3562, 3060, 4554, 14670, 541, 4058, 828, 10210, 3765, 5969, 2719]
Average: 6354.59375
Evaluated in 362.97ms

log2(n)
Running (μ + 1) w/ chm, μ = 6, p_c = 0.99, p_m = 0.015625 on RuggedOneMax(k = 3, n = 64)
Progress: 0 1 2 3 4 5 6 7 8 9 10 11 12 13 14 15 16 17 18 19 20 21 22 23 24 25 26 27 28 29 30 31 32 33 34 35 36 37 38 39 40 41 42 43 44 45 46 47 48 49 50 51 52 53 54 55 56 57 58 59 60 61 62 63 64 65 66 67 68 69 70 71 72 73 74 75 76 77 78 79 80 81 82 83 84 85 86 87 88 89 90 91 92 93 94 95 96 97 98 99 100 101 102 103 104 105 106 107 108 109 110 111 112 113 114 115 116 117 118 119 120 121 122 123 124 125 126 127
Runtimes: [1138, 1712, 960, 935, 1513, 1466, 1480, 1500, 1236, 971, 895, 1839, 996, 1270, 1126, 815, 1038, 1404, 988, 1710, 1092, 1280, 1329, 814, 1240, 1045, 1869, 1855, 1348, 1122, 687, 732, 843, 1619, 1001, 899, 711, 817, 1618, 1484, 1077, 1230, 1400, 579, 865, 617, 1449, 1001, 1895, 1123, 1470, 2504, 1797, 707, 808, 654, 1053, 954, 1110, 1813, 1000, 974, 984, 994, 979, 1362, 1985, 730, 1571, 1669, 1937, 1393, 1385, 2611, 1599, 1324, 1837, 792, 1077, 968, 1868, 993, 776, 1213, 1203, 1428, 1090, 1474, 1462, 1226, 1374, 1563, 1603, 2430, 1596, 1792, 1157, 2011, 1379, 1420, 923, 1503, 1242, 1144, 789, 715, 1414, 1185, 1523, 793, 1685, 1760, 1578, 1010, 1039, 944, 1588, 1122, 1058, 1498, 760, 1358, 1002, 995, 1487, 1280, 1489, 1470]
Average: 1274.109375
Evaluated in 116.49ms

sqrt(n)
Running (μ + 1), μ = 8, p_c = 0.99, p_m = 0.015625 on RuggedOneMax(k = 3, n = 64)
Progress: 0 1 2 3 4 5 6 7 8 9 10 11 12 13 14 15 16 17 18 19 20 21 22 23 24 25 26 27 28 29 30 31 32 33 34 35 36 37 38 39 40 41 42 43 44 45 46 47 48 49 50 51 52 53 54 55 56 57 58 59 60 61 62 63 64 65 66 67 68 69 70 71 72 73 74 75 76 77 78 79 80 81 82 83 84 85 86 87 88 89 90 91 92 93 94 95 96 97 98 99 100 101 102 103 104 105 106 107 108 109 110 111 112 113 114 115 116 117 118 119 120 121 122 123 124 125 126 127
Runtimes: [5970, 3081, 2876, 1357, 1385, 9931, 1362, 5137, 5682, 1483, 3339, 2806, 3189, 5589, 2389, 2363, 2129, 1189, 7366, 3339, 1553, 2958, 8774, 5805, 6826, 13278, 5029, 2456, 4508, 7717, 6569, 3404, 1832, 8590, 1641, 2341, 8021, 1853, 2444, 2323, 9423, 4977, 5855, 7491, 3100, 885, 4736, 3948, 1574, 2462, 6250, 1695, 812, 7254, 2024, 1323, 6713, 1625, 1400, 10731, 2412, 1844, 2120, 13250, 933, 1016, 1088, 2589, 9956, 1057, 1558, 3425, 2392, 1379, 1676, 2545, 2235, 4135, 4660, 1480, 4587, 974, 3659, 2289, 4999, 4330, 810, 6182, 1227, 3940, 6386, 7138, 7077, 5270, 1946, 4062, 1396, 3092, 2232, 849, 2696, 6690, 1599, 836, 993, 6192, 2405, 5774, 2304, 1510, 3455, 1734, 8773, 1406, 1195, 1748, 1503, 1291, 1332, 1083, 3896, 3572, 3145, 2842, 7442, 3188, 3028, 7117]
Average: 3727.390625
Evaluated in 220.17ms

sqrt(n)
Running (μ + 1) w/ chm, μ = 8, p_c = 0.99, p_m = 0.015625 on RuggedOneMax(k = 3, n = 64)
Progress: 0 1 2 3 4 5 6 7 8 9 10 11 12 13 14 15 16 17 18 19 20 21 22 23 24 25 26 27 28 29 30 31 32 33 34 35 36 37 38 39 40 41 42 43 44 45 46 47 48 49 50 51 52 53 54 55 56 57 58 59 60 61 62 63 64 65 66 67 68 69 70 71 72 73 74 75 76 77 78 79 80 81 82 83 84 85 86 87 88 89 90 91 92 93 94 95 96 97 98 99 100 101 102 103 104 105 106 107 108 109 110 111 112 113 114 115 116 117 118 119 120 121 122 123 124 125 126 127
Runtimes: [1069, 1462, 2114, 1713, 689, 958, 1333, 973, 2336, 1166, 941, 1043, 1685, 1894, 899, 1091, 1326, 1270, 1209, 1320, 650, 1127, 1597, 1926, 981, 1290, 772, 719, 1495, 708, 895, 1470, 947, 784, 604, 1390, 960, 2453, 1490, 1878, 1410, 1378, 1891, 878, 1051, 584, 766, 1598, 1537, 1342, 1301, 1173, 1645, 2553, 1124, 1211, 1586, 963, 760, 524, 2176, 1042, 1086, 1328, 933, 818, 1803, 751, 625, 1631, 1207, 1159, 1878, 589, 704, 674, 2205, 1796, 1111, 637, 1208, 1393, 1084, 957, 1732, 1012, 1126, 995, 891, 1266, 834, 797, 1021, 1807, 887, 1745, 945, 961, 1008, 1164, 1567, 1791, 1253, 738, 1156, 802, 1311, 1284, 721, 852, 819, 488, 1236, 872, 774, 1121, 695, 1205, 535, 1471, 1880, 832, 668, 1244, 902, 1067, 928, 1146]
Average: 1189.421875
Evaluated in 127.66ms


2
Running (μ + 1), μ = 2, p_c = 0.99, p_m = 0.0078125 on RuggedOneMax(k = 3, n = 128)
Progress: 0 1 2 3 4 5 6 7 8 9 10 11 12 13 14 15 16 17 18 19 20 21 22 23 24 25 26 27 28 29 30 31 32 33 34 35 36 37 38 39 40 41 42 43 44 45 46 47 48 49 50 51 52 53 54 55 56 57 58 59 60 61 62 63 64 65 66 67 68 69 70 71 72 73 74 75 76 77 78 79 80 81 82 83 84 85 86 87 88 89 90 91 92 93 94 95 96 97 98 99 100 101 102 103 104 105 106 107 108 109 110 111 112 113 114 115 116 117 118 119 120 121 122 123 124 125 126 127
Runtimes: [180530, 473133, 923960, 370268, 928265, 945424, 96929, 100274, 92108, 120247, 562018, 81364, 441098, 264110, 372542, 24720, 308617, 162495, 548116, 210377, 274948, 780866, 472781, 118320, 555960, 108227, 357182, 230633, 222754, 372832, 216232, 98342, 74922, 60622, 780620, 94087, 117255, 292670, 66516, 1181653, 210882, 406253, 808725, 237112, 499824, 426069, 209773, 63810, 28721, 418592, 728892, 21767, 723883, 182953, 361181, 815091, 277635, 33223, 800342, 102036, 211956, 144099, 488454, 62340, 633792, 166254, 213978, 56135, 60478, 101355, 227485, 988527, 499788, 74020, 299864, 681871, 442834, 238729, 334399, 163167, 63541, 855340, 2063880, 153172, 274081, 1689149, 772873, 1134037, 170296, 119471, 169666, 261629, 343466, 140963, 355384, 128048, 140373, 463311, 76036, 393820, 160430, 678474, 404001, 311520, 106113, 46678, 928033, 184437, 164264, 514121, 831403, 732344, 318460, 760414, 35227, 73964, 64615, 258192, 520426, 235335, 365221, 47067, 315091, 606635, 469761, 447864, 180053, 1329762]
Average: 374912.0859375
Evaluated in 42.16s

2
Running (μ + 1) w/ chm, μ = 2, p_c = 0.99, p_m = 0.0078125 on RuggedOneMax(k = 3, n = 128)
Progress: 0 1 2 3 4 5 6 7 8 9 10 11 12 13 14 15 16 17 18 19 20 21 22 23 24 25 26 27 28 29 30 31 32 33 34 35 36 37 38 39 40 41 42 43 44 45 46 47 48 49 50 51 52 53 54 55 56 57 58 59 60 61 62 63 64 65 66 67 68 69 70 71 72 73 74 75 76 77 78 79 80 81 82 83 84 85 86 87 88 89 90 91 92 93 94 95 96 97 98 99 100 101 102 103 104 105 106 107 108 109 110 111 112 113 114 115 116 117 118 119 120 121 122 123 124 125 126 127
Runtimes: [3290, 1819, 2527, 3882, 2228, 2762, 4720, 2901, 3256, 2478, 2045, 3053, 1866, 2603, 2815, 3479, 3575, 1849, 3848, 3339, 3701, 2413, 4737, 2804, 2638, 5203, 2960, 3486, 2740, 2481, 4146, 2966, 3415, 3786, 2428, 2355, 2911, 2721, 3033, 3334, 2764, 2380, 2814, 3558, 4246, 2474, 2793, 2835, 2093, 1833, 3876, 3585, 2940, 2242, 2988, 2769, 2970, 3016, 2603, 3686, 2958, 2617, 2639, 2924, 4209, 4421, 3594, 3630, 2712, 3648, 2712, 2922, 3167, 2258, 4700, 3639, 2806, 3818, 2744, 4005, 1909, 2374, 2404, 2797, 3669, 3560, 3315, 3910, 3270, 3050, 3171, 3507, 3693, 1761, 2829, 4068, 2359, 3615, 2389, 3768, 2518, 2709, 2750, 2564, 3267, 2821, 2609, 3507, 2441, 2944, 3129, 3225, 2657, 6091, 3655, 2439, 3398, 2581, 2939, 3432, 5448, 2567, 2259, 2688, 3888, 2300, 2468, 2712]
Average: 3082.8515625
Evaluated in 409.75ms

log2(n)
Running (μ + 1), μ = 7, p_c = 0.99, p_m = 0.0078125 on RuggedOneMax(k = 3, n = 128)
Progress: 0 1 2 3 4 5 6 7 8 9 10 11 12 13 14 15 16 17 18 19 20 21 22 23 24 25 26 27 28 29 30 31 32 33 34 35 36 37 38 39 40 41 42 43 44 45 46 47 48 49 50 51 52 53 54 55 56 57 58 59 60 61 62 63 64 65 66 67 68 69 70 71 72 73 74 75 76 77 78 79 80 81 82 83 84 85 86 87 88 89 90 91 92 93 94 95 96 97 98 99 100 101 102 103 104 105 106 107 108 109 110 111 112 113 114 115 116 117 118 119 120 121 122 123 124 125 126 127
Runtimes: [13979, 5485, 5991, 9163, 12856, 5556, 10144, 6877, 13683, 8754, 108285, 25248, 33550, 34108, 10601, 16121, 4981, 5498, 17578, 13789, 9300, 16975, 104354, 11255, 7419, 3289, 13214, 3218, 6982, 6947, 6496, 18199, 2895, 27144, 1834, 7308, 15660, 19499, 13760, 5239, 8588, 21877, 22951, 11960, 8261, 59945, 10000, 8360, 27762, 10099, 39273, 26076, 5844, 85793, 38798, 29367, 5690, 14469, 9420, 21066, 10879, 14041, 17852, 17787, 11926, 18178, 13374, 12236, 3485, 48466, 16896, 5893, 15052, 21926, 57618, 14208, 30650, 14970, 10179, 32148, 22771, 18543, 26680, 6347, 3409, 2635, 2460, 11612, 3517, 87991, 42309, 45753, 6278, 9112, 4459, 34422, 13452, 56654, 43636, 4028, 9684, 10866, 7229, 5919, 9262, 4002, 6144, 15674, 81169, 6771, 30901, 31641, 30545, 15420, 13404, 22950, 11500, 10509, 25558, 49042, 21372, 10375, 9366, 6713, 22542, 27143, 3826, 24950]
Average: 19430.796875
Evaluated in 2.07s

log2(n)
Running (μ + 1) w/ chm, μ = 7, p_c = 0.99, p_m = 0.0078125 on RuggedOneMax(k = 3, n = 128)
Progress: 0 1 2 3 4 5 6 7 8 9 10 11 12 13 14 15 16 17 18 19 20 21 22 23 24 25 26 27 28 29 30 31 32 33 34 35 36 37 38 39 40 41 42 43 44 45 46 47 48 49 50 51 52 53 54 55 56 57 58 59 60 61 62 63 64 65 66 67 68 69 70 71 72 73 74 75 76 77 78 79 80 81 82 83 84 85 86 87 88 89 90 91 92 93 94 95 96 97 98 99 100 101 102 103 104 105 106 107 108 109 110 111 112 113 114 115 116 117 118 119 120 121 122 123 124 125 126 127
Runtimes: [1762, 2023, 2184, 1880, 2177, 2749, 1388, 2731, 2545, 2540, 1824, 2488, 1722, 3409, 1917, 2190, 2837, 2612, 2496, 2280, 2500, 2244, 2501, 1713, 2205, 2189, 3287, 2011, 2779, 1918, 2677, 2228, 2064, 1718, 2234, 3427, 2077, 2009, 2569, 2135, 2733, 2097, 2225, 3221, 3533, 2039, 3828, 2311, 2055, 2398, 1867, 1464, 2096, 2086, 3291, 3672, 3128, 2745, 2480, 2922, 2322, 1765, 1793, 2067, 2201, 2793, 2181, 2359, 1748, 1696, 1612, 2606, 1842, 2285, 2549, 3617, 2922, 3648, 5022, 3053, 2085, 2126, 3077, 2711, 2917, 3136, 2455, 1697, 2490, 2640, 1921, 1753, 2743, 2448, 3174, 3334, 2696, 2811, 2219, 3245, 2206, 3056, 1958, 1538, 1840, 1797, 1911, 1685, 2730, 1483, 3526, 2993, 2181, 2030, 2596, 2069, 2665, 3993, 2592, 3110, 3599, 2932, 2404, 1765, 3268, 2255, 2440, 2452]
Average: 2462.9921875
Evaluated in 461.03ms

sqrt(n)
Running (μ + 1), μ = 11, p_c = 0.99, p_m = 0.0078125 on RuggedOneMax(k = 3, n = 128)
Progress: 0 1 2 3 4 5 6 7 8 9 10 11 12 13 14 15 16 17 18 19 20 21 22 23 24 25 26 27 28 29 30 31 32 33 34 35 36 37 38 39 40 41 42 43 44 45 46 47 48 49 50 51 52 53 54 55 56 57 58 59 60 61 62 63 64 65 66 67 68 69 70 71 72 73 74 75 76 77 78 79 80 81 82 83 84 85 86 87 88 89 90 91 92 93 94 95 96 97 98 99 100 101 102 103 104 105 106 107 108 109 110 111 112 113 114 115 116 117 118 119 120 121 122 123 124 125 126 127
Runtimes: [2886, 3183, 4065, 1950, 3347, 6765, 5324, 4246, 5085, 3917, 6460, 2565, 3248, 3046, 16819, 3844, 3512, 15749, 8954, 2168, 4706, 2816, 14369, 1825, 5259, 4175, 1358, 2442, 3783, 17561, 2450, 2541, 11279, 5143, 2229, 12157, 6587, 2724, 9528, 9925, 4047, 3994, 6363, 3924, 7892, 4214, 8883, 3969, 3353, 5652, 2410, 2015, 4784, 2724, 6807, 8184, 1803, 7231, 3171, 2180, 4736, 8417, 2518, 3652, 5784, 3541, 6093, 1802, 3296, 5464, 2095, 6584, 3902, 2523, 5966, 2447, 6679, 2847, 6427, 4280, 11631, 6760, 4808, 4954, 3487, 5537, 6626, 3300, 6870, 5847, 2532, 2382, 6600, 4192, 4707, 4661, 12897, 2919, 1708, 2460, 2427, 3638, 2543, 4072, 13567, 6638, 3682, 2474, 5095, 2099, 5164, 5842, 5035, 2280, 2553, 25802, 1816, 7043, 5140, 3144, 5819, 5014, 4170, 12321, 9372, 5888, 7637, 3303]
Average: 5321.0859375
Evaluated in 592.01ms

sqrt(n)
Running (μ + 1) w/ chm, μ = 11, p_c = 0.99, p_m = 0.0078125 on RuggedOneMax(k = 3, n = 128)
Progress: 0 1 2 3 4 5 6 7 8 9 10 11 12 13 14 15 16 17 18 19 20 21 22 23 24 25 26 27 28 29 30 31 32 33 34 35 36 37 38 39 40 41 42 43 44 45 46 47 48 49 50 51 52 53 54 55 56 57 58 59 60 61 62 63 64 65 66 67 68 69 70 71 72 73 74 75 76 77 78 79 80 81 82 83 84 85 86 87 88 89 90 91 92 93 94 95 96 97 98 99 100 101 102 103 104 105 106 107 108 109 110 111 112 113 114 115 116 117 118 119 120 121 122 123 124 125 126 127
Runtimes: [2879, 4655, 4224, 2497, 2724, 3220, 4074, 2286, 3995, 1489, 2615, 2995, 2575, 1892, 1844, 2394, 2813, 1785, 2490, 2735, 2076, 2876, 3531, 2260, 2075, 1601, 2099, 2499, 2696, 1838, 2675, 3492, 2740, 1873, 3359, 2654, 2861, 2445, 3248, 2134, 4274, 2166, 2761, 1934, 3429, 3997, 2158, 1583, 2332, 2396, 3937, 2353, 2382, 2666, 1843, 3477, 1848, 2168, 2002, 2717, 2525, 2876, 2349, 1797, 2776, 2299, 2637, 1539, 3750, 1828, 2184, 2280, 2660, 3232, 2662, 2622, 2826, 2328, 1722, 3424, 3157, 2993, 1746, 1993, 2470, 2188, 2867, 2589, 2120, 1869, 2264, 2380, 1742, 3385, 3666, 2224, 2716, 2031, 2474, 3054, 2217, 3851, 2222, 1424, 2308, 1105, 3488, 1243, 2044, 2879, 4338, 2712, 2095, 2189, 3255, 2942, 2000, 2934, 1947, 2342, 2581, 1971, 2611, 2879, 2931, 2467, 2277, 1821]
Average: 2569.9453125
Evaluated in 638.76ms


2
Running (μ + 1), μ = 2, p_c = 0.99, p_m = 0.00390625 on RuggedOneMax(k = 3, n = 256)
Progress: 0 1 2 3 4 5 6 7 8 9 10 11 12 13 14 15 16 17 18 19 20 21 22 23 24 25 26 27 28 29 30 31 32 33 34 35 36 37 38 39 40 41 42 43 44 45 46 47 48 49 50 51 52 53 54 55 56 57 58 59 60 61 62 63 64 65 66 67 68 69 70 71 72 73 74 75 76 77 78 79 80 81 82 83 84 85 86 87 88 89 90 91 92 93 94 95 96 97 98 99 100 101 102 103 104 105 106 107 108 109 110 111 112 113 114 115 116 117 118 119 120 121 122 123 124 125 126 127
Runtimes: [9231791, 1950057, 1000569, 772678, 1131519, 1094314, 4163372, 3159816, 4322514, 5537003, 1465815, 3363756, 3062021, 587215, 5675959, 5348143, 3219165, 1173622, 617963, 3855306, 7338569, 522852, 1158251, 2714481, 304069, 12893155, 1166511, 939471, 1089421, 1088432, 3265772, 289223, 2466709, 8167770, 2729207, 7530991, 5130416, 4131234, 1331891, 4424363, 5073821, 2108927, 125018, 3151273, 1494266, 6616573, 9438065, 969292, 3509032, 1541017, 3572895, 2922517, 12595155, 723690, 10164764, 510875, 3437940, 1791445, 1037207, 1329855, 1293991, 1095190, 4878276, 562009, 2757060, 1276518, 8485097, 4611893, 9428456, 1452553, 1259357, 4375517, 289718, 1443074, 3201016, 594105, 4508675, 7305176, 1042045, 6104290, 4812580, 2422796, 11844656, 3531723, 2900049, 1508860, 420870, 1412256, 6180604, 1308142, 8451892, 5597986, 4486310, 2980026, 2979386, 2408453, 2110523, 1396590, 2021374, 991294, 3309133, 889746, 1785948, 1716287, 321044, 1820417, 1559735, 719514, 1604102, 362012, 3002386, 1259786, 4625067, 1131878, 2428034, 4137091, 11725457, 1799139, 1599783, 10845605, 1554035, 856837, 2691933, 530972, 1005830, 2700144, 4313346, 8042189]
Average: 3246850.3828125
Evaluated in 719.72s

2
Running (μ + 1) w/ chm, μ = 2, p_c = 0.99, p_m = 0.00390625 on RuggedOneMax(k = 3, n = 256)
Progress: 0 1 2 3 4 5 6 7 8 9 10 11 12 13 14 15 16 17 18 19 20 21 22 23 24 25 26 27 28 29 30 31 32 33 34 35 36 37 38 39 40 41 42 43 44 45 46 47 48 49 50 51 52 53 54 55 56 57 58 59 60 61 62 63 64 65 66 67 68 69 70 71 72 73 74 75 76 77 78 79 80 81 82 83 84 85 86 87 88 89 90 91 92 93 94 95 96 97 98 99 100 101 102 103 104 105 106 107 108 109 110 111 112 113 114 115 116 117 118 119 120 121 122 123 124 125 126 127
Runtimes: [7357, 7839, 6365, 7403, 6813, 5535, 5955, 11193, 7147, 6635, 6638, 5882, 5764, 6554, 6005, 9088, 6148, 5442, 5716, 6496, 5281, 4915, 8321, 7428, 8493, 5364, 7524, 5425, 7179, 6131, 5436, 6155, 4454, 6397, 6398, 7315, 6160, 6282, 5881, 5230, 5012, 6023, 5216, 6831, 8279, 6587, 6228, 6194, 6556, 7160, 10238, 7248, 5257, 8280, 6625, 6505, 7644, 10027, 7351, 5926, 5641, 5491, 6954, 7314, 6964, 5652, 5638, 6055, 7746, 6357, 7078, 8012, 4870, 7899, 8292, 7815, 6914, 5429, 6435, 10276, 7964, 4463, 6884, 8096, 6108, 7728, 6503, 9324, 5278, 5450, 6728, 5994, 6926, 7735, 5273, 8023, 6153, 8325, 5222, 7589, 5793, 8071, 6001, 5928, 7337, 5750, 5980, 5549, 8847, 6868, 5089, 10284, 8147, 8104, 9062, 7000, 7834, 7206, 6118, 6498, 6598, 7943, 6240, 5442, 6477, 8530, 8431, 6641]
Average: 6807.0078125
Evaluated in 1.81s

log2(n)
Running (μ + 1), μ = 8, p_c = 0.99, p_m = 0.00390625 on RuggedOneMax(k = 3, n = 256)
Progress: 0 1 2 3 4 5 6 7 8 9 10 11 12 13 14 15 16 17 18 19 20 21 22 23 24 25 26 27 28 29 30 31 32 33 34 35 36 37 38 39 40 41 42 43 44 45 46 47 48 49 50 51 52 53 54 55 56 57 58 59 60 61 62 63 64 65 66 67 68 69 70 71 72 73 74 75 76 77 78 79 80 81 82 83 84 85 86 87 88 89 90 91 92 93 94 95 96 97 98 99 100 101 102 103 104 105 106 107 108 109 110 111 112 113 114 115 116 117 118 119 120 121 122 123 124 125 126 127
Runtimes: [57887, 31913, 157189, 17924, 40208, 19647, 195174, 30278, 64293, 112055, 15825, 129925, 122729, 36574, 67339, 54933, 159479, 15018, 87738, 72762, 37098, 34951, 9059, 26159, 40569, 62587, 166837, 50933, 11058, 71333, 88710, 89890, 30247, 108388, 90211, 221411, 136242, 137644, 77184, 77620, 42995, 29582, 29853, 37692, 15679, 64759, 65764, 140859, 99568, 104751, 67998, 74092, 33822, 112592, 167741, 70319, 105747, 109487, 45300, 107977, 34027, 106572, 82797, 74502, 181973, 64156, 67306, 48014, 51684, 145011, 124085, 15162, 114749, 50646, 70531, 25686, 51298, 21806, 19790, 184075, 28879, 109738, 40182, 33471, 55831, 25214, 38602, 49185, 281517, 13747, 52920, 47388, 98801, 163569, 47754, 59979, 42513, 189955, 19786, 163260, 168959, 76388, 122819, 43115, 168190, 118392, 56610, 27864, 118458, 77475, 194636, 171913, 170702, 63275, 161062, 69188, 45251, 95583, 16707, 31225, 50159, 93361, 52616, 10406, 32673, 7585, 12388, 48228]
Average: 78007.7109375
Evaluated in 17.05s

log2(n)
Running (μ + 1) w/ chm, μ = 8, p_c = 0.99, p_m = 0.00390625 on RuggedOneMax(k = 3, n = 256)
Progress: 0 1 2 3 4 5 6 7 8 9 10 11 12 13 14 15 16 17 18 19 20 21 22 23 24 25 26 27 28 29 30 31 32 33 34 35 36 37 38 39 40 41 42 43 44 45 46 47 48 49 50 51 52 53 54 55 56 57 58 59 60 61 62 63 64 65 66 67 68 69 70 71 72 73 74 75 76 77 78 79 80 81 82 83 84 85 86 87 88 89 90 91 92 93 94 95 96 97 98 99 100 101 102 103 104 105 106 107 108 109 110 111 112 113 114 115 116 117 118 119 120 121 122 123 124 125 126 127
Runtimes: [4062, 5520, 4645, 5523, 7064, 5789, 5425, 4197, 5833, 6933, 5689, 4028, 4904, 3506, 4221, 4225, 4599, 8257, 5558, 5223, 5338, 5270, 6858, 6241, 4979, 4814, 5325, 6279, 4650, 6018, 10392, 5031, 4337, 5564, 6196, 5381, 5333, 7376, 8326, 5186, 7550, 5406, 5552, 7801, 6189, 5616, 4682, 7029, 6083, 6863, 5581, 4122, 5694, 5605, 4308, 6922, 3901, 4508, 7399, 7229, 3793, 7439, 6350, 4111, 6019, 6042, 7515, 4612, 4989, 6438, 4596, 8674, 4357, 5786, 4566, 7028, 7917, 4530, 3722, 4503, 5936, 5027, 6467, 4898, 7019, 5337, 5196, 6617, 4335, 4119, 5520, 6429, 4470, 5248, 4099, 5210, 7015, 5374, 4758, 3539, 4310, 5822, 4839, 3844, 3443, 4527, 6358, 4615, 4021, 3705, 5061, 5721, 6719, 3669, 3679, 5757, 5033, 4168, 4155, 4723, 4328, 4876, 4647, 4360, 5169, 5635, 9233, 5811]
Average: 5468.4609375
Evaluated in 2.18s

sqrt(n)
Running (μ + 1), μ = 16, p_c = 0.99, p_m = 0.00390625 on RuggedOneMax(k = 3, n = 256)
Progress: 0 1 2 3 4 5 6 7 8 9 10 11 12 13 14 15 16 17 18 19 20 21 22 23 24 25 26 27 28 29 30 31 32 33 34 35 36 37 38 39 40 41 42 43 44 45 46 47 48 49 50 51 52 53 54 55 56 57 58 59 60 61 62 63 64 65 66 67 68 69 70 71 72 73 74 75 76 77 78 79 80 81 82 83 84 85 86 87 88 89 90 91 92 93 94 95 96 97 98 99 100 101 102 103 104 105 106 107 108 109 110 111 112 113 114 115 116 117 118 119 120 121 122 123 124 125 126 127
Runtimes: [34947, 5145, 9938, 7488, 3762, 7582, 3776, 6116, 10573, 11968, 8529, 6384, 4350, 8906, 9176, 17701, 10747, 10515, 16415, 5534, 7972, 14781, 6080, 6120, 5139, 5624, 6636, 5790, 17229, 5577, 7175, 6187, 10642, 4807, 7360, 13847, 10870, 12126, 6474, 5616, 12884, 11683, 11193, 6333, 12128, 6331, 8517, 6884, 9055, 7512, 7463, 6407, 12096, 15511, 10035, 4317, 8219, 9481, 8934, 5175, 5262, 7440, 10288, 6165, 4812, 6397, 5421, 6883, 6575, 6348, 7048, 6691, 8585, 6441, 13651, 8513, 11182, 24129, 7819, 11145, 4551, 5830, 15808, 10364, 7973, 7284, 5400, 5679, 8271, 6755, 5518, 7406, 6616, 8828, 4967, 6470, 5358, 5197, 14940, 6741, 9370, 5092, 4815, 8353, 23621, 6755, 14109, 8179, 16694, 6507, 4604, 8866, 4115, 6558, 6980, 6292, 6908, 12302, 4223, 4335, 5500, 5131, 6536, 8229, 18643, 5010, 7054, 7769]
Average: 8586.4296875
Evaluated in 2.00s

sqrt(n)
Running (μ + 1) w/ chm, μ = 16, p_c = 0.99, p_m = 0.00390625 on RuggedOneMax(k = 3, n = 256)
Progress: 0 1 2 3 4 5 6 7 8 9 10 11 12 13 14 15 16 17 18 19 20 21 22 23 24 25 26 27 28 29 30 31 32 33 34 35 36 37 38 39 40 41 42 43 44 45 46 47 48 49 50 51 52 53 54 55 56 57 58 59 60 61 62 63 64 65 66 67 68 69 70 71 72 73 74 75 76 77 78 79 80 81 82 83 84 85 86 87 88 89 90 91 92 93 94 95 96 97 98 99 100 101 102 103 104 105 106 107 108 109 110 111 112 113 114 115 116 117 118 119 120 121 122 123 124 125 126 127
Runtimes: [7198, 3494, 5591, 5321, 4744, 5331, 5911, 6053, 5807, 4204, 4549, 4520, 6013, 6716, 6601, 7541, 3571, 5644, 5080, 7224, 4324, 3627, 4644, 5013, 4303, 5332, 5466, 7121, 4626, 3695, 5041, 5443, 7815, 6810, 4247, 4901, 6065, 4969, 5854, 4264, 5505, 7622, 5161, 4370, 5401, 6309, 6595, 5486, 6391, 6186, 5198, 5528, 3981, 4657, 9961, 5216, 5411, 4796, 6092, 4785, 6458, 4464, 5988, 5135, 4726, 7122, 4935, 5965, 4050, 7276, 6305, 6661, 6208, 4991, 3697, 4728, 5609, 4661, 5039, 5165, 5165, 5308, 5846, 4954, 4144, 4594, 5589, 5950, 5058, 5485, 6388, 6640, 4791, 4473, 4643, 4338, 8608, 5232, 5540, 5828, 6857, 6224, 6177, 12768, 8545, 4399, 4869, 6740, 5573, 6046, 5035, 5900, 6095, 6125, 6672, 5756, 4184, 5124, 5725, 5535, 5919, 5850, 5321, 6780, 3911, 6383, 5347, 5261]
Average: 5595.328125
Evaluated in 3.90s


2
Running (μ + 1) w/ chm, μ = 2, p_c = 0.99, p_m = 0.001953125 on RuggedOneMax(k = 3, n = 512)
Progress: 0 1 2 3 4 5 6 7 8 9 10 11 12 13 14 15 16 17 18 19 20 21 22 23 24 25 26 27 28 29 30 31 32 33 34 35 36 37 38 39 40 41 42 43 44 45 46 47 48 49 50 51 52 53 54 55 56 57 58 59 60 61 62 63 64 65 66 67 68 69 70 71 72 73 74 75 76 77 78 79 80 81 82 83 84 85 86 87 88 89 90 91 92 93 94 95 96 97 98 99 100 101 102 103 104 105 106 107 108 109 110 111 112 113 114 115 116 117 118 119 120 121 122 123 124 125 126 127
Runtimes: [12847, 16213, 11599, 11938, 13163, 15441, 15492, 15595, 14128, 18407, 20013, 20942, 16218, 11648, 13711, 10388, 14010, 13746, 13746, 12601, 19107, 20048, 13782, 15815, 13485, 14696, 12346, 13124, 12801, 18013, 13311, 12216, 13790, 12900, 14695, 14405, 18759, 15908, 16261, 15979, 20802, 15491, 11887, 13067, 16378, 14126, 15032, 17987, 16003, 16384, 17017, 10612, 14776, 12701, 13050, 15245, 13156, 19559, 13223, 13029, 18426, 19159, 13376, 12272, 16618, 13600, 11657, 10681, 13437, 17144, 15551, 18873, 11768, 16155, 14021, 13420, 13285, 12834, 11356, 13780, 12028, 15946, 13656, 15800, 12242, 11879, 11392, 16484, 14605, 15445, 17800, 13423, 13224, 11538, 14135, 11135, 15102, 15096, 15232, 17280, 12394, 12414, 12613, 13875, 13697, 12668, 12367, 14509, 14059, 16599, 17600, 13746, 14198, 12049, 14967, 13900, 13930, 13904, 12976, 15582, 14861, 13492, 17545, 12849, 14292, 21873, 13992, 13765]
Average: 14565.4921875
Evaluated in 7.11s

log2(n)
Running (μ + 1), μ = 9, p_c = 0.99, p_m = 0.001953125 on RuggedOneMax(k = 3, n = 512)
Progress: 0 1 2 3 4 5 6 7 8 9 10 11 12 13 14 15 16 17 18 19 20 21 22 23 24 25 26 27 28 29 30 31 32 33 34 35 36 37 38 39 40 41 42 43 44 45 46 47 48 49 50 51 52 53 54 55 56 57 58 59 60 61 62 63 64 65 66 67 68 69 70 71 72 73 74 75 76 77 78 79 80 81 82 83 84 85 86 87 88 89 90 91 92 93 94 95 96 97 98 99 100 101 102 103 104 105 106 107 108 109 110 111 112 113 114 115 116 117 118 119 120 121 122 123 124 125 126 127
Runtimes: [131537, 137159, 103808, 51209, 143367, 186431, 244019, 363538, 82764, 29593, 98336, 383769, 80741, 78135, 230708, 136772, 759194, 315154, 138972, 422914, 469291, 42889, 160069, 893454, 73999, 276156, 89546, 98041, 185227, 269064, 36047, 157438, 151890, 432539, 133914, 399875, 319405, 332138, 99977, 114542, 385228, 56056, 359614, 112101, 701050, 394852, 156571, 32105, 696062, 183177, 545475, 767128, 186626, 78667, 149310, 90793, 89627, 570302, 218194, 77728, 1526695, 613006, 112678, 327801, 153895, 860092, 292906, 175943, 420128, 683473, 826184, 119206, 328363, 650233, 181975, 176002, 36213, 62528, 112200, 146647, 148566, 207355, 554721, 315386, 364598, 589366, 280217, 228838, 97680, 65482, 784113, 74313, 469613, 91377, 298525, 762019, 61727, 127422, 72861, 124377, 110337, 320393, 91131, 46521, 93096, 425708, 320724, 201587, 181546, 386493, 532737, 393253, 594412, 277996, 60149, 624780, 122744, 568404, 134093, 88466, 239271, 76836, 895769, 273789, 452324, 46670, 83606, 250347]
Average: 282204.6328125
Evaluated in 120.90s

log2(n)
Running (μ + 1) w/ chm, μ = 9, p_c = 0.99, p_m = 0.001953125 on RuggedOneMax(k = 3, n = 512)
Progress: 0 1 2 3 4 5 6 7 8 9 10 11 12 13 14 15 16 17 18 19 20 21 22 23 24 25 26 27 28 29 30 31 32 33 34 35 36 37 38 39 40 41 42 43 44 45 46 47 48 49 50 51 52 53 54 55 56 57 58 59 60 61 62 63 64 65 66 67 68 69 70 71 72 73 74 75 76 77 78 79 80 81 82 83 84 85 86 87 88 89 90 91 92 93 94 95 96 97 98 99 100 101 102 103 104 105 106 107 108 109 110 111 112 113 114 115 116 117 118 119 120 121 122 123 124 125 126 127
Runtimes: [13076, 10454, 8613, 8401, 12878, 9929, 9716, 9867, 9851, 9843, 11800, 13931, 10021, 10173, 7795, 15028, 12403, 10620, 10918, 11205, 11607, 9714, 11676, 10472, 11881, 10288, 12916, 10593, 11839, 11710, 9963, 9865, 13735, 11241, 10465, 11002, 12024, 11750, 12496, 12988, 11535, 10896, 12385, 10564, 10529, 17403, 12878, 15308, 10506, 10873, 15987, 12068, 13422, 9726, 9732, 8827, 16929, 11763, 14268, 10466, 12085, 12196, 11908, 11540, 9973, 14810, 12086, 12167, 13572, 11051, 8017, 10113, 13408, 12044, 12525, 9996, 10224, 11713, 9255, 9353, 8844, 15966, 12833, 14179, 10558, 13660, 9151, 13021, 9028, 10855, 14680, 9149, 7814, 9565, 10241, 13297, 9474, 12609, 13066, 10532, 11463, 11610, 10737, 9598, 13992, 9625, 13064, 10036, 11248, 13202, 11641, 12229, 8829, 10467, 8770, 11566, 11361, 11491, 13130, 11725, 13398, 13249, 11081, 13057, 10561, 10199, 9277, 12216]
Average: 11454.625
Evaluated in 9.47s

sqrt(n)
Running (μ + 1), μ = 22, p_c = 0.99, p_m = 0.001953125 on RuggedOneMax(k = 3, n = 512)
Progress: 0 1 2 3 4 5 6 7 8 9 10 11 12 13 14 15 16 17 18 19 20 21 22 23 24 25 26 27 28 29 30 31 32 33 34 35 36 37 38 39 40 41 42 43 44 45 46 47 48 49 50 51 52 53 54 55 56 57 58 59 60 61 62 63 64 65 66 67 68 69 70 71 72 73 74 75 76 77 78 79 80 81 82 83 84 85 86 87 88 89 90 91 92 93 94 95 96 97 98 99 100 101 102 103 104 105 106 107 108 109 110 111 112 113 114 115 116 117 118 119 120 121 122 123 124 125 126 127
Runtimes: [15518, 14047, 10032, 17599, 22674, 22846, 11739, 15116, 16067, 17931, 18792, 23785, 15671, 13120, 10055, 11062, 28374, 11804, 17999, 10672, 23201, 25665, 12956, 13032, 11222, 25701, 15429, 11668, 11928, 23981, 29488, 18203, 16914, 23999, 15694, 14067, 14764, 17244, 36794, 17667, 12256, 16240, 23631, 24537, 14352, 20276, 13707, 10557, 28854, 12840, 24462, 14455, 21039, 18220, 20547, 14733, 22868, 24936, 19565, 27540, 14135, 18473, 25517, 25887, 17436, 14094, 15139, 24517, 20499, 17308, 19787, 14223, 17739, 24273, 16763, 19313, 20998, 11018, 13036, 10193, 16261, 20481, 22833, 17540, 16019, 13833, 24644, 8333, 13946, 23994, 11900, 18757, 34737, 24203, 22967, 21556, 21021, 16180, 16643, 15266, 11711, 15662, 10929, 11129, 13939, 26635, 21652, 18006, 14524, 22169, 14108, 12521, 11883, 14532, 14556, 27354, 14653, 19709, 22465, 20530, 14208, 14270, 19199, 16087, 8451, 8800, 17589, 12797]
Average: 17825.5078125
Evaluated in 7.78s

sqrt(n)
Running (μ + 1) w/ chm, μ = 22, p_c = 0.99, p_m = 0.001953125 on RuggedOneMax(k = 3, n = 512)
Progress: 0 1 2 3 4 5 6 7 8 9 10 11 12 13 14 15 16 17 18 19 20 21 22 23 24 25 26 27 28 29 30 31 32 33 34 35 36 37 38 39 40 41 42 43 44 45 46 47 48 49 50 51 52 53 54 55 56 57 58 59 60 61 62 63 64 65 66 67 68 69 70 71 72 73 74 75 76 77 78 79 80 81 82 83 84 85 86 87 88 89 90 91 92 93 94 95 96 97 98 99 100 101 102 103 104 105 106 107 108 109 110 111 112 113 114 115 116 117 118 119 120 121 122 123 124 125 126 127
Runtimes: [12705, 17758, 8239, 17154, 14185, 14533, 10702, 11083, 12671, 11988, 14386, 9542, 14878, 9107, 12781, 9374, 14920, 13385, 10952, 14169, 10556, 9650, 11016, 9286, 11390, 11016, 16749, 10374, 13828, 11550, 12923, 12291, 12732, 11230, 10957, 10021, 10841, 13047, 14302, 12728, 12280, 12915, 10021, 15649, 23177, 11982, 16169, 13490, 10286, 10133, 11488, 9641, 10147, 14047, 12380, 10478, 16997, 11097, 9774, 9732, 10496, 18389, 11956, 12814, 11992, 10237, 11995, 12522, 11112, 11135, 9630, 9648, 14476, 13883, 15476, 12972, 13135, 17219, 14525, 10345, 10507, 13881, 11896, 12573, 10150, 12383, 11381, 12798, 9310, 10924, 13518, 9312, 8954, 11463, 10207, 19303, 11249, 15529, 11364, 20748, 10996, 13997, 11426, 12304, 11871, 14808, 11136, 10386, 11606, 14840, 9036, 12048, 12957, 13976, 9158, 12618, 14026, 8313, 12026, 13995, 11466, 12283, 14950, 11907, 16253, 12001, 10938, 14579]
Average: 12423.3515625
Evaluated in 23.99s


2
Running (μ + 1) w/ chm, μ = 2, p_c = 0.99, p_m = 0.0009765625 on RuggedOneMax(k = 3, n = 1024)
Progress: 0 1 2 3 4 5 6 7 8 9 10 11 12 13 14 15 16 17 18 19 20 21 22 23 24 25 26 27 28 29 30 31 32 33 34 35 36 37 38 39 40 41 42 43 44 45 46 47 48 49 50 51 52 53 54 55 56 57 58 59 60 61 62 63 64 65 66 67 68 69 70 71 72 73 74 75 76 77 78 79 80 81 82 83 84 85 86 87 88 89 90 91 92 93 94 95 96 97 98 99 100 101 102 103 104 105 106 107 108 109 110 111 112 113 114 115 116 117 118 119 120 121 122 123 124 125 126 127
Runtimes: [28383, 28667, 24504, 29862, 25380, 26604, 25097, 26909, 32070, 28823, 26657, 31792, 31650, 22727, 31407, 44043, 38855, 35466, 27116, 29200, 53970, 27095, 32067, 34242, 25638, 34928, 34916, 27652, 24738, 25921, 26782, 27469, 28026, 26891, 32986, 26422, 24515, 30905, 29705, 32645, 25802, 35408, 34153, 28621, 34187, 30785, 32831, 48638, 34805, 27519, 32713, 29592, 36722, 36308, 27249, 47837, 35052, 26651, 41004, 29622, 30343, 29004, 34768, 38408, 34358, 32325, 39219, 36522, 36669, 30112, 26921, 31284, 30648, 31033, 28220, 28220, 28680, 31343, 29200, 39693, 33630, 27678, 33072, 36918, 32850, 29048, 33703, 31227, 32295, 35017, 39334, 30662, 31160, 32078, 30919, 30469, 25655, 32446, 27843, 30183, 25478, 30365, 28196, 27659, 27264, 25499, 35150, 34295, 31219, 40044, 28673, 28895, 40868, 35219, 31398, 38365, 27776, 27956, 46974, 35513, 36150, 31361, 32120, 45692, 24460, 26507, 26449, 23934]
Average: 31678.59375
Evaluated in 30.85s

log2(n)
Running (μ + 1), μ = 10, p_c = 0.99, p_m = 0.0009765625 on RuggedOneMax(k = 3, n = 1024)
Progress: 0 1 2 3 4 5 6 7 8 9 10 11 12 13 14 15 16 17 18 19 20 21 22 23 24 25 26 27 28 29 30 31 32 33 34 35 36 37 38 39 40 41 42 43 44 45 46 47 48 49 50 51 52 53 54 55 56 57 58 59 60 61 62 63 64 65 66 67 68 69 70 71 72 73 74 75 76 77 78 79 80 81 82 83 84 85 86 87 88 89 90 91 92 93 94 95 96 97 98 99 100 101 102 103 104 105 106 107 108 109 110 111 112 113 114 115 116 117 118 119 120 121 122 123 124 125 126 127
Runtimes: [278813, 89656, 3427377, 571946, 295671, 1038766, 751539, 1905006, 239001, 3374364, 1913478, 346116, 374217, 1678737, 1992308, 1192756, 1039433, 1848152, 501085, 373487, 386322, 155497, 2013636, 850300, 1067111, 1039048, 308668, 2730419, 348971, 621030, 310636, 1394346, 1085838, 1291555, 854767, 4680377, 376699, 459836, 3689251, 1243450, 482181, 313420, 651481, 1886524, 3976122, 620191, 2106699, 2484166, 484653, 1394312, 737439, 169959, 345352, 3007561, 589678, 1606784, 630482, 6504568, 333341, 246712, 490204, 1819824, 1245732, 201176, 464586, 933408, 149311, 3377478, 226067, 2020136, 468239, 83448, 217271, 936650, 179047, 729104, 1278386, 1328337, 331549, 1017953, 1490167, 1799875, 2155719, 110363, 135633, 2252047, 2722219, 1966458, 1586100, 2939953, 2421850, 193741, 224133, 219224, 673486, 2146419, 234607, 1511487, 925592, 96148, 408274, 114280, 578986, 150402, 3201327, 196245, 2162032, 482937, 228820, 1327659, 1691022, 536091, 395522, 410922, 94276, 891589, 1115575, 367329, 604288, 531283, 2579881, 1422762, 605968, 249274, 232156, 709948, 116616, 151135]
Average: 1106023.5625
Evaluated in 959.92s

log2(n)
Running (μ + 1) w/ chm, μ = 10, p_c = 0.99, p_m = 0.0009765625 on RuggedOneMax(k = 3, n = 1024)
Progress: 0 1 2 3 4 5 6 7 8 9 10 11 12 13 14 15 16 17 18 19 20 21 22 23 24 25 26 27 28 29 30 31 32 33 34 35 36 37 38 39 40 41 42 43 44 45 46 47 48 49 50 51 52 53 54 55 56 57 58 59 60 61 62 63 64 65 66 67 68 69 70 71 72 73 74 75 76 77 78 79 80 81 82 83 84 85 86 87 88 89 90 91 92 93 94 95 96 97 98 99 100 101 102 103 104 105 106 107 108 109 110 111 112 113 114 115 116 117 118 119 120 121 122 123 124 125 126 127
Runtimes: [30716, 29428, 32924, 23664, 27635, 43596, 34510, 21724, 23680, 23295, 22152, 24038, 22791, 24662, 22302, 22523, 26604, 39923, 26185, 34988, 23046, 24449, 21944, 36531, 30622, 26782, 26362, 27200, 26594, 19085, 19504, 23237, 35129, 25154, 24688, 27580, 20672, 22569, 24833, 20485, 24212, 20555, 26326, 23154, 29962, 23621, 27624, 28765, 26542, 28124, 22310, 23066, 22176, 22977, 21167, 23584, 25312, 24143, 25847, 25679, 24092, 35255, 23833, 22141, 25299, 17988, 22569, 25182, 19561, 22389, 41760, 26760, 25831, 19684, 27356, 23812, 29624, 21883, 24604, 27727, 22308, 27628, 32863, 26151, 29753, 40273, 20723, 25753, 23964, 18319, 21959, 21934, 19512, 24079, 19257, 21148, 23836, 20298, 22332, 23696, 22771, 24917, 20918, 29596, 25718, 28227, 21138, 23900, 25463, 25328, 25777, 26047, 22235, 23379, 20750, 19845, 25274, 23479, 23503, 25253, 21724, 19080, 33408, 26721, 21958, 29484, 27552, 20660]
Average: 25282.7578125
Evaluated in 42.70s

sqrt(n)
Running (μ + 1), μ = 32, p_c = 0.99, p_m = 0.0009765625 on RuggedOneMax(k = 3, n = 1024)
Progress: 0 1 2 3 4 5 6 7 8 9 10 11 12 13 14 15 16 17 18 19 20 21 22 23 24 25 26 27 28 29 30 31 32 33 34 35 36 37 38 39 40 41 42 43 44 45 46 47 48 49 50 51 52 53 54 55 56 57 58 59 60 61 62 63 64 65 66 67 68 69 70 71 72 73 74 75 76 77 78 79 80 81 82 83 84 85 86 87 88 89 90 91 92 93 94 95 96 97 98 99 100 101 102 103 104 105 106 107 108 109 110 111 112 113 114 115 116 117 118 119 120 121 122 123 124 125 126 127
Runtimes: [39778, 40213, 40280, 53541, 34144, 47296, 34080, 38622, 37274, 35165, 38500, 37920, 43671, 31101, 29180, 27677, 64966, 30983, 32553, 58696, 31233, 27515, 38940, 28380, 46858, 27822, 47978, 41536, 29052, 36565, 29644, 34064, 33820, 48677, 27976, 64576, 65152, 43482, 24967, 45978, 33310, 36270, 36762, 45114, 34838, 47971, 31699, 41294, 32093, 43568, 38360, 40936, 43336, 34161, 39190, 29355, 22013, 31746, 31073, 25125, 46535, 46527, 78512, 41872, 38441, 47184, 37177, 46907, 32997, 24617, 28654, 35816, 28901, 33493, 36310, 40813, 35147, 35278, 34065, 30437, 38440, 32750, 43838, 43755, 63752, 28177, 30060, 33832, 35241, 37280, 50764, 43231, 36605, 44348, 33752, 29686, 44653, 38256, 34784, 32731, 32004, 27705, 33728, 36284, 37990, 32785, 34366, 35140, 36862, 45010, 30929, 26542, 24888, 32352, 38737, 30196, 35346, 37419, 26065, 35421, 31592, 28946, 45626, 44051, 32783, 37702, 40419, 41460]
Average: 37625.2734375
Evaluated in 31.96s

sqrt(n)
Running (μ + 1) w/ chm, μ = 32, p_c = 0.99, p_m = 0.0009765625 on RuggedOneMax(k = 3, n = 1024)
Progress: 0 1 2 3 4 5 6 7 8 9 10 11 12 13 14 15 16 17 18 19 20 21 22 23 24 25 26 27 28 29 30 31 32 33 34 35 36 37 38 39 40 41 42 43 44 45 46 47 48 49 50 51 52 53 54 55 56 57 58 59 60 61 62 63 64 65 66 67 68 69 70 71 72 73 74 75 76 77 78 79 80 81 82 83 84 85 86 87 88 89 90 91 92 93 94 95 96 97 98 99 100 101 102 103 104 105 106 107 108 109 110 111 112 113 114 115 116 117 118 119 120 121 122 123 124 125 126 127
Runtimes: [36268, 33520, 26939, 20427, 25825, 34864, 20861, 27839, 22565, 27728, 25621, 24478, 28611, 25674, 25241, 33693, 25148, 37954, 23041, 28218, 26912, 22701, 22609, 24734, 25386, 29725, 22945, 26477, 33383, 25389, 29453, 28442, 28879, 27864, 23764, 25164, 20459, 24620, 20565, 24756, 24790, 25652, 26032, 28129, 27089, 31108, 27658, 30811, 24922, 21358, 35282, 22061, 27214, 31554, 26004, 30370, 21121, 25548, 20518, 30235, 25773, 22503, 22500, 28698, 26059, 33664, 27284, 25719, 28588, 24362, 25531, 27081, 21998, 18373, 26052, 29788, 28704, 30055, 33087, 23811, 25119, 24809, 32667, 36612, 38146, 24053, 35687, 28813, 30969, 29927, 30795, 30262, 27170, 24693, 29046, 22790, 40048, 27533, 35882, 29278, 28242, 29676, 26180, 26636, 25513, 37481, 29427, 26398, 27586, 31856, 40058, 28713, 23978, 27460, 24910, 28381, 16793, 25972, 28358, 35817, 27316, 24222, 20115, 28486, 24920, 25089, 24543, 33394]
Average: 27481.6171875
Evaluated in 174.14s


2
Running (μ + 1) w/ chm, μ = 2, p_c = 0.99, p_m = 0.00048828125 on RuggedOneMax(k = 3, n = 2048)
Progress: 0 1 2 3 4 5 6 7 8 9 10 11 12 13 14 15 16 17 18 19 20 21 22 23 24 25 26 27 28 29 30 31 32 33 34 35 36 37 38 39 40 41 42 43 44 45 46 47 48 49 50 51 52 53 54 55 56 57 58 59 60 61 62 63 64 65 66 67 68 69 70 71 72 73 74 75 76 77 78 79 80 81 82 83 84 85 86 87 88 89 90 91 92 93 94 95 96 97 98 99 100 101 102 103 104 105 106 107 108 109 110 111 112 113 114 115 116 117 118 119 120 121 122 123 124 125 126 127
Runtimes: [67310, 73494, 73002, 76682, 56874, 75210, 77265, 59434, 78919, 68345, 79720, 59873, 66608, 61109, 61201, 61193, 65785, 80879, 59323, 72281, 76686, 62064, 59773, 64688, 74265, 66196, 59243, 77469, 64264, 66178, 54899, 53414, 97962, 77857, 48394, 64451, 65821, 74197, 59525, 77836, 68869, 78471, 57804, 73170, 57639, 53066, 73688, 67966, 64251, 67812, 70958, 68940, 98943, 72959, 74752, 62852, 79870, 75665, 67836, 58294, 61997, 80155, 55447, 61855, 62352, 59259, 66874, 68558, 73224, 70419, 63468, 69117, 73341, 61803, 70536, 77673, 79460, 65674, 72533, 59692, 58584, 66488, 65846, 49300, 72064, 55974, 64022, 58683, 76353, 79574, 70154, 72027, 66498, 64235, 85725, 65106, 72065, 64916, 66172, 73950, 68378, 58849, 61605, 68304, 56873, 60488, 66119, 69848, 87180, 62131, 61411, 70988, 75069, 67562, 67326, 75026, 60810, 61270, 67802, 62036, 62040, 58762, 75651, 56701, 48410, 65532, 78635, 111573]
Average: 67976.921875
Evaluated in 135.21s


sqrt(n)
Running (μ + 1), μ = 45, p_c = 0.99, p_m = 0.00048828125 on RuggedOneMax(k = 3, n = 2048)
Progress: 0 1 2 3 4 5 6 7 8 9 10 11 12 13 14 15 16 17 18 19 20 21 22 23 24 25 26 27 28 29 30 31 32 33 34 35 36 37 38 39 40 41 42 43 44 45 46 47 48 49 50 51 52 53 54 55 56 57 58 59 60 61 62 63 64 65 66 67 68 69 70 71 72 73 74 75 76 77 78 79 80 81 82 83 84 85 86 87 88 89 90 91 92 93 94 95 96 97 98 99 100 101 102 103 104 105 106 107 108 109 110 111 112 113 114 115 116 117 118 119 120 121 122 123 124 125 126 127
Runtimes: [76296, 82754, 89017, 75998, 64908, 110811, 75042, 109761, 72595, 116376, 136165, 129010, 118915, 73317, 111138, 89603, 63317, 89200, 102460, 86200, 84102, 81880, 129502, 100370, 85671, 87059, 89825, 151723, 91045, 88254, 81002, 60212, 80369, 83225, 82168, 102646, 70873, 76565, 73944, 81100, 75323, 93286, 67036, 62742, 88619, 73616, 131125, 80781, 102828, 101870, 68826, 66586, 94801, 73824, 62155, 87886, 87936, 67519, 102984, 66701, 112840, 64768, 84991, 74988, 124653, 82809, 118006, 93547, 54320, 68187, 73998, 77867, 74942, 101047, 79992, 108221, 113603, 89030, 108224, 107825, 68511, 78662, 121382, 64631, 125075, 71309, 93949, 64562, 80552, 76129, 61795, 88094, 70712, 77211, 115787, 92069, 84262, 84168, 118087, 113251, 62040, 74009, 71837, 81161, 77838, 141975, 84645, 64159, 70318, 72652, 77267, 76251, 105841, 73608, 64999, 88742, 131381, 82972, 72973, 79366, 85272, 123220, 63780, 68627, 99509, 69648, 99938, 73637]
Average: 87598.3046875
Evaluated in 149.16s


2
Running (μ + 1) w/ chm, μ = 2, p_c = 0.99, p_m = 0.000244140625 on RuggedOneMax(k = 3, n = 4096)
Progress: 0 1 2 3 4 5 6 7 8 9 10 11 12 13 14 15 16 17 18 19 20 21 22 23 24 25 26 27 28 29 30 31 32 33 34 35 36 37 38 39 40 41 42 43 44 45 46 47 48 49 50 51 52 53 54 55 56 57 58 59 60 61 62 63 64 65 66 67 68 69 70 71 72 73 74 75 76 77 78 79 80 81 82 83 84 85 86 87 88 89 90 91 92 93 94 95 96 97 98 99 100 101 102 103 104 105 106 107 108 109 110 111 112 113 114 115 116 117 118 119 120 121 122 123 124 125 126 127
Runtimes: [163620, 160902, 133794, 148968, 128821, 141436, 148489, 132457, 109775, 125751, 132267, 139019, 135871, 129957, 132528, 138854, 113284, 129563, 168248, 133369, 136591, 166290, 125061, 138225, 143647, 150421, 168700, 131023, 137371, 123270, 142570, 130899, 130596, 123174, 132363, 129785, 144763, 131034, 155058, 140343, 128864, 114042, 134242, 205131, 119639, 123677, 154619, 159949, 143214, 171043, 168538, 132727, 127999, 151134, 161753, 153344, 130057, 187046, 150970, 170555, 149571, 154900, 134141, 136409, 136909, 127455, 138339, 141847, 135923, 157778, 129842, 124604, 151239, 121570, 148365, 169092, 113249, 183599, 136293, 128280, 134918, 133021, 147855, 124765, 184639, 138515, 157874, 185554, 154790, 151108, 140876, 123906, 132010, 128900, 157334, 155922, 129225, 162607, 157241, 138319, 135338, 142842, 139595, 145050, 125453, 133677, 125065, 177037, 164694, 128691, 119181, 124081, 218486, 144487, 113597, 124223, 122184, 135522, 168212, 122601, 121253, 147779, 137502, 158681, 134747, 147143, 167999, 141569]
Average: 142516.9765625
Evaluated in 577.93s

log2(n)
Running (μ + 1) w/ chm, μ = 12, p_c = 0.99, p_m = 0.000244140625 on RuggedOneMax(k = 3, n = 4096)
Progress: 0 1 2 3 4 5 6 7 8 9 10 11 12 13 14 15 16 17 18 19 20 21 22 23 24 25 26 27 28 29 30 31 32 33 34 35 36 37 38 39 40 41 42 43 44 45 46 47 48 49 50 51 52 53 54 55 56 57 58 59 60 61 62 63 64 65 66 67 68 69 70 71 72 73 74 75 76 77 78 79 80 81 82 83 84 85 86 87 88 89 90 91 92 93 94 95 96 97 98 99 100 101 102 103 104 105 106 107 108 109 110 111 112 113 114 115 116 117 118 119 120 121 122 123 124 125 126 127
Runtimes: [112011, 124594, 122624, 114624, 92042, 108344, 100132, 105500, 126762, 138764, 144256, 114466, 141767, 102523, 193755, 121084, 149355, 94281, 118784, 103508, 121248, 139050, 99814, 117383, 116283, 120017, 104261, 103991, 104094, 108148, 110072, 124962, 130919, 111634, 109493, 124011, 136231, 108796, 105422, 104437, 120875, 140445, 127209, 98639, 122378, 111562, 105555, 93687, 135916, 97712, 129665, 105084, 102284, 150498, 108914, 126480, 130809, 133304, 107966, 102339, 119650, 113865, 113520, 104674, 142953, 134340, 104293, 117256, 140032, 101774, 113280, 121111, 112280, 108476, 122851, 129085, 124600, 106845, 126023, 108837, 156641, 168222, 132712, 99811, 105725, 138427, 130787, 112918, 109310, 123000, 113158, 106101, 133878, 119310, 132931, 100659, 105775, 129458, 138541, 107679, 102844, 123402, 115291, 117856, 126413, 123204, 116200, 128769, 102598, 141101, 145253, 124026, 103886, 148835, 114698, 112660, 130148, 99128, 103838, 95822, 110456, 109111, 109329, 106233, 109342, 143775, 130742, 124274]
Average: 118990.5078125
Evaluated in 1011.88s

sqrt(n)
Running (μ + 1), μ = 64, p_c = 0.99, p_m = 0.000244140625 on RuggedOneMax(k = 3, n = 4096)
Progress: 0 1 2 3 4 5 6 7 8 9 10 11 12 13 14 15 16 17 18 19 20 21 22 23 24 25 26 27 28 29 30 31 32 33 34 35 36 37 38 39 40 41 42 43 44 45 46 47 48 49 50 51 52 53 54 55 56 57 58 59 60 61 62 63 64 65 66 67 68 69 70 71 72 73 74 75 76 77 78 79 80 81 82 83 84 85 86 87 88 89 90 91 92 93 94 95 96 97 98 99 100 101 102 103 104 105 106 107 108 109 110 111 112 113 114 115 116 117 118 119 120 121 122 123 124 125 126 127
Runtimes: [121423, 245289, 211917, 185631, 227818, 256554, 157380, 180129, 179838, 225416, 347810, 203238, 213395, 197653, 182959, 233638, 252215, 186939, 249263, 168963, 175642, 157162, 210686, 150450, 145281, 167294, 150399, 234862, 169412, 191179, 342984, 223874, 159365, 309397, 178939, 183347, 220901, 228875, 169987, 209286, 213735, 273213, 285489, 162467, 195046, 167103, 279690, 155773, 200421, 241907, 242784, 353625, 192583, 202964, 303607, 189971, 273650, 209230, 248683, 211649, 181287, 199452, 265691, 161890, 230197, 245216, 176815, 182034, 213156, 170264, 314623, 165013, 197009, 203662, 227286, 198979, 203450, 170946, 189439, 305562, 187481, 215252, 232604, 235762, 214997, 160128, 150882, 200806, 218522, 284034, 162452, 251678, 190708, 239480, 183032, 183536, 174667, 281189, 174001, 204222, 216112, 175118, 177844, 183959, 255262, 174245, 175659, 325563, 264087, 214373, 167853, 159727, 229929, 200847, 253100, 193061, 271544, 191940, 198968, 245131, 183022, 203841, 161897, 127537, 149036, 321787, 195968, 214420]
Average: 210856.359375
Evaluated in 775.44s

log2(n)
Running (μ + 1) w/ chm, μ = 11, p_c = 0.99, p_m = 0.00048828125 on RuggedOneMax(k = 3, n = 2048)
Progress: 0 1 2 3 4 5 6 7 8 9 10 11 12 13 14 15 16 17 18 19 20 21 22 23 24 25 26 27 28 29 30 31 32 33 34 35 36 37 38 39 40 41 42 43 44 45 46 47 48 49 50 51 52 53 54 55 56 57 58 59 60 61 62 63 64 65 66 67 68 69 70 71 72 73 74 75 76 77 78 79 80 81 82 83 84 85 86 87 88 89 90 91 92 93 94 95 96 97 98 99 100 101 102 103 104 105 106 107 108 109 110 111 112 113 114 115 116 117 118 119 120 121 122 123 124 125 126 127
Runtimes: [64105, 62326, 50928, 46408, 58625, 69770, 78557, 48267, 54629, 49315, 56323, 63508, 54889, 52780, 43395, 47704, 55594, 54183, 47239, 44521, 57884, 45103, 58167, 61980, 50707, 48407, 58670, 67763, 50199, 52919, 59351, 55762, 51447, 58423, 45722, 47181, 66937, 49683, 50684, 55618, 80501, 45223, 59952, 58100, 55032, 46299, 48718, 47564, 66177, 49485, 54008, 51259, 60682, 47485, 52222, 54458, 46869, 59833, 59997, 54282, 53514, 51900, 56763, 45634, 56918, 47408, 54376, 58952, 62151, 55942, 63171, 60691, 60645, 61088, 46609, 43179, 56590, 51755, 65415, 48423, 52835, 66488, 58523, 55686, 61657, 57713, 64439, 58579, 49755, 45364, 46031, 56590, 49300, 53282, 50125, 48324, 74827, 51719, 50683, 71630, 56914, 50421, 48866, 59224, 92324, 64854, 43433, 53122, 52541, 50689, 51448, 56428, 49138, 59060, 57480, 53143, 61010, 58453, 59379, 54570, 46574, 60096, 59534, 55067, 52313, 48300, 52580, 44114]
Average: 55231
Evaluated in 205.81s


sqrt(n)
Running (μ + 1) w/ chm, μ = 45, p_c = 0.99, p_m = 0.00048828125 on RuggedOneMax(k = 3, n = 2048)
Progress: 0 1 2 3 4 5 6 7 8 9 10 11 12 13 14 15 16 17 18 19 20 21 22 23 24 25 26 27 28 29 30 31 32 33 34 35 36 37 38 39 40 41 42 43 44 45 46 47 48 49 50 51 52 53 54 55 56 57 58 59 60 61 62 63 64 65 66 67 68 69 70 71 72 73 74 75 76 77 78 79 80 81 82 83 84 85 86 87 88 89 90 91 92 93 94 95 96 97 98 99 100 101 102 103 104 105 106 107 108 109 110 111 112 113 114 115 116 117 118 119 120 121 122 123 124 125 126 127
Runtimes: [52612, 73480, 61837, 66118, 72507, 50691, 65409, 51384, 60836, 69626, 56773, 69100, 56491, 55405, 59924, 66037, 53878, 51967, 63783, 61774, 59552, 54285, 66922, 56551, 52492, 48252, 55920, 60267, 55246, 71488, 65779, 61938, 65904, 49210, 49988, 57829, 61056, 55284, 52121, 58934, 85327, 54739, 70195, 73054, 66422, 53375, 55019, 66026, 61724, 66375, 60605, 54569, 50610, 70991, 68452, 55735, 55249, 64513, 54354, 64233, 66504, 59744, 64885, 59816, 65058, 70383, 64018, 51673, 68804, 56610, 57288, 51146, 50314, 63897, 78737, 49800, 52822, 58339, 55287, 51792, 67682, 55896, 66936, 76024, 59417, 54793, 53717, 65900, 93005, 60689, 55068, 58225, 57585, 67397, 64311, 52603, 59790, 59445, 55567, 62980, 55143, 52487, 69529, 59549, 65429, 60069, 97193, 71262, 55112, 75236, 64247, 54750, 54815, 61381, 62276, 55570, 55470, 67801, 66245, 68944, 64799, 68528, 60119, 54645, 66970, 59686, 55670, 71449]
Average: 61316.703125
Evaluated in 1318.43s

2
Running (μ + 1) w/ chm, μ = 2, p_c = 0.99, p_m = 0.0001220703125 on RuggedOneMax(k = 3, n = 8192)
Progress: 0 (2010.8 s left)1 (2016.0 s left)2 (2020.8 s left)3 (2030.5 s left)4 (2054.1 s left)5 (2074.0 s left)6 (2054.1 s left)7 (2032.5 s left)8 (2016.4 s left)9 (2017.8 s left)10 (2047.5 s left)11 (2092.8 s left)12 (2046.4 s left)13 (2015.4 s left)14 (2002.6 s left)15 (1984.5 s left)16 (1952.3 s left)17 (1952.5 s left)18 (1929.5 s left)19 (1907.1 s left)20 (1922.6 s left)21 (1927.3 s left)22 (1926.5 s left)23 (1908.1 s left)24 (1882.2 s left)25 (1868.0 s left)26 (1859.8 s left)27 (1836.3 s left)28 (1816.1 s left)29 (1804.8 s left)30 (1790.8 s left)31 (1769.5 s left)32 (1746.9 s left)33 (1731.2 s left)34 (1721.8 s left)35 (1705.8 s left)36 (1693.7 s left)37 (1673.3 s left)38 (1651.4 s left)39 (1640.1 s left)40 (1620.8 s left)41 (1602.9 s left)42 (1580.7 s left)43 (1560.0 s left)44 (1539.8 s left)45 (1519.7 s left)46 (1499.1 s left)47 (1491.1 s left)48 (1478.4 s left)49 (1468.2 s left)50 (1464.3 s left)51 (1481.5 s left)52 (1509.4 s left)53 (1526.1 s left)54 (1540.5 s left)55 (1557.2 s left)56 (1567.0 s left)57 (1574.8 s left)58 (1573.6 s left)59 (1577.2 s left)60 (1584.4 s left)61 (1590.7 s left)62 (1588.9 s left)63 (1582.2 s left)64 (1575.5 s left)65 (1568.2 s left)66 (1553.4 s left)67 (1544.6 s left)68 (1543.5 s left)69 (1528.4 s left)70 (1523.9 s left)71 (1505.9 s left)72 (1490.9 s left)73 (1480.7 s left)74 (1464.3 s left)75 (1445.1 s left)76 (1429.1 s left)77 (1434.3 s left)78 (1419.4 s left)79 (1399.6 s left)80 (1371.3 s left)81 (1346.8 s left)82 (1321.8 s left)83 (1290.7 s left)84 (1258.6 s left)85 (1226.3 s left)86 (1191.5 s left)87 (1158.3 s left)88 (1125.2 s left)89 (1090.7 s left)90 (1056.9 s left)91 (1024.1 s left)92 (991.7 s left)93 (959.6 s left)94 (929.2 s left)95 (898.8 s left)96 (867.9 s left)97 (836.8 s left)98 (805.6 s left)99 (774.5 s left)100 (743.9 s left)101 (713.9 s left)102 (685.2 s left)103 (656.9 s left)104 (627.4 s left)105 (598.4 s left)106 (569.2 s left)107 (540.8 s left)108 (513.3 s left)109 (484.7 s left)110 (456.3 s left)111 (428.0 s left)112 (400.4 s left)113 (372.8 s left)114 (345.1 s left)115 (318.1 s left)116 (291.1 s left)117 (263.9 s left)118 (237.1 s left)119 (210.7 s left)120 (183.8 s left)121 (157.2 s left)122 (130.8 s left)123 (104.4 s left)124 (78.1 s left)125 (51.9 s left)126 (25.9 s left)127 (0.0 s left)
Runtimes: [285738, 290520, 278436, 265643, 316950, 298592, 278683, 286445, 292347, 421098, 357929, 323784, 247895, 276553, 318281, 301315, 339916, 262441, 408807, 282225, 285838, 390377, 376915, 299385, 278370, 318405, 334635, 269088, 330894, 274345, 316800, 281550, 302135, 270457, 334405, 311609, 335079, 281850, 266446, 339741, 287067, 285739, 259171, 274355, 275598, 271851, 345542, 263729, 313292, 283758, 279076, 316759, 340947, 330066, 306552, 305906, 312512, 302090, 330252, 279679, 319394, 353495, 308482, 269939, 280871, 280719, 338597, 296286, 240679, 355395, 271808, 260772, 290028, 340056, 507951, 284256, 290487, 263092, 334425, 289510, 342940, 350631, 283177, 294403, 322351, 366436, 320845, 327126, 287860, 250416, 266846, 298573, 369342, 350229, 297566, 285470, 318956, 286640, 265654, 352095, 256123, 262988, 287556, 384307, 289924, 308390, 320287, 405596, 259124, 270301, 273386, 329442, 293100, 254373, 274830, 357814, 336629, 387315, 275680, 330862, 272825, 335487, 287258, 296570, 256753, 280020, 312987, 369902]
Average: 306871.015625
Evaluated in 3368.06s

sqrt(n)
Running (μ + 1), μ = 90, p_c = 0.99, p_m = 0.0001220703125 on RuggedOneMax(k = 3, n = 8192)
Progress: 0 (3323.2 s left)1 (3307.5 s left)2 (3305.6 s left)3 (3415.2 s left)4 (3628.5 s left)5 (3839.6 s left)6 (3704.9 s left)7 (3675.0 s left)8 (3578.8 s left)9 (3573.4 s left)10 (3495.8 s left)11 (3634.7 s left)12 (3601.9 s left)13 (3540.8 s left)14 (3449.0 s left)15 (3367.0 s left)16 (3333.3 s left)17 (3342.8 s left)18 (3281.5 s left)19 (3248.1 s left)20 (3241.4 s left)21 (3225.0 s left)22 (3188.8 s left)23 (3166.9 s left)24 (3115.4 s left)25 (3039.7 s left)26 (2978.9 s left)27 (2948.2 s left)28 (2903.4 s left)29 (2859.4 s left)30 (2825.0 s left)31 (2786.5 s left)32 (2770.8 s left)33 (2788.2 s left)34 (2729.3 s left)35 (2694.8 s left)36 (2637.0 s left)37 (2600.9 s left)38 (2557.4 s left)39 (2517.9 s left)40 (2499.3 s left)41 (2465.0 s left)42 (2430.1 s left)43 (2404.5 s left)44 (2360.0 s left)45 (2324.5 s left)46 (2301.0 s left)47 (2280.3 s left)48 (2273.5 s left)49 (2243.5 s left)50 (2210.4 s left)51 (2194.7 s left)52 (2168.2 s left)53 (2131.4 s left)54 (2098.2 s left)55 (2066.1 s left)56 (2044.3 s left)57 (2026.4 s left)58 (1989.3 s left)59 (1951.8 s left)60 (1922.3 s left)61 (1887.9 s left)62 (1857.0 s left)63 (1838.2 s left)64 (1822.8 s left)65 (1796.7 s left)66 (1765.2 s left)67 (1735.0 s left)68 (1707.7 s left)69 (1676.2 s left)70 (1643.2 s left)71 (1620.0 s left)72 (1585.0 s left)73 (1553.4 s left)74 (1525.2 s left)75 (1500.0 s left)76 (1470.6 s left)77 (1441.8 s left)78 (1414.0 s left)79 (1384.1 s left)80 (1355.4 s left)81 (1324.6 s left)82 (1293.2 s left)83 (1261.3 s left)84 (1229.3 s left)85 (1202.8 s left)86 (1182.3 s left)87 (1151.2 s left)88 (1120.8 s left)89 (1090.1 s left)90 (1067.8 s left)91 (1035.9 s left)92 (1005.8 s left)93 (977.4 s left)94 (948.6 s left)95 (918.2 s left)96 (886.7 s left)97 (857.8 s left)98 (829.7 s left)99 (801.0 s left)100 (774.7 s left)101 (746.2 s left)102 (716.3 s left)103 (687.9 s left)104 (659.6 s left)105 (631.1 s left)106 (601.6 s left)107 (572.8 s left)108 (543.9 s left)109 (520.0 s left)110 (489.9 s left)111 (460.8 s left)112 (430.7 s left)113 (401.3 s left)114 (372.3 s left)115 (343.4 s left)116 (314.9 s left)117 (286.0 s left)118 (258.1 s left)119 (229.8 s left)120 (200.5 s left)121 (171.8 s left)122 (142.9 s left)123 (114.3 s left)124 (85.5 s left)125 (56.9 s left)126 (28.5 s left)127 (0.0 s left)
Runtimes: [549124, 675704, 451878, 446279, 745675, 478999, 828444, 532169, 458075, 576903, 451914, 458914, 547962, 453570, 401330, 402719, 644304, 500668, 631847, 502289, 448152, 601234, 517598, 601546, 459314, 513147, 395267, 339043, 441568, 850498, 500029, 444753, 604833, 443074, 484436, 471844, 338687, 303402, 620702, 408724, 434143, 462436, 535588, 473238, 460535, 376102, 596959, 782270, 633856, 679948, 526699, 487380, 552506, 614913, 656464, 406374, 448073, 440056, 396802, 377013, 796382, 676155, 509291, 471650, 431567, 606268, 491546, 583389, 501070, 631319, 477874, 428911, 367131, 510684, 434152, 619422, 563682, 499015, 512745, 514406, 531965, 481130, 452446, 830279, 430353, 620540, 391144, 441599, 843121, 465014, 431615, 556835, 437097, 386047, 528941, 420717, 505898, 557428, 647040, 362009, 514713, 516984, 541071, 432324, 1113797, 567696, 520882, 509663, 459182, 514400, 507589, 371373, 354439, 422534, 497679, 578534, 459778, 746582, 469829, 616240, 545995, 337708, 555961, 425353, 618013, 622779, 531948, 369604]
Average: 519832.03125
Evaluated in 3682.43s

log2(n)
Running (μ + 1) w/ chm, μ = 13, p_c = 0.99, p_m = 0.0001220703125 on RuggedOneMax(k = 3, n = 8192)
Progress: 0 (3704s s left) 1 (3874s s left) 2 (3972s s left) 3 (4024s s left) 4 (4136s s left) 5 (4215s s left) 6 (4157s s left) 7 (4080s s left) 8 (4006s s left) 9 (3970s s left) 10 (3930s s left) 11 (3906s s left) 12 (3839s s left) 13 (3764s s left) 14 (3713s s left) 15 (3658s s left) 16 (3658s s left) 17 (3626s s left) 18 (3574s s left) 19 (3534s s left) 20 (3495s s left) 21 (3506s s left) 22 (3468s s left) 23 (3496s s left) 24 (3455s s left) 25 (3426s s left) 26 (3390s s left) 27 (3364s s left) 28 (3333s s left) 29 (3287s s left) 30 (3252s s left) 31 (3228s s left) 32 (3182s s left) 33 (3157s s left) 34 (3143s s left) 35 (3101s s left) 36 (3054s s left) 37 (3024s s left) 38 (2999s s left) 39 (2968s s left) 40 (2932s s left) 41 (2893s s left) 42 (2857s s left) 43 (2828s s left) 44 (2799s s left) 45 (2760s s left) 46 (2728s s left) 47 (2694s s left) 48 (2668s s left) 49 (2634s s left) 50 (2604s s left) 51 (2562s s left) 52 (2532s s left) 53 (2505s s left) 54 (2474s s left) 55 (2439s s left) 56 (2409s s left) 57 (2376s s left) 58 (2337s s left) 59 (2319s s left) 60 (2282s s left) 61 (2244s s left) 62 (2211s s left) 63 (2175s s left) 64 (2138s s left) 65 (2102s s left) 66 (2083s s left) 67 (2046s s left) 68 (2009s s left) 69 (1973s s left) 70 (1941s s left) 71 (1903s s left) 72 (1881s s left) 73 (1843s s left) 74 (1808s s left) 75 (1777s s left) 76 (1742s s left) 77 (1708s s left) 78 (1675s s left) 79 (1642s s left) 80 (1607s s left) 81 (1574s s left) 82 (1536s s left) 83 (1501s s left) 84 (1464s s left) 85 (1428s s left) 86 (1393s s left) 87 (1358s s left) 88 (1322s s left) 89 (1286s s left) 90 (1252s s left) 91 (1217s s left) 92 (1182s s left) 93 (1153s s left) 94 (1119s s left) 95 (1085s s left) 96 (1051s s left) 97 (1016s s left) 98 (984s s left) 99 (950s s left) 100 (915s s left) 101 (879s s left) 102 (846s s left) 103 (811s s left) 104 (776s s left) 105 (742s s left) 106 (709s s left) 107 (676s s left) 108 (643s s left) 109 (610s s left) 110 (577s s left) 111 (543s s left) 112 (510s s left) 113 (476s s left) 114 (442s s left) 115 (408s s left) 116 (374s s left) 117 (340s s left) 118 (306s s left) 119 (272s s left) 120 (238s s left) 121 (205s s left) 122 (171s s left) 123 (136s s left) 124 (102s s left) 125 (68s s left) 126 (34s s left) 127 (0ns s left)
Runtimes: [280309, 229110, 246736, 274970, 238837, 206778, 249158, 236749, 250658, 232087, 244289, 259452, 221322, 228503, 211794, 282729, 220473, 249434, 309482, 218400, 235062, 235507, 235527, 344028, 255003, 232146, 240036, 261214, 250398, 222319, 269796, 243376, 219104, 302930, 261995, 224351, 206233, 276146, 256789, 262258, 242312, 230282, 241499, 263572, 262793, 250244, 218832, 244166, 281783, 274640, 254902, 277610, 215739, 295250, 279703, 369752, 278747, 248972, 266177, 230367, 240197, 237088, 264639, 245413, 385311, 240062, 241199, 239616, 240840, 234889, 387471, 279019, 227762, 296102, 265870, 220205, 268177, 251414, 264967, 283247, 268934, 260036, 221125, 243733, 214517, 253739, 240133, 240445, 214883, 231896, 257533, 351376, 247110, 235093, 249022, 251953, 271679, 218094, 320279, 251870, 251459, 263996, 217821, 196627, 285234, 254637, 214135, 287557, 266489, 277643, 284323, 289221, 270177, 243961, 239271, 241007, 244664, 302307, 310003, 254087, 239539, 259741, 273554, 309194, 255786, 248951, 273224, 249131]
Average: 256355.5234375
Evaluated in 4407.46s

sqrt(n)
Running (μ + 1), μ = 5, p_c = 0.99, p_m = 0.03125 on RuggedOneMax(k = 3, n = 32)
Progress: 0 (0ns s left) 1 (0ns s left) 2 (0ns s left) 3 (0ns s left) 4 (0ns s left) 5 (0ns s left) 6 (0ns s left) 7 (0ns s left) 8 (0ns s left) 9 (0ns s left) 10 (0ns s left) 11 (0ns s left) 12 (0ns s left) 13 (0ns s left) 14 (0ns s left) 15 (0ns s left) 16 (0ns s left) 17 (0ns s left) 18 (0ns s left) 19 (0ns s left) 20 (0ns s left) 21 (0ns s left) 22 (0ns s left) 23 (0ns s left) 24 (0ns s left) 25 (0ns s left) 26 (0ns s left) 27 (0ns s left) 28 (0ns s left) 29 (0ns s left) 30 (0ns s left) 31 (0ns s left) 32 (0ns s left) 33 (0ns s left) 34 (0ns s left) 35 (0ns s left) 36 (0ns s left) 37 (0ns s left) 38 (0ns s left) 39 (0ns s left) 40 (0ns s left) 41 (0ns s left) 42 (0ns s left) 43 (0ns s left) 44 (0ns s left) 45 (0ns s left) 46 (0ns s left) 47 (0ns s left) 48 (0ns s left) 49 (0ns s left) 50 (0ns s left) 51 (0ns s left) 52 (0ns s left) 53 (0ns s left) 54 (0ns s left) 55 (0ns s left) 56 (0ns s left) 57 (0ns s left) 58 (0ns s left) 59 (0ns s left) 60 (0ns s left) 61 (0ns s left) 62 (0ns s left) 63 (0ns s left) 64 (0ns s left) 65 (0ns s left) 66 (0ns s left) 67 (0ns s left) 68 (0ns s left) 69 (0ns s left) 70 (0ns s left) 71 (0ns s left) 72 (0ns s left) 73 (0ns s left) 74 (0ns s left) 75 (0ns s left) 76 (0ns s left) 77 (0ns s left) 78 (0ns s left) 79 (0ns s left) 80 (0ns s left) 81 (0ns s left) 82 (0ns s left) 83 (0ns s left) 84 (0ns s left) 85 (0ns s left) 86 (0ns s left) 87 (0ns s left) 88 (0ns s left) 89 (0ns s left) 90 (0ns s left) 91 (0ns s left) 92 (0ns s left) 93 (0ns s left) 94 (0ns s left) 95 (0ns s left) 96 (0ns s left) 97 (0ns s left) 98 (0ns s left) 99 (0ns s left) 100 (0ns s left) 101 (0ns s left) 102 (0ns s left) 103 (0ns s left) 104 (0ns s left) 105 (0ns s left) 106 (0ns s left) 107 (0ns s left) 108 (0ns s left) 109 (0ns s left) 110 (0ns s left) 111 (0ns s left) 112 (0ns s left) 113 (0ns s left) 114 (0ns s left) 115 (0ns s left) 116 (0ns s left) 117 (0ns s left) 118 (0ns s left) 119 (0ns s left) 120 (0ns s left) 121 (0ns s left) 122 (0ns s left) 123 (0ns s left) 124 (0ns s left) 125 (0ns s left) 126 (0ns s left) 127 (0ns s left)
Runtimes: [1944, 414, 565, 921, 2258, 2990, 995, 5111, 445, 644, 684, 1648, 794, 2982, 1421, 2577, 1050, 3032, 2111, 1642, 3831, 1078, 674, 2000, 3724, 2034, 5200, 5571, 3677, 1239, 3195, 1266, 7358, 1389, 889, 507, 3059, 369, 5739, 1449, 2295, 765, 490, 4477, 734, 4022, 6263, 2009, 1069, 760, 3535, 2853, 2952, 438, 338, 898, 2354, 2636, 2146, 680, 1694, 2653, 498, 1206, 3106, 277, 7128, 3955, 2816, 577, 2400, 738, 4253, 625, 308, 2239, 2676, 1415, 787, 676, 3397, 4735, 855, 537, 3783, 1289, 382, 2343, 4531, 1684, 402, 2914, 4882, 2338, 2722, 677, 2916, 2214, 666, 2029, 1054, 421, 1582, 2423, 3222, 1394, 2817, 3654, 3528, 946, 2777, 1740, 347, 4846, 1736, 1825, 1097, 2777, 1599, 1130, 1419, 1221, 2696, 4673, 4351, 1512, 2141, 1054]
Average: 2152.3046875
Evaluated in 94.69ms


sqrt(n)
Running (μ + 1), μ = 8, p_c = 0.99, p_m = 0.015625 on RuggedOneMax(k = 3, n = 64)
Progress: 0 (0ns s left) 1 (0ns s left) 2 (0ns s left) 3 (0ns s left) 4 (0ns s left) 5 (0ns s left) 6 (0ns s left) 7 (0ns s left) 8 (0ns s left) 9 (0ns s left) 10 (0ns s left) 11 (0ns s left) 12 (0ns s left) 13 (0ns s left) 14 (0ns s left) 15 (0ns s left) 16 (0ns s left) 17 (0ns s left) 18 (0ns s left) 19 (0ns s left) 20 (0ns s left) 21 (0ns s left) 22 (0ns s left) 23 (0ns s left) 24 (0ns s left) 25 (0ns s left) 26 (0ns s left) 27 (0ns s left) 28 (0ns s left) 29 (0ns s left) 30 (0ns s left) 31 (0ns s left) 32 (0ns s left) 33 (0ns s left) 34 (0ns s left) 35 (0ns s left) 36 (0ns s left) 37 (0ns s left) 38 (0ns s left) 39 (0ns s left) 40 (0ns s left) 41 (0ns s left) 42 (0ns s left) 43 (0ns s left) 44 (0ns s left) 45 (0ns s left) 46 (0ns s left) 47 (0ns s left) 48 (0ns s left) 49 (0ns s left) 50 (0ns s left) 51 (0ns s left) 52 (0ns s left) 53 (0ns s left) 54 (0ns s left) 55 (0ns s left) 56 (0ns s left) 57 (0ns s left) 58 (0ns s left) 59 (0ns s left) 60 (0ns s left) 61 (0ns s left) 62 (0ns s left) 63 (0ns s left) 64 (0ns s left) 65 (0ns s left) 66 (0ns s left) 67 (0ns s left) 68 (0ns s left) 69 (0ns s left) 70 (0ns s left) 71 (0ns s left) 72 (0ns s left) 73 (0ns s left) 74 (0ns s left) 75 (0ns s left) 76 (0ns s left) 77 (0ns s left) 78 (0ns s left) 79 (0ns s left) 80 (0ns s left) 81 (0ns s left) 82 (0ns s left) 83 (0ns s left) 84 (0ns s left) 85 (0ns s left) 86 (0ns s left) 87 (0ns s left) 88 (0ns s left) 89 (0ns s left) 90 (0ns s left) 91 (0ns s left) 92 (0ns s left) 93 (0ns s left) 94 (0ns s left) 95 (0ns s left) 96 (0ns s left) 97 (0ns s left) 98 (0ns s left) 99 (0ns s left) 100 (0ns s left) 101 (0ns s left) 102 (0ns s left) 103 (0ns s left) 104 (0ns s left) 105 (0ns s left) 106 (0ns s left) 107 (0ns s left) 108 (0ns s left) 109 (0ns s left) 110 (0ns s left) 111 (0ns s left) 112 (0ns s left) 113 (0ns s left) 114 (0ns s left) 115 (0ns s left) 116 (0ns s left) 117 (0ns s left) 118 (0ns s left) 119 (0ns s left) 120 (0ns s left) 121 (0ns s left) 122 (0ns s left) 123 (0ns s left) 124 (0ns s left) 125 (0ns s left) 126 (0ns s left) 127 (0ns s left)
Runtimes: [3704, 3085, 3604, 2385, 3636, 1716, 938, 2047, 11500, 3525, 3767, 7107, 7794, 1259, 1928, 2861, 1245, 1400, 3006, 2554, 1820, 1899, 2480, 1712, 3525, 3563, 3297, 2176, 1787, 2149, 2096, 1128, 2227, 2152, 8140, 3951, 7060, 2054, 2682, 2759, 1848, 2145, 10737, 11272, 3382, 3452, 3965, 1937, 1953, 4073, 5471, 3337, 970, 2779, 1271, 3747, 2451, 5440, 2809, 880, 1445, 728, 4224, 2078, 5570, 1392, 1130, 921, 6523, 1820, 606, 1800, 6152, 6265, 1044, 6521, 1395, 2791, 3078, 2570, 3163, 3494, 779, 4031, 3598, 1676, 4698, 1546, 7151, 9054, 3399, 1990, 3735, 3341, 4449, 1219, 1837, 1869, 9160, 1541, 1744, 1242, 5889, 4982, 4537, 1892, 6270, 2498, 909, 6156, 1272, 942, 2718, 2838, 1161, 3773, 3610, 1999, 2428, 1016, 2575, 1822, 1238, 2565, 1306, 3500, 6654, 5080]
Average: 3234.65625
Evaluated in 192.57ms


sqrt(n)
Running (μ + 1), μ = 11, p_c = 0.99, p_m = 0.0078125 on RuggedOneMax(k = 3, n = 128)
Progress: 0 (0ns s left) 1 (0ns s left) 2 (0ns s left) 3 (0ns s left) 4 (0ns s left) 5 (0ns s left) 6 (0ns s left) 7 (0ns s left) 8 (0ns s left) 9 (0ns s left) 10 (0ns s left) 11 (0ns s left) 12 (0ns s left) 13 (0ns s left) 14 (0ns s left) 15 (0ns s left) 16 (0ns s left) 17 (0ns s left) 18 (0ns s left) 19 (0ns s left) 20 (0ns s left) 21 (0ns s left) 22 (0ns s left) 23 (0ns s left) 24 (0ns s left) 25 (0ns s left) 26 (0ns s left) 27 (0ns s left) 28 (0ns s left) 29 (0ns s left) 30 (0ns s left) 31 (0ns s left) 32 (0ns s left) 33 (0ns s left) 34 (0ns s left) 35 (0ns s left) 36 (0ns s left) 37 (0ns s left) 38 (0ns s left) 39 (0ns s left) 40 (0ns s left) 41 (0ns s left) 42 (0ns s left) 43 (0ns s left) 44 (0ns s left) 45 (0ns s left) 46 (0ns s left) 47 (0ns s left) 48 (0ns s left) 49 (0ns s left) 50 (0ns s left) 51 (0ns s left) 52 (0ns s left) 53 (0ns s left) 54 (0ns s left) 55 (0ns s left) 56 (0ns s left) 57 (0ns s left) 58 (0ns s left) 59 (0ns s left) 60 (0ns s left) 61 (0ns s left) 62 (0ns s left) 63 (0ns s left) 64 (0ns s left) 65 (0ns s left) 66 (0ns s left) 67 (0ns s left) 68 (0ns s left) 69 (0ns s left) 70 (0ns s left) 71 (0ns s left) 72 (0ns s left) 73 (0ns s left) 74 (0ns s left) 75 (0ns s left) 76 (0ns s left) 77 (0ns s left) 78 (0ns s left) 79 (0ns s left) 80 (0ns s left) 81 (0ns s left) 82 (0ns s left) 83 (0ns s left) 84 (0ns s left) 85 (0ns s left) 86 (0ns s left) 87 (0ns s left) 88 (0ns s left) 89 (0ns s left) 90 (0ns s left) 91 (0ns s left) 92 (0ns s left) 93 (0ns s left) 94 (0ns s left) 95 (0ns s left) 96 (0ns s left) 97 (0ns s left) 98 (0ns s left) 99 (0ns s left) 100 (0ns s left) 101 (0ns s left) 102 (0ns s left) 103 (0ns s left) 104 (0ns s left) 105 (0ns s left) 106 (0ns s left) 107 (0ns s left) 108 (0ns s left) 109 (0ns s left) 110 (0ns s left) 111 (0ns s left) 112 (0ns s left) 113 (0ns s left) 114 (0ns s left) 115 (0ns s left) 116 (0ns s left) 117 (0ns s left) 118 (0ns s left) 119 (0ns s left) 120 (0ns s left) 121 (0ns s left) 122 (0ns s left) 123 (0ns s left) 124 (0ns s left) 125 (0ns s left) 126 (0ns s left) 127 (0ns s left)
Runtimes: [3420, 3730, 9773, 5871, 3991, 4249, 5154, 2660, 10835, 2490, 10710, 8602, 11665, 8967, 4137, 3017, 16235, 4325, 3252, 7649, 7610, 4794, 2224, 8588, 6529, 3780, 2330, 7966, 7277, 4789, 6633, 2639, 2096, 3168, 2953, 9571, 1760, 4914, 3529, 10437, 10578, 5109, 7341, 2008, 4688, 4185, 5213, 13903, 3725, 10798, 13797, 2403, 2700, 7501, 2439, 3724, 6328, 4145, 4842, 3331, 10782, 3927, 8655, 2189, 2491, 7379, 9062, 3482, 5964, 6524, 2220, 23898, 7755, 3926, 4748, 5250, 4877, 5733, 3552, 4530, 3944, 9770, 4246, 3229, 2070, 5019, 3840, 4643, 3012, 8524, 17458, 1658, 5041, 5091, 3983, 11591, 4743, 4728, 2055, 17568, 2663, 3281, 11071, 3667, 3525, 8228, 3446, 5526, 19595, 3215, 3067, 2981, 3257, 8429, 6934, 6454, 4015, 2474, 3434, 6151, 4715, 4716, 4762, 7936, 7525, 5806, 7647, 2523]
Average: 5931.8515625
Evaluated in 648.40ms


sqrt(n)
Running (μ + 1), μ = 16, p_c = 0.99, p_m = 0.00390625 on RuggedOneMax(k = 3, n = 256)
Progress: 0 (0ns s left) 1 (0ns s left) 2 (0ns s left) 3 (0ns s left) 4 (0ns s left) 5 (0ns s left) 6 (0ns s left) 7 (0ns s left) 8 (0ns s left) 9 (0ns s left) 10 (0ns s left) 11 (0ns s left) 12 (1s s left) 13 (1s s left) 14 (1s s left) 15 (1s s left) 16 (1s s left) 17 (1s s left) 18 (0ns s left) 19 (0ns s left) 20 (0ns s left) 21 (0ns s left) 22 (0ns s left) 23 (0ns s left) 24 (1s s left) 25 (1s s left) 26 (1s s left) 27 (1s s left) 28 (1s s left) 29 (1s s left) 30 (1s s left) 31 (1s s left) 32 (0ns s left) 33 (0ns s left) 34 (0ns s left) 35 (0ns s left) 36 (0ns s left) 37 (1s s left) 38 (1s s left) 39 (1s s left) 40 (1s s left) 41 (1s s left) 42 (0ns s left) 43 (0ns s left) 44 (0ns s left) 45 (0ns s left) 46 (0ns s left) 47 (0ns s left) 48 (0ns s left) 49 (1s s left) 50 (1s s left) 51 (0ns s left) 52 (0ns s left) 53 (0ns s left) 54 (0ns s left) 55 (0ns s left) 56 (0ns s left) 57 (0ns s left) 58 (0ns s left) 59 (0ns s left) 60 (0ns s left) 61 (0ns s left) 62 (0ns s left) 63 (0ns s left) 64 (0ns s left) 65 (0ns s left) 66 (0ns s left) 67 (0ns s left) 68 (0ns s left) 69 (0ns s left) 70 (0ns s left) 71 (0ns s left) 72 (0ns s left) 73 (0ns s left) 74 (0ns s left) 75 (0ns s left) 76 (0ns s left) 77 (0ns s left) 78 (0ns s left) 79 (0ns s left) 80 (0ns s left) 81 (0ns s left) 82 (0ns s left) 83 (0ns s left) 84 (0ns s left) 85 (0ns s left) 86 (0ns s left) 87 (0ns s left) 88 (0ns s left) 89 (0ns s left) 90 (0ns s left) 91 (0ns s left) 92 (0ns s left) 93 (0ns s left) 94 (0ns s left) 95 (0ns s left) 96 (0ns s left) 97 (0ns s left) 98 (0ns s left) 99 (0ns s left) 100 (0ns s left) 101 (0ns s left) 102 (0ns s left) 103 (0ns s left) 104 (0ns s left) 105 (0ns s left) 106 (0ns s left) 107 (0ns s left) 108 (0ns s left) 109 (0ns s left) 110 (0ns s left) 111 (0ns s left) 112 (0ns s left) 113 (0ns s left) 114 (0ns s left) 115 (0ns s left) 116 (0ns s left) 117 (0ns s left) 118 (0ns s left) 119 (0ns s left) 120 (0ns s left) 121 (0ns s left) 122 (0ns s left) 123 (0ns s left) 124 (0ns s left) 125 (0ns s left) 126 (0ns s left) 127 (0ns s left)
Runtimes: [9849, 16068, 8048, 6295, 8289, 8110, 6739, 6051, 5793, 25918, 7649, 8599, 10387, 7153, 6549, 5430, 5725, 11470, 4948, 8017, 5216, 4689, 5778, 3848, 10519, 5382, 11874, 5028, 7590, 5255, 11588, 10371, 6033, 7048, 10579, 8723, 9141, 14743, 4591, 7513, 13050, 4059, 4769, 5200, 11843, 6882, 7280, 11043, 9808, 7170, 5683, 10391, 8007, 9288, 8473, 11107, 12348, 5170, 10817, 7566, 8183, 6540, 6688, 4762, 5745, 9183, 9246, 11417, 8926, 8205, 9713, 17925, 12043, 9179, 4734, 6139, 7446, 15319, 11082, 9884, 12115, 5847, 10702, 18257, 10677, 6835, 7216, 5425, 5178, 5312, 6066, 20443, 12198, 14162, 9327, 17557, 3742, 6336, 13497, 12878, 11844, 12957, 9998, 5515, 6653, 13152, 4315, 6159, 5524, 5442, 8772, 13626, 7985, 10804, 9024, 11816, 12448, 5955, 11785, 17903, 10269, 5548, 8132, 5491, 5118, 12896, 6893, 4772]
Average: 8902.1484375
Evaluated in 1.91s


sqrt(n)
Running (μ + 1), μ = 22, p_c = 0.99, p_m = 0.001953125 on RuggedOneMax(k = 3, n = 512)
Progress: 0 (0ns s left) 1 (0ns s left) 2 (0ns s left) 3 (0ns s left) 4 (4s s left) 5 (3s s left) 6 (2s s left) 7 (5s s left) 8 (4s s left) 9 (3s s left) 10 (3s s left) 11 (4s s left) 12 (4s s left) 13 (4s s left) 14 (3s s left) 15 (4s s left) 16 (5s s left) 17 (5s s left) 18 (4s s left) 19 (4s s left) 20 (5s s left) 21 (4s s left) 22 (4s s left) 23 (5s s left) 24 (4s s left) 25 (4s s left) 26 (4s s left) 27 (4s s left) 28 (4s s left) 29 (4s s left) 30 (4s s left) 31 (4s s left) 32 (4s s left) 33 (4s s left) 34 (4s s left) 35 (4s s left) 36 (4s s left) 37 (4s s left) 38 (4s s left) 39 (4s s left) 40 (4s s left) 41 (4s s left) 42 (4s s left) 43 (4s s left) 44 (4s s left) 45 (4s s left) 46 (4s s left) 47 (4s s left) 48 (4s s left) 49 (3s s left) 50 (4s s left) 51 (3s s left) 52 (3s s left) 53 (3s s left) 54 (3s s left) 55 (3s s left) 56 (3s s left) 57 (3s s left) 58 (3s s left) 59 (3s s left) 60 (3s s left) 61 (3s s left) 62 (3s s left) 63 (3s s left) 64 (3s s left) 65 (3s s left) 66 (3s s left) 67 (3s s left) 68 (3s s left) 69 (3s s left) 70 (2s s left) 71 (2s s left) 72 (2s s left) 73 (2s s left) 74 (2s s left) 75 (2s s left) 76 (2s s left) 77 (2s s left) 78 (2s s left) 79 (2s s left) 80 (2s s left) 81 (2s s left) 82 (2s s left) 83 (2s s left) 84 (2s s left) 85 (2s s left) 86 (2s s left) 87 (2s s left) 88 (2s s left) 89 (2s s left) 90 (1s s left) 91 (1s s left) 92 (1s s left) 93 (1s s left) 94 (1s s left) 95 (1s s left) 96 (1s s left) 97 (1s s left) 98 (1s s left) 99 (1s s left) 100 (1s s left) 101 (1s s left) 102 (1s s left) 103 (1s s left) 104 (1s s left) 105 (1s s left) 106 (1s s left) 107 (1s s left) 108 (1s s left) 109 (1s s left) 110 (0ns s left) 111 (0ns s left) 112 (0ns s left) 113 (0ns s left) 114 (0ns s left) 115 (0ns s left) 116 (0ns s left) 117 (0ns s left) 118 (0ns s left) 119 (0ns s left) 120 (0ns s left) 121 (0ns s left) 122 (0ns s left) 123 (0ns s left) 124 (0ns s left) 125 (0ns s left) 126 (0ns s left) 127 (0ns s left)
Runtimes: [19192, 11912, 17302, 13308, 14772, 10268, 13594, 13776, 17088, 34144, 13915, 22139, 9420, 11005, 19848, 10651, 8689, 20900, 12928, 15461, 15517, 16707, 27372, 10854, 15427, 18131, 16796, 17002, 21786, 18700, 15298, 13458, 27523, 18040, 21106, 16213, 23350, 14144, 13607, 21563, 13575, 20940, 12765, 17082, 10803, 13603, 11400, 15163, 26505, 18371, 14798, 24794, 12203, 11111, 28797, 15108, 18286, 20028, 37675, 15223, 16489, 20138, 10213, 19422, 12716, 12478, 12663, 11234, 16932, 17575, 18389, 21540, 28594, 11917, 13775, 13089, 11616, 22874, 14031, 24446, 22144, 19874, 14288, 13308, 34608, 11783, 18836, 13016, 14810, 19372, 40982, 18483, 15980, 26334, 18194, 27046, 19323, 18140, 11965, 23383, 25678, 29970, 16829, 17305, 11263, 17166, 19150, 21792, 18903, 14197, 16317, 17498, 14628, 17504, 12342, 14258, 13184, 26654, 15780, 13002, 12029, 19813, 12845, 12669, 16971, 9705, 19390, 21384]
Average: 17510.640625
Evaluated in 7.31s


sqrt(n)
Running (μ + 1), μ = 32, p_c = 0.99, p_m = 0.0009765625 on RuggedOneMax(k = 3, n = 1024)
Progress: 0 (21s s left) 1 (21s s left) 2 (20s s left) 3 (20s s left) 4 (24s s left) 5 (23s s left) 6 (25s s left) 7 (25s s left) 8 (24s s left) 9 (23s s left) 10 (23s s left) 11 (22s s left) 12 (23s s left) 13 (24s s left) 14 (23s s left) 15 (23s s left) 16 (22s s left) 17 (22s s left) 18 (21s s left) 19 (22s s left) 20 (22s s left) 21 (22s s left) 22 (22s s left) 23 (22s s left) 24 (22s s left) 25 (22s s left) 26 (21s s left) 27 (22s s left) 28 (21s s left) 29 (21s s left) 30 (21s s left) 31 (21s s left) 32 (21s s left) 33 (20s s left) 34 (20s s left) 35 (20s s left) 36 (20s s left) 37 (19s s left) 38 (19s s left) 39 (19s s left) 40 (19s s left) 41 (19s s left) 42 (19s s left) 43 (19s s left) 44 (18s s left) 45 (18s s left) 46 (18s s left) 47 (18s s left) 48 (17s s left) 49 (17s s left) 50 (17s s left) 51 (16s s left) 52 (16s s left) 53 (16s s left) 54 (16s s left) 55 (16s s left) 56 (15s s left) 57 (15s s left) 58 (15s s left) 59 (15s s left) 60 (14s s left) 61 (14s s left) 62 (14s s left) 63 (14s s left) 64 (14s s left) 65 (13s s left) 66 (13s s left) 67 (13s s left) 68 (13s s left) 69 (12s s left) 70 (12s s left) 71 (12s s left) 72 (12s s left) 73 (12s s left) 74 (12s s left) 75 (11s s left) 76 (11s s left) 77 (11s s left) 78 (11s s left) 79 (11s s left) 80 (10s s left) 81 (10s s left) 82 (10s s left) 83 (10s s left) 84 (9s s left) 85 (9s s left) 86 (9s s left) 87 (9s s left) 88 (8s s left) 89 (8s s left) 90 (8s s left) 91 (8s s left) 92 (8s s left) 93 (7s s left) 94 (7s s left) 95 (7s s left) 96 (7s s left) 97 (6s s left) 98 (6s s left) 99 (6s s left) 100 (6s s left) 101 (5s s left) 102 (5s s left) 103 (5s s left) 104 (5s s left) 105 (5s s left) 106 (4s s left) 107 (4s s left) 108 (4s s left) 109 (4s s left) 110 (3s s left) 111 (3s s left) 112 (3s s left) 113 (3s s left) 114 (2s s left) 115 (2s s left) 116 (2s s left) 117 (2s s left) 118 (2s s left) 119 (1s s left) 120 (1s s left) 121 (1s s left) 122 (1s s left) 123 (0ns s left) 124 (0ns s left) 125 (0ns s left) 126 (0ns s left) 127 (0ns s left)
Runtimes: [34144, 36303, 25584, 32594, 39435, 41826, 31580, 30324, 26435, 28137, 48615, 43452, 23906, 31980, 35731, 30900, 29696, 32461, 41883, 28109, 37215, 44874, 46956, 31058, 37201, 32278, 42399, 38412, 47691, 30923, 38182, 45090, 31173, 26271, 33078, 39783, 27083, 45407, 30088, 47633, 39318, 48468, 34942, 39060, 31794, 36160, 37086, 23804, 27084, 39396, 25121, 25700, 27825, 43006, 47558, 30187, 31320, 36177, 50033, 31504, 25003, 50660, 47270, 30723, 35710, 24574, 37486, 23026, 29532, 63748, 47339, 29255, 68411, 48731, 35962, 34790, 40943, 31996, 55471, 34707, 32871, 49182, 28427, 56550, 35926, 36746, 36890, 29158, 36626, 36111, 31745, 42238, 37187, 36386, 49690, 28142, 30306, 42417, 35766, 30508, 60062, 35156, 25016, 40596, 30961, 52963, 30700, 35427, 39204, 35011, 36470, 30626, 54667, 39609, 41384, 22833, 32631, 26354, 39204, 48315, 48461, 30022, 29726, 30664, 33330, 40597, 38804, 32626]
Average: 36805.1640625
Evaluated in 29.97s
