Running (μ + 1), μ = 2, p_c = 0.99, p_m = 0.0009765625 on RuggedOneMax(k = 2, n = 1024)
Runtimes: [659511, 924091, 1007908, 1007562, 1152178, 1350264, 1474559, 1561176, 1590051, 1616251, 1723634, 1880200, 1965629, 989293, 2235522, 591827, 2425151, 520065, 948187, 1058751, 2619134, 1193182, 941744, 1872355, 2907228, 2893454, 864537, 3020670, 1762186, 689138, 1055873, 1802935, 3441839, 870702, 3514859, 3560118, 1179886, 3702213, 3763302, 3800124, 3841793, 3870537, 3974549, 1810948, 1203617, 1070932, 1533134, 997524, 3519435, 4485184, 1121165, 624494, 1148936, 1018329, 2028244, 797238, 2433923, 897477, 1525655, 5323933, 1350846, 1474676, 4712799, 1127973, 1887221, 721020, 355434, 1287012, 5743140, 2772890, 828885, 1290593, 3191993, 6038360, 660239, 3229456, 878815, 1553418, 1792056, 616483, 4112980, 1195086, 411252, 864004, 1358875, 1103418, 1480419, 797419, 1184406, 906004, 432351, 3752825, 3383628, 3768526, 1016098, 2149852, 647818, 1605459, 1485464, 4008017, 1009906, 3312900, 4179602, 876316, 1830226, 1380108, 1975725, 2436351, 2135872, 7189094, 5325102, 1285881, 1220949, 6288676, 1917322, 1761261, 4263094, 3711001, 2589875, 2249472, 2875017, 4722091, 3233262, 5157473, 4956139, 7395587, 4544773, 5671529]
Average: 2250282.421875
Evaluated in 922.90s

Running (μ + 1), μ = 4, p_c = 0.99, p_m = 0.0009765625 on RuggedOneMax(k = 2, n = 1024)
Runtimes: [265979, 315265, 317166, 344499, 355065, 406305, 437777, 467193, 519339, 534290, 561846, 570148, 572775, 637283, 662342, 670824, 671864, 274336, 425952, 243562, 773860, 804144, 467746, 487788, 884154, 894685, 912580, 178927, 267444, 947400, 965482, 983968, 1056778, 232439, 1134817, 356300, 704966, 732216, 515070, 880017, 565806, 1273804, 1350306, 1081341, 1363436, 875161, 775534, 821536, 202410, 1465794, 550341, 331851, 970918, 755349, 252496, 572134, 560085, 993544, 500495, 368148, 433454, 1034520, 750561, 290016, 671067, 1727319, 911768, 434846, 611411, 886693, 1007898, 317797, 387025, 961889, 564563, 430194, 478040, 424997, 664182, 625884, 667875, 1102387, 371238, 522826, 513409, 790165, 173025, 240561, 1277846, 345321, 586509, 897062, 1046898, 310705, 432521, 1207540, 137627, 304320, 472434, 822777, 1201813, 1190292, 516693, 1260281, 1226435, 1138939, 609609, 396882, 1367568, 481000, 663276, 1138894, 1821328, 456684, 588501, 521197, 2027693, 2045265, 2932189, 1940990, 1291024, 1471001, 1586292, 1611825, 2248689, 1649228, 3360129, 2842307]
Average: 816314.640625
Evaluated in 360.17s

Running (μ + 1), μ = 8, p_c = 0.99, p_m = 0.0009765625 on RuggedOneMax(k = 2, n = 1024)
Runtimes: [56487, 57079, 62398, 85292, 95517, 97378, 102672, 106418, 109930, 116703, 118266, 119397, 119239, 119404, 119316, 126181, 127249, 127928, 131477, 151708, 152351, 156953, 167664, 66962, 176124, 122329, 183096, 100929, 215359, 75607, 235300, 117401, 136611, 248962, 267463, 144702, 121305, 115428, 143312, 97818, 37525, 110226, 248942, 312971, 257319, 207426, 202672, 211329, 163343, 224870, 250833, 99160, 194235, 253182, 255253, 101491, 61846, 89166, 119392, 30360, 72408, 174249, 311985, 415265, 169519, 91654, 93520, 245942, 160118, 193698, 272678, 128663, 337056, 151866, 87444, 88937, 181531, 254200, 76320, 154018, 134007, 50820, 98135, 127676, 135289, 72657, 122564, 69906, 106395, 149671, 116320, 115422, 318450, 460436, 149434, 156576, 96645, 54442, 238855, 76238, 230305, 73466, 272199, 220699, 238900, 148538, 175809, 223048, 660752, 170154, 178712, 125945, 233405, 142621, 146735, 367357, 230323, 171504, 275370, 178460, 323100, 236030, 265559, 384097, 351853, 461108, 714539, 764514]
Average: 180495.0546875
Evaluated in 76.33s

Running (μ + 1), μ = 16, p_c = 0.99, p_m = 0.0009765625 on RuggedOneMax(k = 2, n = 1024)
Runtimes: [25918, 27804, 29910, 31056, 33699, 35953, 36219, 36593, 36757, 36837, 44266, 39992, 39004, 44519, 49396, 51536, 50824, 52663, 57215, 56241, 60731, 35127, 62598, 65851, 65813, 70369, 42721, 71900, 74397, 76492, 47345, 40041, 81596, 78792, 87311, 49962, 44327, 36936, 55785, 63243, 54415, 39310, 62923, 64847, 55717, 49349, 43101, 52896, 63813, 47821, 45323, 57557, 125345, 93307, 41599, 68771, 85608, 60574, 48628, 44862, 75967, 49625, 108388, 64952, 40645, 28044, 44095, 56687, 113496, 79173, 47345, 80250, 25515, 48872, 64810, 61267, 35910, 52933, 76865, 63224, 48611, 45277, 39588, 39183, 68390, 27742, 37430, 81152, 48549, 64158, 48165, 47749, 35616, 81741, 52979, 61264, 69276, 82596, 25398, 54345, 55571, 61758, 54147, 40143, 58479, 42417, 90832, 71090, 104404, 48380, 48950, 74057, 77960, 39202, 115342, 45337, 92922, 38857, 57899, 180878, 76713, 56594, 120612, 161369, 152033, 116137, 216357, 167176]
Average: 62315.5703125
Evaluated in 27.06s

Running (μ + 1), μ = 32, p_c = 0.99, p_m = 0.0009765625 on RuggedOneMax(k = 2, n = 1024)
Runtimes: [27322, 28673, 29872, 30751, 30958, 31449, 31492, 31687, 32625, 34034, 34132, 34141, 34526, 35230, 35468, 36472, 36642, 37512, 37900, 40179, 41546, 41487, 41784, 41803, 44428, 44874, 49041, 49279, 50998, 55710, 56399, 25472, 24389, 27685, 31038, 31832, 28957, 23469, 32952, 40062, 33575, 31900, 29407, 41180, 38459, 32965, 37363, 38613, 78058, 32607, 36406, 44305, 53353, 52325, 47682, 42711, 25621, 39449, 33144, 34894, 47285, 62691, 46131, 34842, 27406, 59439, 29866, 25138, 47932, 47167, 37145, 29252, 42696, 36997, 39601, 24772, 37098, 58233, 36363, 46577, 30374, 36134, 25661, 48904, 36375, 47831, 39412, 59758, 30171, 24223, 22935, 64980, 51325, 34337, 33963, 27053, 43157, 40750, 34615, 29100, 44598, 37611, 38721, 35970, 67344, 38647, 23248, 32124, 26420, 29740, 37838, 40728, 43480, 33344, 33793, 35408, 30056, 37088, 38294, 57934, 64908, 33369, 51380, 46964, 68689, 71070, 71255, 94291]
Average: 39846
Evaluated in 16.42s

Running (μ + 1), μ = 64, p_c = 0.99, p_m = 0.0009765625 on RuggedOneMax(k = 2, n = 1024)
Runtimes: [19346, 19400, 19645, 21722, 22160, 22523, 23825, 26657, 27229, 28209, 28360, 31215, 32012, 33833, 34380, 35528, 36168, 36576, 36713, 38310, 40976, 20862, 41340, 42754, 42885, 26296, 27538, 49107, 49005, 49484, 27355, 28855, 32398, 54183, 54697, 55845, 23498, 29449, 59442, 26130, 22069, 65272, 29985, 26315, 40075, 30783, 45686, 38333, 51975, 33440, 44188, 30008, 36325, 33199, 40485, 28411, 45464, 34254, 44250, 28874, 27669, 32366, 21325, 38482, 61622, 35708, 30898, 47603, 24819, 31710, 23382, 20099, 51953, 40702, 53592, 35284, 29411, 55376, 34095, 65044, 34890, 47152, 39086, 39020, 53611, 64246, 46839, 43283, 36934, 37542, 41486, 65965, 33953, 27074, 42230, 38068, 41909, 29449, 45772, 29445, 46553, 35687, 22341, 27109, 38741, 41857, 30660, 32858, 33683, 31355, 30638, 27832, 25031, 32499, 28132, 67249, 35297, 33657, 48274, 36362, 38101, 42589, 42838, 40800, 42388, 43967, 61476, 54937]
Average: 37322.703125
Evaluated in 14.19s

Running (μ + 1), μ = 128, p_c = 0.99, p_m = 0.0009765625 on RuggedOneMax(k = 2, n = 1024)
Runtimes: [19457, 19778, 19872, 21063, 22235, 23312, 23726, 23717, 24450, 24601, 24729, 24869, 25060, 27031, 29384, 29423, 28159, 31336, 34438, 37603, 38328, 37155, 38481, 42755, 44715, 43764, 45264, 22525, 19185, 22989, 24152, 46285, 47368, 27614, 49797, 28955, 25919, 32236, 24703, 23026, 38282, 39648, 28514, 29532, 59524, 37453, 21890, 41024, 23652, 20380, 22811, 34604, 52619, 30379, 36073, 20339, 31968, 29767, 26813, 22799, 39385, 27756, 25505, 21691, 79292, 28848, 27722, 42939, 44940, 37583, 26964, 30169, 68221, 54752, 23027, 22246, 29046, 40406, 48229, 22903, 75353, 22145, 24081, 26509, 46859, 28251, 29974, 29111, 21906, 45358, 20363, 54446, 23012, 21143, 45243, 28866, 30293, 18879, 24094, 49644, 25746, 58538, 24763, 32340, 21748, 52751, 51815, 31529, 37896, 46223, 23164, 34419, 22633, 23096, 43364, 66092, 32032, 52027, 24581, 29331, 72804, 31314, 39858, 59355, 30187, 60488, 95255, 86539]
Average: 34879.46875
Evaluated in 15.07s

Running (μ + 1), μ = 256, p_c = 0.99, p_m = 0.0009765625 on RuggedOneMax(k = 2, n = 1024)
Runtimes: [20361, 20820, 20983, 21496, 21660, 21679, 21715, 21880, 21940, 22181, 22381, 22898, 23011, 22940, 23151, 23887, 24047, 24181, 24284, 25835, 26245, 26928, 27049, 28290, 28823, 32017, 31569, 31012, 34357, 34985, 35327, 42281, 20658, 22179, 21889, 21658, 21487, 22869, 22801, 22580, 25479, 25984, 25373, 26431, 22495, 26421, 28225, 26180, 28520, 21412, 25110, 27569, 22686, 32077, 32877, 22864, 30233, 26038, 25257, 33719, 38584, 27685, 24599, 21061, 24165, 23701, 22057, 23885, 21725, 22270, 30990, 23287, 23979, 25316, 25303, 21000, 22312, 25545, 24325, 23924, 34793, 21917, 27084, 33652, 27245, 28374, 40725, 22772, 21931, 24225, 23022, 23289, 28170, 23323, 21614, 26384, 20750, 74734, 22707, 24966, 20415, 25283, 21166, 27324, 24667, 21010, 21187, 27701, 23977, 22200, 22350, 23254, 29493, 24105, 27311, 22406, 22445, 24947, 25347, 25763, 32774, 56163, 49352, 34979, 60835, 46133, 74395, 106131]
Average: 27748.3359375
Evaluated in 12.40s

Running (μ + 1), μ = 512, p_c = 0.99, p_m = 0.0009765625 on RuggedOneMax(k = 2, n = 1024)
Runtimes: [37354, 36075, 36639, 36606, 36688, 36625, 36809, 36810, 36981, 37361, 37104, 36715, 37473, 37425, 37668, 37595, 37702, 37666, 37692, 38026, 37962, 38038, 38099, 38286, 38361, 38652, 38489, 38856, 37616, 39272, 37632, 39039, 37763, 36894, 36373, 38453, 37522, 37576, 36872, 37718, 37398, 37871, 37488, 38211, 37474, 37201, 38361, 37374, 38773, 38017, 37969, 38349, 37539, 38071, 36870, 37952, 38508, 38009, 37463, 38009, 38416, 37926, 37701, 37754, 36362, 35854, 36436, 37530, 37772, 36978, 38035, 38560, 37843, 37797, 36823, 38378, 36862, 37702, 37489, 38043, 37164, 38069, 38843, 36681, 37497, 36559, 39471, 37684, 37853, 37206, 38476, 37351, 39829, 37205, 38845, 37980, 38227, 36479, 37282, 37282, 37746, 37850, 37823, 37014, 37114, 37903, 37424, 36271, 37256, 37930, 37580, 38042, 37424, 36515, 37875, 38088, 37954, 37098, 36870, 39213, 38191, 37471, 38058, 37775, 36695, 38242, 37753, 38393]
Average: 37650.046875
Evaluated in 13.71s
