Running (1 + (λ, λ)), λ = 2, c = 0.5 on RuggedOneMax(k = 2, n = 1024)
Runtimes: [1243588, 1409032, 1515136, 1774540, 1884104, 1961300, 2103276, 2244892, 2798816, 2989348, 4019700, 4174964, 4234268, 3034292, 4318948, 4415560, 1818516, 4897812, 5030800, 5094472, 2864236, 5191000, 5319776, 4023904, 5443936, 3352124, 5569360, 5701572, 4291016, 5984544, 6226176, 2013908, 6438936, 2607240, 1987240, 4847904, 6956064, 3073356, 3271868, 1637632, 2237768, 5965112, 2901216, 8365996, 8488912, 3511844, 4554852, 2321720, 2008796, 4197652, 3763932, 4013076, 1880604, 4035984, 8032404, 2132792, 10006052, 4319836, 1805400, 1733164, 1879676, 4196528, 702664, 1835112, 5727744, 1233408, 2781696, 5062528, 6680848, 9853224, 2569648, 12849476, 7673040, 1880072, 6520276, 3068912, 4845460, 3782424, 4541064, 4002832, 3552880, 9339172, 3672704, 2288752, 7436484, 2550912, 2180468, 6639508, 8005276, 6184404, 1073844, 5354472, 5231196, 2618692, 10297428, 7767732, 3318388, 2767500, 3916756, 7839296, 3775596, 5184932, 5945720, 2812808, 2542520, 14836000, 9037612, 4215388, 4249932, 14054068, 9641532, 4143284, 5047136, 5118264, 21623128, 8157228, 7113944, 12252224, 7122528, 9108552, 8467112, 8224832, 15179476, 13305068, 10121768, 13803784, 24054080, 23446064]
Average: 5471479.25
Evaluated in 1391.50s

Running (1 + (λ, λ)), λ = 4, c = 0.25 on RuggedOneMax(k = 2, n = 1024)
Runtimes: [678992, 819576, 946712, 1042808, 1046904, 1278264, 1307520, 1370408, 1440400, 1613616, 1678688, 1685368, 1768816, 1858888, 619472, 1903232, 1978520, 2017120, 2038512, 2105432, 2681416, 789648, 1082648, 857152, 2921256, 3031688, 1228624, 1438312, 3305928, 2393152, 1446256, 2360632, 2471704, 865584, 896624, 2918728, 1945928, 3671616, 3739080, 474976, 2293808, 4095904, 1225424, 2492112, 2998592, 4316648, 2952176, 1105968, 680408, 4661424, 4701592, 892392, 1398208, 1827800, 1702752, 1417304, 1527960, 1642040, 1743200, 1190576, 2063520, 3369368, 1004424, 1889552, 3392472, 1430960, 3011424, 1111376, 623272, 2964992, 1101616, 365824, 1588504, 1051496, 899632, 671104, 2057512, 2578576, 2958272, 1276984, 2388656, 5476216, 1491928, 2036864, 2658056, 501208, 2639840, 6545720, 2324560, 1212312, 1496288, 2332480, 396592, 1274248, 1604224, 701752, 1759304, 8327128, 3701104, 811936, 8457152, 4257040, 3109936, 1218704, 2967848, 6207888, 2730592, 2044800, 2200232, 2816520, 3181016, 9333552, 1783040, 3286984, 1462832, 2421472, 1803632, 3308488, 3285952, 3884408, 5551464, 3554120, 4080768, 3963872, 4273096, 8044560, 8771496, 16324016]
Average: 2531275.5
Evaluated in 825.62s

Running (1 + (λ, λ)), λ = 8, c = 0.125 on RuggedOneMax(k = 2, n = 1024)
Runtimes: [238912, 286784, 311984, 433440, 498352, 532832, 567840, 613232, 640896, 664096, 690128, 760224, 800592, 808944, 542752, 872000, 282928, 940656, 527664, 1152336, 1203888, 1230288, 1251472, 566272, 475088, 1373120, 810928, 233392, 1108432, 1513952, 1540048, 1568704, 761760, 630560, 359232, 216000, 1134208, 1193728, 821744, 1696688, 1743776, 808128, 402912, 395040, 1869856, 619888, 1891056, 601984, 1964576, 1091136, 345152, 513040, 476464, 324912, 411504, 300352, 827904, 1844272, 1139312, 1051248, 876928, 892064, 2638336, 900976, 768560, 2688528, 270944, 2062608, 1152848, 1942624, 608864, 1025808, 1343344, 961888, 916048, 230288, 3076448, 520480, 459648, 511312, 1869104, 1597600, 1060544, 672080, 1983744, 448704, 1033120, 900192, 709184, 1614352, 758160, 687904, 619024, 601312, 231424, 426096, 429600, 569504, 988016, 622480, 1739232, 662560, 332816, 2042656, 911648, 709392, 1301376, 799008, 540944, 756352, 3766688, 1337600, 556960, 1221088, 2021904, 774432, 1357088, 1014880, 1928512, 1763104, 1695920, 2909152, 3630784, 2574544, 5366288, 3182288, 3007312, 4782416]
Average: 1131533.125
Evaluated in 305.56s

Running (1 + (λ, λ)), λ = 16, c = 0.0625 on RuggedOneMax(k = 2, n = 1024)
Runtimes: [141088, 182272, 215520, 253888, 256480, 259008, 276480, 282624, 283808, 287968, 404768, 423616, 446240, 461888, 485504, 496256, 250240, 509664, 367456, 560640, 586976, 353632, 616544, 665216, 668448, 703968, 705856, 760896, 525984, 435840, 380928, 378240, 674336, 602176, 754560, 281888, 233696, 463392, 364608, 982272, 1010688, 126848, 1021824, 262752, 534368, 1043072, 538112, 213216, 680128, 490752, 433824, 1167872, 1178976, 200576, 520608, 329856, 955392, 796288, 233280, 544608, 231520, 388192, 292032, 432064, 260896, 322272, 499232, 233632, 867136, 327776, 200224, 620992, 405472, 263520, 1515904, 1230784, 217184, 516960, 1290624, 173728, 207008, 563072, 369600, 1055584, 443072, 140384, 457248, 389984, 156800, 764128, 224576, 659264, 178656, 177376, 325920, 175744, 214944, 391808, 799872, 1209312, 1104192, 696064, 545440, 822912, 661344, 443040, 588448, 269696, 266272, 602944, 689312, 658688, 436640, 649664, 1199744, 805408, 622240, 969728, 890784, 1086848, 853472, 882528, 780160, 837888, 1747744, 1023808, 1359584, 1676224]
Average: 567447
Evaluated in 120.17s

Running (1 + (λ, λ)), λ = 32, c = 0.03125 on RuggedOneMax(k = 2, n = 1024)
Runtimes: [92288, 113088, 122560, 124928, 133888, 152576, 178048, 197568, 199232, 205952, 210624, 227712, 137536, 231552, 236608, 270144, 271168, 281792, 132416, 287360, 151680, 309824, 323200, 346880, 350464, 353920, 359808, 233152, 359168, 94592, 378304, 397248, 170048, 88448, 315648, 220416, 169792, 440832, 444928, 102464, 456192, 171072, 106304, 287168, 138368, 118848, 380032, 342784, 254336, 548416, 124800, 211712, 356224, 367488, 96832, 399616, 201728, 202880, 163904, 165504, 202560, 370944, 136960, 252288, 172864, 236160, 123456, 184192, 373888, 128128, 342144, 170368, 265792, 65152, 193344, 389568, 101120, 551040, 120768, 152832, 640960, 683008, 155840, 444416, 310848, 356992, 160576, 162240, 223616, 356416, 169024, 509696, 249920, 364224, 677184, 365440, 626112, 144768, 401600, 111808, 596800, 146624, 243712, 101184, 206912, 220928, 1125504, 467008, 146560, 179200, 191360, 499904, 228800, 222400, 239552, 408384, 789376, 399680, 444928, 429184, 551360, 654080, 539648, 682560, 589056, 709440, 890240, 1834816]
Average: 311715
Evaluated in 80.49s

Running (1 + (λ, λ)), λ = 64, c = 0.015625 on RuggedOneMax(k = 2, n = 1024)
Runtimes: [128384, 130816, 141312, 148352, 154880, 164864, 171904, 176640, 193408, 194816, 195072, 195968, 198272, 198912, 223872, 228480, 236288, 244224, 95872, 261248, 130560, 274432, 274560, 281088, 140032, 287232, 116224, 324864, 331392, 335744, 348800, 350976, 375936, 181632, 136064, 126080, 124672, 171776, 138496, 253952, 256128, 279808, 195712, 256768, 269824, 273024, 484992, 258560, 171904, 283648, 522240, 330624, 147072, 217216, 227712, 153472, 222208, 397184, 289792, 162688, 178432, 141312, 167168, 241792, 224128, 646656, 397440, 271360, 204544, 238848, 399744, 339584, 146560, 199040, 161280, 581888, 144000, 439040, 139520, 302464, 368768, 186112, 266496, 298368, 260608, 198144, 321792, 137088, 228608, 193920, 123904, 194432, 300160, 179328, 444928, 203776, 368128, 324608, 214272, 215936, 415872, 265088, 185600, 335744, 200192, 159616, 252800, 379904, 320256, 423168, 483840, 227968, 152320, 211200, 134912, 251904, 324608, 222976, 189824, 432000, 339584, 317824, 245120, 456832, 308864, 397056, 473728, 1203968]
Average: 263247
Evaluated in 69.90s

Running (1 + (λ, λ)), λ = 128, c = 0.0078125 on RuggedOneMax(k = 2, n = 1024)
Runtimes: [184064, 206080, 218368, 222464, 242176, 258560, 278016, 281600, 282880, 277760, 294144, 305152, 310784, 308480, 316928, 317952, 316160, 325376, 332800, 333568, 338688, 385536, 380928, 419840, 425216, 429056, 239104, 431616, 433664, 238848, 235264, 190208, 179200, 297984, 220416, 538880, 238336, 588544, 280320, 405504, 337408, 352256, 353792, 381696, 354816, 662016, 231680, 352256, 236800, 219136, 678912, 264448, 328704, 300032, 260864, 418816, 272384, 229888, 402176, 366080, 198656, 510720, 503040, 422656, 188928, 527104, 278784, 211968, 589056, 345600, 234752, 258304, 393472, 290048, 260608, 272896, 225280, 484608, 351232, 347136, 329216, 162816, 245248, 256512, 353280, 320000, 345344, 292096, 452352, 216320, 247552, 299008, 210944, 179968, 364288, 313088, 306688, 232448, 237568, 256000, 436224, 263168, 360448, 309248, 313600, 162560, 314624, 363776, 257536, 237568, 265984, 273920, 621312, 435200, 260608, 348416, 381952, 414464, 822016, 317184, 441344, 253184, 334848, 339200, 355840, 444416, 552704, 509440]
Average: 331414
Evaluated in 65.72s

Running (1 + (λ, λ)), λ = 256, c = 0.00390625 on RuggedOneMax(k = 2, n = 1024)
Runtimes: [321536, 334848, 364032, 384000, 389120, 424960, 424960, 449536, 468992, 482304, 495616, 499200, 520704, 531968, 538112, 552960, 560640, 634368, 637440, 700416, 709632, 712192, 717824, 806912, 841728, 385536, 344064, 476160, 535040, 474112, 524800, 932352, 940032, 440320, 652288, 622592, 464384, 332800, 1054208, 616448, 609792, 427520, 515584, 619520, 368640, 343040, 372736, 526848, 361984, 1305088, 322560, 361472, 759808, 391680, 492544, 801280, 944640, 1446912, 970240, 504832, 460288, 704512, 671744, 457728, 555008, 970240, 639488, 886272, 395776, 762368, 334336, 451072, 400896, 610304, 438272, 563200, 461312, 1804800, 668160, 617984, 519680, 691200, 536576, 454656, 728576, 885760, 474112, 549888, 473600, 466944, 420352, 603136, 518656, 1123328, 627712, 595456, 1065984, 582144, 656896, 691200, 477696, 660992, 437760, 1780736, 1528320, 516096, 617984, 518656, 1010176, 990208, 2702336, 555520, 698368, 871936, 353280, 986112, 1037312, 1190400, 657920, 1472000, 1504768, 907264, 1665024, 851456, 1153536, 1103360, 1080832, 2101760]
Average: 700760
Evaluated in 154.72s

Running (1 + (λ, λ)), λ = 512, c = 0.001953125 on RuggedOneMax(k = 2, n = 1024)
Runtimes: [748544, 831488, 943104, 947200, 969728, 1003520, 1009664, 1087488, 1221632, 1326080, 1348608, 1350656, 602112, 1494016, 1656832, 746496, 1730560, 1762304, 1778688, 974848, 1253376, 1086464, 2160640, 733184, 2234368, 1246208, 2491392, 2547712, 2576384, 1629184, 1299456, 656384, 2954240, 1608704, 3073024, 1061888, 1018880, 1410048, 2170880, 1555456, 1738752, 2224128, 3579904, 1341440, 1960960, 3730432, 1302528, 837632, 750592, 3968000, 2205696, 2679808, 585728, 2453504, 4405248, 1326080, 1315840, 2300928, 4495360, 4553728, 1890304, 4785152, 3564544, 791552, 2235392, 2004992, 1250304, 4901888, 2362368, 2138112, 1511424, 1432576, 1985536, 1546240, 1860608, 905216, 1923072, 1250304, 1038336, 1265664, 1398784, 2159616, 1208320, 1062912, 3206144, 857088, 3066880, 1298432, 1162240, 675840, 1303552, 1925120, 1985536, 2763776, 1906688, 551936, 2526208, 3035136, 513024, 1231872, 2260992, 2739200, 2827264, 1626112, 1076224, 4986880, 863232, 2030592, 4732928, 1707008, 969728, 3326976, 1199104, 2089984, 1170432, 1498112, 1616896, 5120000, 2965504, 3393536, 3566592, 4857856, 4935680, 5727232, 4314112, 4989952, 7211008, 8135680]
Average: 2128744
Evaluated in 417.75s
