Running (μ + 1), μ = 2, p_c = 0.99, p_m = 0.03125 on RuggedOneMax(n = 32)
Progress: 0 1 2 3 4 5 6 7 8 9 10 11 12 13 14 15 16 17 18 19 20 21 22 23 24 25 26 27 28 29 30 31 32 33 34 35 36 37 38 39 40 41 42 43 44 45 46 47 48 49 50 51 52 53 54 55 56 57 58 59 60 61 62 63 64 65 66 67 68 69 70 71 72 73 74 75 76 77 78 79 80 81 82 83 84 85 86 87 88 89 90 91 92 93 94 95 96 97 98 99 100 101 102 103 104 105 106 107 108 109 110 111 112 113 114 115 116 117 118 119 120 121 122 123 124 125 126 127
Runtimes: [2793, 1026, 746, 1928, 1701, 476, 1101, 3007, 784, 2082, 3002, 987, 4380, 557, 1078, 3734, 4295, 1012, 348, 2177, 3306, 1939, 1029, 2074, 3508, 2938, 1925, 1857, 521, 1622, 749, 1802, 1561, 1320, 967, 1313, 2919, 3062, 996, 3054, 973, 708, 4333, 166, 2467, 2567, 1865, 477, 5902, 2202, 2793, 659, 2421, 1338, 1105, 1073, 709, 1504, 1750, 1340, 588, 583, 4506, 946, 1857, 5015, 4397, 991, 722, 820, 2099, 2346, 867, 2022, 824, 2104, 4673, 2674, 1979, 1908, 10536, 4671, 1616, 3015, 1228, 1214, 1684, 5355, 2749, 877, 1226, 3539, 6003, 3524, 984, 3131, 2502, 2553, 2720, 1138, 1580, 523, 8086, 5621, 1147, 1382, 1052, 1739, 5272, 2839, 1233, 3215, 3183, 3695, 3425, 667, 2753, 4486, 4460, 7881, 1643, 1162, 4446, 1314, 604, 2398, 1863, 1631]
Average: 2293.078125
Evaluated in 118.16ms

Running (μ + 1) w/ chm, μ = 2, p_c = 0.99, p_m = 0.03125 on RuggedOneMax(n = 32)
Progress: 0 1 2 3 4 5 6 7 8 9 10 11 12 13 14 15 16 17 18 19 20 21 22 23 24 25 26 27 28 29 30 31 32 33 34 35 36 37 38 39 40 41 42 43 44 45 46 47 48 49 50 51 52 53 54 55 56 57 58 59 60 61 62 63 64 65 66 67 68 69 70 71 72 73 74 75 76 77 78 79 80 81 82 83 84 85 86 87 88 89 90 91 92 93 94 95 96 97 98 99 100 101 102 103 104 105 106 107 108 109 110 111 112 113 114 115 116 117 118 119 120 121 122 123 124 125 126 127
Runtimes: [585, 222, 477, 206, 332, 453, 413, 297, 181, 330, 432, 249, 385, 284, 583, 565, 278, 409, 439, 256, 475, 534, 403, 366, 659, 428, 390, 553, 300, 337, 432, 576, 316, 504, 327, 225, 345, 529, 460, 376, 514, 461, 459, 307, 326, 376, 204, 287, 388, 360, 433, 499, 200, 237, 523, 293, 332, 470, 373, 523, 415, 454, 407, 292, 552, 308, 395, 248, 272, 274, 349, 483, 499, 532, 472, 394, 541, 260, 311, 296, 480, 303, 448, 530, 407, 312, 443, 455, 372, 556, 316, 219, 500, 365, 428, 178, 394, 443, 269, 499, 611, 391, 545, 801, 385, 500, 614, 364, 200, 216, 392, 385, 225, 294, 422, 383, 233, 280, 198, 126, 378, 369, 429, 412, 448, 361, 368, 300]
Average: 388.8828125
Evaluated in 20.54ms

Running (μ + 1), μ = 2, p_c = 0.99, p_m = 0.015625 on RuggedOneMax(n = 64)
Progress: 0 1 2 3 4 5 6 7 8 9 10 11 12 13 14 15 16 17 18 19 20 21 22 23 24 25 26 27 28 29 30 31 32 33 34 35 36 37 38 39 40 41 42 43 44 45 46 47 48 49 50 51 52 53 54 55 56 57 58 59 60 61 62 63 64 65 66 67 68 69 70 71 72 73 74 75 76 77 78 79 80 81 82 83 84 85 86 87 88 89 90 91 92 93 94 95 96 97 98 99 100 101 102 103 104 105 106 107 108 109 110 111 112 113 114 115 116 117 118 119 120 121 122 123 124 125 126 127
Runtimes: [10307, 12640, 3398, 9514, 3824, 4867, 8569, 8444, 18041, 2799, 4664, 1780, 6872, 9894, 4060, 4613, 2415, 15167, 4373, 3487, 16023, 2092, 5689, 7283, 7378, 5373, 1908, 12013, 4055, 5260, 19584, 15232, 2127, 7608, 5069, 8527, 3049, 5799, 9845, 2638, 7418, 13214, 18123, 5298, 3665, 14551, 2010, 4220, 22050, 7405, 14686, 6443, 8131, 3405, 16702, 4579, 6364, 15445, 5802, 8475, 2496, 5866, 5195, 2152, 4166, 10692, 7499, 4797, 4516, 13801, 4858, 8301, 8245, 9861, 12151, 2928, 6018, 10691, 5450, 15032, 20929, 11934, 3276, 14367, 8980, 2958, 3262, 15127, 5633, 9387, 8814, 21502, 1601, 1491, 1846, 1712, 6801, 8006, 3864, 7067, 7484, 2777, 8639, 5561, 16245, 23074, 5286, 2920, 6543, 16134, 4849, 9650, 12403, 2680, 15954, 9686, 3240, 6033, 6892, 13135, 5613, 4759, 5804, 3330, 11164, 3750, 16211, 10616]
Average: 7952.890625
Evaluated in 531.38ms

Running (μ + 1) w/ chm, μ = 2, p_c = 0.99, p_m = 0.015625 on RuggedOneMax(n = 64)
Progress: 0 1 2 3 4 5 6 7 8 9 10 11 12 13 14 15 16 17 18 19 20 21 22 23 24 25 26 27 28 29 30 31 32 33 34 35 36 37 38 39 40 41 42 43 44 45 46 47 48 49 50 51 52 53 54 55 56 57 58 59 60 61 62 63 64 65 66 67 68 69 70 71 72 73 74 75 76 77 78 79 80 81 82 83 84 85 86 87 88 89 90 91 92 93 94 95 96 97 98 99 100 101 102 103 104 105 106 107 108 109 110 111 112 113 114 115 116 117 118 119 120 121 122 123 124 125 126 127
Runtimes: [1402, 741, 1077, 805, 795, 842, 991, 704, 1045, 746, 986, 638, 1024, 554, 831, 934, 1316, 575, 797, 750, 1065, 1250, 728, 1089, 850, 812, 684, 774, 605, 1454, 1548, 578, 1028, 441, 1245, 759, 888, 849, 844, 1692, 794, 1056, 1163, 1228, 820, 694, 771, 599, 1370, 783, 729, 882, 758, 692, 922, 649, 955, 925, 939, 747, 724, 631, 1092, 1366, 879, 537, 1521, 1195, 655, 945, 892, 1017, 520, 627, 1010, 784, 1663, 796, 820, 1207, 1320, 775, 1577, 1249, 900, 1176, 693, 905, 924, 1157, 1042, 833, 812, 1041, 761, 873, 796, 1271, 833, 1228, 1045, 904, 615, 1332, 783, 767, 716, 842, 734, 1109, 552, 1017, 693, 1072, 1063, 1215, 960, 931, 543, 750, 1155, 1320, 982, 1084, 1215, 918, 1067, 1014]
Average: 934.8203125
Evaluated in 76.12ms

Running (μ + 1), μ = 2, p_c = 0.99, p_m = 0.0078125 on RuggedOneMax(n = 128)
Progress: 0 1 2 3 4 5 6 7 8 9 10 11 12 13 14 15 16 17 18 19 20 21 22 23 24 25 26 27 28 29 30 31 32 33 34 35 36 37 38 39 40 41 42 43 44 45 46 47 48 49 50 51 52 53 54 55 56 57 58 59 60 61 62 63 64 65 66 67 68 69 70 71 72 73 74 75 76 77 78 79 80 81 82 83 84 85 86 87 88 89 90 91 92 93 94 95 96 97 98 99 100 101 102 103 104 105 106 107 108 109 110 111 112 113 114 115 116 117 118 119 120 121 122 123 124 125 126 127
Runtimes: [10817, 85414, 7584, 28674, 18283, 67633, 37836, 60191, 18406, 10182, 19757, 31382, 18185, 16884, 15341, 7268, 13329, 40995, 66817, 23277, 43029, 106198, 54906, 96497, 11119, 7058, 47056, 28220, 39637, 14046, 8352, 22670, 15266, 27770, 9358, 54548, 8268, 95441, 12148, 34324, 63162, 33438, 21217, 31584, 29933, 25441, 137609, 33760, 59322, 26763, 30385, 41075, 14051, 31784, 75035, 28908, 37071, 52377, 31527, 42619, 74512, 19284, 13774, 34951, 50732, 13933, 10744, 26245, 21592, 13999, 61489, 28982, 41824, 20588, 47943, 15593, 159775, 33830, 28156, 12470, 31960, 27100, 17173, 17427, 31720, 37061, 21759, 38916, 126618, 15526, 8947, 28764, 11925, 11886, 31808, 12338, 15578, 10284, 37980, 15420, 8588, 20633, 33014, 14449, 29385, 21045, 17625, 15443, 7885, 10539, 57214, 61598, 33591, 15477, 63024, 48539, 82824, 28675, 11931, 35352, 20501, 35141, 69899, 42405, 77478, 23179, 31444, 6286]
Average: 34257.7890625
Evaluated in 4.31s

Running (μ + 1) w/ chm, μ = 2, p_c = 0.99, p_m = 0.0078125 on RuggedOneMax(n = 128)
Progress: 0 1 2 3 4 5 6 7 8 9 10 11 12 13 14 15 16 17 18 19 20 21 22 23 24 25 26 27 28 29 30 31 32 33 34 35 36 37 38 39 40 41 42 43 44 45 46 47 48 49 50 51 52 53 54 55 56 57 58 59 60 61 62 63 64 65 66 67 68 69 70 71 72 73 74 75 76 77 78 79 80 81 82 83 84 85 86 87 88 89 90 91 92 93 94 95 96 97 98 99 100 101 102 103 104 105 106 107 108 109 110 111 112 113 114 115 116 117 118 119 120 121 122 123 124 125 126 127
Runtimes: [1908, 1891, 1989, 1954, 1783, 1721, 1907, 1586, 2338, 3078, 2415, 1631, 1704, 2137, 2466, 1941, 2125, 1929, 1688, 1911, 2455, 1259, 1976, 1897, 1472, 1940, 1838, 2028, 1345, 1725, 2302, 2056, 1862, 1491, 2321, 1533, 2516, 3809, 1862, 1650, 2326, 1264, 1483, 1565, 1325, 1680, 1813, 1825, 2608, 2897, 2120, 1913, 1762, 2683, 1478, 1744, 1655, 2055, 2599, 1875, 1986, 3052, 1886, 1550, 3016, 2174, 2136, 1736, 2689, 1847, 1298, 1970, 3714, 1555, 2226, 2488, 1691, 2683, 1734, 1800, 2011, 2401, 2168, 1734, 2575, 1733, 2084, 2773, 1760, 2223, 1763, 2139, 2224, 1588, 1936, 1965, 2275, 2040, 2140, 1866, 2114, 2100, 1650, 2525, 2144, 2495, 1806, 2602, 1949, 2625, 2452, 1611, 1990, 1034, 1234, 1791, 1566, 1688, 2236, 1884, 1834, 2045, 2414, 1839, 2549, 1925, 2023, 1715]
Average: 2020.140625
Evaluated in 342.31ms

Running (μ + 1), μ = 2, p_c = 0.99, p_m = 0.00390625 on RuggedOneMax(n = 256)
Progress: 0 1 2 3 4 5 6 7 8 9 10 11 12 13 14 15 16 17 18 19 20 21 22 23 24 25 26 27 28 29 30 31 32 33 34 35 36 37 38 39 40 41 42 43 44 45 46 47 48 49 50 51 52 53 54 55 56 57 58 59 60 61 62 63 64 65 66 67 68 69 70 71 72 73 74 75 76 77 78 79 80 81 82 83 84 85 86 87 88 89 90 91 92 93 94 95 96 97 98 99 100 101 102 103 104 105 106 107 108 109 110 111 112 113 114 115 116 117 118 119 120 121 122 123 124 125 126 127
Runtimes: [87517, 139373, 229906, 136932, 85689, 232248, 82700, 180050, 370014, 161858, 154478, 173790, 150017, 146669, 173527, 183273, 187837, 97220, 157206, 59631, 73198, 71884, 361359, 233092, 51699, 127807, 146577, 140664, 69181, 52773, 21857, 25128, 113338, 311744, 113577, 33179, 83634, 111241, 142603, 32727, 347886, 346981, 128093, 122166, 251278, 48408, 53327, 80793, 72504, 75243, 142784, 107255, 133319, 57849, 83120, 25402, 31899, 396175, 74690, 142028, 55173, 73830, 79095, 136381, 255120, 40370, 96568, 98039, 108678, 95928, 83053, 97623, 38880, 248060, 98406, 140040, 105380, 233002, 57488, 193511, 74526, 26673, 66836, 181383, 94462, 99060, 123328, 82641, 107625, 51888, 374944, 477338, 258814, 116486, 183661, 59402, 287651, 93801, 113603, 105943, 242512, 130344, 89823, 114624, 60420, 31990, 124525, 181035, 135844, 180418, 53832, 151874, 63588, 62898, 186311, 60842, 182629, 46582, 285759, 176516, 56875, 93131, 40954, 126869, 195389, 140124, 45760, 52306]
Average: 131694.2265625
Evaluated in 31.11s

Running (μ + 1) w/ chm, μ = 2, p_c = 0.99, p_m = 0.00390625 on RuggedOneMax(n = 256)
Progress: 0 1 2 3 4 5 6 7 8 9 10 11 12 13 14 15 16 17 18 19 20 21 22 23 24 25 26 27 28 29 30 31 32 33 34 35 36 37 38 39 40 41 42 43 44 45 46 47 48 49 50 51 52 53 54 55 56 57 58 59 60 61 62 63 64 65 66 67 68 69 70 71 72 73 74 75 76 77 78 79 80 81 82 83 84 85 86 87 88 89 90 91 92 93 94 95 96 97 98 99 100 101 102 103 104 105 106 107 108 109 110 111 112 113 114 115 116 117 118 119 120 121 122 123 124 125 126 127
Runtimes: [4084, 3765, 5669, 4535, 3398, 5795, 4726, 6447, 4430, 4175, 5773, 4230, 5053, 5705, 4712, 4109, 6188, 4476, 5979, 9976, 4908, 5062, 4246, 3021, 3904, 3969, 6363, 5586, 4863, 4216, 5223, 4389, 4262, 6116, 6621, 6363, 3489, 4462, 4670, 4504, 3035, 3878, 4511, 4507, 4604, 3584, 4706, 5058, 3724, 3695, 4002, 4340, 3554, 3993, 5328, 4813, 4231, 4078, 5091, 7308, 4378, 5076, 4006, 5038, 5844, 4010, 6448, 4070, 4670, 5937, 4476, 4956, 6821, 4030, 3763, 4851, 3567, 3755, 5607, 4860, 5679, 4233, 2996, 4402, 3858, 3647, 5184, 4430, 6229, 3352, 4921, 5428, 5173, 5613, 4473, 4086, 2945, 4228, 4397, 3904, 5105, 6331, 4311, 4454, 5125, 3492, 2832, 4166, 5192, 5122, 6030, 4986, 4676, 3693, 3191, 4758, 3703, 4900, 4912, 4976, 3870, 5065, 4625, 5556, 4925, 4563, 3871, 3475]
Average: 4693.34375
Evaluated in 1.32s

Running (μ + 1), μ = 2, p_c = 0.99, p_m = 0.001953125 on RuggedOneMax(n = 512)
Progress: 0 1 2 3 4 5 6 7 8 9 10 11 12 13 14 15 16 17 18 19 20 21 22 23 24 25 26 27 28 29 30 31 32 33 34 35 36 37 38 39 40 41 42 43 44 45 46 47 48 49 50 51 52 53 54 55 56 57 58 59 60 61 62 63 64 65 66 67 68 69 70 71 72 73 74 75 76 77 78 79 80 81 82 83 84 85 86 87 88 89 90 91 92 93 94 95 96 97 98 99 100 101 102 103 104 105 106 107 108 109 110 111 112 113 114 115 116 117 118 119 120 121 122 123 124 125 126 127
Runtimes: [1250955, 1614173, 966658, 201683, 1522736, 174324, 210666, 884011, 639732, 513010, 309457, 641101, 1257315, 1745442, 257093, 728573, 755856, 519384, 1895159, 243315, 239171, 360616, 180873, 445127, 501231, 366528, 549719, 246598, 210258, 1064138, 1233129, 391055, 456632, 284625, 307889, 515941, 92529, 109489, 1006746, 355982, 341139, 475807, 363080, 608110, 280654, 403145, 197862, 591048, 316134, 207849, 389841, 551254, 276112, 497079, 367415, 400453, 168447, 320222, 653136, 338641, 103937, 330748, 794421, 695936, 836764, 856034, 678701, 236595, 558772, 217097, 265111, 569372, 152539, 383126, 254420, 193352, 1689609, 808650, 789141, 576027, 1048366, 189386, 374217, 226686, 229748, 224329, 629045, 689720, 1279888, 1146994, 1465387, 459703, 888226, 518524, 763988, 663403, 361822, 248782, 242976, 283922, 359744, 148036, 1895002, 440149, 828811, 372415, 306378, 524610, 666809, 168882, 1037670, 1008962, 350272, 610361, 1264948, 482301, 1083473, 855672, 302741, 609141, 100882, 2179224, 288036, 620518, 88868, 1297149, 1227971, 301559]
Average: 588612.4609375
Evaluated in 281.39s

Running (μ + 1) w/ chm, μ = 2, p_c = 0.99, p_m = 0.001953125 on RuggedOneMax(n = 512)
Progress: 0 1 2 3 4 5 6 7 8 9 10 11 12 13 14 15 16 17 18 19 20 21 22 23 24 25 26 27 28 29 30 31 32 33 34 35 36 37 38 39 40 41 42 43 44 45 46 47 48 49 50 51 52 53 54 55 56 57 58 59 60 61 62 63 64 65 66 67 68 69 70 71 72 73 74 75 76 77 78 79 80 81 82 83 84 85 86 87 88 89 90 91 92 93 94 95 96 97 98 99 100 101 102 103 104 105 106 107 108 109 110 111 112 113 114 115 116 117 118 119 120 121 122 123 124 125 126 127
Runtimes: [8070, 15465, 10163, 7416, 10911, 8191, 10036, 10214, 10142, 8852, 7751, 11521, 8457, 12499, 19807, 8908, 11661, 9561, 9824, 9706, 11166, 10955, 12929, 9930, 8349, 13758, 8494, 7088, 12585, 12957, 12319, 15781, 9152, 10262, 13091, 8727, 13357, 10527, 8867, 11393, 8469, 8053, 8776, 9441, 8880, 12266, 12180, 14203, 8721, 9076, 8155, 13683, 8270, 14001, 11728, 7991, 7379, 8835, 10096, 11351, 10108, 14584, 11406, 11861, 9499, 9471, 10058, 9514, 9473, 10044, 9093, 10381, 10369, 10575, 10409, 13221, 11655, 10693, 13189, 7726, 8648, 12095, 9147, 7883, 7921, 8568, 8528, 9999, 10594, 9369, 11174, 8289, 13368, 10499, 10971, 9832, 10614, 7975, 10466, 13595, 11050, 7816, 13702, 8677, 10447, 10721, 12884, 10111, 10875, 8766, 11239, 10409, 11192, 9474, 10186, 9405, 12881, 9453, 10980, 9884, 15691, 23513, 10298, 9571, 10421, 15243, 10450, 8583]
Average: 10618.609375
Evaluated in 5.72s

Running (μ + 1), μ = 2, p_c = 0.99, p_m = 0.0009765625 on RuggedOneMax(n = 1024)
Progress: 0 1 2 3 4 5 6 7 8 9 10 11 12 13 14 15 16 17 18 19 20 21 22 23 24 25 26 27 28 29 30 31 32 33 34 35 36 37 38 39 40 41 42 43 44 45 46 47 48 49 50 51 52 53 54 55 56 57 58 59 60 61 62 63 64 65 66 67 68 69 70 71 72 73 74 75 76 77 78 79 80 81 82 83 84 85 86 87 88 89 90 91 92 93 94 95 96 97 98 99 100 101 102 103 104 105 106 107 108 109 110 111 112 113 114 115 116 117 118 119 120 121 122 123 124 125 126 127
Runtimes: [1770345, 985727, 676775, 1064441, 863807, 5240519, 2838988, 2648674, 994799, 635112, 4270679, 954519, 5181701, 2198700, 1447373, 2361175, 771993, 1107309, 1121229, 829081, 952696, 1412201, 2968959, 1289475, 459051, 7372524, 2689613, 2037928, 1812262, 1051734, 1330951, 1086372, 816758, 1787321, 923076, 2455122, 1542342, 1395116, 2028991, 778375, 1816791, 512638, 1604525, 2936945, 2078045, 2468965, 780753, 1538080, 4248702, 1415688, 1329854, 2469847, 5045395, 2328172, 4437836, 2584724, 2950048, 1464035, 872671, 1229518, 608620, 1533208, 396817, 1231068, 3340736, 1627315, 2575134, 1717228, 1735562, 2475376, 4773029, 4101284, 2343070, 904230, 2104737, 873337, 2691517, 759210, 4378352, 1646514, 4718343, 3972889, 2865889, 4121853, 1589628, 2836700, 2312173, 721133, 1918610, 3571981, 1924127, 622535, 3440165, 2286156, 1875837, 864179, 3023640, 3528013, 1249699, 3316478, 3743486, 3097082, 2105253, 6029413, 1153697, 1674836, 828810, 1703042, 1700454, 456645, 452841, 4239419, 700629, 2285114, 2149738, 3168165, 1584565, 2487520, 4666894, 1685672, 2867017, 1657468, 813122, 2572922, 931365, 1029278, 1548411, 2995552]
Average: 2118529.8984375
Evaluated in 3979.80s

Running (μ + 1) w/ chm, μ = 2, p_c = 0.99, p_m = 0.0009765625 on RuggedOneMax(n = 1024)
Progress: 0 1 2 3 4 5 6 7 8 9 10 11 12 13 14 15 16 17 18 19 20 21 22 23 24 25 26 27 28 29 30 31 32 33 34 35 36 37 38 39 40 41 42 43 44 45 46 47 48 49 50 51 52 53 54 55 56 57 58 59 60 61 62 63 64 65 66 67 68 69 70 71 72 73 74 75 76 77 78 79 80 81 82 83 84 85 86 87 88 89 90 91 92 93 94 95 96 97 98 99 100 101 102 103 104 105 106 107 108 109 110 111 112 113 114 115 116 117 118 119 120 121 122 123 124 125 126 127
Runtimes: [22989, 26060, 17703, 19999, 26954, 22639, 19594, 21101, 24604, 21894, 18812, 27342, 24263, 24434, 22063, 18787, 27456, 21490, 18200, 19190, 23377, 20015, 21899, 20436, 27675, 25987, 16710, 23876, 24404, 24940, 21017, 21173, 22528, 22247, 14944, 19999, 32287, 22475, 22919, 28671, 23060, 24131, 22309, 19446, 19292, 22728, 20529, 20754, 20120, 23149, 19373, 24975, 23710, 26496, 21474, 19917, 26420, 21926, 24421, 19062, 21468, 20267, 21302, 24959, 21183, 24659, 20783, 17655, 27489, 18229, 22028, 20472, 28321, 19182, 21601, 23777, 25970, 25939, 27374, 21951, 23196, 22697, 18727, 19680, 35520, 20088, 26234, 25099, 21821, 25798, 21623, 28927, 26483, 17297, 18922, 21423, 25860, 21111, 19303, 25911, 21990, 24480, 32900, 20717, 22332, 24298, 29040, 20345, 21387, 20447, 22195, 21859, 25521, 19611, 20744, 20684, 22089, 23781, 21431, 21951, 19816, 20362, 20419, 22407, 22291, 30687, 21964, 18460]
Average: 22663.921875
Evaluated in 49.48s

Running (μ + 1), μ = 2, p_c = 0.99, p_m = 0.00048828125 on RuggedOneMax(n = 2048)
Progress: 0 1 2 3 4 5 6 7 8 9 10 11 12 13 14 15 16 17 18 19 20 21 22 23 24 25 26 27 28 29 30 31 32 33 34 35 36 37 38 39 40 41 42 43 44 45 46 47 48 49 50 51 52 53 54 55 56 57 58 59 60 61 62 63 64 65 66 67 68 69 70 71 72 73 74 75 76 77 78 79 80 81 82 83 84 85 86 87 88 89 90 91 92 93 94 95 96 97 98 99 100 101 102 103 104 105 106 107 108 109 110 111 112 113 114 115 116 117 118 119 120 121 122 123 124 125 126 127
Runtimes: [3532049, 6764648, 3679178, 3405831, 27645083, 14964920, 3190999, 2896423, 6930109, 5319333, 20005824, 4494635, 20374473, 9829411, 8844052, 25850489, 11452346, 11526617, 9925498, 6986417, 5395290, 3028384, 8478145, 8160373, 5903182, 7363348, 13006403, 34659075, 13299229, 12781350, 4326165, 2987356, 3559892, 4240844, 2049625, 7613359, 23392069, 11368177, 6322834, 16776872, 5424775, 4367085, 3070770, 4834417, 9745341, 3373751, 4440798, 2983380, 11139083, 7069797, 17844405, 4835424, 32785757, 6416988, 18460140, 4290593, 6381702, 24090232, 2125047, 6895343, 9699901, 14145519, 6070074, 16392135, 12611564, 6567702, 7836182, 3723555, 9019300, 6397191, 13609930, 10190873, 3258993, 6964797, 23515103, 12091676, 25488029, 7916652, 8278357, 2848463, 13127833, 12625799, 4537272, 6546351, 2843190, 10116724, 7229543, 25104489, 7225243, 3080412, 6904781, 1882458, 8359678, 4114872, 8282394, 5571565, 4452910, 2833856, 5988596, 4963605, 1881475, 9035278, 7289977, 16401176, 19579154, 4649419, 9300979, 2423625, 16782917, 11030759, 5274454, 5260805, 7920881, 18202006, 11513919, 5361666, 6259362, 5214586, 5432795, 4555091, 2805625, 10341883, 2359619, 7858190, 5095584, 4489112, 16060460, 5238904]
Average: 9085487.5234375
Evaluated in 36321.44s

Running (μ + 1) w/ chm, μ = 2, p_c = 0.99, p_m = 0.00048828125 on RuggedOneMax(n = 2048)
Progress: 0 1 2 3 4 5 6 7 8 9 10 11 12 13 14 15 16 17 18 19 20 21 22 23 24 25 26 27 28 29 30 31 32 33 34 35 36 37 38 39 40 41 42 43 44 45 46 47 48 49 50 51 52 53 54 55 56 57 58 59 60 61 62 63 64 65 66 67 68 69 70 71 72 73 74 75 76 77 78 79 80 81 82 83 84 85 86 87 88 89 90 91 92 93 94 95 96 97 98 99 100 101 102 103 104 105 106 107 108 109 110 111 112 113 114 115 116 117 118 119 120 121 122 123 124 125 126 127
Runtimes: [64873, 68065, 44310, 46205, 42115, 46737, 40440, 48822, 50535, 66328, 50742, 39715, 55876, 60349, 57618, 42816, 37730, 48722, 57889, 46534, 43780, 53303, 55618, 46776, 51228, 50150, 47749, 42105, 43240, 39312, 48371, 46450, 37523, 37099, 41686, 46881, 48760, 55537, 45419, 64663, 38722, 53212, 47245, 44599, 52997, 59256, 52377, 45083, 54398, 50446, 43007, 42165, 43998, 44709, 43513, 40266, 42056, 46714, 42609, 47349, 43923, 41054, 39557, 49493, 69482, 45188, 54047, 41115, 59341, 73717, 46698, 57815, 41465, 47300, 47631, 41395, 56592, 42264, 71206, 40622, 44677, 44679, 48818, 45510, 62430, 37268, 41623, 37723, 71566, 41393, 46047, 57544, 43259, 38022, 67043, 55120, 46600, 37589, 55385, 63681, 41137, 60648, 55814, 47097, 46146, 41442, 53891, 45494, 51683, 40991, 49911, 54263, 58827, 68696, 48877, 54714, 48520, 52171, 40820, 37977, 52831, 41006, 38684, 45446, 55817, 51356, 43834, 45290]
Average: 48953.5703125
Evaluated in 108.99s

Running (μ + 1), μ = 2, p_c = 0.99, p_m = 0.000244140625 on RuggedOneMax(n = 4096)
Progress: 0 1 2 3 4 5 6 7 8 9 10 11 12 13 14 15 16 17 18 19 20 21 22 23 24 25 26 27 28 29 30 31 32 33 34 35 36 37 38 39 40 41 42 43 44 45 46 47 48 49 50 51 52 53 54 55 56 57 58 59 60 61 62 63 64 65 66 67 68 69 70 71 72 73 74 75 76 77 78 79 80 81 82 83 84 85 86 87 88 89 90 91 92 93 94 95 96 97 98 99 100 101 102 103 104 105 106 107 108 109 110 111 112 113 114 115 116 117 118 119 120 121 122 123 124 125 126 127
Runtimes: [37361476, 9987816, 129250753, 33804244, 25116138, 7496069, 80030119, 26457613, 9288424, 34938426, 60218424, 27786517, 25031740, 37763880, 207409120, 15736494, 29202892, 54744879, 83633649, 39574768, 27931939, 31477689, 35510514, 42557286, 58879361, 22007944, 21560373, 26787619, 17678801, 37185106, 61351027, 39767522, 12062797, 70995767, 16802350, 16975263, 32817849, 21591913, 19131387, 35207280, 36599015, 37235193, 107173939, 7939207, 13668422, 22104399, 19677280, 18096425, 26283623, 31300252, 12324142, 18464735, 35747869, 71771211, 106902811, 34527111, 16174773, 17189977, 33839923, 98064789, 26934163, 31241207, 40519137, 34183923, 97867561, 54375794, 39285234, 40102573, 18413970, 33558050, 44651600, 65915669, 7920034, 80127114, 8066548, 13926923, 27615798, 95683225, 24719218, 47228277, 8424708, 18633908, 18755337, 26752431, 47229875, 50648451, 55705804, 9680960, 17037509, 35689983, 48084054, 58458496, 40821607, 87732008, 60862744, 36324640, 22433406, 15363625, 36282016, 19123373, 67354464, 45116053, 10747765, 8227262, 60406374, 112810467, 41960703, 41626743, 55504779, 125242398, 35668910, 37735997, 69041204, 42730927, 31745070, 45182977, 27925712, 45176974, 15232492, 20088812, 26027334, 54080084, 25128048, 49327041, 12317973, 38819944, 35509500, 19470837]
Average: 40115516.5703125
Evaluated in 180985.21s

Running (μ + 1) w/ chm, μ = 2, p_c = 0.99, p_m = 0.000244140625 on RuggedOneMax(n = 4096)
Progress: 0 1 2 3 4 5 6 7 8 9 10 11 12 13 14 15 16 17 18 19 20 21 22 23 24 25 26 27 28 29 30 31 32 33 34 35 36 37 38 39 40 41 42 43 44 45 46 47 48 49 50 51 52 53 54 55 56 57 58 59 60 61 62 63 64 65 66 67 68 69 70 71 72 73 74 75 76 77 78 79 80 81 82 83 84 85 86 87 88 89 90 91 92 93 94 95 96 97 98 99 100 101 102 103 104 105 106 107 108 109 110 111 112 113 114 115 116 117 118 119 120 121 122 123 124 125 126 127
Runtimes: [83111, 109337, 103668, 91031, 92593, 101437, 133838, 97089, 123790, 92180, 94789, 87303, 110619, 92302, 92090, 122432, 103832, 106400, 101867, 129724, 102322, 105201, 94610, 95968, 126553, 82312, 108516, 113384, 103084, 107264, 83606, 85774, 102787, 105363, 91074, 113012, 101364, 109363, 92087, 109342, 105505, 108861, 97513, 89990, 89675, 98222, 96939, 119031, 97091, 98427, 103693, 103463, 98433, 106747, 119963, 111373, 107122, 85386, 99774, 103944, 84656, 103828, 91479, 85411, 79160, 99839, 106944, 116950, 101328, 85290, 97676, 128117, 152171, 100430, 134886, 106832, 124463, 99141, 114107, 94450, 131835, 120448, 116915, 104754, 94383, 98115, 108849, 100007, 104515, 106131, 109931, 95118, 98687, 108394, 103179, 101203, 108778, 86964, 120112, 111709, 103583, 121252, 104285, 115552, 127728, 104411, 108343, 98915, 90785, 107551, 105635, 125048, 109296, 109190, 100746, 100696, 108741, 128384, 103120, 99234, 136626, 108547, 86739, 89472, 112804, 86744, 121347, 83121]
Average: 104520.703125
Evaluated in 444.66s




Running (μ + 1) w/ chm, μ = 2, p_c = 0.99, p_m = 0.0001220703125 on RuggedOneMax(n = 8192)
Progress: 0 1 2 3 4 5 6 7 8 9 10 11 12 13 14 15 16 17 18 19 20 21 22 23 24 25 26 27 28 29 30 31 32 33 34 35 36 37 38 39 40 41 42 43 44 45 46 47 48 49 50 51 52 53 54 55 56 57 58 59 60 61 62 63 64 65 66 67 68 69 70 71 72 73 74 75 76 77 78 79 80 81 82 83 84 85 86 87 88 89 90 91 92 93 94 95 96 97 98 99 100 101 102 103 104 105 106 107 108 109 110 111 112 113 114 115 116 117 118 119 120 121 122 123 124 125 126 127
Runtimes: [218016, 229884, 220813, 213338, 211898, 240752, 200618, 280015, 266233, 211481, 231451, 204168, 253586, 214490, 230240, 222168, 229165, 263122, 198220, 228059, 221979, 213396, 220553, 224138, 211049, 238600, 205829, 227317, 196029, 193193, 225667, 206304, 190085, 191485, 277801, 216061, 248177, 245462, 243055, 217314, 252696, 213881, 240090, 249258, 196373, 241236, 262859, 201682, 246407, 205456, 210382, 227274, 200998, 290741, 184375, 264773, 210802, 259956, 203915, 276889, 191928, 232030, 214656, 220869, 269217, 255655, 249376, 222029, 195363, 207129, 204409, 204869, 283496, 355867, 231576, 187651, 258032, 206160, 229212, 208596, 240463, 249079, 221252, 244082, 301925, 247306, 249031, 235947, 228080, 352125, 229167, 191048, 210684, 232825, 290372, 260573, 206866, 295302, 233068, 267129, 226948, 289649, 250176, 235869, 186810, 225878, 215857, 239474, 231760, 210417, 220956, 242951, 236070, 201310, 223774, 222007, 220635, 232693, 242138, 255513, 240787, 200707, 186799, 263031, 217869, 234264, 254606, 270270]
Average: 232147.78125
Evaluated in 1740.76s

Running (μ + 1) w/ chm, μ = 2, p_c = 0.99, p_m = 0.00006103515625 on RuggedOneMax(n = 16384)
Progress: 0 1 2 3 4 5 6 7 8 9 10 11 12 13 14 15 16 17 18 19 20 21 22 23 24 25 26 27 28 29 30 31 32 33 34 35 36 37 38 39 40 41 42 43 44 45 46 47 48 49 50 51 52 53 54 55 56 57 58 59 60 61 62 63 64 65 66 67 68 69 70 71 72 73 74 75 76 77 78 79 80 81 82 83 84 85 86 87 88 89 90 91 92 93 94 95 96 97 98 99 100 101 102 103 104 105 106 107 108 109 110 111 112 113 114 115 116 117 118 119 120 121 122 123 124 125 126 127
Runtimes: [498387, 559178, 472901, 498718, 441234, 453314, 426718, 432294, 553546, 506291, 415953, 439733, 465754, 481918, 419825, 500751, 475794, 541908, 458372, 504769, 460840, 445408, 502058, 417589, 436408, 467253, 539286, 455275, 498805, 667319, 454378, 460200, 444431, 423567, 488475, 556804, 528464, 458689, 482747, 412629, 513479, 490665, 446979, 541180, 404720, 520312, 488006, 518960, 510477, 428107, 448447, 452245, 517740, 468764, 427709, 480642, 556073, 429530, 551470, 472188, 500121, 468808, 473893, 410307, 433658, 480744, 483413, 478845, 529291, 514154, 503503, 503893, 552167, 413177, 442042, 511666, 468919, 506160, 416893, 408192, 433553, 503045, 476924, 485452, 428197, 573186, 448916, 432123, 398911, 545036, 580506, 490274, 494559, 461075, 460902, 493681, 471526, 501098, 424641, 552793, 444275, 421189, 411709, 484137, 383005, 432504, 544586, 410316, 456204, 502770, 540862, 437017, 479273, 492318, 480476, 517321, 478822, 468417, 515595, 429968, 437713, 547675, 497665, 470498, 447880, 570592, 532801, 416639]
Average: 478313.6484375
Evaluated in 7165.72s



Running (μ + 1), μ = 5, p_c = 0.99, p_m = 0.03125 on RuggedOneMax(n = 32)
Progress: 0 1 2 3 4 5 6 7 8 9 10 11 12 13 14 15 16 17 18 19 20 21 22 23 24 25 26 27 28 29 30 31 32 33 34 35 36 37 38 39 40 41 42 43 44 45 46 47 48 49 50 51 52 53 54 55 56 57 58 59 60 61 62 63 64 65 66 67 68 69 70 71 72 73 74 75 76 77 78 79 80 81 82 83 84 85 86 87 88 89 90 91 92 93 94 95 96 97 98 99 100 101 102 103 104 105 106 107 108 109 110 111 112 113 114 115 116 117 118 119 120 121 122 123 124 125 126 127
Runtimes: [270, 1966, 839, 441, 961, 1515, 1525, 1280, 1085, 899, 2199, 181, 479, 737, 750, 764, 1407, 1076, 1166, 463, 743, 1143, 276, 533, 861, 543, 1672, 464, 489, 985, 424, 450, 1625, 541, 293, 1066, 597, 698, 2109, 593, 353, 627, 462, 1228, 1342, 938, 311, 322, 861, 1828, 649, 646, 1343, 1342, 644, 810, 1085, 944, 382, 425, 677, 386, 241, 936, 224, 469, 2070, 995, 237, 618, 924, 1366, 840, 591, 435, 244, 573, 685, 1509, 803, 1272, 508, 600, 1682, 1005, 352, 2340, 379, 712, 1648, 694, 253, 1599, 346, 1063, 839, 1348, 373, 712, 997, 467, 962, 333, 692, 512, 2646, 761, 508, 810, 346, 640, 322, 934, 556, 1341, 558, 421, 266, 189, 371, 388, 279, 593, 577, 945, 1060, 1126, 797]
Average: 824.9609375
Evaluated in 54.84ms

Running (μ + 1) w/ chm, μ = 5, p_c = 0.99, p_m = 0.03125 on RuggedOneMax(n = 32)
Progress: 0 1 2 3 4 5 6 7 8 9 10 11 12 13 14 15 16 17 18 19 20 21 22 23 24 25 26 27 28 29 30 31 32 33 34 35 36 37 38 39 40 41 42 43 44 45 46 47 48 49 50 51 52 53 54 55 56 57 58 59 60 61 62 63 64 65 66 67 68 69 70 71 72 73 74 75 76 77 78 79 80 81 82 83 84 85 86 87 88 89 90 91 92 93 94 95 96 97 98 99 100 101 102 103 104 105 106 107 108 109 110 111 112 113 114 115 116 117 118 119 120 121 122 123 124 125 126 127
Runtimes: [222, 140, 421, 232, 175, 184, 241, 272, 449, 438, 397, 263, 257, 506, 193, 307, 433, 199, 236, 199, 359, 328, 268, 235, 724, 247, 443, 343, 141, 222, 368, 298, 343, 330, 624, 219, 285, 238, 368, 391, 472, 295, 397, 291, 498, 359, 246, 331, 497, 298, 374, 261, 485, 373, 352, 208, 440, 380, 187, 242, 545, 209, 183, 335, 363, 264, 354, 235, 453, 406, 440, 446, 203, 184, 382, 399, 286, 317, 340, 341, 402, 475, 298, 377, 206, 334, 286, 304, 333, 468, 315, 531, 501, 390, 725, 147, 481, 247, 191, 322, 210, 278, 551, 389, 193, 211, 263, 497, 464, 349, 167, 301, 367, 298, 126, 176, 148, 313, 245, 422, 326, 221, 345, 293, 253, 421, 374, 363]
Average: 328.953125
Evaluated in 22.19ms

Running (μ + 1), μ = 6, p_c = 0.99, p_m = 0.015625 on RuggedOneMax(n = 64)
Progress: 0 1 2 3 4 5 6 7 8 9 10 11 12 13 14 15 16 17 18 19 20 21 22 23 24 25 26 27 28 29 30 31 32 33 34 35 36 37 38 39 40 41 42 43 44 45 46 47 48 49 50 51 52 53 54 55 56 57 58 59 60 61 62 63 64 65 66 67 68 69 70 71 72 73 74 75 76 77 78 79 80 81 82 83 84 85 86 87 88 89 90 91 92 93 94 95 96 97 98 99 100 101 102 103 104 105 106 107 108 109 110 111 112 113 114 115 116 117 118 119 120 121 122 123 124 125 126 127
Runtimes: [1731, 1501, 949, 1766, 1296, 2192, 1106, 3185, 2064, 1349, 2876, 2440, 3392, 3324, 828, 1914, 6764, 1401, 1154, 1083, 1566, 6758, 1423, 1374, 2369, 2733, 1658, 2445, 2836, 5350, 5933, 3266, 1346, 1409, 1164, 5324, 1098, 2385, 1474, 3563, 1850, 1253, 4811, 3452, 1409, 2695, 830, 2626, 2565, 582, 5454, 2047, 2112, 1351, 5550, 3156, 4304, 1640, 2261, 2432, 846, 3729, 2261, 4499, 1869, 6118, 2697, 1277, 1309, 5282, 877, 4231, 2871, 2397, 1477, 2718, 436, 2466, 1430, 1357, 1144, 785, 1571, 2021, 2347, 1662, 1379, 2302, 4438, 4338, 3550, 650, 972, 1405, 5997, 1098, 974, 4248, 2681, 3354, 648, 1740, 2891, 1879, 4760, 851, 1199, 3247, 5783, 5854, 6019, 2934, 1065, 1650, 1353, 350, 1438, 710, 5296, 4287, 5948, 1332, 1119, 2835, 4917, 1732, 4021, 1301]
Average: 2534.3046875
Evaluated in 156.63ms

Running (μ + 1) w/ chm, μ = 6, p_c = 0.99, p_m = 0.015625 on RuggedOneMax(n = 64)
Progress: 0 1 2 3 4 5 6 7 8 9 10 11 12 13 14 15 16 17 18 19 20 21 22 23 24 25 26 27 28 29 30 31 32 33 34 35 36 37 38 39 40 41 42 43 44 45 46 47 48 49 50 51 52 53 54 55 56 57 58 59 60 61 62 63 64 65 66 67 68 69 70 71 72 73 74 75 76 77 78 79 80 81 82 83 84 85 86 87 88 89 90 91 92 93 94 95 96 97 98 99 100 101 102 103 104 105 106 107 108 109 110 111 112 113 114 115 116 117 118 119 120 121 122 123 124 125 126 127
Runtimes: [623, 541, 753, 651, 720, 628, 819, 680, 918, 1297, 1047, 717, 736, 647, 649, 856, 625, 792, 842, 650, 557, 773, 740, 653, 681, 631, 782, 954, 616, 1023, 1342, 556, 707, 726, 947, 700, 329, 929, 922, 485, 752, 668, 564, 845, 585, 885, 644, 685, 688, 938, 769, 723, 379, 922, 533, 1238, 737, 807, 756, 658, 495, 402, 474, 787, 652, 801, 803, 823, 609, 953, 772, 1002, 916, 719, 892, 798, 561, 863, 581, 916, 1365, 707, 827, 530, 723, 732, 473, 808, 629, 1186, 1125, 547, 548, 813, 1107, 610, 839, 638, 655, 386, 542, 691, 571, 529, 929, 827, 530, 1233, 634, 894, 547, 686, 393, 568, 853, 634, 799, 990, 980, 986, 1053, 953, 622, 1109, 837, 730, 484, 497]
Average: 751.46875
Evaluated in 71.57ms

Running (μ + 1), μ = 7, p_c = 0.99, p_m = 0.0078125 on RuggedOneMax(n = 128)
Progress: 0 1 2 3 4 5 6 7 8 9 10 11 12 13 14 15 16 17 18 19 20 21 22 23 24 25 26 27 28 29 30 31 32 33 34 35 36 37 38 39 40 41 42 43 44 45 46 47 48 49 50 51 52 53 54 55 56 57 58 59 60 61 62 63 64 65 66 67 68 69 70 71 72 73 74 75 76 77 78 79 80 81 82 83 84 85 86 87 88 89 90 91 92 93 94 95 96 97 98 99 100 101 102 103 104 105 106 107 108 109 110 111 112 113 114 115 116 117 118 119 120 121 122 123 124 125 126 127
Runtimes: [5557, 3001, 7075, 3186, 8503, 13066, 3355, 6568, 7258, 7630, 6094, 3632, 6288, 5849, 13081, 5694, 3798, 2209, 2199, 4031, 2692, 4395, 5900, 5275, 8540, 3945, 4245, 2695, 8041, 3110, 15268, 6856, 16174, 6356, 2879, 5277, 12850, 1417, 2051, 7400, 4346, 5927, 6429, 3083, 3565, 3795, 6276, 14299, 8084, 11187, 10791, 3670, 9538, 6591, 3272, 4207, 8807, 5495, 9120, 4770, 2362, 6093, 9587, 4016, 4161, 8397, 8275, 14576, 3048, 6091, 8275, 7154, 8243, 3793, 2663, 7046, 11873, 7543, 9239, 4591, 1942, 4106, 1617, 2445, 2462, 2750, 2339, 8690, 2278, 3159, 5408, 3167, 5402, 3001, 2583, 6373, 9473, 5304, 2529, 2295, 5591, 4915, 3863, 2664, 3544, 3892, 3259, 6304, 7040, 1928, 7148, 10068, 2498, 13249, 9762, 3723, 3498, 3571, 16212, 4894, 5387, 10610, 2275, 11469, 6426, 6682, 4644, 3633]
Average: 5935.859375
Evaluated in 666.44ms

Running (μ + 1) w/ chm, μ = 7, p_c = 0.99, p_m = 0.0078125 on RuggedOneMax(n = 128)
Progress: 0 1 2 3 4 5 6 7 8 9 10 11 12 13 14 15 16 17 18 19 20 21 22 23 24 25 26 27 28 29 30 31 32 33 34 35 36 37 38 39 40 41 42 43 44 45 46 47 48 49 50 51 52 53 54 55 56 57 58 59 60 61 62 63 64 65 66 67 68 69 70 71 72 73 74 75 76 77 78 79 80 81 82 83 84 85 86 87 88 89 90 91 92 93 94 95 96 97 98 99 100 101 102 103 104 105 106 107 108 109 110 111 112 113 114 115 116 117 118 119 120 121 122 123 124 125 126 127
Runtimes: [1625, 1257, 1582, 1907, 1304, 1360, 1870, 1349, 1933, 1377, 1363, 1174, 1302, 1680, 1383, 1543, 1272, 1428, 2532, 1756, 1281, 1846, 1883, 1409, 1466, 1132, 2561, 2052, 1378, 2475, 2217, 2184, 1180, 1843, 1887, 1603, 1555, 1673, 2270, 3256, 1729, 1951, 1080, 2530, 1601, 2373, 2300, 2003, 1174, 1776, 2227, 1492, 2256, 2188, 1661, 1083, 1696, 1221, 2619, 1199, 1398, 1438, 1107, 1329, 2016, 1372, 2550, 2121, 1682, 1758, 1888, 2082, 1426, 2024, 1788, 2772, 2455, 2055, 1392, 2059, 1238, 2168, 1557, 1689, 1718, 1716, 1440, 1350, 1517, 2407, 1473, 1307, 1367, 1645, 2391, 1202, 1162, 2318, 1725, 1492, 1972, 1682, 1467, 1474, 1644, 2103, 1735, 1181, 996, 1648, 1519, 1510, 1641, 2320, 1778, 1674, 1430, 1498, 1415, 1426, 2771, 2587, 1918, 1920, 1426, 1731, 1716, 1517]
Average: 1731.25
Evaluated in 321.89ms

Running (μ + 1), μ = 8, p_c = 0.99, p_m = 0.00390625 on RuggedOneMax(n = 256)
Progress: 0 1 2 3 4 5 6 7 8 9 10 11 12 13 14 15 16 17 18 19 20 21 22 23 24 25 26 27 28 29 30 31 32 33 34 35 36 37 38 39 40 41 42 43 44 45 46 47 48 49 50 51 52 53 54 55 56 57 58 59 60 61 62 63 64 65 66 67 68 69 70 71 72 73 74 75 76 77 78 79 80 81 82 83 84 85 86 87 88 89 90 91 92 93 94 95 96 97 98 99 100 101 102 103 104 105 106 107 108 109 110 111 112 113 114 115 116 117 118 119 120 121 122 123 124 125 126 127
Runtimes: [12126, 7577, 26654, 6174, 9292, 19039, 19240, 17917, 10003, 17736, 16326, 7467, 30236, 20852, 11368, 28938, 7445, 23332, 10206, 6800, 13774, 10866, 53181, 12017, 10146, 24192, 9862, 6555, 13271, 32031, 8128, 8709, 25118, 51142, 8744, 10957, 24629, 12332, 12882, 19685, 14267, 26447, 5000, 22114, 7187, 5915, 8358, 13568, 5534, 62218, 27598, 14156, 11464, 6305, 9034, 7684, 15193, 4124, 16896, 15546, 19396, 15948, 8874, 9337, 8055, 13669, 17427, 28206, 30841, 4099, 17774, 11723, 19479, 25910, 10006, 22613, 13273, 11255, 12775, 10006, 39190, 9116, 24132, 12192, 21547, 18922, 17674, 13198, 18621, 15589, 21067, 7266, 8339, 21957, 30926, 11304, 18222, 14466, 12426, 26494, 11626, 12033, 6582, 22026, 20448, 15788, 7974, 7911, 8439, 7893, 5554, 32368, 4565, 17262, 7306, 17289, 12444, 5129, 8415, 6370, 9933, 21903, 7863, 10524, 19543, 9597, 9949, 9575]
Average: 15509.21875
Evaluated in 3.35s

Running (μ + 1) w/ chm, μ = 8, p_c = 0.99, p_m = 0.00390625 on RuggedOneMax(n = 256)
Progress: 0 1 2 3 4 5 6 7 8 9 10 11 12 13 14 15 16 17 18 19 20 21 22 23 24 25 26 27 28 29 30 31 32 33 34 35 36 37 38 39 40 41 42 43 44 45 46 47 48 49 50 51 52 53 54 55 56 57 58 59 60 61 62 63 64 65 66 67 68 69 70 71 72 73 74 75 76 77 78 79 80 81 82 83 84 85 86 87 88 89 90 91 92 93 94 95 96 97 98 99 100 101 102 103 104 105 106 107 108 109 110 111 112 113 114 115 116 117 118 119 120 121 122 123 124 125 126 127
Runtimes: [4745, 3867, 4627, 4877, 4032, 2908, 4637, 2936, 3256, 3859, 3693, 3294, 4505, 3875, 5060, 4183, 4584, 3987, 3612, 4744, 4702, 3477, 3177, 2805, 3182, 7069, 5014, 4465, 5517, 4648, 4545, 6121, 3845, 3209, 3890, 4577, 4712, 4703, 4745, 3490, 3630, 3751, 3408, 4400, 4922, 4711, 5929, 3574, 2940, 3532, 2957, 2920, 4177, 2922, 3945, 3041, 4248, 4433, 3865, 4649, 4912, 2823, 3558, 2746, 4211, 3126, 3347, 5824, 4069, 3566, 5784, 3203, 3201, 3384, 3112, 3002, 3603, 3388, 3072, 5633, 3718, 4510, 2940, 3604, 4031, 3285, 4213, 4670, 3876, 2851, 2467, 4602, 5735, 4413, 3228, 4887, 4752, 3993, 3240, 3009, 3248, 6494, 4648, 4110, 7096, 4090, 2326, 4204, 5290, 3524, 6333, 4177, 5328, 4627, 3621, 3432, 4085, 4290, 4009, 2961, 3780, 3406, 4784, 5478, 3509, 3223, 3636, 4055]
Average: 4066.25
Evaluated in 1.55s

Running (μ + 1), μ = 9, p_c = 0.99, p_m = 0.001953125 on RuggedOneMax(n = 512)
Progress: 0 1 2 3 4 5 6 7 8 9 10 11 12 13 14 15 16 17 18 19 20 21 22 23 24 25 26 27 28 29 30 31 32 33 34 35 36 37 38 39 40 41 42 43 44 45 46 47 48 49 50 51 52 53 54 55 56 57 58 59 60 61 62 63 64 65 66 67 68 69 70 71 72 73 74 75 76 77 78 79 80 81 82 83 84 85 86 87 88 89 90 91 92 93 94 95 96 97 98 99 100 101 102 103 104 105 106 107 108 109 110 111 112 113 114 115 116 117 118 119 120 121 122 123 124 125 126 127
Runtimes: [123331, 37197, 41291, 61848, 37757, 41766, 143204, 129813, 60751, 32979, 23706, 24547, 69588, 115540, 26719, 79707, 31280, 35869, 69556, 70587, 21515, 66233, 59914, 37689, 61959, 46657, 46701, 42832, 11733, 39859, 23557, 28721, 32795, 64695, 35248, 41647, 17526, 84376, 86094, 40495, 34109, 51385, 48379, 37069, 33997, 55038, 24331, 89262, 52633, 116663, 112633, 59995, 41272, 102123, 70961, 24968, 50179, 48216, 24090, 55906, 85756, 28711, 38164, 35414, 73205, 31993, 71679, 49776, 31985, 48010, 17763, 53794, 53202, 35329, 21716, 25472, 64223, 24658, 23948, 146734, 34301, 36397, 74939, 12217, 30818, 55941, 22790, 31661, 25442, 121895, 45634, 45184, 42369, 82183, 16062, 38506, 45412, 31993, 30200, 30587, 68005, 38555, 28389, 24904, 24421, 157080, 42161, 25607, 90878, 48392, 30573, 85185, 64404, 114656, 20430, 39485, 19268, 23349, 25940, 20533, 25265, 18628, 11187, 27655, 48607, 49723, 38763, 22176]
Average: 49459.1640625
Evaluated in 20.56s

Running (μ + 1) w/ chm, μ = 9, p_c = 0.99, p_m = 0.001953125 on RuggedOneMax(n = 512)
Progress: 0 1 2 3 4 5 6 7 8 9 10 11 12 13 14 15 16 17 18 19 20 21 22 23 24 25 26 27 28 29 30 31 32 33 34 35 36 37 38 39 40 41 42 43 44 45 46 47 48 49 50 51 52 53 54 55 56 57 58 59 60 61 62 63 64 65 66 67 68 69 70 71 72 73 74 75 76 77 78 79 80 81 82 83 84 85 86 87 88 89 90 91 92 93 94 95 96 97 98 99 100 101 102 103 104 105 106 107 108 109 110 111 112 113 114 115 116 117 118 119 120 121 122 123 124 125 126 127
Runtimes: [7994, 11965, 7473, 8608, 10091, 8078, 7420, 8363, 9314, 10221, 10180, 8017, 7374, 6780, 7481, 5764, 7008, 9321, 9254, 7804, 9001, 8429, 9973, 10764, 10094, 6329, 8004, 8511, 7867, 7142, 8752, 9723, 6695, 7459, 10736, 10726, 7831, 9868, 7319, 9523, 9925, 6448, 9129, 8197, 10215, 6948, 10393, 6858, 9750, 10024, 8883, 8401, 8149, 8624, 8069, 8978, 9369, 10320, 10296, 7949, 9205, 8630, 8365, 7806, 9276, 9601, 10994, 7521, 7902, 8551, 9507, 7824, 8060, 7348, 11479, 9478, 8255, 6999, 8143, 6487, 7794, 7580, 8966, 5843, 10067, 10286, 8594, 15249, 7575, 10361, 9661, 7339, 8679, 8445, 8719, 7701, 8941, 7264, 8954, 9091, 7583, 9761, 7934, 6718, 6344, 8713, 9875, 6829, 9327, 8264, 8249, 7203, 9524, 7445, 10039, 10211, 13119, 7695, 10550, 8433, 12131, 7176, 8147, 8330, 8547, 7503, 9408, 6647]
Average: 8675.203125
Evaluated in 6.82s

Running (μ + 1), μ = 10, p_c = 0.99, p_m = 0.0009765625 on RuggedOneMax(n = 1024)
Progress: 0 1 2 3 4 5 6 7 8 9 10 11 12 13 14 15 16 17 18 19 20 21 22 23 24 25 26 27 28 29 30 31 32 33 34 35 36 37 38 39 40 41 42 43 44 45 46 47 48 49 50 51 52 53 54 55 56 57 58 59 60 61 62 63 64 65 66 67 68 69 70 71 72 73 74 75 76 77 78 79 80 81 82 83 84 85 86 87 88 89 90 91 92 93 94 95 96 97 98 99 100 101 102 103 104 105 106 107 108 109 110 111 112 113 114 115 116 117 118 119 120 121 122 123 124 125 126 127
Runtimes: [298387, 146069, 71506, 105141, 88966, 113474, 71433, 59574, 194575, 77578, 231060, 110016, 53821, 350893, 171885, 82556, 63895, 163508, 358766, 68857, 123803, 46508, 120364, 162678, 286041, 78642, 92996, 81096, 73196, 100866, 42291, 238980, 105099, 143864, 97744, 92267, 69025, 28460, 137118, 82668, 177484, 57220, 62959, 213794, 104100, 120822, 245471, 66655, 164069, 125598, 77013, 226405, 205666, 125126, 99826, 134637, 69220, 81175, 61761, 63918, 163100, 45844, 51711, 92255, 41385, 284602, 85901, 53371, 70382, 99336, 114852, 79674, 43958, 442840, 108963, 58090, 68319, 75417, 51155, 292704, 168529, 107667, 39812, 76109, 241008, 117867, 81190, 89727, 87486, 106262, 64145, 94737, 51639, 169043, 61241, 237628, 113762, 83853, 34983, 119756, 71715, 81114, 159030, 67748, 188346, 89819, 344902, 100480, 60051, 134317, 88415, 89934, 227165, 274285, 104709, 52918, 139212, 47465, 51712, 87690, 45326, 91539, 59215, 106439, 160426, 65354, 188955, 62291]
Average: 119370.78125
Evaluated in 99.34s

Running (μ + 1) w/ chm, μ = 10, p_c = 0.99, p_m = 0.0009765625 on RuggedOneMax(n = 1024)
Progress: 0 1 2 3 4 5 6 7 8 9 10 11 12 13 14 15 16 17 18 19 20 21 22 23 24 25 26 27 28 29 30 31 32 33 34 35 36 37 38 39 40 41 42 43 44 45 46 47 48 49 50 51 52 53 54 55 56 57 58 59 60 61 62 63 64 65 66 67 68 69 70 71 72 73 74 75 76 77 78 79 80 81 82 83 84 85 86 87 88 89 90 91 92 93 94 95 96 97 98 99 100 101 102 103 104 105 106 107 108 109 110 111 112 113 114 115 116 117 118 119 120 121 122 123 124 125 126 127
Runtimes: [18740, 15520, 16029, 19685, 21319, 29694, 26099, 22578, 17588, 16420, 20016, 18429, 15431, 26829, 17478, 23568, 23981, 14176, 18653, 21747, 23078, 30320, 23802, 15379, 16792, 22186, 16527, 19857, 19375, 22038, 23157, 20197, 17201, 18527, 22916, 20613, 19385, 20729, 21360, 15164, 19504, 16279, 21391, 15419, 15244, 18707, 16563, 19614, 16679, 22146, 16636, 17959, 14698, 20917, 20997, 18937, 20263, 19643, 16102, 16279, 19211, 20656, 19469, 19629, 29733, 18806, 16914, 21616, 17234, 15836, 19276, 20187, 17705, 15371, 23279, 14150, 20242, 15681, 22356, 16707, 23124, 19920, 20519, 15533, 14572, 17561, 18780, 15801, 20476, 16981, 27353, 14472, 17409, 20034, 16186, 20454, 20770, 16987, 22538, 16422, 16921, 18286, 19536, 16362, 21832, 14891, 16934, 22859, 14865, 18531, 15509, 14472, 24590, 17801, 24333, 18077, 20645, 15640, 29971, 16913, 23586, 17826, 19892, 25615, 22115, 17398, 15360, 22016]
Average: 19369.421875
Evaluated in 31.47s

log2(n):
mu common: {
    32: 824.9609375,
    64: 2534.3046875,
    128: 5935.859375,
    256: 15509.21875,
    512: 49459.1640625,
    1024: 119370.78125,
}
mu w/ chm: {
    32: 328.953125,
    64: 751.46875,
    128: 1731.25,
    256: 4066.25,
    512: 8675.203125,
    1024: 19369.421875,
}

Running (μ + 1), μ = 5, p_c = 0.99, p_m = 0.03125 on RuggedOneMax(n = 32)
Progress: 0 1 2 3 4 5 6 7 8 9 10 11 12 13 14 15 16 17 18 19 20 21 22 23 24 25 26 27 28 29 30 31 32 33 34 35 36 37 38 39 40 41 42 43 44 45 46 47 48 49 50 51 52 53 54 55 56 57 58 59 60 61 62 63 64 65 66 67 68 69 70 71 72 73 74 75 76 77 78 79 80 81 82 83 84 85 86 87 88 89 90 91 92 93 94 95 96 97 98 99 100 101 102 103 104 105 106 107 108 109 110 111 112 113 114 115 116 117 118 119 120 121 122 123 124 125 126 127
Runtimes: [2372, 708, 1511, 339, 285, 1897, 692, 237, 905, 493, 709, 1740, 2567, 226, 1787, 1513, 1365, 898, 1819, 1252, 411, 772, 544, 1154, 560, 334, 336, 165, 1201, 1930, 1519, 360, 1098, 363, 428, 796, 923, 298, 753, 527, 225, 2171, 1094, 758, 1083, 890, 567, 1042, 1715, 397, 989, 1120, 712, 351, 363, 627, 814, 266, 825, 801, 1331, 747, 1038, 256, 517, 282, 546, 723, 399, 1004, 958, 1419, 672, 446, 683, 1280, 156, 841, 572, 361, 193, 175, 948, 754, 1309, 847, 549, 189, 440, 649, 1737, 940, 2033, 150, 659, 1740, 451, 1459, 706, 506, 548, 329, 424, 536, 277, 792, 508, 1131, 258, 898, 1882, 511, 871, 297, 1045, 536, 1571, 282, 1126, 144, 361, 462, 676, 856, 928, 547, 190, 990]
Average: 814.359375
Evaluated in 27.77ms

Running (μ + 1) w/ chm, μ = 5, p_c = 0.99, p_m = 0.03125 on RuggedOneMax(n = 32)
Progress: 0 1 2 3 4 5 6 7 8 9 10 11 12 13 14 15 16 17 18 19 20 21 22 23 24 25 26 27 28 29 30 31 32 33 34 35 36 37 38 39 40 41 42 43 44 45 46 47 48 49 50 51 52 53 54 55 56 57 58 59 60 61 62 63 64 65 66 67 68 69 70 71 72 73 74 75 76 77 78 79 80 81 82 83 84 85 86 87 88 89 90 91 92 93 94 95 96 97 98 99 100 101 102 103 104 105 106 107 108 109 110 111 112 113 114 115 116 117 118 119 120 121 122 123 124 125 126 127
Runtimes: [348, 478, 381, 204, 259, 263, 278, 319, 311, 292, 651, 301, 244, 464, 292, 183, 598, 297, 556, 570, 177, 542, 432, 370, 315, 253, 130, 431, 243, 401, 845, 131, 149, 256, 316, 264, 374, 225, 223, 160, 372, 285, 328, 280, 410, 147, 163, 408, 469, 441, 578, 594, 299, 115, 195, 189, 170, 423, 217, 340, 240, 225, 616, 355, 545, 162, 226, 180, 507, 338, 299, 307, 418, 223, 266, 566, 307, 324, 324, 468, 272, 538, 386, 148, 334, 243, 154, 234, 322, 316, 291, 178, 157, 306, 452, 367, 288, 258, 292, 262, 395, 295, 218, 462, 85, 558, 621, 346, 530, 566, 326, 215, 310, 587, 323, 506, 396, 336, 468, 157, 270, 452, 271, 249, 718, 232, 308, 193]
Average: 336.21875
Evaluated in 17.37ms

Running (μ + 1), μ = 8, p_c = 0.99, p_m = 0.015625 on RuggedOneMax(n = 64)
Progress: 0 1 2 3 4 5 6 7 8 9 10 11 12 13 14 15 16 17 18 19 20 21 22 23 24 25 26 27 28 29 30 31 32 33 34 35 36 37 38 39 40 41 42 43 44 45 46 47 48 49 50 51 52 53 54 55 56 57 58 59 60 61 62 63 64 65 66 67 68 69 70 71 72 73 74 75 76 77 78 79 80 81 82 83 84 85 86 87 88 89 90 91 92 93 94 95 96 97 98 99 100 101 102 103 104 105 106 107 108 109 110 111 112 113 114 115 116 117 118 119 120 121 122 123 124 125 126 127
Runtimes: [1117, 702, 1131, 3123, 1480, 1000, 1260, 766, 2865, 1732, 826, 1042, 1192, 1565, 1714, 1603, 1690, 2245, 3459, 1327, 1797, 1404, 1658, 540, 779, 2076, 1941, 1316, 629, 2219, 609, 1627, 1600, 1134, 1421, 1947, 1827, 1213, 1685, 1987, 1601, 1802, 984, 2323, 978, 539, 2226, 2686, 2585, 2919, 733, 1185, 1057, 680, 700, 1672, 1344, 2040, 1720, 1119, 879, 1541, 660, 602, 1682, 702, 937, 1358, 1897, 1035, 1630, 1746, 798, 1255, 515, 2524, 1221, 2651, 836, 2612, 339, 658, 1784, 1404, 2584, 1905, 1165, 1294, 1077, 2299, 5553, 765, 781, 2348, 2002, 726, 1086, 1796, 1028, 3067, 1760, 933, 3559, 4245, 1752, 1348, 9610, 859, 820, 735, 6313, 914, 1197, 3246, 1561, 2274, 822, 2391, 2466, 2126, 1221, 1195, 2245, 1809, 3357, 1412, 1326, 1987]
Average: 1690.359375
Evaluated in 104.06ms

Running (μ + 1) w/ chm, μ = 8, p_c = 0.99, p_m = 0.015625 on RuggedOneMax(n = 64)
Progress: 0 1 2 3 4 5 6 7 8 9 10 11 12 13 14 15 16 17 18 19 20 21 22 23 24 25 26 27 28 29 30 31 32 33 34 35 36 37 38 39 40 41 42 43 44 45 46 47 48 49 50 51 52 53 54 55 56 57 58 59 60 61 62 63 64 65 66 67 68 69 70 71 72 73 74 75 76 77 78 79 80 81 82 83 84 85 86 87 88 89 90 91 92 93 94 95 96 97 98 99 100 101 102 103 104 105 106 107 108 109 110 111 112 113 114 115 116 117 118 119 120 121 122 123 124 125 126 127
Runtimes: [1069, 577, 572, 694, 849, 615, 893, 824, 1386, 661, 756, 931, 688, 1184, 754, 878, 895, 684, 554, 925, 825, 755, 766, 977, 870, 724, 551, 1237, 727, 524, 751, 740, 545, 682, 810, 556, 1029, 501, 631, 1199, 596, 555, 544, 644, 660, 793, 749, 928, 722, 696, 737, 576, 556, 689, 732, 917, 419, 657, 836, 627, 846, 609, 574, 898, 1034, 699, 828, 780, 674, 778, 783, 725, 834, 653, 575, 832, 698, 1200, 732, 490, 510, 855, 532, 518, 501, 1470, 475, 849, 575, 904, 799, 1287, 471, 561, 746, 736, 1049, 603, 979, 459, 684, 483, 1131, 705, 503, 539, 614, 618, 347, 487, 792, 840, 875, 686, 813, 979, 394, 607, 561, 364, 799, 695, 641, 1071, 624, 483, 1100, 1432]
Average: 745.390625
Evaluated in 80.70ms

Running (μ + 1), μ = 11, p_c = 0.99, p_m = 0.0078125 on RuggedOneMax(n = 128)
Progress: 0 1 2 3 4 5 6 7 8 9 10 11 12 13 14 15 16 17 18 19 20 21 22 23 24 25 26 27 28 29 30 31 32 33 34 35 36 37 38 39 40 41 42 43 44 45 46 47 48 49 50 51 52 53 54 55 56 57 58 59 60 61 62 63 64 65 66 67 68 69 70 71 72 73 74 75 76 77 78 79 80 81 82 83 84 85 86 87 88 89 90 91 92 93 94 95 96 97 98 99 100 101 102 103 104 105 106 107 108 109 110 111 112 113 114 115 116 117 118 119 120 121 122 123 124 125 126 127
Runtimes: [2627, 1644, 2028, 3016, 2555, 2209, 3666, 3752, 2202, 5137, 1882, 4223, 3027, 2919, 2574, 6853, 3315, 2251, 2374, 6414, 4438, 2020, 1769, 9535, 7907, 5280, 3876, 4013, 3488, 4935, 2387, 3141, 4215, 3718, 6130, 1845, 4141, 2374, 1902, 5874, 3280, 2536, 1631, 3273, 4373, 2061, 11243, 3576, 1830, 6597, 3895, 1857, 1954, 2755, 4370, 2947, 2004, 3152, 4953, 3087, 4772, 2930, 2283, 1884, 3244, 2381, 2662, 4809, 9676, 3609, 7668, 3786, 3038, 5953, 2769, 2310, 2724, 5245, 1761, 8009, 3844, 1689, 2536, 3315, 4719, 1355, 3986, 1759, 3049, 6065, 2538, 3894, 2336, 2779, 4771, 2374, 1831, 3106, 1505, 1747, 14949, 2208, 5562, 3712, 1793, 4142, 2514, 3285, 4901, 9763, 1817, 1994, 4124, 3560, 4016, 2751, 3946, 7139, 4280, 2492, 1481, 4683, 5962, 2012, 2386, 2692, 5927, 2986]
Average: 3725.140625
Evaluated in 423.03ms

Running (μ + 1) w/ chm, μ = 11, p_c = 0.99, p_m = 0.0078125 on RuggedOneMax(n = 128)
Progress: 0 1 2 3 4 5 6 7 8 9 10 11 12 13 14 15 16 17 18 19 20 21 22 23 24 25 26 27 28 29 30 31 32 33 34 35 36 37 38 39 40 41 42 43 44 45 46 47 48 49 50 51 52 53 54 55 56 57 58 59 60 61 62 63 64 65 66 67 68 69 70 71 72 73 74 75 76 77 78 79 80 81 82 83 84 85 86 87 88 89 90 91 92 93 94 95 96 97 98 99 100 101 102 103 104 105 106 107 108 109 110 111 112 113 114 115 116 117 118 119 120 121 122 123 124 125 126 127
Runtimes: [1997, 1852, 1781, 1649, 2531, 1222, 1830, 1957, 1999, 2476, 1150, 2039, 1675, 1967, 1699, 967, 1589, 1757, 1334, 1117, 1739, 1661, 2096, 1213, 2354, 1934, 1398, 2312, 1798, 2533, 1624, 1385, 1902, 1296, 1550, 1632, 1446, 1403, 1990, 1736, 1585, 1166, 1849, 1739, 2236, 1306, 2360, 1045, 1472, 1528, 1678, 2703, 1458, 1608, 1390, 1717, 1688, 1299, 1704, 1860, 1435, 1636, 1982, 1372, 1436, 1966, 1816, 2019, 1909, 1739, 1759, 1894, 1801, 1829, 1935, 2295, 2285, 2960, 1585, 1325, 1648, 1871, 1549, 1500, 1253, 1654, 1395, 1846, 1830, 2768, 1768, 1496, 1436, 1541, 1516, 2532, 1089, 1336, 1567, 1243, 1880, 2006, 1422, 1169, 1797, 2278, 1976, 1934, 1768, 2109, 2375, 2245, 1931, 1347, 1761, 1808, 1380, 1767, 1255, 1083, 1467, 2279, 1953, 1604, 2107, 1717, 1336, 2259]
Average: 1740.703125
Evaluated in 423.16ms

Running (μ + 1), μ = 16, p_c = 0.99, p_m = 0.00390625 on RuggedOneMax(n = 256)
Progress: 0 1 2 3 4 5 6 7 8 9 10 11 12 13 14 15 16 17 18 19 20 21 22 23 24 25 26 27 28 29 30 31 32 33 34 35 36 37 38 39 40 41 42 43 44 45 46 47 48 49 50 51 52 53 54 55 56 57 58 59 60 61 62 63 64 65 66 67 68 69 70 71 72 73 74 75 76 77 78 79 80 81 82 83 84 85 86 87 88 89 90 91 92 93 94 95 96 97 98 99 100 101 102 103 104 105 106 107 108 109 110 111 112 113 114 115 116 117 118 119 120 121 122 123 124 125 126 127
Runtimes: [7451, 6991, 5036, 8013, 9506, 4305, 8522, 7550, 12888, 5089, 9065, 7505, 8005, 4700, 9144, 7093, 7250, 4814, 4401, 7797, 7440, 8665, 8893, 8444, 8873, 8489, 8154, 5443, 3198, 7387, 7682, 5427, 8455, 10900, 7609, 5822, 4175, 5576, 5685, 12318, 14955, 9801, 8468, 5337, 7329, 6731, 12134, 5216, 5854, 12416, 6029, 17249, 6009, 4157, 6897, 5032, 4602, 6133, 8334, 15473, 8387, 5087, 6312, 6409, 6739, 10038, 7062, 5319, 6315, 10776, 5860, 5710, 3776, 10712, 10537, 5940, 6419, 9150, 4112, 5896, 5166, 6361, 7392, 5498, 5264, 8462, 12178, 4578, 8012, 13777, 8035, 13061, 13008, 7172, 10433, 4409, 6724, 8770, 10855, 7336, 5159, 7610, 5190, 6440, 6866, 10182, 6553, 5333, 5409, 9405, 6586, 4593, 3971, 8860, 4027, 4812, 9698, 6455, 8045, 3762, 8681, 8152, 5056, 8265, 7061, 9668, 11050, 5518]
Average: 7510.703125
Evaluated in 1.65s

Running (μ + 1) w/ chm, μ = 16, p_c = 0.99, p_m = 0.00390625 on RuggedOneMax(n = 256)
Progress: 0 1 2 3 4 5 6 7 8 9 10 11 12 13 14 15 16 17 18 19 20 21 22 23 24 25 26 27 28 29 30 31 32 33 34 35 36 37 38 39 40 41 42 43 44 45 46 47 48 49 50 51 52 53 54 55 56 57 58 59 60 61 62 63 64 65 66 67 68 69 70 71 72 73 74 75 76 77 78 79 80 81 82 83 84 85 86 87 88 89 90 91 92 93 94 95 96 97 98 99 100 101 102 103 104 105 106 107 108 109 110 111 112 113 114 115 116 117 118 119 120 121 122 123 124 125 126 127
Runtimes: [4299, 4580, 3261, 2904, 4130, 5203, 3825, 4256, 3954, 3397, 4081, 3050, 3180, 2993, 3415, 3922, 3731, 3625, 4237, 5843, 3539, 2318, 3376, 3841, 3868, 6698, 3880, 4188, 3310, 5651, 7701, 5342, 4142, 3319, 3657, 2958, 4111, 3874, 3212, 3554, 3323, 4844, 6680, 5551, 3788, 3844, 4332, 3871, 3592, 3742, 5006, 4378, 3364, 4905, 3751, 2978, 3877, 4335, 4032, 4262, 2929, 4756, 5026, 3741, 3796, 3361, 4122, 4677, 3750, 2825, 4259, 3821, 4647, 3385, 3088, 3211, 3523, 4039, 3529, 4613, 4689, 2772, 3940, 3335, 3238, 3811, 3273, 3578, 4717, 3282, 3326, 3762, 3767, 5339, 4043, 3457, 3668, 3019, 3665, 3694, 5936, 3379, 3823, 3344, 5163, 4335, 2800, 4090, 3703, 2691, 3988, 2577, 4078, 5861, 4639, 4734, 3695, 3866, 3869, 3819, 2767, 4807, 4277, 6707, 3314, 5461, 3575, 4396]
Average: 4000.3671875
Evaluated in 2.41s

Running (μ + 1), μ = 22, p_c = 0.99, p_m = 0.001953125 on RuggedOneMax(n = 512)
Progress: 0 1 2 3 4 5 6 7 8 9 10 11 12 13 14 15 16 17 18 19 20 21 22 23 24 25 26 27 28 29 30 31 32 33 34 35 36 37 38 39 40 41 42 43 44 45 46 47 48 49 50 51 52 53 54 55 56 57 58 59 60 61 62 63 64 65 66 67 68 69 70 71 72 73 74 75 76 77 78 79 80 81 82 83 84 85 86 87 88 89 90 91 92 93 94 95 96 97 98 99 100 101 102 103 104 105 106 107 108 109 110 111 112 113 114 115 116 117 118 119 120 121 122 123 124 125 126 127
Runtimes: [17524, 9440, 29237, 17109, 29047, 13144, 10128, 22021, 25441, 12081, 18723, 11262, 14587, 18915, 15977, 18063, 15360, 17478, 10858, 10575, 23536, 15726, 20486, 19615, 26181, 19181, 10524, 19512, 14465, 17221, 24549, 15412, 47442, 11240, 15052, 32312, 16444, 9724, 14777, 13993, 14242, 11868, 10510, 12361, 11597, 19417, 15293, 11347, 13118, 13383, 14956, 20953, 37547, 22212, 16087, 10747, 10523, 15950, 13854, 17742, 47953, 19690, 21107, 12919, 11912, 9974, 39754, 13042, 24671, 17944, 14169, 27173, 19803, 21677, 25568, 21080, 16830, 19462, 10650, 9363, 18712, 15031, 25917, 13846, 11401, 13916, 27782, 16177, 21706, 8999, 13747, 11963, 9101, 13317, 14296, 12481, 22238, 18109, 19503, 11325, 16588, 15355, 17784, 12759, 11070, 18216, 33750, 13491, 21188, 20582, 18012, 16289, 10944, 14708, 10072, 15844, 34000, 24361, 10930, 26286, 12403, 17374, 19030, 19761, 12126, 32707, 26352, 13444]
Average: 17795.3359375
Evaluated in 7.54s

Running (μ + 1) w/ chm, μ = 22, p_c = 0.99, p_m = 0.001953125 on RuggedOneMax(n = 512)
Progress: 0 1 2 3 4 5 6 7 8 9 10 11 12 13 14 15 16 17 18 19 20 21 22 23 24 25 26 27 28 29 30 31 32 33 34 35 36 37 38 39 40 41 42 43 44 45 46 47 48 49 50 51 52 53 54 55 56 57 58 59 60 61 62 63 64 65 66 67 68 69 70 71 72 73 74 75 76 77 78 79 80 81 82 83 84 85 86 87 88 89 90 91 92 93 94 95 96 97 98 99 100 101 102 103 104 105 106 107 108 109 110 111 112 113 114 115 116 117 118 119 120 121 122 123 124 125 126 127
Runtimes: [11539, 8408, 7457, 7689, 10191, 10398, 12408, 8870, 10496, 13277, 10643, 8582, 8945, 8377, 8396, 9992, 10023, 8680, 9323, 9904, 12490, 9753, 8896, 7540, 10374, 7675, 7791, 7720, 10982, 8572, 6424, 13111, 8142, 9202, 8498, 7515, 8972, 12740, 10525, 11192, 8426, 8729, 9717, 8879, 8303, 8393, 10172, 6666, 6808, 8227, 10373, 9394, 10265, 7755, 9249, 12485, 8153, 10456, 9504, 8405, 9930, 11057, 7777, 7535, 10113, 11517, 8082, 11859, 8487, 9793, 10821, 8809, 10953, 11588, 7516, 8552, 13468, 11250, 7003, 8352, 8531, 7404, 9616, 8397, 8189, 11392, 8098, 6441, 7802, 8280, 8018, 8512, 6944, 6449, 8877, 8658, 8696, 9184, 10427, 7531, 10810, 7793, 8729, 6889, 7333, 9618, 10852, 12548, 10222, 7296, 10085, 10123, 7330, 7293, 12578, 9727, 9460, 7235, 10331, 7615, 7851, 13083, 10303, 13231, 8400, 10964, 10409, 9859]
Average: 9312.078125
Evaluated in 15.28s

Running (μ + 1), μ = 32, p_c = 0.99, p_m = 0.0009765625 on RuggedOneMax(n = 1024)
Progress: 0 1 2 3 4 5 6 7 8 9 10 11 12 13 14 15 16 17 18 19 20 21 22 23 24 25 26 27 28 29 30 31 32 33 34 35 36 37 38 39 40 41 42 43 44 45 46 47 48 49 50 51 52 53 54 55 56 57 58 59 60 61 62 63 64 65 66 67 68 69 70 71 72 73 74 75 76 77 78 79 80 81 82 83 84 85 86 87 88 89 90 91 92 93 94 95 96 97 98 99 100 101 102 103 104 105 106 107 108 109 110 111 112 113 114 115 116 117 118 119 120 121 122 123 124 125 126 127
Runtimes: [42469, 35723, 36285, 51734, 36266, 28354, 26730, 28357, 30425, 37852, 34339, 42167, 35815, 59707, 43539, 42701, 27165, 21026, 27109, 38257, 70283, 43807, 31654, 50336, 29669, 52141, 25300, 34559, 21087, 29290, 38003, 31158, 37745, 36535, 73477, 33830, 45595, 37979, 58994, 46439, 40034, 36988, 39932, 49830, 33816, 29974, 29845, 42676, 52407, 34329, 30413, 33692, 30234, 39994, 29084, 35493, 37570, 29326, 34152, 29786, 60929, 27108, 34230, 36082, 54656, 27380, 29769, 37015, 40230, 25783, 32468, 41456, 38223, 38739, 23841, 48374, 32965, 25893, 35842, 33105, 29857, 31946, 31482, 35984, 44196, 42834, 42275, 28839, 26023, 35309, 33378, 48509, 31738, 36131, 52137, 71878, 29318, 43605, 36963, 57459, 39930, 36920, 40323, 88462, 38308, 36055, 35941, 57215, 27026, 41837, 28948, 50023, 46808, 65373, 59183, 47050, 32239, 37958, 24368, 48918, 32115, 42609, 30079, 30240, 54836, 48811, 74378, 46057]
Average: 39292.4609375
Evaluated in 32.96s

Running (μ + 1) w/ chm, μ = 32, p_c = 0.99, p_m = 0.0009765625 on RuggedOneMax(n = 1024)
Progress: 0 1 2 3 4 5 6 7 8 9 10 11 12 13 14 15 16 17 18 19 20 21 22 23 24 25 26 27 28 29 30 31 32 33 34 35 36 37 38 39 40 41 42 43 44 45 46 47 48 49 50 51 52 53 54 55 56 57 58 59 60 61 62 63 64 65 66 67 68 69 70 71 72 73 74 75 76 77 78 79 80 81 82 83 84 85 86 87 88 89 90 91 92 93 94 95 96 97 98 99 100 101 102 103 104 105 106 107 108 109 110 111 112 113 114 115 116 117 118 119 120 121 122 123 124 125 126 127
Runtimes: [23915, 22618, 19250, 23812, 23649, 20043, 19000, 21020, 20186, 18951, 19637, 16183, 18184, 24993, 24959, 19977, 25544, 20540, 20485, 23803, 20005, 21479, 20001, 23955, 23057, 21164, 24611, 18286, 17567, 15300, 24075, 18217, 22887, 21545, 16069, 19181, 22098, 24051, 21269, 23329, 20462, 16008, 24235, 20710, 17673, 20803, 17540, 30956, 22581, 15964, 22421, 19361, 17811, 18679, 20293, 19839, 20422, 19123, 18708, 21480, 28164, 21203, 19488, 14613, 19803, 24738, 23194, 24364, 16900, 22432, 24700, 20388, 25057, 19631, 20449, 25637, 20532, 20629, 18405, 17933, 17402, 21330, 22094, 20295, 18129, 29860, 19161, 17908, 19586, 32365, 17783, 18229, 19993, 16057, 18455, 18827, 20579, 19621, 29657, 18766, 21357, 20838, 25812, 19733, 18371, 25399, 21503, 16863, 23301, 19078, 16818, 23413, 20779, 23099, 21136, 19961, 19706, 26558, 26457, 20479, 18234, 19129, 24956, 21905, 21405, 22851, 21996, 20998]
Average: 21066.0625
Evaluated in 108.62s

sqrt(n):
mu common: {
    32: 814.359375,
    64: 1690.359375,
    128: 3725.140625,
    256: 7510.703125,
    512: 17795.3359375,
    1024: 39292.4609375,
}
mu w/ chm: {
    32: 336.21875,
    64: 745.390625,
    128: 1740.703125,
    256: 4000.3671875,
    512: 9312.078125,
    1024: 21066.0625,
}

Running (μ + 1), μ = 11, p_c = 0.99, p_m = 0.00048828125 on RuggedOneMax(n = 2048)
Progress: 0 1 2 3 4 5 6 7 8 9 10 11 12 13 14 15 16 17 18 19 20 21 22 23 24 25 26 27 28 29 30 31 32 33 34 35 36 37 38 39 40 41 42 43 44 45 46 47 48 49 50 51 52 53 54 55 56 57 58 59 60 61 62 63 64 65 66 67 68 69 70 71 72 73 74 75 76 77 78 79 80 81 82 83 84 85 86 87 88 89 90 91 92 93 94 95 96 97 98 99 100 101 102 103 104 105 106 107 108 109 110 111 112 113 114 115 116 117 118 119 120 121 122 123 124 125 126 127
Runtimes: [167059, 390415, 239410, 202941, 881869, 223935, 111286, 169911, 1075641, 242003, 285421, 216534, 356290, 195955, 354051, 235981, 430552, 187981, 547825, 276309, 821194, 198537, 270271, 435963, 188861, 446230, 900170, 112409, 193986, 588885, 215890, 366515, 431160, 138234, 433196, 311681, 320766, 303876, 183039, 126316, 279325, 421751, 462966, 112181, 367664, 171144, 473588, 373691, 285250, 426874, 293786, 757888, 268173, 227383, 980909, 109780, 362875, 198897, 188455, 263288, 301548, 229185, 825270, 360866, 593004, 135389, 321507, 219083, 274148, 284283, 738233, 558318, 636027, 730106, 296657, 200495, 718061, 1114919, 208764, 129183, 534706, 201029, 132260, 503350, 175423, 240471, 262954, 807442, 197742, 214959, 134815, 395683, 579449, 223031, 344339, 331789, 371667, 268378, 1018898, 394626, 265275, 543768, 356486, 292744, 193023, 404822, 216270, 152177, 261430, 550529, 333739, 160315, 851318, 245266, 561413, 323170, 256729, 191992, 409743, 328521, 249850, 138222, 766996, 385999, 222921, 110176, 433227, 381249]
Average: 364061.2734375
Evaluated in 578.43s

Running (μ + 1) w/ chm, μ = 11, p_c = 0.99, p_m = 0.00048828125 on RuggedOneMax(n = 2048)
Progress: 0 1 2 3 4 5 6 7 8 9 10 11 12 13 14 15 16 17 18 19 20 21 22 23 24 25 26 27 28 29 30 31 32 33 34 35 36 37 38 39 40 41 42 43 44 45 46 47 48 49 50 51 52 53 54 55 56 57 58 59 60 61 62 63 64 65 66 67 68 69 70 71 72 73 74 75 76 77 78 79 80 81 82 83 84 85 86 87 88 89 90 91 92 93 94 95 96 97 98 99 100 101 102 103 104 105 106 107 108 109 110 111 112 113 114 115 116 117 118 119 120 121 122 123 124 125 126 127
Runtimes: [40137, 42242, 47811, 40089, 41797, 45037, 49545, 39935, 50951, 50019, 47006, 40099, 51241, 40873, 42660, 41239, 40300, 47320, 39487, 38524, 50981, 39486, 42822, 43924, 39319, 47480, 34971, 49782, 49070, 38556, 40730, 41571, 43515, 46803, 48667, 41652, 32578, 40308, 58873, 41743, 37152, 43017, 42433, 40874, 39444, 49100, 55538, 45329, 52418, 36730, 42358, 32916, 54442, 43745, 46739, 46981, 41718, 40021, 37405, 39268, 48957, 44113, 42102, 42334, 38952, 51355, 47487, 40813, 45716, 38939, 48277, 56287, 39395, 38706, 45480, 47508, 38857, 37136, 48034, 40391, 40163, 38804, 39557, 42962, 35201, 58634, 45196, 34659, 40308, 41420, 41576, 38920, 38464, 44302, 43428, 46816, 42382, 42976, 42171, 46923, 58712, 41864, 42740, 43958, 51777, 38182, 33011, 39851, 48065, 49134, 42721, 49960, 39738, 34591, 50104, 42349, 39331, 40368, 34268, 33744, 38933, 65676, 47409, 46114, 54332, 39175, 40451, 39771]
Average: 43506.2578125
Evaluated in 155.10s

Running (μ + 1), μ = 12, p_c = 0.99, p_m = 0.000244140625 on RuggedOneMax(n = 4096)
Progress: 0 1 2 3 4 5 6 7 8 9 10 11 12 13 14 15 16 17 18 19 20 21 22 23 24 25 26 27 28 29 30 31 32 33 34 35 36 37 38 39 40 41 42 43 44 45 46 47 48 49 50 51 52 53 54 55 56 57 58 59 60 61 62 63 64 65 66 67 68 69 70 71 72 73 74 75 76 77 78 79 80 81 82 83 84 85 86 87 88 89 90 91 92 93 94 95 96 97 98 99 100 101 102 103 104 105 106 107 108 109 110 111 112 113 114 115 116 117 118 119 120 121 122 123 124 125 126 127
Runtimes: [2489365, 435316, 704362, 363803, 2049035, 1422450, 2408799, 422253, 2701056, 807338, 1103696, 1320167, 1137335, 810487, 1006032, 422509, 2715010, 1882978, 333571, 1308016, 394718, 1126885, 817175, 1638853, 477954, 931914, 1866296, 804350, 1803704, 2648086, 1244490, 745773, 1046912, 704681, 855550, 898242, 793865, 1728443, 2059387, 1359102, 781183, 2427788, 1611573, 1648970, 1449783, 611460, 522668, 1690829, 736237, 901434, 1041268, 1174213, 304966, 2269818, 2284585, 550191, 417834, 617423, 1086640, 3607844, 946176, 1836827, 3658021, 1886951, 872156, 1029102, 924905, 880328, 1337809, 1341162, 3103764, 847742, 1221943, 1170298, 921583, 476065, 767965, 376847, 1077050, 2906438, 835288, 402315, 1438524, 878585, 1090067, 999634, 1520961, 1618521, 2157944, 935101, 1531872, 842639, 747791, 912397, 1558779, 994875, 380565, 830604, 2587278, 822876, 529035, 273975, 332351, 1138775, 726246, 1051583, 709493, 541807, 1094099, 234359, 1211379, 1374141, 699595, 543109, 806793, 3435366, 1031089, 2126619, 624935, 555240, 327100, 856568, 844201, 1574083, 898753, 804399, 1336742, 1043849]
Average: 1194703.8828125
Evaluated in 3830.15s

Running (μ + 1) w/ chm, μ = 12, p_c = 0.99, p_m = 0.000244140625 on RuggedOneMax(n = 4096)
Progress: 0 1 2 3 4 5 6 7 8 9 10 11 12 13 14 15 16 17 18 19 20 21 22 23 24 25 26 27 28 29 30 31 32 33 34 35 36 37 38 39 40 41 42 43 44 45 46 47 48 49 50 51 52 53 54 55 56 57 58 59 60 61 62 63 64 65 66 67 68 69 70 71 72 73 74 75 76 77 78 79 80 81 82 83 84 85 86 87 88 89 90 91 92 93 94 95 96 97 98 99 100 101 102 103 104 105 106 107 108 109 110 111 112 113 114 115 116 117 118 119 120 121 122 123 124 125 126 127
Runtimes: [92799, 98608, 141529, 88776, 71485, 113265, 109986, 89013, 84505, 81177, 77187, 93067, 104757, 94103, 90007, 90736, 114853, 106363, 87578, 101921, 100050, 111439, 93378, 96118, 84518, 103913, 88443, 87656, 79016, 93059, 83852, 89058, 78983, 97950, 93371, 151012, 88420, 105124, 89919, 90606, 102982, 104754, 88255, 99770, 90723, 90644, 78749, 111736, 88524, 96428, 97111, 103123, 78400, 88007, 92783, 82372, 97345, 89756, 103316, 90895, 101607, 86791, 116174, 81941, 79231, 114567, 84978, 94217, 91640, 85913, 111800, 123905, 99309, 94585, 74010, 89701, 103719, 79723, 101544, 89591, 72626, 79250, 141704, 91780, 92867, 93793, 88815, 104356, 90311, 103442, 104060, 86314, 79871, 105817, 87219, 99789, 132859, 87447, 116289, 87163, 79523, 90670, 76209, 96223, 82849, 107658, 98971, 106150, 95569, 83801, 86329, 73551, 94395, 102051, 93157, 79588, 86566, 90999, 96747, 84129, 86102, 100333, 98253, 101583, 106308, 77261, 94898, 89773]
Average: 94715.9140625
Evaluated in 728.56s

Running (μ + 1), μ = 45, p_c = 0.99, p_m = 0.00048828125 on RuggedOneMax(n = 2048)
Progress: 0 1 2 3 4 5 6 7 8 9 10 11 12 13 14 15 16 17 18 19 20 21 22 23 24 25 26 27 28 29 30 31 32 33 34 35 36 37 38 39 40 41 42 43 44 45 46 47 48 49 50 51 52 53 54 55 56 57 58 59 60 61 62 63 64 65 66 67 68 69 70 71 72 73 74 75 76 77 78 79 80 81 82 83 84 85 86 87 88 89 90 91 92 93 94 95 96 97 98 99 100 101 102 103 104 105 106 107 108 109 110 111 112 113 114 115 116 117 118 119 120 121 122 123 124 125 126 127
Runtimes: [81070, 129920, 114758, 87847, 85722, 125930, 77206, 70402, 103352, 87289, 58282, 62998, 168294, 72202, 88017, 64138, 151286, 111262, 80935, 91212, 70708, 93585, 62702, 111585, 70451, 75174, 119668, 105707, 101609, 137600, 118196, 133349, 76086, 73010, 92908, 79729, 80372, 146522, 74741, 77296, 79578, 139372, 57484, 86577, 98742, 70759, 85800, 127587, 175896, 82902, 120247, 86213, 89783, 114399, 75717, 94485, 86934, 75048, 108026, 53117, 87559, 78006, 74202, 78056, 86994, 111466, 114142, 99947, 79425, 209251, 153863, 106019, 59116, 67784, 103669, 70320, 74028, 75714, 109961, 198510, 118371, 94590, 125282, 93077, 78904, 91587, 119885, 101649, 63894, 101861, 98304, 127773, 107478, 133199, 175585, 91750, 131279, 107110, 54635, 65349, 133907, 89082, 69821, 93593, 113954, 105806, 140003, 136318, 75045, 81268, 101727, 72270, 89254, 85433, 112475, 136754, 94484, 88557, 111021, 126373, 143433, 82187, 106692, 69806, 103377, 105119, 72852, 122118]
Average: 99250.8515625
Evaluated in 161.15s

Running (μ + 1) w/ chm, μ = 45, p_c = 0.99, p_m = 0.00048828125 on RuggedOneMax(n = 2048)
Progress: 0 1 2 3 4 5 6 7 8 9 10 11 12 13 14 15 16 17 18 19 20 21 22 23 24 25 26 27 28 29 30 31 32 33 34 35 36 37 38 39 40 41 42 43 44 45 46 47 48 49 50 51 52 53 54 55 56 57 58 59 60 61 62 63 64 65 66 67 68 69 70 71 72 73 74 75 76 77 78 79 80 81 82 83 84 85 86 87 88 89 90 91 92 93 94 95 96 97 98 99 100 101 102 103 104 105 106 107 108 109 110 111 112 113 114 115 116 117 118 119 120 121 122 123 124 125 126 127
Runtimes: [47799, 49689, 48478, 50404, 57057, 43853, 47689, 42660, 43380, 47783, 45194, 47210, 43741, 46941, 53665, 42385, 61937, 55817, 39692, 47204, 41565, 41348, 42381, 59755, 61353, 45829, 39773, 48433, 66224, 50381, 48709, 40448, 41500, 45872, 63223, 43744, 53368, 51704, 48126, 50298, 46507, 48573, 54919, 58186, 41957, 56657, 47864, 43967, 38599, 60428, 60287, 49274, 41558, 49416, 46546, 44215, 45899, 46282, 49735, 44696, 42145, 42615, 46267, 53567, 52693, 45181, 46374, 64764, 45941, 43036, 48796, 43604, 41067, 42015, 52121, 48068, 48969, 41187, 40779, 47846, 53316, 52050, 44280, 47657, 47310, 56320, 54365, 45760, 43414, 51612, 46044, 53256, 50610, 47467, 62962, 51250, 37711, 42237, 40875, 48084, 65940, 49297, 49419, 57744, 45036, 52756, 54924, 44156, 46047, 56453, 44913, 45598, 47848, 43759, 41015, 60831, 56575, 46507, 43276, 60319, 50619, 45637, 55747, 50004, 48010, 47017, 45088, 48354]
Average: 48739.6953125
Evaluated in 819.40s

Running (μ + 1), μ = 64, p_c = 0.99, p_m = 0.000244140625 on RuggedOneMax(n = 4096)
Progress: 0 1 2 3 4 5 6 7 8 9 10 11 12 13 14 15 16 17 18 19 20 21 22 23 24 25 26 27 28 29 30 31 32 33 34 35 36 37 38 39 40 41 42 43 44 45 46 47 48 49 50 51 52 53 54 55 56 57 58 59 60 61 62 63 64 65 66 67 68 69 70 71 72 73 74 75 76 77 78 79 80 81 82 83 84 85 86 87 88 89 90 91 92 93 94 95 96 97 98 99 100 101 102 103 104 105 106 107 108 109 110 111 112 113 114 115 116 117 118 119 120 121 122 123 124 125 126 127
Runtimes: [160257, 199170, 245150, 218992, 268855, 243016, 461977, 154141, 133677, 204775, 257969, 186030, 329548, 153039, 294546, 256294, 173897, 168672, 229535, 232734, 229123, 350445, 246665, 250960, 230075, 261941, 347754, 149081, 269639, 242562, 209541, 256142, 300381, 245220, 170157, 338340, 329708, 263856, 287727, 267740, 245239, 231883, 201169, 176753, 150958, 205780, 150234, 206131, 248680, 287487, 186923, 142576, 149776, 192410, 250026, 211337, 252690, 212967, 443188, 294227, 182417, 390930, 286258, 213484, 131584, 184570, 191156, 210989, 340705, 218186, 261976, 277007, 198605, 248251, 146206, 365836, 134342, 235229, 265065, 156314, 211688, 174206, 265951, 286832, 302009, 216468, 165282, 190358, 212476, 314180, 250297, 190458, 184196, 183710, 225749, 212088, 244389, 251013, 251706, 269666, 220460, 188951, 230981, 159570, 268423, 197816, 189212, 152368, 195541, 378104, 185683, 264442, 203576, 198582, 144826, 201847, 251175, 206472, 211938, 253252, 230978, 127572, 172384, 212809, 272593, 153201, 181052, 187071]
Average: 229238.09375
Evaluated in 749.10s

Running (μ + 1) w/ chm, μ = 64, p_c = 0.99, p_m = 0.000244140625 on RuggedOneMax(n = 4096)
Progress: 0 1 2 3 4 5 6 7 8 9 10 11 12 13 14 15 16 17 18 19 20 21 22 23 24 25 26 27 28 29 30 31 32 33 34 35 36 37 38 39 40 41 42 43 44 45 46 47 48 49 50 51 52 53 54 55 56 57 58 59 60 61 62 63 64 65 66 67 68 69 70 71 72 73 74 75 76 77 78 79 80 81 82 83 84 85 86 87 88 89 90 91 92 93 94 95 96 97 98 99 100 101 102 103 104 105 106 107 108 109 110 111 112 113 114 115 116 117 118 119 120 121 122 123 124 125 126 127
Runtimes: [108000, 117965, 118595, 132650, 114089, 104230, 104843, 120583, 119540, 120465, 108834, 119141, 106845, 119606, 105409, 105756, 99007, 127356, 114475, 106316, 122123, 113628, 118887, 113560, 115865, 98911, 102419, 127779, 106452, 105800, 131842, 112490, 96157, 124324, 116379, 109370, 147858, 119110, 110567, 115372, 112047, 130020, 125466, 111304, 159735, 96749, 135641, 102569, 120814, 112976, 109376, 91545, 110094, 109842, 97119, 99118, 103215, 114832, 116188, 115841, 103380, 122265, 97024, 111536, 142776, 115284, 111342, 104158, 96383, 133251, 102968, 93532, 92639, 115701, 113878, 113024, 127495, 119194, 94081, 101854, 105083, 111464, 106050, 125304, 99234, 137682, 104948, 115459, 99327, 116757, 94929, 100821, 105109, 106319, 115404, 102150, 104345, 101868, 111215, 112221, 106049, 105899, 124119, 101392, 109976, 108287, 96782, 123430, 97325, 118160, 108075, 116367, 88967, 102666, 106358, 103738, 104859, 98351, 118021, 112379, 144805, 94765, 109665, 109049, 111445, 109476, 108290, 111642]
Average: 111678.75
Evaluated in 6682.00s

Running (μ + 1), μ = 90, p_c = 0.99, p_m = 0.0001220703125 on RuggedOneMax(n = 8192)
Progress: 0 1 2 3 4 5 6 7 8 9 10 11 12 13 14 15 16 17 18 19 20 21 22 23 24 25 26 27 28 29 30 31 32 33 34 35 36 37 38 39 40 41 42 43 44 45 46 47 48 49 50 51 52 53 54 55 56 57 58 59 60 61 62 63 64 65 66 67 68 69 70 71 72 73 74 75 76 77 78 79 80 81 82 83 84 85 86 87 88 89 90 91 92 93 94 95 96 97 98 99 100 101 102 103 104 105 106 107 108 109 110 111 112 113 114 115 116 117 118 119 120 121 122 123 124 125 126 127
Runtimes: [547595, 661313, 515776, 470036, 628257, 629868, 458177, 454817, 415349, 625428, 705693, 564195, 1173503, 507952, 729169, 849958, 461565, 909923, 525716, 567749, 390180, 530774, 501110, 450525, 388031, 999269, 913348, 556996, 389443, 685743, 676878, 522504, 615314, 922815, 660780, 513886, 660802, 753417, 500593, 414070, 1024034, 483481, 534640, 734534, 491476, 511109, 540600, 553014, 353266, 652166, 1071900, 577520, 603497, 883029, 651727, 616112, 744955, 461745, 912545, 460006, 432331, 400624, 447481, 396937, 429922, 426555, 503334, 492797, 431292, 525227, 565037, 540545, 674791, 496825, 725393, 565504, 791150, 539390, 547865, 621875, 598641, 469703, 853848, 422239, 849795, 669109, 373761, 470101, 424018, 669707, 378352, 544097, 457974, 527159, 787617, 597932, 607540, 511642, 508912, 514676, 768300, 571412, 442178, 589085, 755042, 632254, 521708, 429395, 523835, 393802, 643763, 474068, 500522, 509105, 990485, 992447, 461648, 519438, 509434, 525600, 548697, 571692, 887161, 353019, 549855, 472259, 384602, 482005]
Average: 586752.984375
Evaluated in 3966.47s

log2(n)
Running (μ + 1) w/ chm, μ = 13, p_c = 0.99, p_m = 0.0001220703125 on RuggedOneMax(n = 8192)
Progress: 0 1 2 3 4 5 6 7 8 9 10 11 12 13 14 15 16 17 18 19 20 21 22 23 24 25 26 27 28 29 30 31 32 33 34 35 36 37 38 39 40 41 42 43 44 45 46 47 48 49 50 51 52 53 54 55 56 57 58 59 60 61 62 63 64 65 66 67 68 69 70 71 72 73 74 75 76 77 78 79 80 81 82 83 84 85 86 87 88 89 90 91 92 93 94 95 96 97 98 99 100 101 102 103 104 105 106 107 108 109 110 111 112 113 114 115 116 117 118 119 120 121 122 123 124 125 126 127
Runtimes: [183094, 212438, 174428, 180470, 201237, 186796, 179430, 198456, 184022, 193144, 184539, 210070, 209396, 248832, 188802, 226954, 243345, 180279, 186956, 171500, 186853, 192626, 203668, 185402, 204576, 220536, 189349, 289924, 214853, 178353, 213703, 193283, 178378, 190645, 203246, 168057, 197224, 206143, 211173, 182345, 214116, 283482, 185639, 238962, 220198, 178340, 192977, 193614, 194690, 168159, 209080, 176151, 214018, 202793, 166174, 251011, 194663, 183223, 184167, 182356, 180379, 205467, 222576, 201457, 206258, 225490, 203734, 209318, 257544, 194779, 172596, 239523, 182195, 242389, 219365, 179424, 189390, 199330, 216791, 207868, 190074, 193430, 181765, 211072, 187757, 169820, 206528, 198444, 240027, 178549, 214410, 205280, 230854, 180597, 210227, 174755, 170326, 201129, 214760, 167425, 189378, 243399, 210540, 235242, 189505, 240785, 201411, 200197, 225832, 171935, 186527, 194572, 202397, 200740, 180991, 233435, 219328, 197877, 252205, 214234, 275597, 184353, 208109, 207317, 240016, 185771, 216831, 166404]
Average: 202706
Evaluated in 3496.94s
