Running (1 + (λ, λ)), λ = 2, c = 0.5 on RuggedOneMax(n = 32)
Progress: 0 1 2 3 4 5 6 7 8 9 10 11 12 13 14 15 16 17 18 19 20 21 22 23 24 25 26 27 28 29 30 31 32 33 34 35 36 37 38 39 40 41 42 43 44 45 46 47 48 49 50 51 52 53 54 55 56 57 58 59 60 61 62 63 64 65 66 67 68 69 70 71 72 73 74 75 76 77 78 79 80 81 82 83 84 85 86 87 88 89 90 91 92 93 94 95 96 97 98 99 100 101 102 103 104 105 106 107 108 109 110 111 112 113 114 115 116 117 118 119 120 121 122 123 124 125 126 127
Runtimes: [789, 2802, 523, 4708, 1053, 1530, 199, 1304, 5005, 565, 1182, 745, 1206, 1456, 1127, 1915, 423, 330, 588, 842, 4945, 1853, 1798, 1896, 733, 1038, 1412, 1906, 1574, 3239, 3429, 445, 767, 367, 3907, 6586, 6750, 1373, 784, 1048, 365, 2155, 1232, 3081, 9881, 226, 1637, 6540, 305, 1600, 1298, 826, 3769, 585, 865, 2224, 7955, 561, 5229, 2829, 786, 1093, 709, 917, 981, 1630, 799, 3120, 2212, 1578, 639, 790, 1897, 569, 1735, 2642, 1277, 2059, 1182, 4416, 2168, 1015, 2474, 519, 2389, 2112, 217, 358, 1221, 1177, 1737, 1315, 3218, 4410, 7061, 430, 676, 1375, 1110, 1057, 905, 2669, 1452, 206, 3102, 1660, 2018, 1885, 813, 636, 558, 804, 2762, 2740, 871, 1921, 1650, 1802, 1103, 5150, 3642, 613, 552, 1275, 3182, 1143, 3056, 1003]
Average: 1902.71875
Evaluated in 133.00ms

Running (1 + (λ, λ)), λ = 2, c = 0.5 on RuggedOneMax(n = 64)
Progress: 0 1 2 3 4 5 6 7 8 9 10 11 12 13 14 15 16 17 18 19 20 21 22 23 24 25 26 27 28 29 30 31 32 33 34 35 36 37 38 39 40 41 42 43 44 45 46 47 48 49 50 51 52 53 54 55 56 57 58 59 60 61 62 63 64 65 66 67 68 69 70 71 72 73 74 75 76 77 78 79 80 81 82 83 84 85 86 87 88 89 90 91 92 93 94 95 96 97 98 99 100 101 102 103 104 105 106 107 108 109 110 111 112 113 114 115 116 117 118 119 120 121 122 123 124 125 126 127
Runtimes: [16259, 1745, 4372, 8684, 4352, 30835, 3225, 16587, 5651, 6341, 5303, 4639, 5197, 11697, 11617, 33981, 5179, 6668, 12424, 9142, 6598, 3419, 18326, 3055, 13198, 13653, 7514, 5383, 5785, 11152, 4667, 8361, 1043, 35725, 2442, 1440, 5244, 7246, 7485, 6040, 4991, 1683, 2327, 20535, 9458, 6823, 8460, 39060, 3748, 9055, 4357, 1295, 2932, 2968, 1656, 11111, 6694, 10860, 3587, 8675, 9770, 19255, 13331, 4544, 32185, 2396, 6329, 18421, 2468, 5649, 5465, 14978, 18937, 5464, 11876, 14189, 6699, 14259, 4925, 3962, 8867, 3474, 18937, 2873, 15599, 15040, 2315, 3238, 7958, 1623, 11895, 5697, 24518, 4591, 2672, 2328, 6513, 4883, 2631, 13330, 8684, 2544, 3122, 4088, 6725, 1765, 4544, 12905, 11069, 8188, 5407, 2391, 13993, 11947, 3745, 8464, 6322, 8197, 1883, 2736, 22434, 1628, 23956, 4122, 10057, 1987, 7873, 11653]
Average: 8737.984375
Evaluated in 1.05s

Running (1 + (λ, λ)), λ = 2, c = 0.5 on RuggedOneMax(n = 128)
Progress: 0 1 2 3 4 5 6 7 8 9 10 11 12 13 14 15 16 17 18 19 20 21 22 23 24 25 26 27 28 29 30 31 32 33 34 35 36 37 38 39 40 41 42 43 44 45 46 47 48 49 50 51 52 53 54 55 56 57 58 59 60 61 62 63 64 65 66 67 68 69 70 71 72 73 74 75 76 77 78 79 80 81 82 83 84 85 86 87 88 89 90 91 92 93 94 95 96 97 98 99 100 101 102 103 104 105 106 107 108 109 110 111 112 113 114 115 116 117 118 119 120 121 122 123 124 125 126 127
Runtimes: [15930, 9741, 26448, 17730, 51588, 22219, 20706, 46443, 78853, 39752, 30640, 9304, 17110, 15459, 24096, 78090, 34795, 17185, 101639, 90876, 28657, 15562, 16485, 14308, 20379, 29689, 13931, 5986, 21536, 33543, 22487, 17672, 49444, 38807, 15788, 13235, 22823, 16890, 68083, 28863, 53945, 14648, 16485, 29104, 24650, 19822, 16431, 15504, 8135, 9228, 45594, 67141, 77152, 41761, 60439, 18449, 6647, 12394, 31974, 46108, 30952, 63062, 23411, 36582, 22845, 32759, 28244, 30389, 26924, 27589, 35949, 56761, 20183, 27336, 35699, 22109, 12029, 34388, 37133, 12918, 60899, 35699, 18446, 53397, 63345, 12214, 48440, 97565, 15629, 49770, 11603, 39387, 24190, 42444, 40515, 12381, 32048, 9147, 28495, 36305, 3030, 8367, 17141, 31440, 13707, 56078, 30138, 25720, 30129, 16980, 36128, 18152, 176191, 3919, 10897, 29586, 33461, 44221, 33528, 16409, 67673, 54963, 57326, 17652, 9069, 31810, 24626, 25535]
Average: 32276.875
Evaluated in 7.28s

Running (1 + (λ, λ)), λ = 2, c = 0.5 on RuggedOneMax(n = 256)
Progress: 0 1 2 3 4 5 6 7 8 9 10 11 12 13 14 15 16 17 18 19 20 21 22 23 24 25 26 27 28 29 30 31 32 33 34 35 36 37 38 39 40 41 42 43 44 45 46 47 48 49 50 51 52 53 54 55 56 57 58 59 60 61 62 63 64 65 66 67 68 69 70 71 72 73 74 75 76 77 78 79 80 81 82 83 84 85 86 87 88 89 90 91 92 93 94 95 96 97 98 99 100 101 102 103 104 105 106 107 108 109 110 111 112 113 114 115 116 117 118 119 120 121 122 123 124 125 126 127
Runtimes: [374937, 75372, 287566, 318462, 120126, 69579, 42919, 50728, 216964, 90395, 102726, 139162, 235579, 85950, 54530, 128616, 208116, 188240, 145407, 101178, 95784, 230316, 220588, 108123, 190701, 294228, 85423, 114810, 225527, 60268, 159832, 70501, 61292, 155769, 37554, 42866, 111934, 109645, 85681, 111881, 66068, 14227, 340916, 47693, 80694, 84048, 96711, 39067, 113680, 55514, 143926, 57325, 94726, 261674, 115828, 658395, 118619, 33350, 37009, 202242, 163314, 117832, 113854, 44905, 79133, 155723, 92042, 322963, 73780, 195188, 181849, 308290, 20533, 202904, 175687, 83438, 115049, 27272, 390908, 95135, 256600, 191457, 63995, 188478, 101835, 194357, 89912, 106152, 164966, 94680, 252123, 155230, 142562, 87615, 427987, 39609, 25598, 144052, 142353, 656275, 289221, 211436, 70352, 59328, 62487, 73356, 357610, 147420, 122973, 80296, 129560, 160252, 56263, 39180, 211033, 87100, 62904, 136357, 233162, 29226, 56612, 44362, 187409, 193446, 208680, 217444, 59800, 87287]
Average: 143993.578125
Evaluated in 59.29s

Running (1 + (λ, λ)), λ = 3, c = 0.3333333333333333 on RuggedOneMax(n = 512)
Progress: 0 1 2 3 4 5 6 7 8 9 10 11 12 13 14 15 16 17 18 19 20 21 22 23 24 25 26 27 28 29 30 31 32 33 34 35 36 37 38 39 40 41 42 43 44 45 46 47 48 49 50 51 52 53 54 55 56 57 58 59 60 61 62 63 64 65 66 67 68 69 70 71 72 73 74 75 76 77 78 79 80 81 82 83 84 85 86 87 88 89 90 91 92 93 94 95 96 97 98 99 100 101 102 103 104 105 106 107 108 109 110 111 112 113 114 115 116 117 118 119 120 121 122 123 124 125 126 127
Runtimes: [436771, 212797, 519530, 356446, 243697, 193798, 425992, 276812, 112283, 56622, 145576, 188657, 221007, 213772, 376780, 89762, 774930, 193468, 182874, 759194, 92556, 308565, 415302, 831303, 150899, 780181, 52058, 828816, 214143, 264977, 227221, 456340, 83547, 260341, 289736, 494187, 639227, 308682, 353608, 782404, 91272, 389636, 203895, 276264, 540656, 81042, 327079, 142501, 474520, 674536, 162580, 107742, 370594, 507080, 189994, 110953, 978244, 217686, 333609, 128650, 307135, 147365, 157558, 816894, 244375, 402153, 99759, 103970, 219000, 251895, 245509, 316738, 185763, 81899, 333300, 450534, 172887, 179984, 328255, 321317, 609599, 505647, 219868, 319344, 246577, 169433, 237972, 167902, 448934, 210012, 412339, 136236, 211062, 218148, 362143, 181578, 338369, 194133, 244409, 206224, 273711, 239539, 324643, 179923, 389694, 901296, 276246, 337081, 364385, 306409, 496852, 133360, 476145, 502426, 422290, 101860, 322177, 542181, 257938, 601532, 168835, 196540, 306799, 281526, 264541, 332880, 868322, 130409]
Average: 321321.5078125
Evaluated in 404.11s


log2(n)
Running (1 + (λ, λ)), λ = 5, c = 0.2 on RuggedOneMax(n = 32)
Progress: 0 1 2 3 4 5 6 7 8 9 10 11 12 13 14 15 16 17 18 19 20 21 22 23 24 25 26 27 28 29 30 31 32 33 34 35 36 37 38 39 40 41 42 43 44 45 46 47 48 49 50 51 52 53 54 55 56 57 58 59 60 61 62 63 64 65 66 67 68 69 70 71 72 73 74 75 76 77 78 79 80 81 82 83 84 85 86 87 88 89 90 91 92 93 94 95 96 97 98 99 100 101 102 103 104 105 106 107 108 109 110 111 112 113 114 115 116 117 118 119 120 121 122 123 124 125 126 127
Runtimes: [558, 289, 313, 442, 657, 164, 928, 541, 520, 395, 376, 2301, 821, 281, 535, 159, 343, 646, 1840, 419, 265, 1304, 260, 386, 3140, 799, 235, 213, 531, 403, 423, 663, 886, 161, 408, 580, 72, 1930, 1619, 98, 321, 773, 1965, 599, 280, 939, 621, 357, 1039, 276, 3733, 348, 904, 756, 871, 138, 243, 421, 3767, 110, 756, 371, 446, 182, 869, 777, 216, 386, 869, 428, 1212, 451, 1562, 495, 158, 768, 673, 259, 371, 418, 380, 369, 1268, 566, 327, 3909, 1032, 150, 1614, 385, 133, 758, 1639, 726, 288, 262, 281, 573, 1059, 780, 719, 381, 743, 220, 1720, 300, 270, 105, 1756, 417, 1307, 190, 595, 574, 1283, 220, 206, 422, 582, 625, 214, 194, 1090, 1247, 581, 593, 179, 736]
Average: 710.9375
Evaluated in 138.94ms

sqrt(n)
Running (1 + (λ, λ)), λ = 5, c = 0.2 on RuggedOneMax(n = 32)
Progress: 0 1 2 3 4 5 6 7 8 9 10 11 12 13 14 15 16 17 18 19 20 21 22 23 24 25 26 27 28 29 30 31 32 33 34 35 36 37 38 39 40 41 42 43 44 45 46 47 48 49 50 51 52 53 54 55 56 57 58 59 60 61 62 63 64 65 66 67 68 69 70 71 72 73 74 75 76 77 78 79 80 81 82 83 84 85 86 87 88 89 90 91 92 93 94 95 96 97 98 99 100 101 102 103 104 105 106 107 108 109 110 111 112 113 114 115 116 117 118 119 120 121 122 123 124 125 126 127
Runtimes: [939, 944, 602, 1096, 212, 1361, 862, 915, 2790, 1040, 377, 1248, 276, 442, 492, 993, 1000, 1177, 1212, 1388, 490, 545, 355, 247, 764, 521, 124, 396, 307, 1206, 960, 559, 769, 838, 1871, 139, 872, 455, 249, 2577, 984, 453, 708, 657, 329, 274, 593, 332, 446, 412, 545, 533, 219, 230, 531, 260, 1282, 378, 850, 337, 1066, 1267, 364, 641, 429, 1781, 617, 1096, 2733, 1158, 302, 696, 485, 415, 290, 327, 193, 1054, 362, 195, 529, 375, 477, 1249, 399, 1272, 590, 451, 879, 1047, 1211, 503, 736, 745, 676, 658, 143, 1079, 656, 1394, 981, 1094, 1125, 579, 1169, 583, 2179, 657, 991, 1015, 237, 182, 1589, 278, 1273, 1275, 1275, 1271, 599, 489, 506, 301, 1012, 617, 785, 537, 1974, 444]
Average: 777.5
Evaluated in 125.46ms


log2(n)
Running (1 + (λ, λ)), λ = 6, c = 0.16666666666666666 on RuggedOneMax(n = 64)
Progress: 0 1 2 3 4 5 6 7 8 9 10 11 12 13 14 15 16 17 18 19 20 21 22 23 24 25 26 27 28 29 30 31 32 33 34 35 36 37 38 39 40 41 42 43 44 45 46 47 48 49 50 51 52 53 54 55 56 57 58 59 60 61 62 63 64 65 66 67 68 69 70 71 72 73 74 75 76 77 78 79 80 81 82 83 84 85 86 87 88 89 90 91 92 93 94 95 96 97 98 99 100 101 102 103 104 105 106 107 108 109 110 111 112 113 114 115 116 117 118 119 120 121 122 123 124 125 126 127
Runtimes: [2776, 4541, 2185, 5377, 2552, 5300, 1782, 2295, 1529, 5215, 1391, 4131, 1295, 1784, 2087, 716, 469, 2735, 576, 1348, 2584, 1311, 2888, 863, 2917, 2584, 2732, 652, 2496, 988, 3253, 1401, 9590, 10255, 2094, 7331, 1827, 1790, 1247, 3883, 2594, 2337, 890, 2163, 1599, 1133, 1491, 1727, 614, 1616, 3144, 1229, 498, 1108, 4013, 1559, 13841, 4270, 816, 7621, 1439, 1415, 4895, 705, 1783, 2632, 2117, 3470, 4399, 333, 3316, 3294, 1876, 883, 1057, 3080, 1621, 3863, 417, 1745, 1400, 1841, 3314, 552, 1204, 1818, 2185, 1400, 3241, 1529, 2265, 1050, 3587, 1243, 3400, 2842, 2887, 1905, 1815, 1740, 1495, 1205, 4668, 2829, 2413, 4676, 1862, 1281, 1657, 3036, 1110, 249, 1524, 1070, 331, 1318, 955, 2384, 1579, 3932, 8211, 602, 1863, 7445, 1997, 786, 3676, 9711]
Average: 2550.4375
Evaluated in 899.11ms

sqrt(n)
Running (1 + (λ, λ)), λ = 8, c = 0.125 on RuggedOneMax(n = 64)
Progress: 0 1 2 3 4 5 6 7 8 9 10 11 12 13 14 15 16 17 18 19 20 21 22 23 24 25 26 27 28 29 30 31 32 33 34 35 36 37 38 39 40 41 42 43 44 45 46 47 48 49 50 51 52 53 54 55 56 57 58 59 60 61 62 63 64 65 66 67 68 69 70 71 72 73 74 75 76 77 78 79 80 81 82 83 84 85 86 87 88 89 90 91 92 93 94 95 96 97 98 99 100 101 102 103 104 105 106 107 108 109 110 111 112 113 114 115 116 117 118 119 120 121 122 123 124 125 126 127
Runtimes: [732, 1265, 1149, 1310, 1118, 6294, 1733, 1697, 2941, 5880, 2767, 1419, 1130, 2878, 5236, 1189, 1264, 1335, 906, 2674, 571, 2920, 772, 476, 1111, 565, 632, 3252, 826, 620, 1128, 679, 910, 2077, 2087, 1629, 1007, 1303, 1929, 3523, 2192, 1827, 1289, 2333, 5392, 941, 1108, 4228, 1045, 1039, 626, 1694, 1832, 480, 3259, 756, 831, 1525, 4793, 1454, 2678, 281, 1127, 1792, 1703, 1239, 848, 3337, 612, 1162, 3044, 789, 1272, 1392, 1454, 95, 1041, 621, 1154, 1951, 6107, 3086, 1055, 1862, 1453, 1225, 951, 1252, 1328, 3228, 807, 3085, 3317, 875, 4764, 2788, 1125, 2266, 1550, 4927, 1202, 5097, 521, 3271, 5938, 902, 928, 1177, 3136, 2019, 2613, 1489, 2314, 1327, 1864, 3135, 1220, 501, 1624, 2873, 2643, 1952, 548, 865, 1900, 376, 868, 933]
Average: 1870.7578125
Evaluated in 826.79ms


log2(n)
Running (1 + (λ, λ)), λ = 7, c = 0.14285714285714285 on RuggedOneMax(n = 128)
Progress: 0 1 2 3 4 5 6 7 8 9 10 11 12 13 14 15 16 17 18 19 20 21 22 23 24 25 26 27 28 29 30 31 32 33 34 35 36 37 38 39 40 41 42 43 44 45 46 47 48 49 50 51 52 53 54 55 56 57 58 59 60 61 62 63 64 65 66 67 68 69 70 71 72 73 74 75 76 77 78 79 80 81 82 83 84 85 86 87 88 89 90 91 92 93 94 95 96 97 98 99 100 101 102 103 104 105 106 107 108 109 110 111 112 113 114 115 116 117 118 119 120 121 122 123 124 125 126 127
Runtimes: [7180, 13951, 5009, 5544, 2100, 17884, 22386, 12248, 23249, 4265, 2170, 10291, 2754, 5074, 16427, 3782, 8166, 11171, 19140, 5300, 4977, 9136, 4981, 13243, 16681, 11733, 3283, 4499, 11272, 22023, 13940, 7156, 7314, 9199, 9565, 3718, 8417, 1546, 2260, 6692, 9848, 962, 28240, 1884, 3363, 3529, 2414, 4060, 4627, 13101, 2907, 14026, 11090, 9410, 14864, 8532, 4296, 8680, 6823, 7012, 7155, 7511, 4508, 13039, 17235, 7563, 13597, 3893, 5464, 2714, 12557, 28621, 3896, 2308, 10865, 6921, 3602, 14920, 12198, 4186, 9710, 5753, 3458, 4588, 7828, 6038, 11499, 7458, 8728, 4324, 19789, 8059, 13400, 3281, 6691, 13955, 10641, 4881, 5054, 3972, 5992, 8996, 8358, 5860, 7411, 9038, 2200, 3244, 20595, 4655, 4153, 13914, 9248, 4297, 12577, 7047, 10308, 18122, 8687, 10637, 12398, 12645, 4594, 21099, 5993, 11660, 4050, 2850]
Average: 8764.703125
Evaluated in 6.77s

sqrt(n)
Running (1 + (λ, λ)), λ = 11, c = 0.09090909090909091 on RuggedOneMax(n = 128)
Progress: 0 1 2 3 4 5 6 7 8 9 10 11 12 13 14 15 16 17 18 19 20 21 22 23 24 25 26 27 28 29 30 31 32 33 34 35 36 37 38 39 40 41 42 43 44 45 46 47 48 49 50 51 52 53 54 55 56 57 58 59 60 61 62 63 64 65 66 67 68 69 70 71 72 73 74 75 76 77 78 79 80 81 82 83 84 85 86 87 88 89 90 91 92 93 94 95 96 97 98 99 100 101 102 103 104 105 106 107 108 109 110 111 112 113 114 115 116 117 118 119 120 121 122 123 124 125 126 127
Runtimes: [3495, 10882, 4679, 1219, 12887, 3857, 3700, 4097, 5272, 2845, 13717, 3962, 5478, 3434, 3504, 10639, 4343, 3350, 9621, 4580, 2707, 1158, 1993, 11838, 2222, 8462, 3099, 4246, 4058, 4907, 4293, 2168, 3198, 6423, 4020, 4464, 936, 3225, 2344, 7740, 13299, 7391, 3641, 7476, 12647, 2440, 1042, 2786, 4095, 5499, 23811, 11974, 3550, 1953, 1808, 1556, 2285, 11814, 9997, 1575, 6930, 7352, 4881, 12539, 1373, 14786, 8860, 5865, 4117, 8514, 12076, 4255, 840, 3502, 7983, 3321, 1152, 4655, 2281, 9608, 3674, 1574, 2618, 3622, 3042, 14450, 881, 2146, 4409, 5198, 6369, 1761, 7415, 2746, 2129, 1505, 1690, 3130, 2545, 2222, 8945, 5341, 2081, 3165, 7160, 3625, 2660, 6628, 21409, 10482, 1674, 2718, 4218, 8747, 1676, 1335, 2302, 18847, 4877, 2744, 8151, 15098, 10614, 7252, 14069, 2812, 2966, 3621]
Average: 5569.796875
Evaluated in 6.62s


log2(n)
Running (1 + (λ, λ)), λ = 8, c = 0.125 on RuggedOneMax(n = 256)
Progress: 0 1 2 3 4 5 6 7 8 9 10 11 12 13 14 15 16 17 18 19 20 21 22 23 24 25 26 27 28 29 30 31 32 33 34 35 36 37 38 39 40 41 42 43 44 45 46 47 48 49 50 51 52 53 54 55 56 57 58 59 60 61 62 63 64 65 66 67 68 69 70 71 72 73 74 75 76 77 78 79 80 81 82 83 84 85 86 87 88 89 90 91 92 93 94 95 96 97 98 99 100 101 102 103 104 105 106 107 108 109 110 111 112 113 114 115 116 117 118 119 120 121 122 123 124 125 126 127
Runtimes: [26457, 19250, 33691, 16039, 25320, 53634, 31693, 56735, 22559, 18584, 11497, 56297, 24059, 10796, 34166, 36381, 24578, 14057, 31400, 10505, 24346, 20389, 14806, 52843, 7488, 30205, 26113, 100850, 13715, 15057, 35569, 17667, 39196, 7621, 34967, 12696, 10597, 20234, 15156, 88551, 21742, 10977, 24572, 67292, 37597, 19871, 27899, 48606, 26441, 35283, 18822, 25022, 14320, 33490, 15946, 22343, 9219, 4996, 9090, 17656, 19859, 20180, 117824, 31969, 44886, 26995, 99328, 28727, 43413, 17602, 22082, 12540, 7647, 62203, 40161, 36597, 11566, 46116, 80420, 23011, 21950, 7142, 87960, 43999, 28066, 34283, 9906, 32620, 9407, 39771, 44484, 8436, 26049, 6559, 22462, 41341, 19275, 5959, 7200, 44799, 39436, 43854, 21624, 79891, 6639, 40707, 19786, 21623, 5998, 15665, 21748, 60167, 69858, 22523, 31974, 37880, 8134, 10762, 33680, 30808, 31784, 49431, 29400, 65148, 40948, 21841, 22015, 53660]
Average: 30536.921875
Evaluated in 50.33s

sqrt(n)
Running (1 + (λ, λ)), λ = 16, c = 0.0625 on RuggedOneMax(n = 256)
Progress: 0 1 2 3 4 5 6 7 8 9 10 11 12 13 14 15 16 17 18 19 20 21 22 23 24 25 26 27 28 29 30 31 32 33 34 35 36 37 38 39 40 41 42 43 44 45 46 47 48 49 50 51 52 53 54 55 56 57 58 59 60 61 62 63 64 65 66 67 68 69 70 71 72 73 74 75 76 77 78 79 80 81 82 83 84 85 86 87 88 89 90 91 92 93 94 95 96 97 98 99 100 101 102 103 104 105 106 107 108 109 110 111 112 113 114 115 116 117 118 119 120 121 122 123 124 125 126 127
Runtimes: [3680, 6244, 41868, 18050, 14824, 20230, 5712, 7832, 21440, 17090, 6336, 20771, 13799, 16208, 27267, 5051, 31550, 4904, 23213, 3419, 6711, 12782, 15146, 4627, 25327, 15420, 5204, 2887, 48593, 7548, 21337, 24636, 5021, 13880, 10385, 20357, 3362, 18200, 9180, 15243, 21585, 7428, 15186, 17460, 20927, 6457, 28223, 43471, 7463, 28740, 11760, 13122, 19075, 5984, 11361, 41314, 7229, 16576, 23106, 33439, 18629, 9173, 45476, 15143, 4970, 3471, 21389, 46801, 17713, 35827, 10560, 11303, 17436, 19274, 8090, 8603, 9554, 15867, 4229, 5093, 10194, 10614, 27868, 13847, 29941, 12932, 28932, 21475, 19973, 4745, 10692, 9057, 36564, 8249, 13275, 10869, 19233, 6747, 12604, 26331, 3593, 36020, 35470, 17715, 2822, 12181, 21392, 1974, 16830, 9411, 9011, 11729, 19332, 28949, 11672, 3450, 14718, 33706, 35333, 19179, 24846, 20154, 10162, 6589, 4232, 21023, 17251, 12101]
Average: 16397.09375
Evaluated in 55.01s


log2(n)
Running (1 + (λ, λ)), λ = 9, c = 0.1111111111111111 on RuggedOneMax(n = 512)
Progress: 0 1 2 3 4 5 6 7 8 9 10 11 12 13 14 15 16 17 18 19 20 21 22 23 24 25 26 27 28 29 30 31 32 33 34 35 36 37 38 39 40 41 42 43 44 45 46 47 48 49 50 51 52 53 54 55 56 57 58 59 60 61 62 63 64 65 66 67 68 69 70 71 72 73 74 75 76 77 78 79 80 81 82 83 84 85 86 87 88 89 90 91 92 93 94 95 96 97 98 99 100 101 102 103 104 105 106 107 108 109 110 111 112 113 114 115 116 117 118 119 120 121 122 123 124 125 126 127
Runtimes: [51028, 30797, 136689, 44777, 26373, 212831, 53690, 112301, 156575, 57132, 78538, 50552, 224828, 257143, 107451, 74655, 55127, 167713, 79876, 161186, 125270, 230121, 37059, 267150, 25732, 66132, 422494, 106201, 307329, 74786, 28202, 37679, 93406, 173264, 93316, 72825, 61336, 303673, 39510, 153628, 23435, 128438, 108286, 74585, 42363, 130562, 129117, 102384, 284684, 112748, 47976, 168365, 66785, 90769, 39324, 42718, 148496, 179435, 44760, 227557, 45497, 51536, 93872, 96503, 188497, 228246, 69575, 167189, 56040, 43806, 82575, 151015, 84855, 42445, 34002, 159315, 175680, 185560, 347066, 64945, 39439, 63309, 47729, 36204, 72453, 132435, 51953, 147170, 94347, 50676, 54930, 80857, 90041, 76265, 56196, 91187, 144386, 155913, 47484, 59595, 68741, 290501, 51398, 34303, 34355, 108731, 52866, 38669, 83451, 62544, 116104, 85238, 53801, 103103, 20792, 60975, 132830, 181303, 18989, 66078, 70247, 32968, 151418, 103428, 83955, 70773, 146251, 259187]
Average: 106210.5390625
Evaluated in 401.59s

sqrt(n)
Running (1 + (λ, λ)), λ = 22, c = 0.045454545454545456 on RuggedOneMax(n = 512)
Progress: 0 1 2 3 4 5 6 7 8 9 10 11 12 13 14 15 16 17 18 19 20 21 22 23 24 25 26 27 28 29 30 31 32 33 34 35 36 37 38 39 40 41 42 43 44 45 46 47 48 49 50 51 52 53 54 55 56 57 58 59 60 61 62 63 64 65 66 67 68 69 70 71 72 73 74 75 76 77 78 79 80 81 82 83 84 85 86 87 88 89 90 91 92 93 94 95 96 97 98 99 100 101 102 103 104 105 106 107 108 109 110 111 112 113 114 115 116 117 118 119 120 121 122 123 124 125 126 127
Runtimes: [97440, 79050, 42454, 38761, 42469, 62268, 51542, 27341, 37566, 11789, 86952, 24868, 98274, 144077, 17933, 25717, 26328, 42638, 43685, 59543, 31038, 92010, 24373, 83113, 18812, 188686, 29554, 25429, 15934, 35461, 37169, 20900, 14449, 11606, 99597, 57428, 6084, 71910, 21766, 20870, 33075, 50762, 24641, 48217, 63428, 26614, 42410, 129661, 41048, 14243, 11262, 101558, 41377, 28265, 10308, 17802, 112722, 31916, 32249, 41369, 42831, 151615, 13038, 71479, 32876, 20558, 53125, 24911, 37254, 23123, 70346, 73567, 11681, 9912, 41607, 13805, 16232, 18964, 57827, 54529, 15738, 110163, 19314, 11464, 32277, 18622, 158675, 17556, 41084, 62872, 59868, 67758, 67280, 75015, 32946, 34919, 80381, 27397, 14623, 37919, 23209, 53208, 35602, 29989, 64902, 41499, 25783, 10864, 40148, 20815, 66556, 25818, 46587, 27077, 34777, 30505, 56748, 82753, 49440, 195343, 41600, 61339, 46944, 120545, 11318, 31690, 102115, 21571]
Average: 47607.0859375
Evaluated in 439.45s

sqrt(log2(n))
Running (1 + (λ, λ)), λ = 2, c = 0.5 on RuggedOneMax(n = 32)
Progress: 0 1 2 3 4 5 6 7 8 9 10 11 12 13 14 15 16 17 18 19 20 21 22 23 24 25 26 27 28 29 30 31 32 33 34 35 36 37 38 39 40 41 42 43 44 45 46 47 48 49 50 51 52 53 54 55 56 57 58 59 60 61 62 63 64 65 66 67 68 69 70 71 72 73 74 75 76 77 78 79 80 81 82 83 84 85 86 87 88 89 90 91 92 93 94 95 96 97 98 99 100 101 102 103 104 105 106 107 108 109 110 111 112 113 114 115 116 117 118 119 120 121 122 123 124 125 126 127
Runtimes: [288, 1174, 180, 243, 447, 674, 1427, 212, 1517, 1714, 440, 320, 1322, 445, 423, 804, 210, 560, 779, 1289, 211, 708, 1308, 1762, 2221, 201, 2207, 2881, 1249, 1696, 1652, 500, 374, 915, 704, 751, 622, 879, 397, 393, 711, 179, 1309, 1081, 1552, 1391, 872, 1330, 1298, 425, 567, 542, 663, 252, 893, 601, 2107, 3099, 545, 2647, 1943, 740, 2150, 639, 1579, 693, 1281, 228, 1143, 1189, 696, 653, 305, 529, 270, 757, 906, 433, 1968, 1062, 752, 644, 2330, 2122, 761, 418, 1438, 725, 598, 582, 329, 785, 251, 437, 657, 1048, 313, 4727, 1079, 1784, 296, 372, 271, 2260, 1919, 719, 988, 461, 865, 480, 463, 654, 664, 780, 698, 474, 977, 1258, 341, 356, 468, 482, 579, 1609, 399, 589, 357, 2237]
Average: 946.2734375
Evaluated in 111.55ms

log2(n)
Running (1 + (λ, λ)), λ = 5, c = 0.2 on RuggedOneMax(n = 32)
Progress: 0 1 2 3 4 5 6 7 8 9 10 11 12 13 14 15 16 17 18 19 20 21 22 23 24 25 26 27 28 29 30 31 32 33 34 35 36 37 38 39 40 41 42 43 44 45 46 47 48 49 50 51 52 53 54 55 56 57 58 59 60 61 62 63 64 65 66 67 68 69 70 71 72 73 74 75 76 77 78 79 80 81 82 83 84 85 86 87 88 89 90 91 92 93 94 95 96 97 98 99 100 101 102 103 104 105 106 107 108 109 110 111 112 113 114 115 116 117 118 119 120 121 122 123 124 125 126 127
Runtimes: [74, 149, 101, 472, 57, 113, 295, 50, 67, 121, 116, 589, 281, 82, 130, 80, 413, 45, 120, 258, 95, 105, 102, 133, 68, 53, 69, 96, 185, 122, 273, 191, 313, 98, 337, 229, 82, 177, 407, 190, 76, 132, 72, 150, 247, 154, 165, 162, 159, 120, 220, 256, 160, 72, 120, 326, 142, 223, 193, 252, 406, 44, 83, 150, 115, 233, 192, 106, 46, 101, 65, 33, 190, 109, 188, 48, 141, 170, 271, 125, 151, 94, 122, 97, 121, 186, 89, 33, 249, 84, 149, 154, 84, 83, 149, 99, 188, 121, 25, 204, 58, 148, 165, 69, 104, 35, 362, 61, 31, 79, 252, 265, 302, 319, 107, 140, 68, 326, 59, 146, 184, 208, 101, 74, 64, 119, 92, 197]
Average: 154.46875
Evaluated in 41.52ms

sqrt(n)
Running (1 + (λ, λ)), λ = 5, c = 0.2 on RuggedOneMax(n = 32)
Progress: 0 1 2 3 4 5 6 7 8 9 10 11 12 13 14 15 16 17 18 19 20 21 22 23 24 25 26 27 28 29 30 31 32 33 34 35 36 37 38 39 40 41 42 43 44 45 46 47 48 49 50 51 52 53 54 55 56 57 58 59 60 61 62 63 64 65 66 67 68 69 70 71 72 73 74 75 76 77 78 79 80 81 82 83 84 85 86 87 88 89 90 91 92 93 94 95 96 97 98 99 100 101 102 103 104 105 106 107 108 109 110 111 112 113 114 115 116 117 118 119 120 121 122 123 124 125 126 127
Runtimes: [65, 78, 128, 55, 25, 130, 142, 110, 134, 365, 130, 257, 75, 91, 274, 230, 319, 120, 118, 136, 58, 197, 209, 209, 230, 83, 71, 33, 160, 36, 32, 625, 79, 363, 81, 274, 207, 130, 179, 170, 99, 288, 96, 178, 116, 72, 152, 24, 279, 51, 62, 100, 91, 90, 137, 467, 98, 141, 280, 111, 160, 220, 212, 147, 230, 88, 95, 427, 250, 107, 45, 102, 166, 278, 242, 266, 160, 106, 157, 240, 96, 190, 241, 69, 126, 43, 87, 297, 66, 191, 119, 331, 164, 80, 103, 137, 300, 302, 41, 42, 159, 252, 133, 125, 73, 82, 122, 150, 93, 82, 126, 247, 152, 179, 199, 300, 183, 168, 129, 216, 372, 136, 217, 53, 49, 97, 116, 69]
Average: 158.921875
Evaluated in 43.28ms


sqrt(log2(n))
Running (1 + (λ, λ)), λ = 2, c = 0.5 on RuggedOneMax(n = 64)
Progress: 0 1 2 3 4 5 6 7 8 9 10 11 12 13 14 15 16 17 18 19 20 21 22 23 24 25 26 27 28 29 30 31 32 33 34 35 36 37 38 39 40 41 42 43 44 45 46 47 48 49 50 51 52 53 54 55 56 57 58 59 60 61 62 63 64 65 66 67 68 69 70 71 72 73 74 75 76 77 78 79 80 81 82 83 84 85 86 87 88 89 90 91 92 93 94 95 96 97 98 99 100 101 102 103 104 105 106 107 108 109 110 111 112 113 114 115 116 117 118 119 120 121 122 123 124 125 126 127
Runtimes: [682, 771, 5584, 10124, 3377, 1702, 16681, 2377, 1433, 7663, 12419, 3843, 3770, 602, 1113, 6289, 2405, 4047, 1687, 2478, 485, 5202, 2828, 3791, 12504, 2271, 7232, 1875, 7021, 2938, 4243, 3040, 7770, 9688, 5751, 1663, 3212, 3648, 1437, 5940, 4795, 3245, 12106, 1856, 3429, 6282, 1713, 7771, 2473, 11126, 11015, 3855, 2372, 1556, 6676, 1136, 5078, 2072, 1641, 2494, 1632, 3295, 2911, 2850, 2514, 2364, 3299, 4448, 4955, 851, 1641, 1535, 2625, 1257, 3054, 1369, 1374, 633, 2876, 2409, 3663, 3490, 10681, 1190, 2303, 2969, 2934, 3350, 8060, 1907, 12040, 4103, 1848, 1284, 7244, 6710, 4507, 10137, 3229, 1546, 653, 3301, 2118, 1695, 1726, 4003, 2318, 17662, 1194, 1647, 8171, 1960, 3081, 1243, 1116, 1799, 2456, 7411, 1466, 4428, 1972, 3080, 1250, 3142, 477, 1852, 3852, 6664]
Average: 3961.7265625
Evaluated in 1.04s

log2(n)
Running (1 + (λ, λ)), λ = 6, c = 0.16666666666666666 on RuggedOneMax(n = 64)
Progress: 0 1 2 3 4 5 6 7 8 9 10 11 12 13 14 15 16 17 18 19 20 21 22 23 24 25 26 27 28 29 30 31 32 33 34 35 36 37 38 39 40 41 42 43 44 45 46 47 48 49 50 51 52 53 54 55 56 57 58 59 60 61 62 63 64 65 66 67 68 69 70 71 72 73 74 75 76 77 78 79 80 81 82 83 84 85 86 87 88 89 90 91 92 93 94 95 96 97 98 99 100 101 102 103 104 105 106 107 108 109 110 111 112 113 114 115 116 117 118 119 120 121 122 123 124 125 126 127
Runtimes: [505, 131, 384, 791, 1069, 715, 346, 535, 517, 164, 1047, 1081, 507, 91, 370, 477, 536, 1654, 370, 492, 640, 165, 609, 238, 513, 280, 246, 519, 172, 295, 538, 685, 177, 189, 173, 513, 574, 1319, 1143, 242, 177, 614, 206, 542, 226, 381, 826, 309, 250, 467, 342, 297, 1532, 642, 166, 171, 168, 163, 334, 1187, 384, 426, 748, 784, 498, 879, 164, 588, 204, 226, 467, 259, 339, 1066, 760, 534, 213, 578, 792, 560, 594, 115, 700, 813, 308, 458, 606, 601, 537, 620, 328, 600, 483, 341, 342, 950, 2423, 155, 383, 706, 1095, 430, 1329, 366, 399, 837, 329, 870, 224, 213, 240, 277, 820, 624, 208, 833, 248, 1204, 261, 319, 482, 174, 348, 160, 277, 257, 493, 468]
Average: 518.1953125
Evaluated in 357.05ms

sqrt(n)
Running (1 + (λ, λ)), λ = 8, c = 0.125 on RuggedOneMax(n = 64)
Progress: 0 1 2 3 4 5 6 7 8 9 10 11 12 13 14 15 16 17 18 19 20 21 22 23 24 25 26 27 28 29 30 31 32 33 34 35 36 37 38 39 40 41 42 43 44 45 46 47 48 49 50 51 52 53 54 55 56 57 58 59 60 61 62 63 64 65 66 67 68 69 70 71 72 73 74 75 76 77 78 79 80 81 82 83 84 85 86 87 88 89 90 91 92 93 94 95 96 97 98 99 100 101 102 103 104 105 106 107 108 109 110 111 112 113 114 115 116 117 118 119 120 121 122 123 124 125 126 127
Runtimes: [40, 167, 181, 198, 432, 395, 549, 147, 158, 511, 68, 212, 198, 299, 399, 242, 235, 681, 73, 156, 205, 172, 809, 51, 370, 336, 176, 590, 682, 223, 637, 102, 335, 160, 145, 178, 240, 160, 170, 839, 193, 143, 260, 100, 227, 1101, 773, 228, 126, 741, 297, 193, 549, 77, 261, 91, 504, 226, 80, 281, 185, 273, 581, 111, 513, 224, 265, 182, 287, 162, 227, 210, 216, 229, 943, 135, 579, 114, 332, 241, 144, 304, 212, 416, 148, 152, 412, 282, 195, 226, 883, 174, 268, 176, 157, 106, 302, 425, 212, 636, 236, 140, 524, 478, 185, 194, 228, 213, 178, 176, 115, 80, 140, 225, 180, 169, 156, 103, 495, 357, 97, 215, 382, 295, 898, 114, 277, 244]
Average: 291.4453125
Evaluated in 275.91ms


sqrt(log2(n))
Running (1 + (λ, λ)), λ = 2, c = 0.5 on RuggedOneMax(n = 128)
Progress: 0 1 2 3 4 5 6 7 8 9 10 11 12 13 14 15 16 17 18 19 20 21 22 23 24 25 26 27 28 29 30 31 32 33 34 35 36 37 38 39 40 41 42 43 44 45 46 47 48 49 50 51 52 53 54 55 56 57 58 59 60 61 62 63 64 65 66 67 68 69 70 71 72 73 74 75 76 77 78 79 80 81 82 83 84 85 86 87 88 89 90 91 92 93 94 95 96 97 98 99 100 101 102 103 104 105 106 107 108 109 110 111 112 113 114 115 116 117 118 119 120 121 122 123 124 125 126 127
Runtimes: [11615, 15555, 13928, 19256, 6669, 7165, 6943, 11622, 12801, 29082, 47463, 18619, 11049, 9873, 29907, 3804, 10067, 22955, 5113, 4366, 10967, 3254, 8593, 43079, 11523, 10074, 38526, 12139, 23468, 11616, 55768, 19114, 19857, 18820, 5540, 23641, 5851, 13084, 13210, 11989, 15790, 12520, 10595, 8134, 10037, 14069, 7327, 45458, 27360, 23986, 5188, 4617, 15839, 36556, 21085, 2106, 12499, 9758, 13530, 11666, 22534, 4550, 7781, 17092, 18497, 8742, 11529, 27248, 8743, 8911, 7906, 13679, 19302, 9196, 22462, 9934, 6447, 14955, 18352, 27060, 10810, 27809, 5225, 4544, 19862, 32052, 47147, 4743, 17594, 5540, 8778, 9841, 10822, 7791, 5047, 18673, 7587, 17301, 16479, 18799, 7929, 21463, 15712, 8120, 19104, 30561, 25263, 19449, 27814, 6314, 15035, 35137, 12597, 8394, 19016, 5027, 11692, 13942, 37315, 8205, 22412, 22376, 16206, 21431, 19107, 6795, 21326, 16177]
Average: 15948.1875
Evaluated in 7.53s

log2(n)
Running (1 + (λ, λ)), λ = 7, c = 0.14285714285714285 on RuggedOneMax(n = 128)
Progress: 0 1 2 3 4 5 6 7 8 9 10 11 12 13 14 15 16 17 18 19 20 21 22 23 24 25 26 27 28 29 30 31 32 33 34 35 36 37 38 39 40 41 42 43 44 45 46 47 48 49 50 51 52 53 54 55 56 57 58 59 60 61 62 63 64 65 66 67 68 69 70 71 72 73 74 75 76 77 78 79 80 81 82 83 84 85 86 87 88 89 90 91 92 93 94 95 96 97 98 99 100 101 102 103 104 105 106 107 108 109 110 111 112 113 114 115 116 117 118 119 120 121 122 123 124 125 126 127
Runtimes: [289, 1449, 2611, 733, 1039, 980, 522, 1409, 428, 906, 1066, 699, 2491, 681, 1487, 3303, 171, 398, 1174, 496, 1392, 710, 3306, 349, 5844, 2751, 1090, 508, 1488, 421, 444, 1051, 451, 1435, 1134, 1555, 440, 959, 3884, 2458, 4765, 1910, 1595, 1010, 2263, 1229, 1948, 1229, 1173, 492, 973, 1768, 752, 981, 1613, 468, 714, 1541, 3122, 1259, 464, 877, 931, 814, 857, 2339, 351, 685, 2437, 1512, 830, 1561, 950, 250, 1054, 976, 2574, 749, 6561, 511, 676, 2921, 3091, 523, 3446, 413, 821, 4592, 1163, 1023, 1352, 762, 479, 2392, 4386, 507, 1061, 1107, 430, 2508, 1915, 877, 810, 2974, 544, 824, 3356, 4101, 4498, 1085, 1100, 2967, 975, 1986, 1787, 2877, 599, 1243, 1922, 733, 872, 1453, 3632, 2064, 1009, 345, 667, 881]
Average: 1514.3671875
Evaluated in 2.71s

sqrt(n)
Running (1 + (λ, λ)), λ = 11, c = 0.09090909090909091 on RuggedOneMax(n = 128)
Progress: 0 1 2 3 4 5 6 7 8 9 10 11 12 13 14 15 16 17 18 19 20 21 22 23 24 25 26 27 28 29 30 31 32 33 34 35 36 37 38 39 40 41 42 43 44 45 46 47 48 49 50 51 52 53 54 55 56 57 58 59 60 61 62 63 64 65 66 67 68 69 70 71 72 73 74 75 76 77 78 79 80 81 82 83 84 85 86 87 88 89 90 91 92 93 94 95 96 97 98 99 100 101 102 103 104 105 106 107 108 109 110 111 112 113 114 115 116 117 118 119 120 121 122 123 124 125 126 127
Runtimes: [924, 582, 432, 439, 656, 1691, 308, 808, 173, 159, 1106, 393, 595, 364, 217, 294, 212, 374, 449, 1246, 268, 255, 1099, 385, 625, 491, 727, 1306, 497, 920, 530, 379, 390, 479, 218, 186, 1001, 355, 511, 620, 432, 435, 1118, 396, 204, 390, 497, 537, 477, 813, 780, 673, 511, 183, 274, 219, 1016, 1088, 422, 306, 828, 806, 130, 375, 595, 1741, 314, 284, 337, 669, 1297, 674, 857, 331, 720, 258, 724, 945, 314, 469, 385, 345, 500, 497, 386, 409, 631, 394, 544, 724, 296, 581, 819, 1071, 599, 416, 421, 206, 765, 293, 283, 537, 362, 848, 221, 775, 800, 677, 392, 986, 398, 855, 1384, 339, 353, 457, 540, 262, 422, 477, 718, 697, 504, 297, 831, 206, 962, 344]
Average: 564.9375
Evaluated in 1.58s


sqrt(log2(n))
Running (1 + (λ, λ)), λ = 2, c = 0.5 on RuggedOneMax(n = 32)
Progress: 0 1 2 3 4 5 6 7 8 9 10 11 12 13 14 15 16 17 18 19 20 21 22 23 24 25 26 27 28 29 30 31 32 33 34 35 36 37 38 39 40 41 42 43 44 45 46 47 48 49 50 51 52 53 54 55 56 57 58 59 60 61 62 63 64 65 66 67 68 69 70 71 72 73 74 75 76 77 78 79 80 81 82 83 84 85 86 87 88 89 90 91 92 93 94 95 96 97 98 99 100 101 102 103 104 105 106 107 108 109 110 111 112 113 114 115 116 117 118 119 120 121 122 123 124 125 126 127
Runtimes: [1836, 1956, 2356, 3228, 1216, 8560, 804, 1184, 3280, 1876, 4612, 3756, 1324, 2572, 3356, 2904, 896, 3040, 1232, 5024, 9632, 3444, 9056, 2816, 2540, 4700, 2712, 2188, 10228, 6380, 2700, 12420, 2872, 2992, 6684, 4016, 3636, 2704, 5992, 1164, 3180, 3220, 1020, 2016, 4236, 4516, 3112, 1904, 1512, 6036, 1764, 1552, 3484, 4480, 2912, 924, 1656, 876, 1836, 1416, 5752, 2904, 2132, 6968, 2300, 5056, 2752, 1896, 3772, 1436, 3112, 2264, 3348, 1720, 2232, 5328, 4148, 2452, 1524, 2936, 828, 4032, 3212, 2080, 1088, 2360, 1948, 2016, 4828, 2672, 2648, 11640, 2644, 3264, 3836, 5692, 3820, 1120, 2892, 4580, 584, 1532, 1556, 1516, 11728, 1984, 3464, 2400, 568, 1860, 2248, 2348, 1928, 6028, 2132, 2672, 1112, 2136, 1736, 3472, 936, 3040, 4512, 15092, 6736, 2680, 4984, 5612]
Average: 3385.6875
Evaluated in 112.91ms

log2(n)
Running (1 + (λ, λ)), λ = 5, c = 0.2 on RuggedOneMax(n = 32)
Progress: 0 1 2 3 4 5 6 7 8 9 10 11 12 13 14 15 16 17 18 19 20 21 22 23 24 25 26 27 28 29 30 31 32 33 34 35 36 37 38 39 40 41 42 43 44 45 46 47 48 49 50 51 52 53 54 55 56 57 58 59 60 61 62 63 64 65 66 67 68 69 70 71 72 73 74 75 76 77 78 79 80 81 82 83 84 85 86 87 88 89 90 91 92 93 94 95 96 97 98 99 100 101 102 103 104 105 106 107 108 109 110 111 112 113 114 115 116 117 118 119 120 121 122 123 124 125 126 127
Runtimes: [1070, 420, 510, 240, 850, 1120, 1430, 1170, 6990, 4610, 430, 3390, 3840, 3880, 1010, 1970, 680, 1320, 2690, 850, 4070, 3190, 1860, 2350, 1970, 810, 980, 2770, 3480, 1360, 2200, 1590, 810, 1160, 2280, 1200, 330, 6500, 1000, 2230, 1130, 660, 630, 1360, 810, 450, 1270, 1710, 1700, 2480, 3850, 820, 530, 360, 1730, 280, 240, 4990, 590, 3390, 1030, 370, 3040, 830, 1080, 650, 1740, 1210, 980, 3020, 3020, 770, 900, 2220, 590, 2050, 5970, 600, 460, 1280, 1570, 3060, 540, 2710, 1400, 810, 340, 570, 1130, 1140, 1310, 1200, 1040, 1310, 1940, 920, 730, 3100, 760, 1270, 3520, 1900, 780, 2590, 730, 1820, 450, 990, 210, 2500, 1080, 240, 1900, 760, 1610, 830, 3900, 3680, 310, 760, 11360, 1330, 800, 2520, 2520, 2080, 1430, 1420]
Average: 1736.484375
Evaluated in 58.74ms

sqrt(n)
Running (1 + (λ, λ)), λ = 5, c = 0.2 on RuggedOneMax(n = 32)
Progress: 0 1 2 3 4 5 6 7 8 9 10 11 12 13 14 15 16 17 18 19 20 21 22 23 24 25 26 27 28 29 30 31 32 33 34 35 36 37 38 39 40 41 42 43 44 45 46 47 48 49 50 51 52 53 54 55 56 57 58 59 60 61 62 63 64 65 66 67 68 69 70 71 72 73 74 75 76 77 78 79 80 81 82 83 84 85 86 87 88 89 90 91 92 93 94 95 96 97 98 99 100 101 102 103 104 105 106 107 108 109 110 111 112 113 114 115 116 117 118 119 120 121 122 123 124 125 126 127
Runtimes: [580, 1680, 610, 3350, 390, 990, 950, 370, 2270, 1430, 760, 4620, 1720, 470, 2430, 4190, 1170, 3080, 1120, 940, 2520, 2170, 3690, 2560, 2560, 5590, 3060, 560, 940, 2820, 740, 2620, 2200, 2570, 910, 1680, 290, 560, 1450, 2100, 1510, 2130, 700, 870, 1340, 2670, 2090, 640, 4450, 1560, 730, 3350, 690, 800, 1460, 1110, 770, 4480, 1230, 810, 2220, 560, 1390, 4150, 2060, 550, 2130, 2110, 1300, 3900, 1950, 1530, 1630, 2110, 2430, 470, 4120, 940, 1630, 800, 2620, 2080, 2040, 2900, 2740, 2850, 2450, 660, 430, 1190, 630, 740, 1800, 3170, 2070, 2930, 1260, 450, 1220, 680, 1290, 2330, 820, 3860, 1030, 840, 960, 850, 440, 1890, 1710, 900, 980, 540, 1790, 1900, 870, 1380, 870, 1250, 530, 2020, 600, 2000, 350, 500, 450, 2510]
Average: 1691.015625
Evaluated in 54.90ms


sqrt(log2(n))
Running (1 + (λ, λ)), λ = 2, c = 0.5 on RuggedOneMax(n = 64)
Progress: 0 1 2 3 4 5 6 7 8 9 10 11 12 13 14 15 16 17 18 19 20 21 22 23 24 25 26 27 28 29 30 31 32 33 34 35 36 37 38 39 40 41 42 43 44 45 46 47 48 49 50 51 52 53 54 55 56 57 58 59 60 61 62 63 64 65 66 67 68 69 70 71 72 73 74 75 76 77 78 79 80 81 82 83 84 85 86 87 88 89 90 91 92 93 94 95 96 97 98 99 100 101 102 103 104 105 106 107 108 109 110 111 112 113 114 115 116 117 118 119 120 121 122 123 124 125 126 127
Runtimes: [8840, 2496, 47040, 6588, 14208, 8952, 7580, 6040, 25624, 7704, 14720, 2620, 7864, 8756, 11888, 17844, 10484, 26888, 19444, 2648, 18160, 14568, 17024, 9268, 5420, 3576, 5988, 10100, 30944, 12760, 11884, 2016, 52248, 13980, 35268, 4152, 5980, 23496, 37740, 17824, 7048, 17664, 7692, 7588, 7184, 4872, 7248, 2024, 24624, 6140, 15304, 6140, 7848, 24484, 18768, 6360, 25676, 4524, 6412, 17416, 7240, 6652, 12656, 8880, 18384, 14956, 21400, 10012, 20900, 11564, 20356, 34384, 9820, 9528, 18992, 5880, 17884, 23864, 6372, 58472, 22908, 16232, 10048, 10008, 29748, 7376, 14096, 6580, 12316, 6112, 7256, 26536, 7416, 19520, 4260, 2540, 14312, 46864, 22100, 24376, 11296, 7992, 6588, 17800, 25928, 21512, 24400, 22304, 16208, 36460, 7604, 11620, 9952, 9992, 8236, 20472, 14124, 7076, 8548, 12456, 52152, 27348, 13072, 5828, 4356, 25780, 7512, 33796]
Average: 15116.03125
Evaluated in 1.06s

log2(n)
Running (1 + (λ, λ)), λ = 6, c = 0.16666666666666666 on RuggedOneMax(n = 64)
Progress: 0 1 2 3 4 5 6 7 8 9 10 11 12 13 14 15 16 17 18 19 20 21 22 23 24 25 26 27 28 29 30 31 32 33 34 35 36 37 38 39 40 41 42 43 44 45 46 47 48 49 50 51 52 53 54 55 56 57 58 59 60 61 62 63 64 65 66 67 68 69 70 71 72 73 74 75 76 77 78 79 80 81 82 83 84 85 86 87 88 89 90 91 92 93 94 95 96 97 98 99 100 101 102 103 104 105 106 107 108 109 110 111 112 113 114 115 116 117 118 119 120 121 122 123 124 125 126 127
Runtimes: [10008, 8640, 1056, 4968, 4692, 8292, 9528, 4536, 3192, 3216, 7308, 2184, 7464, 2136, 7332, 6300, 2676, 6468, 2544, 10956, 2028, 8412, 2748, 5376, 4140, 3240, 21396, 4128, 1872, 7008, 7416, 2028, 2616, 3204, 1860, 3684, 1440, 5364, 13344, 3144, 8436, 2004, 7692, 26124, 3516, 13632, 12168, 3408, 4476, 2640, 9336, 3360, 2628, 1140, 4596, 2952, 10968, 4044, 1980, 1512, 4932, 5820, 1716, 12732, 15072, 6684, 4008, 6516, 1908, 1980, 2580, 14676, 3960, 9108, 3372, 2868, 2556, 8664, 6456, 3516, 13164, 9000, 2112, 1680, 7212, 3888, 3384, 3348, 3156, 6204, 9984, 3684, 4104, 2856, 4248, 2580, 6132, 2100, 3672, 4260, 14112, 2928, 5004, 3540, 5160, 7488, 6252, 11316, 4632, 3984, 7284, 5376, 3252, 4380, 4956, 6276, 2868, 3708, 2820, 2124, 4152, 2676, 3780, 1788, 4488, 7164, 2028, 5880]
Average: 5467.6875
Evaluated in 349.12ms

sqrt(n)
Running (1 + (λ, λ)), λ = 8, c = 0.125 on RuggedOneMax(n = 64)
Progress: 0 1 2 3 4 5 6 7 8 9 10 11 12 13 14 15 16 17 18 19 20 21 22 23 24 25 26 27 28 29 30 31 32 33 34 35 36 37 38 39 40 41 42 43 44 45 46 47 48 49 50 51 52 53 54 55 56 57 58 59 60 61 62 63 64 65 66 67 68 69 70 71 72 73 74 75 76 77 78 79 80 81 82 83 84 85 86 87 88 89 90 91 92 93 94 95 96 97 98 99 100 101 102 103 104 105 106 107 108 109 110 111 112 113 114 115 116 117 118 119 120 121 122 123 124 125 126 127
Runtimes: [1664, 2464, 3248, 2608, 1184, 4512, 10080, 11232, 3712, 6896, 7024, 2800, 1456, 5440, 3040, 2304, 13712, 6240, 4752, 7600, 2576, 6240, 2160, 2480, 3088, 4448, 3792, 2160, 3136, 6432, 5728, 6288, 3664, 4784, 1824, 8976, 2928, 1392, 5776, 25152, 12864, 3440, 3584, 4176, 2224, 1808, 3424, 4720, 4800, 3424, 4832, 3792, 7616, 3760, 4832, 3648, 2336, 2288, 7776, 14896, 2512, 1008, 6048, 10272, 1520, 7280, 1344, 5552, 7056, 1648, 1504, 5200, 6480, 3472, 6320, 9760, 3136, 4432, 6240, 6400, 4448, 2832, 4336, 5312, 5152, 1616, 5872, 10752, 960, 2112, 4560, 5072, 6896, 3248, 3840, 7104, 2720, 1952, 5360, 1600, 5744, 8560, 1536, 2480, 6272, 5264, 12496, 7680, 2000, 1760, 1488, 2288, 12656, 10832, 3712, 2208, 4080, 1616, 4032, 2144, 1696, 1824, 6400, 6080, 4592, 2080, 672, 3744]
Average: 4797.625
Evaluated in 312.25ms


sqrt(log2(n))
Running (1 + (λ, λ)), λ = 2, c = 0.5 on RuggedOneMax(n = 128)
Progress: 0 1 2 3 4 5 6 7 8 9 10 11 12 13 14 15 16 17 18 19 20 21 22 23 24 25 26 27 28 29 30 31 32 33 34 35 36 37 38 39 40 41 42 43 44 45 46 47 48 49 50 51 52 53 54 55 56 57 58 59 60 61 62 63 64 65 66 67 68 69 70 71 72 73 74 75 76 77 78 79 80 81 82 83 84 85 86 87 88 89 90 91 92 93 94 95 96 97 98 99 100 101 102 103 104 105 106 107 108 109 110 111 112 113 114 115 116 117 118 119 120 121 122 123 124 125 126 127
Runtimes: [80388, 97860, 48040, 47660, 53388, 32052, 41836, 101264, 34236, 279400, 83720, 15712, 89968, 47692, 140788, 12936, 20628, 14876, 26992, 119536, 186684, 31588, 21444, 28604, 59644, 49516, 28464, 51232, 74748, 274600, 71580, 34400, 89272, 27748, 53600, 116120, 33724, 30540, 17864, 47312, 32260, 79692, 47128, 84228, 58248, 82480, 28636, 142696, 126544, 26164, 59008, 45752, 100136, 110896, 20776, 18228, 21512, 46400, 16184, 20000, 34716, 19492, 27448, 26068, 60872, 166256, 82888, 107820, 72260, 45308, 66060, 44208, 33144, 21088, 76268, 22936, 89736, 119264, 206720, 97840, 45152, 92048, 24444, 39096, 29464, 91332, 49476, 42632, 69736, 52836, 50572, 36476, 21436, 81368, 41904, 45556, 34420, 42776, 67960, 77356, 90224, 146844, 18880, 35020, 92680, 14964, 35244, 99200, 12236, 35380, 72148, 24136, 99116, 174908, 15876, 48484, 150044, 91068, 75992, 61932, 50484, 35704, 42152, 103948, 68732, 40688, 115420, 43368]
Average: 64343.1875
Evaluated in 8.99s

log2(n)
Running (1 + (λ, λ)), λ = 7, c = 0.14285714285714285 on RuggedOneMax(n = 128)
Progress: 0 1 2 3 4 5 6 7 8 9 10 11 12 13 14 15 16 17 18 19 20 21 22 23 24 25 26 27 28 29 30 31 32 33 34 35 36 37 38 39 40 41 42 43 44 45 46 47 48 49 50 51 52 53 54 55 56 57 58 59 60 61 62 63 64 65 66 67 68 69 70 71 72 73 74 75 76 77 78 79 80 81 82 83 84 85 86 87 88 89 90 91 92 93 94 95 96 97 98 99 100 101 102 103 104 105 106 107 108 109 110 111 112 113 114 115 116 117 118 119 120 121 122 123 124 125 126 127
Runtimes: [13734, 26852, 22386, 9492, 32830, 7042, 10318, 19894, 23828, 36862, 7266, 24570, 13090, 10122, 9422, 33446, 41538, 9114, 26040, 27118, 8148, 38206, 5768, 13398, 7056, 15358, 7056, 47558, 15470, 9338, 58338, 7588, 5096, 23618, 18158, 6020, 22554, 36498, 29638, 2926, 8400, 21014, 23282, 32718, 23660, 13160, 2674, 53200, 10150, 11844, 10472, 40348, 6804, 14406, 8106, 9226, 15414, 10374, 23212, 10108, 11242, 9534, 16814, 7784, 15022, 25312, 3542, 39284, 15540, 49742, 39914, 14602, 14280, 15862, 44072, 6188, 49630, 23870, 38682, 17024, 13188, 22652, 23226, 11662, 11592, 37422, 80360, 12614, 31402, 22246, 13216, 6356, 12026, 11718, 5880, 7070, 8946, 35658, 13930, 12866, 21014, 20594, 27006, 8568, 21084, 4774, 10262, 37128, 31948, 21434, 11578, 16786, 16324, 25690, 13902, 10794, 8022, 34566, 9156, 81144, 25088, 11844, 8274, 13356, 30114, 5656, 33474, 13286]
Average: 19970.015625
Evaluated in 2.52s

sqrt(n)
Running (1 + (λ, λ)), λ = 11, c = 0.09090909090909091 on RuggedOneMax(n = 128)
Progress: 0 1 2 3 4 5 6 7 8 9 10 11 12 13 14 15 16 17 18 19 20 21 22 23 24 25 26 27 28 29 30 31 32 33 34 35 36 37 38 39 40 41 42 43 44 45 46 47 48 49 50 51 52 53 54 55 56 57 58 59 60 61 62 63 64 65 66 67 68 69 70 71 72 73 74 75 76 77 78 79 80 81 82 83 84 85 86 87 88 89 90 91 92 93 94 95 96 97 98 99 100 101 102 103 104 105 106 107 108 109 110 111 112 113 114 115 116 117 118 119 120 121 122 123 124 125 126 127
Runtimes: [17776, 9416, 16214, 15686, 22308, 5038, 16720, 6270, 13882, 12276, 16368, 7370, 7172, 20372, 9482, 16236, 7216, 8602, 12914, 7062, 6270, 27082, 15290, 14234, 10890, 4246, 5170, 18018, 5236, 5984, 8954, 17094, 19536, 3850, 5984, 13288, 6072, 8096, 64460, 24838, 23694, 8844, 8162, 6754, 7986, 14740, 12936, 9460, 8998, 10054, 8514, 24420, 5500, 21010, 17182, 5654, 6886, 7458, 6776, 27632, 4334, 29084, 19602, 9328, 8580, 10186, 16434, 4686, 6358, 14740, 6490, 13486, 13156, 15708, 7700, 3234, 12320, 6050, 6798, 9746, 6578, 14388, 18832, 11088, 9680, 7194, 16478, 10406, 6358, 8844, 8580, 9790, 20702, 10186, 9152, 10054, 34650, 5962, 14740, 7436, 25212, 10252, 13288, 7898, 7436, 13926, 10692, 21230, 13684, 28952, 5764, 25080, 16522, 9482, 6754, 11792, 12386, 8866, 6468, 11836, 24112, 15840, 7062, 7568, 25630, 19800, 2684, 7458]
Average: 12597.0625
Evaluated in 1.52s


sqrt(log2(n))
Running (1 + (λ, λ)), λ = 2, c = 0.5 on RuggedOneMax(n = 256)
Progress: 0 1 2 3 4 5 6 7 8 9 10 11 12 13 14 15 16 17 18 19 20 21 22 23 24 25 26 27 28 29 30 31 32 33 34 35 36 37 38 39 40 41 42 43 44 45 46 47 48 49 50 51 52 53 54 55 56 57 58 59 60 61 62 63 64 65 66 67 68 69 70 71 72 73 74 75 76 77 78 79 80 81 82 83 84 85 86 87 88 89 90 91 92 93 94 95 96 97 98 99 100 101 102 103 104 105 106 107 108 109 110 111 112 113 114 115 116 117 118 119 120 121 122 123 124 125 126 127
Runtimes: [143988, 99264, 129864, 241572, 69056, 249256, 331632, 48064, 198692, 253236, 202104, 349796, 386340, 282800, 357644, 226144, 580008, 65080, 325348, 29832, 139152, 288140, 133696, 406556, 482868, 730516, 260192, 83388, 87788, 95208, 254748, 306172, 122396, 102636, 115248, 172936, 108608, 103340, 74164, 71080, 204600, 76584, 102332, 191824, 102064, 470996, 92160, 352732, 273324, 182620, 439304, 189820, 261092, 291272, 98704, 202556, 433208, 249732, 453304, 170208, 66384, 241328, 120780, 255760, 107064, 324536, 107536, 164144, 252556, 250828, 170316, 427096, 135260, 210700, 66296, 166972, 233412, 126124, 87420, 115004, 125624, 401404, 262052, 402380, 95520, 256172, 113584, 166936, 107540, 427064, 217328, 384976, 164224, 290696, 163324, 212304, 362248, 77012, 177772, 136956, 287612, 332204, 74336, 513516, 91752, 446800, 168800, 580792, 150640, 223188, 77236, 467352, 48808, 135152, 120324, 254940, 65176, 266224, 229592, 130868, 170060, 187756, 217800, 179628, 94404, 97100, 179576, 336440]
Average: 217575.75
Evaluated in 53.85s

log2(n)
Running (1 + (λ, λ)), λ = 8, c = 0.125 on RuggedOneMax(n = 256)
Progress: 0 1 2 3 4 5 6 7 8 9 10 11 12 13 14 15 16 17 18 19 20 21 22 23 24 25 26 27 28 29 30 31 32 33 34 35 36 37 38 39 40 41 42 43 44 45 46 47 48 49 50 51 52 53 54 55 56 57 58 59 60 61 62 63 64 65 66 67 68 69 70 71 72 73 74 75 76 77 78 79 80 81 82 83 84 85 86 87 88 89 90 91 92 93 94 95 96 97 98 99 100 101 102 103 104 105 106 107 108 109 110 111 112 113 114 115 116 117 118 119 120 121 122 123 124 125 126 127
Runtimes: [29424, 134016, 18864, 13536, 81504, 128320, 79776, 45904, 144176, 156560, 25008, 47728, 30368, 52496, 84384, 252256, 118752, 87056, 74304, 38144, 21360, 111744, 56000, 72288, 40752, 80416, 110368, 33216, 84112, 38448, 13344, 77200, 105856, 24656, 13648, 46752, 166880, 28864, 71456, 190800, 275824, 22272, 92544, 58160, 76512, 29920, 37264, 149936, 198320, 43200, 15824, 45808, 40128, 41920, 40752, 31936, 40112, 49328, 41904, 130272, 84464, 27456, 32576, 74192, 30560, 100816, 115808, 26032, 21776, 23728, 89776, 50016, 75808, 48048, 121952, 53456, 133888, 141888, 44848, 28112, 26176, 65632, 148928, 33968, 158080, 95104, 30112, 120896, 161136, 28736, 31264, 40352, 25744, 170528, 70800, 38704, 75504, 54800, 20208, 18080, 112624, 23488, 25808, 37120, 54256, 15712, 49296, 47712, 41024, 35744, 42432, 19024, 13680, 16720, 137952, 94976, 71376, 39120, 68944, 37568, 24736, 33728, 76064, 76144, 13408, 18032, 55632, 69280]
Average: 67064.25
Evaluated in 16.05s

sqrt(n)
Running (1 + (λ, λ)), λ = 16, c = 0.0625 on RuggedOneMax(n = 256)
Progress: 0 1 2 3 4 5 6 7 8 9 10 11 12 13 14 15 16 17 18 19 20 21 22 23 24 25 26 27 28 29 30 31 32 33 34 35 36 37 38 39 40 41 42 43 44 45 46 47 48 49 50 51 52 53 54 55 56 57 58 59 60 61 62 63 64 65 66 67 68 69 70 71 72 73 74 75 76 77 78 79 80 81 82 83 84 85 86 87 88 89 90 91 92 93 94 95 96 97 98 99 100 101 102 103 104 105 106 107 108 109 110 111 112 113 114 115 116 117 118 119 120 121 122 123 124 125 126 127
Runtimes: [23584, 13568, 19328, 40192, 16960, 24000, 34112, 37728, 32992, 16448, 88928, 23200, 21216, 44736, 54848, 47328, 37376, 28192, 15200, 52832, 69824, 13760, 17600, 12960, 27648, 17280, 85312, 68512, 47584, 44608, 34656, 44160, 21152, 11328, 49856, 26464, 20992, 48448, 15584, 45088, 74432, 46816, 33856, 50240, 130208, 15616, 70496, 30464, 44992, 17184, 27776, 122784, 24768, 73504, 11296, 16832, 35360, 45056, 13824, 33504, 30912, 81440, 27776, 32384, 31712, 31072, 51488, 46528, 48896, 74368, 26784, 28128, 28448, 53408, 33408, 18656, 54336, 47872, 13824, 22208, 13184, 78880, 110240, 56000, 27264, 39648, 11520, 51424, 16864, 36544, 59008, 30688, 29504, 36128, 48832, 96352, 53984, 75584, 73152, 48576, 15264, 13056, 39904, 36384, 17184, 58208, 54336, 17312, 36032, 56288, 15232, 33472, 55232, 33312, 21184, 69248, 28320, 105568, 33152, 86016, 29024, 35456, 15264, 58848, 31360, 17792, 100480, 46976]
Average: 41027.5
Evaluated in 9.96s


sqrt(log2(n))
Running (1 + (λ, λ)), λ = 3, c = 0.3333333333333333 on RuggedOneMax(n = 512)
Progress: 0 1 2 3 4 5 6 7 8 9 10 11 12 13 14 15 16 17 18 19 20 21 22 23 24 25 26 27 28 29 30 31 32 33 34 35 36 37 38 39 40 41 42 43 44 45 46 47 48 49 50 51 52 53 54 55 56 57 58 59 60 61 62 63 64 65 66 67 68 69 70 71 72 73 74 75 76 77 78 79 80 81 82 83 84 85 86 87 88 89 90 91 92 93 94 95 96 97 98 99 100 101 102 103 104 105 106 107 108 109 110 111 112 113 114 115 116 117 118 119 120 121 122 123 124 125 126 127
Runtimes: [1309332, 516354, 899766, 502686, 1595514, 919206, 299988, 300162, 761916, 867096, 115980, 528702, 443172, 737964, 226272, 177384, 252558, 431538, 267192, 426198, 573756, 1342878, 293904, 964950, 180978, 868158, 508884, 1095324, 431658, 332718, 764616, 442614, 644874, 280032, 138204, 253380, 340686, 150198, 95742, 217596, 393126, 236460, 837312, 226620, 910968, 1406946, 1670640, 715176, 1858596, 339420, 555144, 352242, 787920, 1818864, 347646, 1381032, 598098, 1177680, 912078, 764808, 251064, 532884, 288294, 461760, 600408, 396468, 370770, 729216, 223308, 512862, 709758, 715428, 588762, 467568, 436908, 192696, 201438, 1879746, 446616, 1868832, 726588, 704484, 591786, 263250, 809442, 249252, 228672, 617406, 407106, 372612, 228558, 271242, 258450, 1159218, 300336, 221598, 380562, 864654, 547506, 480384, 737274, 795672, 1802184, 1459926, 363528, 507414, 745158, 781272, 712002, 330942, 902472, 1396362, 784596, 276870, 461250, 682440, 641028, 993132, 314520, 942702, 1060218, 1382244, 857868, 1312368, 1323006, 923814, 832644, 230748]
Average: 655487.90625
Evaluated in 269.66s

log2(n)
Running (1 + (λ, λ)), λ = 9, c = 0.1111111111111111 on RuggedOneMax(n = 512)
Progress: 0 1 2 3 4 5 6 7 8 9 10 11 12 13 14 15 16 17 18 19 20 21 22 23 24 25 26 27 28 29 30 31 32 33 34 35 36 37 38 39 40 41 42 43 44 45 46 47 48 49 50 51 52 53 54 55 56 57 58 59 60 61 62 63 64 65 66 67 68 69 70 71 72 73 74 75 76 77 78 79 80 81 82 83 84 85 86 87 88 89 90 91 92 93 94 95 96 97 98 99 100 101 102 103 104 105 106 107 108 109 110 111 112 113 114 115 116 117 118 119 120 121 122 123 124 125 126 127
Runtimes: [117360, 147060, 155844, 261684, 165312, 91980, 391950, 168012, 149166, 419076, 235314, 149670, 192006, 448704, 68706, 160326, 61704, 116118, 99846, 54378, 346266, 52362, 119844, 234756, 128268, 286812, 386262, 175320, 182142, 278046, 101934, 68994, 458982, 256068, 122220, 75456, 130284, 296424, 135288, 120456, 206982, 625248, 187092, 90954, 185868, 167004, 94986, 131472, 323892, 101592, 281412, 113976, 70164, 563382, 1248444, 83430, 122994, 241740, 53550, 119358, 266292, 62748, 552186, 306810, 106236, 251730, 203508, 97074, 130968, 108684, 41814, 189162, 208026, 184338, 217404, 362304, 229482, 82224, 191232, 72666, 219456, 173556, 69480, 354258, 172062, 125190, 39348, 212742, 90468, 232146, 251226, 202266, 704232, 103914, 483732, 161820, 55170, 55836, 634068, 546912, 212148, 45396, 303462, 302796, 171036, 462528, 641304, 372708, 113166, 142614, 430830, 238680, 244656, 136818, 437742, 758682, 130914, 390798, 147654, 276534, 293274, 219852, 111762, 71982, 343926, 253296, 87768, 368802]
Average: 227248.734375
Evaluated in 90.85s

sqrt(n)
Running (1 + (λ, λ)), λ = 22, c = 0.045454545454545456 on RuggedOneMax(n = 512)
Progress: 0 1 2 3 4 5 6 7 8 9 10 11 12 13 14 15 16 17 18 19 20 21 22 23 24 25 26 27 28 29 30 31 32 33 34 35 36 37 38 39 40 41 42 43 44 45 46 47 48 49 50 51 52 53 54 55 56 57 58 59 60 61 62 63 64 65 66 67 68 69 70 71 72 73 74 75 76 77 78 79 80 81 82 83 84 85 86 87 88 89 90 91 92 93 94 95 96 97 98 99 100 101 102 103 104 105 106 107 108 109 110 111 112 113 114 115 116 117 118 119 120 121 122 123 124 125 126 127
Runtimes: [95612, 146476, 154132, 86548, 227524, 73172, 50908, 66836, 39996, 99044, 64636, 121880, 131076, 82368, 153076, 69520, 50996, 66704, 136664, 48092, 61072, 60016, 60324, 91256, 56892, 171468, 49676, 78540, 66528, 168212, 120912, 155716, 195976, 90288, 52448, 86636, 97064, 57596, 108152, 297176, 96976, 95216, 66704, 102476, 139876, 53680, 176484, 131032, 71676, 160820, 55660, 136972, 57552, 111760, 60456, 57068, 102476, 98076, 130636, 98868, 156068, 53284, 85140, 189288, 221364, 70620, 50644, 166804, 75988, 71324, 174856, 74404, 123376, 93896, 44924, 85976, 55880, 116204, 58300, 51172, 407748, 91828, 47784, 208692, 55484, 83072, 169356, 96712, 111672, 74272, 92004, 70884, 165660, 43648, 242616, 78804, 193292, 113168, 58960, 204776, 69652, 77044, 66440, 82324, 105908, 93720, 35112, 244420, 85184, 59312, 45584, 138908, 138776, 157036, 74228, 174064, 202004, 210496, 85800, 90420, 25300, 40348, 193952, 100320, 51172, 187440, 199496, 85140]
Average: 108165.75
Evaluated in 42.65s

sqrt(log2(n))
Running (1 + (λ, λ)), λ = 3, c = 0.3333333333333333 on OneMax(n = 1024)
Progress:
