sqrt(log2(n))
Running (1 + (λ, λ)), λ = 2, c = 0.5 on RuggedOneMax(k = 2, n = 32)
Runtimes: [2272, 5936, 3152, 920, 1340, 788, 4076, 1152, 1544, 7580, 6832, 492, 4088, 1456, 4968, 6220, 2596, 1992, 1132, 6660, 3400, 2060, 4896, 9300, 2040, 1368, 5584, 4488, 4564, 8556, 1088, 4492, 5528, 6464, 1808, 4972, 1192, 6076, 1264, 2664, 1584, 5580, 1884, 1948, 1120, 5464, 2900, 988, 1548, 2708, 1404, 1304, 4416, 8708, 2936, 3912, 8752, 2680, 6212, 3164, 3540, 3328, 1288, 11644, 1208, 5548, 4244, 13044, 1424, 1644, 5384, 2272, 2608, 4496, 6144, 2736, 1632, 2056, 2556, 5680, 6488, 4936, 528, 20472, 7120, 1428, 5600, 2040, 2060, 704, 4932, 12052, 4148, 4672, 1284, 1632, 724, 2308, 2448, 816, 2408, 1432, 2984, 2684, 1092, 512, 10140, 2052, 1872, 12968, 4588, 5312, 2068, 1868, 1816, 7284, 7560, 980, 2292, 2492, 1088, 8960, 6096, 5292, 3224, 2660, 2860, 2004]
Average: 3841.15625

log2(n)
Running (1 + (λ, λ)), λ = 5, c = 0.2 on RuggedOneMax(k = 2, n = 32)
Runtimes: [2120, 2010, 1100, 2690, 1190, 1840, 1320, 2500, 1670, 510, 1020, 4090, 1870, 600, 1320, 2520, 3360, 2710, 2920, 980, 1170, 980, 2710, 850, 1420, 1570, 2640, 3620, 4190, 1130, 1210, 1650, 2140, 1340, 1370, 1940, 1300, 1140, 860, 800, 1420, 1070, 1290, 3580, 1300, 1110, 390, 1840, 1900, 1530, 1180, 940, 4560, 1140, 760, 2590, 1900, 920, 580, 1400, 2420, 4800, 4460, 2950, 940, 870, 1620, 2360, 670, 600, 300, 2680, 1210, 470, 880, 1560, 940, 4910, 1720, 1900, 920, 790, 990, 1410, 1530, 1750, 1190, 1140, 4480, 670, 1810, 1510, 900, 1720, 1970, 1200, 780, 590, 980, 1060, 680, 1270, 590, 1420, 2380, 3990, 3040, 1530, 1120, 900, 890, 2280, 2450, 530, 2640, 820, 1670, 3290, 2050, 3260, 440, 2020, 1500, 2940, 230, 2660, 1490, 1440]
Average: 1710.46875

sqrt(n)
Running (1 + (λ, λ)), λ = 5, c = 0.2 on RuggedOneMax(k = 2, n = 32)
Runtimes: [460, 3150, 2110, 600, 480, 940, 610, 2420, 3130, 1090, 870, 3450, 1490, 1850, 370, 1330, 500, 1920, 4950, 4000, 2230, 550, 2320, 1510, 1770, 560, 3440, 510, 2140, 2300, 460, 3620, 690, 550, 1140, 1420, 1760, 3130, 2240, 2370, 2860, 2540, 1280, 1100, 610, 630, 3610, 350, 2780, 330, 1450, 1640, 790, 880, 2260, 3420, 5100, 1480, 3750, 1670, 750, 650, 910, 1220, 380, 1400, 2120, 400, 1270, 600, 1690, 1630, 800, 1100, 580, 710, 3430, 1570, 550, 630, 4000, 1320, 3240, 2390, 700, 1350, 1180, 690, 690, 1660, 1470, 2850, 820, 1800, 1210, 1950, 500, 2460, 1880, 810, 580, 1330, 1750, 6360, 1770, 1540, 530, 1090, 1790, 220, 2690, 1130, 1500, 2110, 870, 1730, 4600, 870, 3130, 3960, 480, 640, 6560, 3930, 1300, 1290, 830, 1460]
Average: 1721.5625


sqrt(log2(n))
Running (1 + (λ, λ)), λ = 2, c = 0.5 on RuggedOneMax(k = 2, n = 64)
Runtimes: [6648, 47800, 12888, 31460, 13104, 31604, 5404, 3620, 6384, 3504, 35756, 6224, 27464, 34168, 21344, 6904, 7000, 5412, 17624, 15572, 7840, 5612, 7368, 6100, 18912, 11548, 7932, 32852, 4708, 7648, 32152, 5292, 52548, 7048, 8756, 49416, 10120, 5892, 18224, 5988, 8648, 7392, 6256, 12460, 24372, 29892, 18936, 22316, 8420, 16292, 27176, 4924, 9052, 9396, 15112, 4396, 5376, 4880, 16744, 5016, 5848, 8024, 13472, 4992, 37540, 49952, 17808, 16748, 17496, 18452, 12328, 5512, 10076, 3740, 17872, 9064, 6560, 5024, 7908, 16272, 19804, 19684, 14816, 4396, 4680, 16260, 20344, 19072, 28004, 12964, 18376, 18300, 5612, 14176, 8192, 15296, 8088, 17520, 5980, 59208, 10960, 17068, 15244, 11604, 9608, 16972, 19468, 3660, 6908, 27200, 3412, 12052, 26040, 4476, 13436, 7444, 4832, 10880, 14400, 22224, 13688, 6532, 26396, 23412, 16096, 14692, 10664, 8400]
Average: 14813.46875

log2(n)
Running (1 + (λ, λ)), λ = 6, c = 0.16666666666666666 on RuggedOneMax(k = 2, n = 64)
Runtimes: [5292, 3636, 3828, 2892, 2868, 11796, 12024, 1896, 5268, 3180, 4716, 1800, 3096, 3012, 4596, 1428, 3648, 1512, 4056, 6972, 10260, 3900, 12840, 1848, 2520, 3000, 8040, 1380, 12564, 1620, 7380, 6324, 5688, 1572, 3096, 7572, 2616, 3924, 9096, 5676, 5784, 3336, 2676, 6540, 9564, 4524, 10668, 4548, 2124, 6924, 7476, 16164, 4104, 2016, 3876, 3348, 5232, 4344, 5700, 5352, 6828, 2352, 7356, 2724, 3552, 3480, 9828, 2556, 6744, 5604, 4200, 7368, 5652, 4284, 3888, 2724, 5604, 11856, 5184, 3324, 3660, 4152, 5880, 2052, 11652, 1632, 2484, 2556, 4152, 5256, 8400, 5880, 6528, 4764, 3984, 15168, 5868, 7764, 1200, 4500, 6792, 3540, 4812, 3168, 2544, 1512, 7008, 4680, 3972, 7560, 3420, 15792, 1536, 9696, 2220, 4752, 3072, 4260, 3372, 2472, 4764, 1860, 7164, 7332, 1284, 10032, 3900, 2808]
Average: 5161.6875

sqrt(n)
Running (1 + (λ, λ)), λ = 8, c = 0.125 on RuggedOneMax(k = 2, n = 64)
Runtimes: [4992, 9072, 1392, 1328, 8736, 3568, 4064, 5120, 5008, 2944, 2016, 2816, 4320, 2048, 2048, 4352, 5968, 5584, 3232, 5744, 4592, 1568, 5056, 3456, 3376, 3136, 3600, 8432, 1200, 5984, 6672, 13328, 7824, 4704, 12800, 4608, 2736, 3008, 3184, 9312, 5984, 1712, 1904, 2656, 6672, 3824, 1616, 8368, 3296, 3888, 3984, 5168, 5152, 3712, 12032, 2752, 2176, 7664, 6064, 1712, 816, 3856, 4864, 1968, 3824, 7008, 3392, 6448, 3920, 2256, 4912, 10512, 1696, 15120, 1824, 2224, 5120, 2384, 6224, 3952, 2960, 2864, 7936, 3968, 5056, 4800, 9536, 3072, 5408, 19040, 2480, 21856, 2144, 3968, 6576, 4688, 3152, 5552, 2032, 2416, 7472, 1776, 3232, 7968, 2496, 6080, 3840, 1840, 3200, 1552, 4944, 1488, 3952, 2128, 6672, 5776, 6224, 14544, 3584, 9360, 3904, 3744, 2944, 2064, 6368, 3808, 2368, 2880]
Average: 4853.875


sqrt(log2(n))
Running (1 + (λ, λ)), λ = 2, c = 0.5 on RuggedOneMax(k = 2, n = 128)
Runtimes: [30780, 31728, 155248, 55992, 11908, 14892, 59432, 160064, 212728, 172284, 117068, 34508, 99676, 17104, 17224, 78892, 99632, 16424, 76660, 221076, 57684, 22412, 20528, 27184, 98052, 46624, 21324, 32700, 26840, 27576, 46920, 30476, 81364, 96248, 32884, 100132, 34424, 66600, 59972, 201168, 128932, 52296, 38924, 45276, 86076, 39672, 76512, 37960, 33344, 293392, 83488, 64012, 23492, 86652, 51452, 44880, 94168, 227524, 47604, 28728, 42384, 32428, 24088, 51836, 26376, 71412, 72188, 39468, 76396, 73412, 139564, 47492, 43936, 84604, 107216, 36608, 64980, 31996, 56736, 70948, 71892, 20396, 85708, 39124, 88668, 44224, 93084, 40720, 21444, 42572, 29600, 86280, 23484, 30656, 149576, 33472, 51024, 42372, 57892, 40536, 23212, 70916, 135792, 45856, 85756, 30296, 26680, 34080, 41704, 53732, 68860, 198228, 55328, 43312, 47172, 59784, 117924, 46356, 84960, 186932, 97704, 36788, 25080, 28860, 40876, 18064, 65232, 45496]
Average: 66410.84375

log2(n)
Running (1 + (λ, λ)), λ = 7, c = 0.14285714285714285 on RuggedOneMax(k = 2, n = 128)
Runtimes: [12026, 7546, 18928, 25900, 6734, 17010, 54530, 18648, 10066, 14294, 23310, 49560, 12586, 31542, 5418, 17640, 6300, 3024, 22554, 28518, 38360, 8106, 26096, 12852, 14308, 24668, 17822, 20104, 18522, 18956, 18340, 12796, 21392, 40810, 10010, 4928, 16114, 67424, 15414, 7168, 7084, 25704, 4256, 31374, 17514, 52248, 55692, 9296, 5544, 5488, 42882, 24332, 14658, 23044, 22428, 25032, 6314, 4830, 7602, 19110, 8400, 32774, 20580, 14434, 12642, 51646, 13356, 7028, 5838, 15988, 9744, 12782, 5376, 7014, 2604, 5278, 19208, 6888, 16142, 37604, 22092, 19376, 3822, 19040, 9926, 27244, 21070, 10528, 13454, 10640, 33670, 16632, 6566, 7252, 18200, 8974, 47628, 29596, 48930, 36820, 36106, 15372, 16492, 25116, 24150, 58394, 38836, 26894, 8148, 40670, 32270, 6118, 7224, 20230, 58198, 15232, 16086, 9954, 67732, 16982, 14434, 27818, 21826, 28742, 29204, 32242, 30744, 7252]
Average: 20734.4375

sqrt(n)
Running (1 + (λ, λ)), λ = 11, c = 0.09090909090909091 on RuggedOneMax(k = 2, n = 128)
Runtimes: [6864, 20130, 10010, 23980, 8646, 11176, 6666, 7568, 17204, 7128, 13200, 33132, 30558, 13332, 12430, 11132, 20614, 15598, 19976, 29106, 7348, 7876, 14916, 9504, 9966, 3498, 8140, 7612, 8492, 6116, 16060, 25850, 15752, 6644, 6996, 6930, 17248, 14916, 15004, 11880, 7238, 7568, 10846, 7942, 4818, 2618, 9548, 30316, 24970, 7106, 19866, 10296, 22044, 26708, 23496, 30668, 10406, 28468, 12430, 10582, 12672, 14696, 12144, 17688, 3872, 18106, 25278, 12364, 5412, 25212, 21648, 8052, 18326, 54626, 29612, 8954, 15620, 6138, 6556, 13838, 15334, 13904, 6974, 12716, 5192, 5742, 13596, 11550, 4686, 18392, 6688, 10164, 19492, 15884, 5610, 29634, 13618, 11440, 6292, 10098, 10758, 11858, 16544, 27654, 4862, 14388, 30712, 12430, 10450, 20174, 5764, 28996, 12452, 32824, 24156, 28226, 21846, 5632, 5390, 33682, 10208, 4972, 5588, 7964, 6578, 12056, 13970, 6138]
Average: 14384.5625


sqrt(log2(n))
Running (1 + (λ, λ)), λ = 2, c = 0.5 on RuggedOneMax(k = 2, n = 256)
Runtimes: [204468, 223960, 66712, 174972, 107644, 555968, 140184, 183892, 53288, 233284, 493968, 101508, 318144, 725544, 96188, 155612, 108040, 484564, 250132, 410756, 442892, 562932, 322292, 169444, 432376, 383872, 84240, 254756, 189864, 354700, 89240, 882860, 51976, 195740, 110844, 72440, 451404, 160304, 388580, 82744, 190292, 87868, 456272, 513724, 436364, 330988, 323520, 160428, 51452, 234800, 168384, 392968, 597452, 239152, 713884, 146080, 410492, 149364, 113180, 48364, 223320, 349208, 650856, 151600, 98616, 109264, 163632, 79940, 262680, 129776, 221988, 157176, 110356, 689680, 204896, 257076, 640328, 141804, 467740, 61764, 429852, 113788, 222736, 430824, 296200, 308968, 453148, 115464, 520060, 409192, 287136, 610560, 66724, 422648, 496476, 250948, 327564, 190556, 175388, 184212, 440520, 460564, 332516, 681372, 485256, 207196, 297500, 281052, 476132, 293272, 212428, 424544, 337888, 222220, 275708, 563904, 159008, 191344, 77848, 182668, 91872, 154344, 176804, 234792, 820652, 831332, 173564, 242660]
Average: 291800.46875

log2(n)
Running (1 + (λ, λ)), λ = 8, c = 0.125 on RuggedOneMax(k = 2, n = 256)
Runtimes: [12256, 48272, 27744, 31664, 87968, 71584, 95568, 84368, 82096, 52480, 26800, 80032, 48608, 58096, 99504, 23744, 58960, 62352, 81264, 119344, 18592, 76592, 30048, 61968, 46528, 34368, 21312, 76256, 92096, 60976, 84192, 57920, 57136, 73360, 56864, 30592, 55584, 95648, 84272, 33280, 151840, 40944, 15152, 35232, 32448, 60512, 53488, 60544, 79040, 22352, 76336, 88416, 45024, 39280, 75488, 98304, 39024, 80976, 54896, 62544, 66544, 167472, 222832, 26464, 68992, 35648, 43440, 113920, 35008, 28816, 63456, 97664, 132400, 24736, 165792, 42176, 45712, 52384, 52240, 94560, 61584, 17712, 70912, 34080, 72400, 19440, 102224, 27616, 21584, 99152, 47456, 33872, 98528, 34240, 65600, 11072, 42416, 49360, 86672, 32096, 93072, 171872, 78576, 25040, 20816, 19552, 38608, 59648, 117488, 21648, 39408, 108608, 58464, 81840, 25024, 97088, 112832, 21792, 83504, 57520, 48176, 23328, 38656, 41664, 36912, 16240, 59056, 113568]
Average: 61956.25

sqrt(n)
Running (1 + (λ, λ)), λ = 16, c = 0.0625 on RuggedOneMax(k = 2, n = 256)
Runtimes: [43232, 20992, 21248, 13952, 28768, 20416, 25952, 8128, 41312, 31168, 14880, 14048, 32576, 16480, 30624, 11328, 25248, 117632, 24960, 18752, 55904, 39584, 28864, 16992, 64032, 30016, 35328, 50240, 27776, 47712, 23808, 18752, 46368, 39616, 48256, 33376, 26848, 57888, 21344, 69472, 36960, 50400, 29344, 30528, 39776, 22304, 66176, 24128, 82272, 39200, 21024, 21152, 28992, 19008, 33696, 18304, 31808, 97952, 21280, 44000, 19904, 30880, 44160, 16800, 14752, 19808, 48992, 11776, 32608, 22752, 61248, 35968, 25216, 35680, 17792, 63360, 90528, 59264, 43584, 39360, 114688, 68576, 36128, 128256, 45472, 20224, 156224, 41984, 33664, 32288, 25568, 82848, 31872, 19488, 74944, 63968, 10496, 15968, 46656, 26016, 58688, 71872, 82336, 72736, 25152, 41952, 19328, 78752, 26400, 45376, 27328, 18944, 16128, 32480, 144768, 31360, 38816, 20160, 21376, 23424, 78560, 33696, 51072, 38848, 17184, 67200, 43168, 35552]
Average: 40426.5


sqrt(log2(n))
Running (1 + (λ, λ)), λ = 3, c = 0.3333333333333333 on RuggedOneMax(k = 2, n = 512)
Runtimes: [849576, 181530, 359250, 231516, 653250, 276030, 172338, 770928, 809718, 750810, 253716, 574734, 390420, 1229988, 1438326, 178752, 252606, 255420, 367848, 491508, 335040, 446490, 546366, 227754, 112758, 1302900, 358314, 1514574, 280260, 397590, 1939560, 408078, 263652, 1185756, 618726, 345462, 484950, 474702, 110628, 1114626, 799806, 401112, 609264, 821772, 466644, 316980, 4511028, 231048, 514602, 2098746, 588486, 1029198, 643068, 228732, 148488, 452442, 1064640, 963840, 251886, 917826, 1176522, 365046, 2222310, 876648, 579162, 284646, 1077426, 681282, 606906, 573360, 825780, 892092, 190476, 792504, 1395036, 176280, 650490, 446772, 376728, 1042308, 305736, 557040, 890670, 2444748, 364434, 380178, 355932, 1304856, 1149660, 664944, 444624, 508998, 723498, 130164, 573858, 889116, 427038, 289878, 156342, 177570, 154344, 274584, 680922, 243474, 1239282, 511344, 846318, 444366, 272910, 397848, 928968, 736662, 813990, 285708, 494652, 672804, 820896, 630282, 1340196, 750864, 1551960, 765774, 406482, 901068, 565434, 1351116, 848724, 753204]
Average: 684931.96875

log2(n)
Running (1 + (λ, λ)), λ = 9, c = 0.1111111111111111 on RuggedOneMax(k = 2, n = 512)
Runtimes: [103446, 415386, 69282, 91854, 362214, 164466, 213030, 410922, 111168, 152802, 488106, 87606, 175734, 137052, 262692, 242352, 191034, 229824, 194076, 150282, 157608, 653490, 279558, 118170, 126306, 161280, 47160, 167616, 84834, 186714, 115650, 172224, 63504, 130716, 160398, 153828, 153900, 500004, 76572, 99846, 424620, 128430, 152838, 185598, 48600, 148194, 248922, 421830, 406818, 238932, 130266, 102528, 411066, 473238, 321156, 278892, 248148, 233586, 150318, 308700, 223344, 723240, 188334, 79380, 61434, 84096, 168822, 444474, 288000, 286380, 370278, 292338, 187128, 101412, 604836, 77364, 201654, 354456, 321354, 136170, 321966, 89856, 179532, 347292, 207936, 262818, 176688, 121104, 390042, 613314, 110988, 141498, 152316, 544752, 57744, 365832, 142362, 56448, 524142, 75528, 239976, 223686, 207306, 132876, 122670, 352278, 197838, 72936, 371916, 45594, 273798, 205686, 117846, 327852, 186732, 338220, 167058, 83790, 328716, 128376, 47628, 143802, 182736, 280638, 298116, 651510, 91764, 123012]
Average: 226143.703125

sqrt(n)
Running (1 + (λ, λ)), λ = 22, c = 0.045454545454545456 on RuggedOneMax(k = 2, n = 512)
Runtimes: [38896, 112244, 116292, 226864, 59312, 165088, 48136, 137632, 56848, 58520, 118712, 66132, 195140, 35860, 168168, 229988, 87604, 147444, 86020, 102960, 105380, 171556, 53680, 189508, 276496, 91872, 62832, 211508, 54912, 114708, 54208, 95040, 84876, 71632, 31416, 171952, 72952, 135696, 70884, 73392, 77748, 107712, 36124, 69784, 50952, 80872, 92092, 94160, 192324, 90200, 40920, 134068, 213664, 164516, 138116, 174504, 85932, 366256, 52624, 37620, 68112, 63888, 151580, 106128, 106084, 55484, 104632, 153956, 78804, 64636, 74140, 172744, 101684, 52800, 74932, 81312, 61468, 261184, 81136, 77220, 83468, 133320, 230296, 90508, 293480, 76560, 48180, 117128, 116908, 36916, 86020, 151096, 163328, 116204, 123552, 65032, 112112, 134816, 72820, 65868, 39776, 87648, 276540, 99176, 78584, 113608, 146212, 78276, 131076, 134596, 302368, 194700, 85360, 134332, 112068, 96272, 96756, 96624, 119768, 71764, 308088, 98340, 111540, 88484, 158444, 65516, 255552, 251548]
Average: 116367.96875


sqrt(log2(n))
Running (1 + (λ, λ)), λ = 3, c = 0.3333333333333333 on RuggedOneMax(k = 2, n = 1024)
Runtimes: [4559670, 9381792, 8513706, 6369660, 2935278, 5466756, 1786248, 3343386, 2600262, 3083214, 3059970, 1282710, 1987284, 7533246, 2181300, 9778128, 993726, 4236474, 3955176, 4548066, 2340384, 8729358, 2529462, 2527152, 2666604, 1016328, 1149078, 4484088, 2887746, 2772030, 6315834, 2142636, 5052282, 2208474, 5719158, 1828272, 7321080, 10422186, 3156384, 2666574, 6820206, 2328882, 1976784, 2611944, 4524570, 2549958, 2454414, 3318636, 5619084, 1794084, 6884070, 571596, 5936622, 1658736, 3634968, 674820, 1194570, 5854308, 3319716, 1844334, 3479052, 1315668, 2016450, 2111556, 599100, 2292366, 1591902, 6681432, 1252710, 3753420, 1103280, 1444578, 7158942, 712818, 4954524, 1633002, 1939530, 4134534, 1668702, 7632864, 1759818, 1966860, 932934, 2110524, 1479702, 2694600, 6603348, 8471328, 3507144, 4870758, 1014990, 5113362, 7802910, 2496864, 2468640, 1019178, 2674320, 2312808, 2007048, 6720882, 4546794, 1896576, 6611976, 1756308, 1687068, 742722, 605952, 2393226, 3523734, 9827004, 7501920, 927726, 4188552, 1306104, 2408406, 2497062, 3530826, 2682222, 1829850, 3659916, 1084542, 2135118, 5127600, 1614990, 4557456, 3213162, 1800588, 3579276]
Average: 3467535.84375

log2(n)
Running (1 + (λ, λ)), λ = 10, c = 0.1 on RuggedOneMax(k = 2, n = 1024)
Runtimes: [515880, 485080, 794900, 251840, 1356080, 1628720, 354920, 451080, 474860, 774300, 2985740, 730880, 1226860, 482900, 1416420, 478340, 428640, 1097380, 843260, 426200, 797760, 834480, 304220, 1174440, 381500, 577540, 770840, 351320, 194620, 420540, 540460, 1343340, 471700, 330980, 603240, 2180520, 4541920, 1471280, 329100, 1128320, 1639520, 1668180, 632140, 762460, 1116280, 876720, 502060, 561220, 173240, 1600140, 712440, 1799900, 541920, 1810180, 1579800, 663340, 1795720, 315660, 803780, 517760, 907680, 293180, 1649540, 1076960, 1204220, 323060, 2615580, 649840, 1631840, 626840, 1686760, 576500, 394160, 1530000, 659440, 1789000, 461100, 343720, 1001180, 708620, 847400, 408520, 543620, 343460, 3030120, 342540, 1727380, 378240, 801000, 938360, 790460, 424400, 1823680, 145420, 886620, 543620, 730620, 316760, 546820, 787020, 611280, 364800, 242080, 287320, 2983100, 1770260, 582240, 1091340, 2717100, 388180, 400800, 138500, 714540, 260980, 282480, 645500, 230020, 673520, 662780, 244920, 1288840, 809480, 1716840, 849400, 489860, 804040, 564220, 1495640]
Average: 904845.3125

sqrt(n)
Running (1 + (λ, λ)), λ = 32, c = 0.03125 on RuggedOneMax(k = 2, n = 1024)
Runtimes: [501760, 129472, 533632, 290112, 524480, 116928, 232128, 382720, 137472, 807168, 190272, 422976, 627904, 310080, 190912, 196608, 303360, 150464, 85184, 198400, 183808, 152128, 193664, 101120, 207232, 402560, 266624, 153344, 188032, 335616, 235584, 483584, 371968, 820672, 116928, 349888, 499456, 158848, 387456, 459200, 200512, 368192, 393408, 109376, 307968, 285056, 222208, 297536, 161088, 254720, 618816, 257344, 396736, 274752, 157440, 200960, 306560, 205504, 294720, 211456, 147136, 262272, 121920, 327744, 260352, 95424, 261120, 348608, 1054912, 79104, 865600, 517696, 295616, 323904, 478976, 873792, 229248, 974464, 532288, 301248, 297728, 299136, 221632, 189184, 575680, 271552, 226752, 150656, 271424, 426496, 239168, 201664, 626432, 644928, 216640, 381056, 290944, 210624, 191872, 411904, 192704, 476736, 156480, 177216, 224384, 89344, 1034112, 150400, 465984, 350848, 667904, 644352, 105152, 279168, 159936, 602304, 716288, 265856, 321216, 158400, 252160, 175040, 285376, 187968, 341440, 264576, 259584, 196544]
Average: 326738


sqrt(log2(n))
Running (1 + (λ, λ)), λ = 3, c = 0.3333333333333333 on RuggedOneMax(k = 2, n = 2048)
Runtimes: [5999286, 4133358, 16420008, 15215022, 12260814, 6714348, 6382452, 8394162, 11912538, 24759222, 24812628, 23497848, 23515794, 20503194, 24816246, 15295338, 21289290, 24124530, 13743594, 39037134, 66626718, 24548394, 23355876, 6452664, 6277008, 1967814, 8310324, 10278888, 18878238, 15532128, 4270404, 10094064, 12086106, 38015280, 10462032, 14577888, 26825556, 9567594, 14595858, 5504334, 17881836, 5824956, 31846212, 17392590, 7472970, 9171450, 11873580, 8410848, 4582176, 7591956, 9985056, 20495514, 10486038, 6396360, 7044672, 20245134, 3760092, 6329172, 11418540, 16944978, 16419942, 20592840, 20161974, 45861492, 14170044, 6216240, 11691834, 20964900, 42860358, 4436568, 26444784, 41758110, 3449082, 10795662, 7254828, 26278800, 5215038, 16396500, 7638072, 27854190, 21938388, 9679824, 26934954, 14831094, 6545652, 7150002, 9613656, 24667656, 39774606, 12917466, 10602462, 5978190, 2200296, 45111060, 3945624, 5896926, 6164466, 3480258, 12374148, 30269682, 10201260, 16656630, 18887880, 5335206, 10837980, 8300826, 8529726, 6237162, 35229246, 2780700, 16595604, 19344150, 4123128, 8871420, 23691564, 2437806, 5956980, 16302972, 13372950, 7525134, 13877970, 9440556, 1912686, 6408510, 4018404, 6608562, 6942174, 33606120]
Average: 14896711.546875

log2(n)
Running (1 + (λ, λ)), λ = 11, c = 0.09090909090909091 on RuggedOneMax(k = 2, n = 2048)
Runtimes: [2206204, 3078834, 1958066, 1025002, 3947196, 2827330, 2924746, 1540528, 4199404, 1599642, 1484450, 5548554, 4703908, 1559250, 1046342, 1180564, 1528912, 1728034, 2440592, 1426480, 2379190, 8120354, 1703658, 6342864, 3334188, 2200770, 2840948, 1224586, 3075842, 735570, 2812920, 3441570, 1405470, 11203786, 5236440, 904706, 3013406, 4332108, 3981978, 1570866, 6151508, 607640, 2686640, 1107524, 2946834, 1753202, 1906234, 2118182, 7642690, 1153350, 1880824, 1606022, 2194874, 3638932, 1663596, 4928088, 1640166, 4941574, 1788358, 4384842, 708862, 882794, 477048, 1978504, 706002, 6014096, 5212526, 3014814, 1848880, 745998, 2140820, 8271582, 550814, 3614512, 3737514, 1280510, 2021558, 990572, 4887894, 1360568, 2473526, 1791790, 6504762, 7555482, 853270, 1128182, 3054194, 1710610, 1900756, 2305908, 1995466, 745558, 1098416, 3577464, 1892858, 3707528, 3860648, 1640980, 4014098, 6553778, 19388182, 5250498, 6691806, 1975754, 5283146, 2569248, 1089704, 3084774, 4500276, 4666750, 1162920, 2809554, 1888634, 10381624, 2186800, 5768818, 1764994, 6474006, 8400370, 11970970, 9173120, 1984070, 3521012, 12571944, 793848, 1720290, 1519232, 2574308]
Average: 3316672.90625

sqrt(n)
Running (1 + (λ, λ)), λ = 45, c = 0.022222222222222223 on RuggedOneMax(k = 2, n = 2048)
Runtimes: [733410, 1149480, 1026450, 946980, 418140, 896040, 923850, 1298700, 438030, 796050, 2265750, 801450, 1327860, 2748600, 1814310, 1145340, 264960, 503100, 399780, 1608480, 446130, 1104840, 911610, 1368540, 332730, 1082970, 944640, 1182240, 855810, 442170, 1010340, 577800, 575820, 411660, 541620, 377820, 474030, 751860, 1215810, 935190, 665460, 800730, 2215980, 685350, 1996830, 2433870, 875430, 390420, 1345050, 1242450, 772200, 1715220, 801000, 1063170, 590310, 548280, 1026540, 384390, 515070, 1165590, 1963080, 639180, 600300, 938160, 1182870, 1041930, 725850, 1550430, 1317960, 537930, 245880, 517410, 1275120, 661140, 1477260, 1782090, 1469610, 751500, 1377900, 1086300, 888660, 733950, 391230, 281700, 790740, 2013120, 1486440, 769590, 1171710, 773730, 602910, 680400, 759420, 640890, 1153080, 1418040, 538920, 1183950, 569970, 812610, 643320, 2850840, 1479150, 575280, 1224180, 519120, 595350, 1475280, 549450, 1358010, 988200, 2343780, 1677960, 533790, 801360, 475110, 488790, 907020, 489150, 354510, 2248200, 1062450, 1752930, 540630, 727200, 1404900, 675630, 654300]
Average: 988145.15625


sqrt(log2(n))
Running (1 + (λ, λ)), λ = 3, c = 0.3333333333333333 on RuggedOneMax(k = 2, n = 4096)
Runtimes: [98712762, 94347060, 38493270, 50556006, 35049432, 9316644, 32815818, 9597156, 51379050, 39315372, 18154398, 39687732, 41483550, 174784788, 44420730, 17272410, 42305682, 75562572, 80713650, 30473874, 40118508, 47803434, 33739818, 42069624, 15464430, 61277550, 73396194, 43415622, 102023958, 34408542, 83410764, 62785872, 26432742, 102163692, 29799204, 28711314, 42932388, 24604668, 24260802, 23634888, 58420896, 39422988, 113013870, 13517244, 46256238, 28548420, 21161946, 131897508, 78627888, 17977488, 147360570, 44779224, 72526686, 34308858, 42831612, 61461588, 27379698, 10347678, 64584240, 99942006, 22821570, 148991472, 45737310, 43709058, 37782480, 44164764, 13529484, 58061520, 10455564, 48183516, 63998118, 37992606, 75517446, 21669864, 82288578, 58283448, 21307752, 35891376, 44745768, 73047096, 32632284, 96700278, 32009052, 70592076, 46870914, 27723240, 23799990, 19081674, 20279718, 88766310, 120458946, 25206744, 54691014, 197868894, 21471660, 30794520, 57311988, 100021362, 7733166, 41155752, 67100052, 182814918, 60651942, 60373122, 34196598, 16763172, 20276274, 43112976, 89567832, 53326980, 62249160, 9367992, 40368444, 17552742, 27927768, 63418320, 52740780, 110673876, 23381694, 84814446, 74305908, 74209428, 20234712, 20096118, 43981506, 37724466, 105480234, 37425030]
Average: 52802714.671875

log2(n)
Running (1 + (λ, λ)), λ = 12, c = 0.08333333333333333 on RuggedOneMax(k = 2, n = 4096)
Runtimes: [11697288, 4719096, 3726792, 6186384, 4080072, 10603752, 25363800, 3293544, 4235352, 7424112, 9065448, 6653232, 10342344, 5869152, 17394720, 17749920, 6558480, 3870936, 18916944, 11240688, 4956912, 3317544, 16393872, 8330424, 4969632, 12664968, 6279312, 5568960, 13831512, 15667776, 8703240, 4904064, 10238616, 16766928, 8488992, 2551248, 11528304, 24527112, 23943360, 5965080, 3552576, 4335456, 8611992, 5310192, 4435656, 12214464, 4797816, 29994792, 8406912, 4676832, 15043032, 4043232, 16515504, 3000888, 12103416, 4552776, 20437512, 15426912, 4280808, 15496248, 9281712, 2996064, 5375880, 3647280, 10413744, 5601024, 7643688, 18347112, 5704368, 20760264, 30727152, 11658576, 11306688, 13381056, 3016896, 22565184, 23207280, 2870328, 5294592, 7433496, 6462888, 4340136, 10234560, 9558264, 8764944, 7964184, 16242144, 20968512, 4541040, 7558824, 2906136, 6991680, 22475040, 15224664, 23937576, 5853480, 8764008, 8403840, 9227736, 8139096, 9453528, 4200792, 5663016, 5654232, 8448792, 4778496, 4190616, 12463392, 5926656, 7558728, 8805768, 5316984, 12506688, 11355288, 4393248, 26140536, 7405368, 2960880, 2659584, 16958328, 6073776, 38138256, 26755008, 12084360, 6445608, 3072816, 18918528, 5485800]
Average: 10229946.375

sqrt(n)
Running (1 + (λ, λ)), λ = 64, c = 0.015625 on RuggedOneMax(k = 2, n = 4096)
Runtimes: [1136256, 4691584, 2917120, 1214464, 3056640, 829952, 2892800, 999168, 3047936, 2911488, 1693824, 4644608, 2025088, 3903488, 5384960, 2662016, 2910976, 2527872, 1196160, 1886208, 1119360, 1444992, 2668032, 853760, 1906560, 1781632, 9275392, 713728, 1783552, 2582656, 3394688, 2584960, 1794304, 1299584, 8412032, 4449920, 2547200, 2669312, 2617472, 1100928, 3255936, 2278144, 1803136, 2384896, 2486912, 6203136, 2369920, 2402688, 2468608, 2551680, 3517184, 1280768, 4828672, 5344896, 3355648, 1506304, 4066816, 1789568, 1184000, 710400, 3346944, 2721024, 2092928, 3307520, 5494784, 4560128, 1653760, 5744256, 1666432, 3263744, 2271488, 919808, 1233408, 2118528, 2111872, 1313664, 1741056, 1034240, 2615296, 1587200, 6757120, 954624, 1831552, 1337984, 2585600, 2362368, 2279680, 2176128, 1251328, 3284224, 2382080, 4977152, 2283392, 1940352, 2177280, 1146368, 3209344, 2844288, 2664704, 1103616, 1327104, 1708672, 2655744, 5873152, 1400448, 2586624, 1405696, 4496640, 3175936, 5166720, 3490688, 1199104, 4008448, 2391936, 2929792, 1841920, 1631104, 1299200, 2360704, 1974144, 1204736, 3632000, 962176, 1403136, 1367296, 1137536, 1585536, 2646016]
Average: 2582277
