2
Running (μ + 1), μ = 2, p_c = 0.99, p_m = 0.03125 on OneMax(n = 32)
Progress: 0 1 2 3 4 5 6 7 8 9 10 11 12 13 14 15 16 17 18 19 20 21 22 23 24 25 26 27 28 29 30 31 32 33 34 35 36 37 38 39 40 41 42 43 44 45 46 47 48 49 50 51 52 53 54 55 56 57 58 59 60 61 62 63 64 65 66 67 68 69 70 71 72 73 74 75 76 77 78 79 80 81 82 83 84 85 86 87 88 89 90 91 92 93 94 95 96 97 98 99 100 101 102 103 104 105 106 107 108 109 110 111 112 113 114 115 116 117 118 119 120 121 122 123 124 125 126 127 
Runtimes: [159, 185, 230, 317, 308, 226, 291, 163, 267, 237, 176, 218, 225, 140, 127, 198, 179, 201, 237, 582, 160, 139, 303, 363, 238, 272, 173, 223, 162, 108, 288, 221, 181, 407, 203, 126, 285, 396, 284, 482, 261, 135, 280, 184, 298, 202, 192, 197, 251, 242, 151, 228, 260, 227, 192, 179, 227, 245, 284, 252, 118, 203, 218, 176, 118, 400, 414, 194, 242, 193, 146, 252, 251, 480, 135, 171, 474, 279, 196, 277, 236, 249, 294, 218, 246, 306, 273, 165, 208, 153, 359, 118, 205, 294, 106, 125, 219, 503, 178, 183, 277, 152, 118, 198, 319, 166, 152, 163, 167, 163, 189, 92, 140, 303, 199, 271, 204, 430, 160, 121, 128, 256, 207, 114, 239, 203, 263, 380]
Average: 230.59375
Evaluated in 16.99ms

2
Running (μ + 1) w/ chm, μ = 2, p_c = 0.99, p_m = 0.03125 on OneMax(n = 32)
Progress: 0 1 2 3 4 5 6 7 8 9 10 11 12 13 14 15 16 17 18 19 20 21 22 23 24 25 26 27 28 29 30 31 32 33 34 35 36 37 38 39 40 41 42 43 44 45 46 47 48 49 50 51 52 53 54 55 56 57 58 59 60 61 62 63 64 65 66 67 68 69 70 71 72 73 74 75 76 77 78 79 80 81 82 83 84 85 86 87 88 89 90 91 92 93 94 95 96 97 98 99 100 101 102 103 104 105 106 107 108 109 110 111 112 113 114 115 116 117 118 119 120 121 122 123 124 125 126 127 
Runtimes: [177, 177, 170, 264, 135, 151, 140, 215, 400, 191, 171, 130, 202, 172, 191, 207, 128, 197, 178, 182, 171, 172, 179, 125, 191, 136, 168, 104, 84, 209, 145, 173, 209, 172, 179, 295, 138, 175, 152, 152, 292, 213, 142, 209, 147, 238, 187, 159, 189, 151, 194, 135, 177, 142, 274, 190, 421, 226, 150, 126, 89, 182, 175, 209, 139, 256, 169, 204, 110, 254, 243, 159, 154, 195, 130, 183, 101, 196, 147, 179, 263, 200, 170, 174, 135, 305, 172, 228, 170, 84, 146, 146, 169, 125, 148, 323, 182, 303, 120, 196, 138, 177, 159, 186, 171, 149, 191, 174, 195, 75, 225, 161, 126, 138, 153, 157, 98, 138, 113, 207, 146, 285, 158, 118, 173, 162, 207, 144]
Average: 178.328125
Evaluated in 13.15ms

log2(n)
Running (μ + 1), μ = 5, p_c = 0.99, p_m = 0.03125 on OneMax(n = 32)
Progress: 0 1 2 3 4 5 6 7 8 9 10 11 12 13 14 15 16 17 18 19 20 21 22 23 24 25 26 27 28 29 30 31 32 33 34 35 36 37 38 39 40 41 42 43 44 45 46 47 48 49 50 51 52 53 54 55 56 57 58 59 60 61 62 63 64 65 66 67 68 69 70 71 72 73 74 75 76 77 78 79 80 81 82 83 84 85 86 87 88 89 90 91 92 93 94 95 96 97 98 99 100 101 102 103 104 105 106 107 108 109 110 111 112 113 114 115 116 117 118 119 120 121 122 123 124 125 126 127 
Runtimes: [262, 206, 211, 230, 179, 120, 149, 213, 247, 181, 314, 216, 194, 205, 209, 161, 281, 236, 236, 142, 136, 364, 246, 155, 179, 217, 271, 116, 111, 196, 186, 158, 143, 182, 257, 253, 237, 466, 164, 142, 172, 138, 238, 248, 203, 237, 240, 155, 250, 136, 171, 140, 411, 119, 268, 129, 169, 188, 145, 256, 127, 316, 225, 132, 184, 229, 297, 112, 376, 162, 84, 175, 207, 201, 350, 119, 216, 223, 145, 302, 209, 113, 175, 202, 179, 219, 137, 243, 319, 152, 215, 149, 142, 270, 127, 164, 351, 204, 174, 295, 212, 214, 98, 191, 136, 199, 315, 104, 146, 207, 193, 292, 202, 149, 287, 192, 285, 173, 224, 230, 143, 166, 179, 182, 277, 215, 151, 176]
Average: 204.2421875
Evaluated in 10.93ms

log2(n)
Running (μ + 1) w/ chm, μ = 5, p_c = 0.99, p_m = 0.03125 on OneMax(n = 32)
Progress: 0 1 2 3 4 5 6 7 8 9 10 11 12 13 14 15 16 17 18 19 20 21 22 23 24 25 26 27 28 29 30 31 32 33 34 35 36 37 38 39 40 41 42 43 44 45 46 47 48 49 50 51 52 53 54 55 56 57 58 59 60 61 62 63 64 65 66 67 68 69 70 71 72 73 74 75 76 77 78 79 80 81 82 83 84 85 86 87 88 89 90 91 92 93 94 95 96 97 98 99 100 101 102 103 104 105 106 107 108 109 110 111 112 113 114 115 116 117 118 119 120 121 122 123 124 125 126 127 
Runtimes: [164, 264, 202, 166, 136, 157, 186, 143, 168, 320, 136, 240, 277, 114, 294, 172, 106, 155, 148, 184, 144, 202, 202, 182, 248, 142, 185, 188, 222, 127, 176, 149, 136, 138, 262, 194, 171, 181, 134, 199, 168, 198, 408, 190, 169, 237, 179, 191, 193, 191, 239, 130, 226, 245, 234, 151, 345, 142, 129, 167, 151, 194, 244, 193, 212, 154, 226, 164, 222, 239, 191, 196, 167, 131, 208, 176, 235, 233, 200, 234, 176, 147, 182, 217, 230, 138, 149, 168, 153, 203, 177, 182, 189, 144, 447, 245, 168, 198, 337, 234, 126, 200, 427, 194, 299, 175, 176, 94, 121, 159, 189, 119, 127, 213, 193, 152, 140, 157, 122, 160, 106, 184, 167, 220, 146, 160, 192, 199]
Average: 190.7578125
Evaluated in 14.84ms

sqrt(n)
Running (μ + 1), μ = 5, p_c = 0.99, p_m = 0.03125 on OneMax(n = 32)
Progress: 0 1 2 3 4 5 6 7 8 9 10 11 12 13 14 15 16 17 18 19 20 21 22 23 24 25 26 27 28 29 30 31 32 33 34 35 36 37 38 39 40 41 42 43 44 45 46 47 48 49 50 51 52 53 54 55 56 57 58 59 60 61 62 63 64 65 66 67 68 69 70 71 72 73 74 75 76 77 78 79 80 81 82 83 84 85 86 87 88 89 90 91 92 93 94 95 96 97 98 99 100 101 102 103 104 105 106 107 108 109 110 111 112 113 114 115 116 117 118 119 120 121 122 123 124 125 126 127 
Runtimes: [215, 204, 197, 198, 194, 337, 186, 155, 190, 231, 299, 170, 120, 185, 138, 212, 176, 224, 134, 210, 169, 175, 210, 117, 164, 183, 295, 174, 435, 195, 195, 229, 192, 208, 196, 230, 164, 286, 175, 178, 219, 74, 196, 205, 184, 151, 167, 146, 193, 234, 233, 218, 228, 272, 174, 199, 273, 187, 145, 343, 247, 135, 300, 331, 381, 171, 260, 239, 147, 188, 270, 225, 303, 292, 139, 176, 350, 156, 195, 137, 115, 249, 250, 143, 199, 146, 115, 185, 258, 155, 120, 170, 164, 204, 200, 197, 216, 320, 216, 209, 278, 284, 216, 112, 176, 172, 185, 207, 239, 252, 228, 403, 367, 116, 262, 126, 180, 175, 151, 290, 151, 149, 154, 214, 278, 324, 209, 181]
Average: 208.890625
Evaluated in 11.58ms

sqrt(n)
Running (μ + 1) w/ chm, μ = 5, p_c = 0.99, p_m = 0.03125 on OneMax(n = 32)
Progress: 0 1 2 3 4 5 6 7 8 9 10 11 12 13 14 15 16 17 18 19 20 21 22 23 24 25 26 27 28 29 30 31 32 33 34 35 36 37 38 39 40 41 42 43 44 45 46 47 48 49 50 51 52 53 54 55 56 57 58 59 60 61 62 63 64 65 66 67 68 69 70 71 72 73 74 75 76 77 78 79 80 81 82 83 84 85 86 87 88 89 90 91 92 93 94 95 96 97 98 99 100 101 102 103 104 105 106 107 108 109 110 111 112 113 114 115 116 117 118 119 120 121 122 123 124 125 126 127 
Runtimes: [133, 156, 308, 202, 157, 114, 169, 158, 157, 267, 374, 205, 255, 157, 132, 207, 199, 154, 203, 253, 208, 149, 197, 233, 173, 250, 158, 234, 186, 229, 121, 212, 191, 193, 193, 165, 349, 166, 221, 272, 151, 241, 83, 231, 175, 180, 121, 205, 220, 237, 197, 197, 251, 150, 156, 130, 121, 212, 250, 277, 225, 102, 259, 176, 161, 232, 165, 181, 177, 103, 133, 122, 284, 119, 177, 210, 211, 263, 150, 156, 108, 127, 98, 174, 215, 120, 231, 226, 174, 148, 141, 186, 98, 196, 434, 247, 137, 149, 158, 173, 131, 217, 163, 120, 188, 146, 163, 234, 170, 128, 174, 259, 340, 153, 173, 226, 230, 133, 253, 133, 79, 180, 182, 139, 127, 165, 233, 132]
Average: 187.203125
Evaluated in 14.72ms


2
Running (μ + 1), μ = 2, p_c = 0.99, p_m = 0.015625 on OneMax(n = 64)
Progress: 0 1 2 3 4 5 6 7 8 9 10 11 12 13 14 15 16 17 18 19 20 21 22 23 24 25 26 27 28 29 30 31 32 33 34 35 36 37 38 39 40 41 42 43 44 45 46 47 48 49 50 51 52 53 54 55 56 57 58 59 60 61 62 63 64 65 66 67 68 69 70 71 72 73 74 75 76 77 78 79 80 81 82 83 84 85 86 87 88 89 90 91 92 93 94 95 96 97 98 99 100 101 102 103 104 105 106 107 108 109 110 111 112 113 114 115 116 117 118 119 120 121 122 123 124 125 126 127 
Runtimes: [366, 424, 438, 265, 447, 775, 738, 663, 535, 600, 586, 590, 960, 648, 377, 377, 465, 420, 428, 517, 290, 377, 504, 336, 685, 380, 392, 821, 512, 1006, 448, 591, 701, 512, 912, 457, 448, 577, 376, 505, 699, 709, 387, 383, 548, 371, 508, 451, 624, 640, 452, 815, 701, 356, 551, 452, 464, 507, 622, 278, 684, 513, 425, 506, 521, 383, 514, 667, 317, 480, 353, 573, 510, 259, 695, 499, 650, 598, 405, 368, 704, 539, 1031, 606, 546, 500, 996, 348, 469, 908, 316, 346, 358, 543, 464, 558, 371, 499, 537, 258, 649, 351, 479, 767, 454, 891, 425, 435, 421, 599, 624, 251, 622, 424, 443, 573, 765, 378, 568, 370, 595, 409, 404, 576, 662, 471, 368, 688]
Average: 526.921875
Evaluated in 52.61ms

2
Running (μ + 1) w/ chm, μ = 2, p_c = 0.99, p_m = 0.015625 on OneMax(n = 64)
Progress: 0 1 2 3 4 5 6 7 8 9 10 11 12 13 14 15 16 17 18 19 20 21 22 23 24 25 26 27 28 29 30 31 32 33 34 35 36 37 38 39 40 41 42 43 44 45 46 47 48 49 50 51 52 53 54 55 56 57 58 59 60 61 62 63 64 65 66 67 68 69 70 71 72 73 74 75 76 77 78 79 80 81 82 83 84 85 86 87 88 89 90 91 92 93 94 95 96 97 98 99 100 101 102 103 104 105 106 107 108 109 110 111 112 113 114 115 116 117 118 119 120 121 122 123 124 125 126 127 
Runtimes: [465, 581, 258, 266, 419, 200, 367, 472, 227, 404, 376, 343, 434, 399, 421, 414, 338, 358, 317, 804, 415, 771, 366, 568, 571, 346, 299, 370, 425, 452, 534, 474, 376, 234, 235, 252, 546, 322, 245, 432, 290, 291, 440, 580, 335, 400, 363, 709, 426, 354, 437, 396, 408, 395, 384, 346, 480, 373, 394, 347, 380, 532, 433, 366, 336, 372, 353, 412, 487, 332, 395, 444, 355, 260, 353, 278, 356, 338, 452, 312, 457, 236, 252, 488, 305, 434, 528, 275, 253, 265, 262, 423, 543, 287, 398, 387, 240, 422, 371, 394, 327, 311, 593, 334, 434, 586, 322, 535, 493, 413, 286, 711, 600, 484, 354, 422, 359, 337, 314, 479, 483, 577, 504, 286, 410, 285, 416, 399]
Average: 398.9375
Evaluated in 54.40ms

log2(n)
Running (μ + 1), μ = 6, p_c = 0.99, p_m = 0.015625 on OneMax(n = 64)
Progress: 0 1 2 3 4 5 6 7 8 9 10 11 12 13 14 15 16 17 18 19 20 21 22 23 24 25 26 27 28 29 30 31 32 33 34 35 36 37 38 39 40 41 42 43 44 45 46 47 48 49 50 51 52 53 54 55 56 57 58 59 60 61 62 63 64 65 66 67 68 69 70 71 72 73 74 75 76 77 78 79 80 81 82 83 84 85 86 87 88 89 90 91 92 93 94 95 96 97 98 99 100 101 102 103 104 105 106 107 108 109 110 111 112 113 114 115 116 117 118 119 120 121 122 123 124 125 126 127 
Runtimes: [778, 595, 673, 349, 662, 621, 646, 451, 673, 561, 881, 455, 998, 427, 402, 623, 509, 637, 577, 624, 494, 341, 510, 632, 670, 419, 602, 750, 493, 669, 518, 236, 871, 432, 377, 401, 495, 472, 335, 679, 662, 393, 434, 628, 431, 316, 382, 511, 486, 448, 450, 440, 645, 525, 447, 547, 369, 759, 423, 572, 384, 400, 464, 670, 641, 583, 443, 680, 535, 371, 377, 900, 596, 527, 1013, 391, 345, 539, 371, 398, 631, 630, 612, 438, 1111, 439, 565, 451, 375, 709, 389, 485, 530, 311, 507, 381, 494, 439, 444, 549, 554, 553, 639, 711, 303, 326, 604, 455, 523, 425, 363, 455, 534, 718, 464, 508, 495, 595, 468, 843, 486, 414, 389, 601, 391, 389, 634, 426]
Average: 529.609375
Evaluated in 77.07ms

log2(n)
Running (μ + 1) w/ chm, μ = 6, p_c = 0.99, p_m = 0.015625 on OneMax(n = 64)
Progress: 0 1 2 3 4 5 6 7 8 9 10 11 12 13 14 15 16 17 18 19 20 21 22 23 24 25 26 27 28 29 30 31 32 33 34 35 36 37 38 39 40 41 42 43 44 45 46 47 48 49 50 51 52 53 54 55 56 57 58 59 60 61 62 63 64 65 66 67 68 69 70 71 72 73 74 75 76 77 78 79 80 81 82 83 84 85 86 87 88 89 90 91 92 93 94 95 96 97 98 99 100 101 102 103 104 105 106 107 108 109 110 111 112 113 114 115 116 117 118 119 120 121 122 123 124 125 126 127 
Runtimes: [358, 585, 361, 357, 607, 432, 265, 571, 653, 343, 600, 319, 626, 623, 706, 503, 455, 187, 497, 288, 346, 377, 456, 422, 387, 566, 321, 372, 333, 399, 307, 530, 294, 389, 396, 381, 419, 470, 327, 274, 374, 401, 460, 304, 493, 532, 325, 462, 377, 401, 735, 608, 579, 428, 488, 358, 462, 504, 390, 374, 333, 238, 456, 435, 355, 634, 369, 397, 414, 497, 447, 629, 411, 288, 430, 355, 487, 283, 305, 544, 467, 677, 313, 320, 576, 419, 376, 438, 467, 406, 319, 415, 277, 300, 628, 522, 380, 433, 413, 225, 476, 320, 392, 560, 364, 409, 328, 343, 605, 395, 483, 677, 341, 363, 315, 384, 409, 603, 319, 257, 487, 399, 452, 470, 457, 300, 525, 441]
Average: 427.4140625
Evaluated in 101.69ms

sqrt(n)
Running (μ + 1), μ = 8, p_c = 0.99, p_m = 0.015625 on OneMax(n = 64)
Progress: 0 1 2 3 4 5 6 7 8 9 10 11 12 13 14 15 16 17 18 19 20 21 22 23 24 25 26 27 28 29 30 31 32 33 34 35 36 37 38 39 40 41 42 43 44 45 46 47 48 49 50 51 52 53 54 55 56 57 58 59 60 61 62 63 64 65 66 67 68 69 70 71 72 73 74 75 76 77 78 79 80 81 82 83 84 85 86 87 88 89 90 91 92 93 94 95 96 97 98 99 100 101 102 103 104 105 106 107 108 109 110 111 112 113 114 115 116 117 118 119 120 121 122 123 124 125 126 127 
Runtimes: [456, 743, 732, 307, 374, 504, 561, 415, 766, 548, 511, 719, 364, 475, 449, 482, 374, 434, 366, 434, 376, 401, 976, 537, 386, 714, 471, 385, 483, 483, 397, 404, 358, 538, 424, 505, 562, 485, 404, 467, 368, 481, 519, 647, 526, 573, 762, 426, 655, 635, 818, 460, 397, 700, 481, 811, 530, 380, 266, 521, 620, 328, 661, 436, 521, 428, 599, 581, 839, 505, 586, 710, 370, 394, 413, 536, 956, 534, 301, 478, 696, 516, 401, 325, 450, 580, 616, 391, 440, 405, 445, 498, 570, 509, 484, 400, 500, 624, 582, 498, 532, 579, 478, 563, 412, 514, 534, 322, 570, 446, 277, 483, 673, 463, 613, 583, 381, 722, 744, 413, 428, 488, 279, 507, 680, 421, 554, 441]
Average: 512.125
Evaluated in 80.82ms

sqrt(n)
Running (μ + 1) w/ chm, μ = 8, p_c = 0.99, p_m = 0.015625 on OneMax(n = 64)
Progress: 0 1 2 3 4 5 6 7 8 9 10 11 12 13 14 15 16 17 18 19 20 21 22 23 24 25 26 27 28 29 30 31 32 33 34 35 36 37 38 39 40 41 42 43 44 45 46 47 48 49 50 51 52 53 54 55 56 57 58 59 60 61 62 63 64 65 66 67 68 69 70 71 72 73 74 75 76 77 78 79 80 81 82 83 84 85 86 87 88 89 90 91 92 93 94 95 96 97 98 99 100 101 102 103 104 105 106 107 108 109 110 111 112 113 114 115 116 117 118 119 120 121 122 123 124 125 126 127 
Runtimes: [720, 608, 395, 456, 324, 724, 527, 628, 387, 283, 346, 460, 642, 411, 401, 537, 370, 317, 640, 579, 499, 459, 500, 450, 395, 485, 516, 517, 360, 348, 330, 478, 483, 445, 382, 372, 443, 364, 405, 403, 382, 394, 468, 405, 391, 353, 398, 428, 913, 381, 513, 447, 470, 417, 372, 323, 589, 471, 503, 418, 743, 457, 381, 368, 336, 477, 335, 609, 314, 381, 362, 395, 472, 347, 500, 355, 494, 484, 518, 565, 509, 655, 476, 727, 515, 465, 468, 358, 480, 514, 472, 442, 381, 516, 422, 406, 642, 292, 426, 450, 460, 623, 472, 506, 489, 278, 369, 313, 208, 443, 406, 473, 502, 505, 387, 519, 756, 519, 630, 511, 370, 446, 414, 396, 336, 447, 507, 475]
Average: 458.546875
Evaluated in 123.05ms


2
Running (μ + 1), μ = 2, p_c = 0.99, p_m = 0.0078125 on OneMax(n = 128)
Progress: 0 1 2 3 4 5 6 7 8 9 10 11 12 13 14 15 16 17 18 19 20 21 22 23 24 25 26 27 28 29 30 31 32 33 34 35 36 37 38 39 40 41 42 43 44 45 46 47 48 49 50 51 52 53 54 55 56 57 58 59 60 61 62 63 64 65 66 67 68 69 70 71 72 73 74 75 76 77 78 79 80 81 82 83 84 85 86 87 88 89 90 91 92 93 94 95 96 97 98 99 100 101 102 103 104 105 106 107 108 109 110 111 112 113 114 115 116 117 118 119 120 121 122 123 124 125 126 127 
Runtimes: [1256, 1967, 1170, 1579, 1521, 2017, 1075, 1156, 2243, 1193, 2020, 1232, 1192, 2146, 1492, 1288, 2529, 1845, 1835, 948, 991, 1560, 1476, 830, 1204, 1232, 1542, 1465, 887, 2372, 1670, 1635, 1563, 872, 1130, 735, 706, 1040, 1403, 1214, 1046, 1214, 1017, 920, 1127, 1915, 1264, 1338, 1399, 1296, 1090, 1712, 1280, 1220, 1356, 1170, 1289, 1316, 1835, 1307, 1054, 996, 914, 1213, 1098, 1797, 1636, 1747, 1043, 1067, 866, 1659, 2222, 1371, 1238, 900, 1191, 935, 1573, 1044, 1518, 1662, 1447, 978, 1009, 1809, 1536, 1036, 1284, 1403, 1274, 1238, 1216, 1331, 935, 865, 1065, 1756, 1307, 1390, 903, 1770, 1043, 1348, 1666, 1170, 969, 1604, 1095, 1086, 1791, 1141, 818, 1380, 1494, 1067, 1592, 1220, 854, 794, 858, 1020, 1765, 2346, 1067, 1008, 1099, 1282]
Average: 1329.8046875
Evaluated in 351.69ms

2
Running (μ + 1) w/ chm, μ = 2, p_c = 0.99, p_m = 0.0078125 on OneMax(n = 128)
Progress: 0 1 2 3 4 5 6 7 8 9 10 11 12 13 14 15 16 17 18 19 20 21 22 23 24 25 26 27 28 29 30 31 32 33 34 35 36 37 38 39 40 41 42 43 44 45 46 47 48 49 50 51 52 53 54 55 56 57 58 59 60 61 62 63 64 65 66 67 68 69 70 71 72 73 74 75 76 77 78 79 80 81 82 83 84 85 86 87 88 89 90 91 92 93 94 95 96 97 98 99 100 101 102 103 104 105 106 107 108 109 110 111 112 113 114 115 116 117 118 119 120 121 122 123 124 125 126 127 
Runtimes: [754, 882, 818, 601, 914, 637, 1227, 893, 542, 771, 942, 1249, 738, 1437, 481, 986, 956, 748, 840, 1253, 827, 1172, 690, 1222, 1309, 1336, 1202, 714, 1421, 598, 639, 803, 1058, 1025, 860, 1211, 1096, 823, 856, 833, 828, 1134, 806, 801, 917, 833, 851, 1459, 1536, 890, 642, 840, 627, 768, 996, 1030, 778, 988, 734, 869, 682, 758, 953, 1089, 715, 914, 1547, 1149, 1050, 940, 548, 759, 1052, 996, 1142, 567, 1105, 1010, 674, 811, 899, 648, 678, 820, 797, 890, 893, 667, 785, 695, 733, 1114, 685, 659, 1026, 753, 814, 1080, 951, 910, 1116, 510, 1053, 674, 847, 682, 913, 932, 1102, 1083, 676, 667, 800, 686, 946, 691, 1036, 815, 1030, 725, 599, 966, 984, 1013, 773, 913, 837, 776]
Average: 894.484375
Evaluated in 288.15ms

log2(n)
Running (μ + 1), μ = 7, p_c = 0.99, p_m = 0.0078125 on OneMax(n = 128)
Progress: 0 1 2 3 4 5 6 7 8 9 10 11 12 13 14 15 16 17 18 19 20 21 22 23 24 25 26 27 28 29 30 31 32 33 34 35 36 37 38 39 40 41 42 43 44 45 46 47 48 49 50 51 52 53 54 55 56 57 58 59 60 61 62 63 64 65 66 67 68 69 70 71 72 73 74 75 76 77 78 79 80 81 82 83 84 85 86 87 88 89 90 91 92 93 94 95 96 97 98 99 100 101 102 103 104 105 106 107 108 109 110 111 112 113 114 115 116 117 118 119 120 121 122 123 124 125 126 127 
Runtimes: [894, 1511, 1073, 1080, 1288, 859, 1327, 1243, 1261, 1656, 1250, 1060, 1218, 1593, 873, 1313, 1203, 883, 974, 1046, 1427, 1732, 1164, 1358, 1072, 1018, 935, 1052, 1604, 1011, 1107, 1149, 1511, 1348, 1177, 1014, 1178, 802, 1147, 1113, 925, 1076, 1193, 1075, 1524, 1472, 1018, 913, 1475, 1216, 1104, 1256, 1321, 1283, 1120, 930, 872, 938, 1341, 1369, 1317, 1006, 1091, 1089, 1520, 893, 1267, 839, 1266, 1058, 1088, 1045, 1013, 1184, 868, 955, 1264, 1146, 1238, 1130, 1138, 1371, 941, 1706, 892, 1168, 1474, 1551, 1078, 948, 1127, 1002, 936, 1140, 1295, 1178, 1227, 1102, 640, 1082, 1470, 1118, 944, 1090, 920, 1565, 720, 1061, 936, 1053, 1886, 1240, 1368, 911, 1382, 1178, 1644, 1078, 899, 1485, 1189, 982, 1103, 1413, 1419, 889, 937, 892]
Average: 1163.984375
Evaluated in 319.52ms

log2(n)
Running (μ + 1) w/ chm, μ = 7, p_c = 0.99, p_m = 0.0078125 on OneMax(n = 128)
Progress: 0 1 2 3 4 5 6 7 8 9 10 11 12 13 14 15 16 17 18 19 20 21 22 23 24 25 26 27 28 29 30 31 32 33 34 35 36 37 38 39 40 41 42 43 44 45 46 47 48 49 50 51 52 53 54 55 56 57 58 59 60 61 62 63 64 65 66 67 68 69 70 71 72 73 74 75 76 77 78 79 80 81 82 83 84 85 86 87 88 89 90 91 92 93 94 95 96 97 98 99 100 101 102 103 104 105 106 107 108 109 110 111 112 113 114 115 116 117 118 119 120 121 122 123 124 125 126 127 
Runtimes: [1246, 954, 1279, 1067, 1153, 642, 879, 1347, 989, 745, 1795, 803, 1180, 913, 751, 908, 1514, 749, 676, 1055, 1095, 1045, 1097, 1080, 618, 787, 779, 855, 866, 1254, 1101, 826, 1053, 1041, 1015, 1153, 1169, 970, 878, 1389, 1053, 1157, 1437, 935, 921, 1297, 803, 1025, 903, 1411, 747, 716, 1210, 1192, 1042, 1662, 1054, 1044, 1027, 882, 1123, 928, 1040, 677, 998, 985, 1299, 1175, 1218, 787, 1209, 808, 1361, 813, 788, 998, 552, 1398, 778, 1573, 720, 975, 912, 907, 743, 919, 920, 1484, 987, 1148, 1105, 906, 918, 1400, 883, 1234, 987, 673, 918, 1231, 1019, 1177, 1091, 936, 1030, 1291, 890, 921, 938, 938, 1360, 871, 1098, 803, 937, 1034, 1374, 844, 889, 1035, 1205, 1071, 954, 816, 820, 1203, 927, 989]
Average: 1024.7890625
Evaluated in 447.69ms

sqrt(n)
Running (μ + 1), μ = 11, p_c = 0.99, p_m = 0.0078125 on OneMax(n = 128)
Progress: 0 1 2 3 4 5 6 7 8 9 10 11 12 13 14 15 16 17 18 19 20 21 22 23 24 25 26 27 28 29 30 31 32 33 34 35 36 37 38 39 40 41 42 43 44 45 46 47 48 49 50 51 52 53 54 55 56 57 58 59 60 61 62 63 64 65 66 67 68 69 70 71 72 73 74 75 76 77 78 79 80 81 82 83 84 85 86 87 88 89 90 91 92 93 94 95 96 97 98 99 100 101 102 103 104 105 106 107 108 109 110 111 112 113 114 115 116 117 118 119 120 121 122 123 124 125 126 127 
Runtimes: [1577, 1335, 1136, 1360, 1769, 826, 1294, 1447, 1146, 1463, 1200, 1153, 1000, 954, 1135, 1462, 1749, 1197, 1105, 1343, 1242, 1328, 1133, 1249, 1081, 1696, 1436, 1331, 1043, 1358, 1288, 1124, 1659, 1265, 1225, 1165, 1166, 1298, 1456, 918, 1730, 1245, 1379, 1321, 1298, 1220, 1653, 1248, 1181, 1346, 1136, 1913, 1040, 1200, 818, 1123, 1208, 1032, 1586, 1298, 1085, 1433, 1490, 1051, 1172, 1331, 894, 902, 1055, 1448, 986, 1014, 1136, 1121, 1733, 1359, 1390, 1074, 1467, 2078, 1078, 1288, 1425, 1225, 1800, 985, 1154, 1508, 1395, 1057, 1078, 1489, 1156, 1156, 1404, 1192, 1315, 1280, 1128, 1096, 1465, 989, 1258, 1141, 1106, 1367, 1267, 1074, 1295, 1424, 1193, 1138, 1234, 1673, 1826, 1874, 1186, 1127, 1487, 1136, 1416, 1013, 1278, 1368, 966, 1870, 1386, 1379]
Average: 1284.7734375
Evaluated in 356.86ms

sqrt(n)
Running (μ + 1) w/ chm, μ = 11, p_c = 0.99, p_m = 0.0078125 on OneMax(n = 128)
Progress: 0 1 2 3 4 5 6 7 8 9 10 11 12 13 14 15 16 17 18 19 20 21 22 23 24 25 26 27 28 29 30 31 32 33 34 35 36 37 38 39 40 41 42 43 44 45 46 47 48 49 50 51 52 53 54 55 56 57 58 59 60 61 62 63 64 65 66 67 68 69 70 71 72 73 74 75 76 77 78 79 80 81 82 83 84 85 86 87 88 89 90 91 92 93 94 95 96 97 98 99 100 101 102 103 104 105 106 107 108 109 110 111 112 113 114 115 116 117 118 119 120 121 122 123 124 125 126 127 
Runtimes: [1335, 1425, 981, 1331, 1026, 1510, 1181, 922, 1275, 1409, 1074, 1301, 1496, 1356, 1246, 1620, 1252, 1083, 894, 875, 1139, 1031, 1577, 795, 960, 1046, 1016, 1089, 1250, 1019, 1104, 1430, 1028, 1278, 1076, 1117, 918, 1370, 868, 1025, 1438, 1169, 1438, 949, 920, 1062, 1598, 884, 858, 1067, 1022, 792, 765, 921, 694, 1203, 1260, 696, 1044, 1031, 1191, 1053, 874, 1037, 1235, 1676, 1297, 1627, 1292, 1000, 1149, 795, 1252, 1106, 1533, 1288, 1135, 1212, 910, 1010, 877, 1041, 961, 1022, 938, 1087, 1626, 1170, 1102, 989, 1092, 1070, 1039, 1076, 981, 1024, 1751, 1053, 1068, 1204, 1207, 1046, 1034, 1120, 1122, 974, 1084, 899, 1063, 892, 910, 1520, 922, 1045, 1375, 1337, 1149, 1071, 1374, 1093, 1009, 1077, 1016, 927, 993, 1024, 855, 986]
Average: 1121.140625
Evaluated in 613.71ms


2
Running (μ + 1), μ = 2, p_c = 0.99, p_m = 0.00390625 on OneMax(n = 256)
Progress: 0 1 2 3 4 5 6 7 8 9 10 11 12 13 14 15 16 17 18 19 20 21 22 23 24 25 26 27 28 29 30 31 32 33 34 35 36 37 38 39 40 41 42 43 44 45 46 47 48 49 50 51 52 53 54 55 56 57 58 59 60 61 62 63 64 65 66 67 68 69 70 71 72 73 74 75 76 77 78 79 80 81 82 83 84 85 86 87 88 89 90 91 92 93 94 95 96 97 98 99 100 101 102 103 104 105 106 107 108 109 110 111 112 113 114 115 116 117 118 119 120 121 122 123 124 125 126 127 
Runtimes: [2116, 1608, 2414, 3573, 2681, 4192, 3840, 2966, 3215, 2833, 2348, 2139, 2166, 3951, 2658, 3296, 3609, 3540, 2193, 2910, 3165, 2184, 2122, 3309, 2297, 3306, 3343, 3142, 2554, 2420, 3293, 1752, 2818, 3095, 2219, 2696, 2255, 2942, 2413, 2195, 2279, 4375, 2679, 2281, 2577, 1965, 2609, 4947, 4559, 2632, 2108, 3511, 4128, 2892, 2401, 2939, 3628, 2026, 5764, 2666, 2953, 2410, 6899, 2828, 2089, 2597, 2598, 2209, 3773, 3528, 2882, 2779, 4151, 3120, 2504, 2780, 3081, 1976, 3333, 2376, 3640, 3657, 3055, 2957, 2583, 3019, 2041, 2324, 3101, 5091, 3162, 2265, 3633, 3271, 2826, 3380, 3212, 3744, 2722, 4614, 2095, 5804, 2941, 3093, 2745, 2892, 3009, 2059, 3004, 2965, 2705, 3626, 3020, 2873, 3599, 2904, 3290, 2422, 3472, 2884, 2796, 3779, 3743, 2276, 3105, 1870, 2940, 2587]
Average: 3003.0859375
Evaluated in 1.56s

2
Running (μ + 1) w/ chm, μ = 2, p_c = 0.99, p_m = 0.00390625 on OneMax(n = 256)
Progress: 0 1 2 3 4 5 6 7 8 9 10 11 12 13 14 15 16 17 18 19 20 21 22 23 24 25 26 27 28 29 30 31 32 33 34 35 36 37 38 39 40 41 42 43 44 45 46 47 48 49 50 51 52 53 54 55 56 57 58 59 60 61 62 63 64 65 66 67 68 69 70 71 72 73 74 75 76 77 78 79 80 81 82 83 84 85 86 87 88 89 90 91 92 93 94 95 96 97 98 99 100 101 102 103 104 105 106 107 108 109 110 111 112 113 114 115 116 117 118 119 120 121 122 123 124 125 126 127 
Runtimes: [2821, 2058, 1928, 2268, 2800, 2311, 1745, 2371, 1613, 1650, 3343, 1653, 3239, 1957, 3079, 1847, 1939, 2020, 2314, 2352, 1989, 2205, 2324, 2033, 2076, 2478, 1710, 2841, 1605, 2364, 2072, 2051, 1494, 1659, 1874, 2404, 1828, 2105, 2185, 2163, 1824, 1946, 2009, 1666, 3122, 2140, 1530, 1623, 2045, 2718, 2173, 1395, 2519, 2119, 2521, 1820, 1956, 1902, 3224, 2147, 2079, 2866, 2674, 1624, 2276, 2127, 1645, 2168, 2712, 2458, 2102, 1923, 1643, 2890, 2054, 1838, 2275, 2534, 1662, 1951, 2149, 2833, 2370, 2166, 1614, 2113, 2542, 2347, 1774, 1899, 1696, 2194, 1692, 2037, 2014, 4685, 2258, 1503, 1873, 2014, 2402, 1819, 2355, 1814, 2088, 2504, 2073, 1746, 2552, 2332, 1750, 1488, 2579, 2601, 2608, 1995, 2154, 1901, 1932, 2070, 1655, 1992, 1509, 1432, 1735, 1921, 2669, 3002]
Average: 2149.3671875
Evaluated in 1.31s

log2(n)
Running (μ + 1), μ = 8, p_c = 0.99, p_m = 0.00390625 on OneMax(n = 256)
Progress: 0 1 2 3 4 5 6 7 8 9 10 11 12 13 14 15 16 17 18 19 20 21 22 23 24 25 26 27 28 29 30 31 32 33 34 35 36 37 38 39 40 41 42 43 44 45 46 47 48 49 50 51 52 53 54 55 56 57 58 59 60 61 62 63 64 65 66 67 68 69 70 71 72 73 74 75 76 77 78 79 80 81 82 83 84 85 86 87 88 89 90 91 92 93 94 95 96 97 98 99 100 101 102 103 104 105 106 107 108 109 110 111 112 113 114 115 116 117 118 119 120 121 122 123 124 125 126 127 
Runtimes: [2691, 3090, 2992, 2742, 2914, 2744, 1942, 2499, 2266, 3062, 2359, 1888, 2434, 3171, 2121, 2837, 3273, 2559, 2007, 2658, 2254, 2267, 2269, 2757, 2617, 2286, 2338, 2172, 2486, 2338, 2354, 2768, 2375, 2619, 2315, 3414, 3831, 3115, 2063, 2240, 2962, 4410, 3254, 3327, 2620, 2437, 3275, 2584, 2596, 2132, 2733, 3309, 4167, 3178, 1710, 3030, 2537, 3011, 3349, 2227, 2063, 3193, 2328, 2839, 2375, 2597, 2779, 2488, 3176, 3193, 2953, 2163, 3057, 2862, 3097, 2981, 3353, 2997, 2551, 2354, 3636, 2405, 2611, 2494, 2567, 2084, 2600, 2349, 2598, 2184, 1875, 2962, 3376, 2457, 3409, 2770, 2354, 2296, 2513, 3360, 2705, 2389, 2727, 3465, 1701, 3066, 2900, 2121, 2648, 2856, 2601, 2255, 2653, 2546, 4579, 1699, 2670, 3803, 2378, 3000, 2738, 3130, 2679, 2289, 3686, 3550, 2847, 2332]
Average: 2720.9921875
Evaluated in 1.43s

log2(n)
Running (μ + 1) w/ chm, μ = 8, p_c = 0.99, p_m = 0.00390625 on OneMax(n = 256)
Progress: 0 1 2 3 4 5 6 7 8 9 10 11 12 13 14 15 16 17 18 19 20 21 22 23 24 25 26 27 28 29 30 31 32 33 34 35 36 37 38 39 40 41 42 43 44 45 46 47 48 49 50 51 52 53 54 55 56 57 58 59 60 61 62 63 64 65 66 67 68 69 70 71 72 73 74 75 76 77 78 79 80 81 82 83 84 85 86 87 88 89 90 91 92 93 94 95 96 97 98 99 100 101 102 103 104 105 106 107 108 109 110 111 112 113 114 115 116 117 118 119 120 121 122 123 124 125 126 127 
Runtimes: [2378, 1775, 2353, 2569, 1996, 2207, 2085, 2039, 1699, 2626, 1901, 1983, 3051, 1917, 1916, 2091, 1912, 2514, 2549, 2641, 2096, 3999, 1994, 1781, 1920, 2642, 1994, 2339, 2617, 2312, 2167, 1968, 2027, 3223, 3059, 2214, 2845, 2378, 2363, 2274, 2604, 3673, 2493, 2190, 2563, 2771, 2191, 1511, 2449, 2276, 2187, 2937, 2112, 2629, 2508, 2479, 2397, 2172, 2393, 1912, 1546, 2978, 3749, 2251, 2316, 2007, 2762, 1813, 2083, 2526, 1708, 1740, 2932, 2253, 2471, 1873, 2163, 2177, 4551, 2428, 2086, 2569, 3532, 1692, 1964, 2340, 1870, 2076, 2623, 2236, 1939, 2289, 2896, 2054, 2271, 2399, 2351, 2000, 2200, 2254, 2345, 1846, 2315, 2514, 2001, 2394, 3196, 3442, 2229, 2558, 2516, 2910, 2048, 2945, 2083, 2877, 2510, 2194, 2253, 2148, 1805, 3069, 2834, 2730, 1680, 1789, 1677, 2158]
Average: 2358.5546875
Evaluated in 2.06s

sqrt(n)
Running (μ + 1), μ = 16, p_c = 0.99, p_m = 0.00390625 on OneMax(n = 256)
Progress: 0 1 2 3 4 5 6 7 8 9 10 11 12 13 14 15 16 17 18 19 20 21 22 23 24 25 26 27 28 29 30 31 32 33 34 35 36 37 38 39 40 41 42 43 44 45 46 47 48 49 50 51 52 53 54 55 56 57 58 59 60 61 62 63 64 65 66 67 68 69 70 71 72 73 74 75 76 77 78 79 80 81 82 83 84 85 86 87 88 89 90 91 92 93 94 95 96 97 98 99 100 101 102 103 104 105 106 107 108 109 110 111 112 113 114 115 116 117 118 119 120 121 122 123 124 125 126 127 
Runtimes: [2722, 2913, 3141, 2821, 3290, 2245, 2567, 2999, 3029, 2551, 3196, 4856, 2502, 2314, 2911, 2569, 2940, 3475, 2639, 3346, 3370, 2753, 3208, 3122, 2716, 2178, 2570, 3432, 2923, 4099, 3302, 4332, 2865, 2450, 3572, 3099, 2864, 2478, 3340, 2184, 2834, 2578, 2897, 3174, 2861, 2635, 2631, 4361, 2563, 3774, 3152, 4041, 3507, 3238, 2984, 3161, 2660, 2636, 3001, 3961, 2260, 2376, 2475, 3173, 3582, 3510, 2988, 2942, 2775, 2644, 2536, 3497, 2843, 2460, 3056, 2514, 2343, 3114, 3282, 2521, 3965, 2849, 2730, 3031, 3755, 2615, 2353, 3691, 2357, 2255, 2354, 3307, 3172, 2832, 2592, 3687, 3226, 3165, 2959, 2973, 2520, 3887, 2906, 2907, 3216, 3038, 2729, 2813, 3248, 3658, 2324, 3046, 2562, 2986, 2961, 2426, 3294, 3110, 2894, 2759, 3231, 3728, 2421, 2418, 3782, 2863, 4007, 2394]
Average: 2995.4609375
Evaluated in 1.62s

sqrt(n)
Running (μ + 1) w/ chm, μ = 16, p_c = 0.99, p_m = 0.00390625 on OneMax(n = 256)
Progress: 0 1 2 3 4 5 6 7 8 9 10 11 12 13 14 15 16 17 18 19 20 21 22 23 24 25 26 27 28 29 30 31 32 33 34 35 36 37 38 39 40 41 42 43 44 45 46 47 48 49 50 51 52 53 54 55 56 57 58 59 60 61 62 63 64 65 66 67 68 69 70 71 72 73 74 75 76 77 78 79 80 81 82 83 84 85 86 87 88 89 90 91 92 93 94 95 96 97 98 99 100 101 102 103 104 105 106 107 108 109 110 111 112 113 114 115 116 117 118 119 120 121 122 123 124 125 126 127 
Runtimes: [3343, 2695, 2478, 2823, 2626, 2590, 2570, 2086, 2601, 2530, 2368, 2483, 2276, 2248, 2410, 2167, 2740, 2715, 2879, 2841, 2447, 2802, 2828, 3079, 2451, 2311, 2845, 2777, 2424, 2684, 2424, 2815, 2289, 2499, 2696, 2433, 2456, 2161, 2192, 2433, 2629, 2597, 2633, 2555, 3147, 2542, 2747, 3643, 3335, 2423, 2873, 3358, 2417, 2257, 2387, 2425, 2136, 3268, 2033, 2602, 2345, 3312, 2774, 2446, 2214, 2260, 3283, 2681, 2862, 2092, 3577, 2785, 2306, 2206, 2357, 2409, 2162, 2384, 2624, 2204, 4600, 3538, 2486, 2235, 1931, 2190, 2545, 2404, 3088, 2061, 2418, 3307, 3605, 2859, 2607, 2160, 2558, 2354, 2459, 2096, 2948, 2362, 2096, 3458, 3129, 2666, 2570, 2384, 3090, 2295, 2621, 2913, 2879, 4239, 2344, 2458, 3317, 2348, 2509, 2328, 2215, 2801, 2310, 3139, 2232, 2112, 2250, 2273]
Average: 2621.8125
Evaluated in 3.33s


2
Running (μ + 1), μ = 2, p_c = 0.99, p_m = 0.001953125 on OneMax(n = 512)
Progress: 0 1 2 3 4 5 6 7 8 9 10 11 12 13 14 15 16 17 18 19 20 21 22 23 24 25 26 27 28 29 30 31 32 33 34 35 36 37 38 39 40 41 42 43 44 45 46 47 48 49 50 51 52 53 54 55 56 57 58 59 60 61 62 63 64 65 66 67 68 69 70 71 72 73 74 75 76 77 78 79 80 81 82 83 84 85 86 87 88 89 90 91 92 93 94 95 96 97 98 99 100 101 102 103 104 105 106 107 108 109 110 111 112 113 114 115 116 117 118 119 120 121 122 123 124 125 126 127 
Runtimes: [4482, 6291, 8574, 6109, 7185, 7184, 5841, 7082, 6770, 4820, 9249, 6300, 9907, 6679, 8263, 10081, 8290, 5538, 7407, 7498, 5521, 6412, 5062, 6938, 7115, 6135, 6235, 6000, 4997, 7834, 6456, 7121, 7486, 8762, 8232, 6179, 10041, 8156, 6648, 5258, 7636, 6021, 6712, 4799, 7382, 5979, 8379, 8009, 5690, 7445, 8196, 7865, 8937, 5135, 4721, 8288, 6560, 6111, 4910, 6678, 5834, 5970, 7914, 5049, 9855, 5648, 6144, 6006, 5391, 4878, 6629, 9097, 9019, 7191, 5185, 7543, 5211, 7020, 6880, 5307, 6631, 6416, 7244, 5831, 6731, 4678, 9801, 8019, 7229, 7758, 6098, 5985, 5701, 5209, 6549, 8663, 8752, 5325, 6932, 5143, 5821, 5269, 6775, 4716, 6750, 5138, 5815, 5849, 5824, 7532, 5830, 5640, 7780, 6631, 5493, 5976, 7089, 6352, 11175, 6269, 5394, 5012, 6081, 5580, 5362, 7135, 5851, 7242]
Average: 6698.734375
Evaluated in 6.08s

2
Running (μ + 1) w/ chm, μ = 2, p_c = 0.99, p_m = 0.001953125 on OneMax(n = 512)
Progress: 0 1 2 3 4 5 6 7 8 9 10 11 12 13 14 15 16 17 18 19 20 21 22 23 24 25 26 27 28 29 30 31 32 33 34 35 36 37 38 39 40 41 42 43 44 45 46 47 48 49 50 51 52 53 54 55 56 57 58 59 60 61 62 63 64 65 66 67 68 69 70 71 72 73 74 75 76 77 78 79 80 81 82 83 84 85 86 87 88 89 90 91 92 93 94 95 96 97 98 99 100 101 102 103 104 105 106 107 108 109 110 111 112 113 114 115 116 117 118 119 120 121 122 123 124 125 126 127 
Runtimes: [4895, 4989, 4252, 4121, 3428, 4709, 5311, 4738, 5255, 3612, 3737, 5124, 4434, 4060, 4228, 4003, 3387, 4183, 3992, 6470, 4245, 5013, 5430, 5787, 3967, 5284, 4833, 5033, 4903, 4546, 4534, 4702, 4175, 4103, 3569, 5302, 6820, 4148, 4836, 5268, 4115, 5574, 4369, 4149, 3563, 4826, 4991, 3738, 3975, 3766, 5171, 4580, 5526, 3965, 3576, 4380, 5262, 4116, 4678, 5602, 4914, 4673, 5476, 4512, 5113, 3906, 3887, 4258, 4332, 5007, 5416, 6010, 4589, 3683, 4594, 4534, 7412, 4558, 5298, 4333, 4421, 5564, 4617, 4729, 5285, 4112, 5828, 4543, 5224, 4702, 6765, 6517, 4006, 5178, 6443, 3430, 4213, 5043, 4041, 4711, 4970, 5153, 4666, 3496, 4769, 4656, 3908, 5237, 5078, 5114, 4360, 5182, 4795, 4533, 4504, 4371, 4523, 4667, 4692, 4423, 4828, 3551, 4157, 4337, 3577, 4765, 3915, 4065]
Average: 4668.1015625
Evaluated in 5.26s

log2(n)
Running (μ + 1), μ = 9, p_c = 0.99, p_m = 0.001953125 on OneMax(n = 512)
Progress: 0 1 2 3 4 5 6 7 8 9 10 11 12 13 14 15 16 17 18 19 20 21 22 23 24 25 26 27 28 29 30 31 32 33 34 35 36 37 38 39 40 41 42 43 44 45 46 47 48 49 50 51 52 53 54 55 56 57 58 59 60 61 62 63 64 65 66 67 68 69 70 71 72 73 74 75 76 77 78 79 80 81 82 83 84 85 86 87 88 89 90 91 92 93 94 95 96 97 98 99 100 101 102 103 104 105 106 107 108 109 110 111 112 113 114 115 116 117 118 119 120 121 122 123 124 125 126 127 
Runtimes: [7357, 7377, 5211, 5223, 8480, 6247, 6501, 5257, 6198, 6768, 4792, 4266, 5722, 6065, 6423, 6379, 5326, 7190, 6207, 8289, 7782, 6056, 7029, 5199, 4567, 5376, 6034, 5040, 6403, 5971, 6941, 8665, 4892, 7058, 5383, 5162, 6224, 7123, 6938, 6396, 6704, 4196, 5773, 6257, 6327, 5527, 6443, 5111, 5577, 4504, 8263, 5536, 4614, 9109, 6567, 5941, 5574, 5985, 5750, 7788, 6060, 5353, 4614, 5327, 5362, 4853, 5535, 6333, 6420, 5764, 6392, 7333, 6856, 4898, 5427, 5484, 5594, 5576, 5121, 5806, 5629, 5472, 6137, 5476, 7369, 6011, 5377, 6158, 6688, 6451, 5737, 7107, 4440, 5359, 5594, 5504, 5641, 7403, 4991, 5314, 5792, 7439, 6373, 8103, 5541, 6041, 5807, 5361, 6048, 7116, 4825, 8052, 6662, 7352, 5164, 4480, 4520, 5783, 6326, 7929, 6535, 5422, 5862, 5629, 5598, 5156, 8028, 5436]
Average: 6057.8828125
Evaluated in 5.61s

log2(n)
Running (μ + 1) w/ chm, μ = 9, p_c = 0.99, p_m = 0.001953125 on OneMax(n = 512)
Progress: 0 1 2 3 4 5 6 7 8 9 10 11 12 13 14 15 16 17 18 19 20 21 22 23 24 25 26 27 28 29 30 31 32 33 34 35 36 37 38 39 40 41 42 43 44 45 46 47 48 49 50 51 52 53 54 55 56 57 58 59 60 61 62 63 64 65 66 67 68 69 70 71 72 73 74 75 76 77 78 79 80 81 82 83 84 85 86 87 88 89 90 91 92 93 94 95 96 97 98 99 100 101 102 103 104 105 106 107 108 109 110 111 112 113 114 115 116 117 118 119 120 121 122 123 124 125 126 127 
Runtimes: [5097, 5408, 6439, 5300, 4743, 4155, 5024, 4834, 4486, 5070, 4664, 4673, 5072, 4194, 5191, 4559, 5151, 5766, 5214, 5972, 5066, 5092, 5889, 4683, 4231, 4800, 6565, 5370, 4734, 5116, 5495, 5673, 5495, 4772, 4923, 6303, 5972, 6204, 5147, 5200, 5222, 4644, 6022, 4422, 5292, 5841, 8255, 4839, 4850, 4816, 5870, 6354, 5185, 5663, 5200, 5828, 5095, 6586, 5598, 5503, 4814, 6867, 4848, 6098, 6137, 4527, 5686, 5884, 5151, 6469, 4932, 4829, 5350, 5015, 4425, 4989, 5134, 4989, 5271, 6122, 5066, 4601, 5476, 4860, 5222, 5503, 4981, 5055, 5327, 5031, 5291, 5722, 5733, 4250, 5162, 6270, 6121, 5175, 5902, 6573, 4350, 5752, 5463, 5578, 3911, 6054, 4569, 5241, 4172, 7131, 5290, 4681, 4719, 6427, 7811, 4444, 4390, 4991, 4199, 5800, 5156, 5609, 4779, 6224, 5653, 4878, 4685, 4637]
Average: 5314.6796875
Evaluated in 8.51s

sqrt(n)
Running (μ + 1), μ = 22, p_c = 0.99, p_m = 0.001953125 on OneMax(n = 512)
Progress: 0 1 2 3 4 5 6 7 8 9 10 11 12 13 14 15 16 17 18 19 20 21 22 23 24 25 26 27 28 29 30 31 32 33 34 35 36 37 38 39 40 41 42 43 44 45 46 47 48 49 50 51 52 53 54 55 56 57 58 59 60 61 62 63 64 65 66 67 68 69 70 71 72 73 74 75 76 77 78 79 80 81 82 83 84 85 86 87 88 89 90 91 92 93 94 95 96 97 98 99 100 101 102 103 104 105 106 107 108 109 110 111 112 113 114 115 116 117 118 119 120 121 122 123 124 125 126 127 
Runtimes: [5724, 6441, 6159, 9681, 6584, 5655, 8558, 6750, 6860, 6850, 6499, 6251, 9270, 7414, 6320, 6190, 6469, 7640, 7251, 7236, 7726, 6932, 5878, 6448, 7728, 6528, 6615, 6798, 7529, 6800, 6463, 7091, 8622, 8071, 6467, 6937, 7084, 6584, 5395, 7615, 6693, 7430, 6661, 8585, 6537, 6143, 6335, 8485, 8106, 7873, 6317, 7158, 6075, 5649, 6750, 7761, 7022, 6052, 7453, 5998, 5577, 8444, 7754, 9036, 6941, 6239, 6403, 6700, 6241, 7106, 6054, 8700, 9092, 7281, 7641, 7442, 8112, 7259, 6617, 5162, 6755, 10708, 7721, 6164, 5911, 6000, 6028, 6858, 6726, 5695, 7217, 5909, 6026, 7411, 7024, 6870, 6629, 7994, 9853, 5748, 6147, 7911, 6410, 6680, 6621, 6463, 5536, 7171, 7799, 6471, 6483, 8041, 6244, 7196, 6354, 6559, 5772, 6339, 7930, 7476, 6336, 7391, 8550, 7113, 7046, 7458, 6215, 7388]
Average: 6987.0625
Evaluated in 6.38s

sqrt(n)
Running (μ + 1) w/ chm, μ = 22, p_c = 0.99, p_m = 0.001953125 on OneMax(n = 512)
Progress: 0 1 2 3 4 5 6 7 8 9 10 11 12 13 14 15 16 17 18 19 20 21 22 23 24 25 26 27 28 29 30 31 32 33 34 35 36 37 38 39 40 41 42 43 44 45 46 47 48 49 50 51 52 53 54 55 56 57 58 59 60 61 62 63 64 65 66 67 68 69 70 71 72 73 74 75 76 77 78 79 80 81 82 83 84 85 86 87 88 89 90 91 92 93 94 95 96 97 98 99 100 101 102 103 104 105 106 107 108 109 110 111 112 113 114 115 116 117 118 119 120 121 122 123 124 125 126 127 
Runtimes: [6229, 7015, 8072, 6059, 6328, 6203, 5944, 5809, 6843, 5615, 5816, 6184, 5301, 6493, 6514, 6774, 6925, 5600, 6128, 6763, 8581, 6590, 6352, 6100, 5444, 5195, 5656, 6636, 6174, 6080, 6106, 6587, 5564, 8417, 6044, 7370, 5484, 5650, 6639, 7467, 4931, 8111, 5620, 6506, 5616, 6638, 5890, 6202, 5729, 5752, 6415, 6807, 4961, 5682, 7340, 4593, 6765, 6032, 6631, 5588, 6834, 7597, 6614, 5824, 6582, 4912, 6335, 5932, 6224, 6322, 7911, 6939, 5780, 6118, 7470, 5852, 6239, 5584, 6505, 6382, 5113, 6622, 7981, 6083, 8408, 7041, 6775, 6779, 5212, 5766, 6782, 6239, 5153, 6735, 5007, 5638, 6473, 6205, 5010, 6289, 6155, 5078, 6581, 6249, 4596, 4821, 5822, 6382, 5570, 6645, 6194, 5710, 5835, 6787, 5441, 5397, 8011, 5871, 5371, 5325, 6536, 6409, 6375, 5244, 5865, 5918, 5454, 6389]
Average: 6217.640625
Evaluated in 19.31s


2
Running (μ + 1), μ = 2, p_c = 0.99, p_m = 0.0009765625 on OneMax(n = 1024)
Progress: 0 1 2 3 4 5 6 7 8 9 10 11 12 13 14 15 16 17 18 19 20 21 22 23 24 25 26 27 28 29 30 31 32 33 34 35 36 37 38 39 40 41 42 43 44 45 46 47 48 49 50 51 52 53 54 55 56 57 58 59 60 61 62 63 64 65 66 67 68 69 70 71 72 73 74 75 76 77 78 79 80 81 82 83 84 85 86 87 88 89 90 91 92 93 94 95 96 97 98 99 100 101 102 103 104 105 106 107 108 109 110 111 112 113 114 115 116 117 118 119 120 121 122 123 124 125 126 127 
Runtimes: [13934, 12022, 14579, 15821, 10743, 10247, 11550, 12896, 11931, 13843, 18090, 14309, 18191, 16397, 19848, 13988, 13122, 13417, 19309, 15704, 13129, 13457, 11983, 12360, 12713, 12733, 13776, 16542, 13984, 12579, 13798, 17540, 11796, 17372, 12959, 16815, 13131, 15900, 13290, 12901, 13304, 13130, 13842, 13770, 14669, 19206, 18342, 20752, 14871, 16010, 18634, 12369, 14974, 16605, 24710, 16295, 11952, 14691, 16799, 24892, 13267, 15219, 14837, 17369, 10674, 14630, 14370, 11739, 14592, 14010, 12374, 10636, 12755, 14107, 14975, 14584, 21447, 11929, 16982, 15081, 14813, 13788, 10862, 22636, 11749, 11967, 18484, 14015, 13849, 13144, 11167, 23790, 14046, 16799, 14548, 18043, 18881, 15876, 14205, 19673, 11727, 12454, 11325, 14642, 13569, 14197, 14185, 11743, 14584, 14871, 13818, 13762, 15676, 11765, 18523, 12286, 17060, 13784, 17641, 13008, 11854, 11396, 16500, 17219, 15272, 16786, 13892, 13479]
Average: 14792.546875
Evaluated in 25.03s

2
Running (μ + 1) w/ chm, μ = 2, p_c = 0.99, p_m = 0.0009765625 on OneMax(n = 1024)
Progress: 0 1 2 3 4 5 6 7 8 9 10 11 12 13 14 15 16 17 18 19 20 21 22 23 24 25 26 27 28 29 30 31 32 33 34 35 36 37 38 39 40 41 42 43 44 45 46 47 48 49 50 51 52 53 54 55 56 57 58 59 60 61 62 63 64 65 66 67 68 69 70 71 72 73 74 75 76 77 78 79 80 81 82 83 84 85 86 87 88 89 90 91 92 93 94 95 96 97 98 99 100 101 102 103 104 105 106 107 108 109 110 111 112 113 114 115 116 117 118 119 120 121 122 123 124 125 126 127 
Runtimes: [10077, 11228, 12190, 10775, 9872, 9633, 8906, 10913, 12156, 8987, 9048, 10429, 11052, 10792, 12534, 11558, 14693, 10331, 10113, 7566, 11331, 15487, 8346, 8882, 11585, 8435, 9182, 8506, 11664, 7968, 10124, 10541, 10292, 12714, 13025, 10463, 8856, 12760, 12963, 11662, 10064, 13809, 7964, 10174, 10533, 11124, 9824, 9117, 11181, 9449, 9814, 15961, 13565, 11707, 11764, 10246, 8499, 13521, 10992, 10739, 8561, 8333, 8555, 10672, 7259, 10411, 10914, 9220, 11094, 8693, 9521, 10325, 11553, 14849, 8847, 12239, 8896, 8977, 9654, 15015, 10550, 12621, 7521, 10007, 10973, 10172, 11330, 13046, 8647, 11093, 9506, 9331, 8894, 8335, 11203, 13027, 12366, 14225, 11752, 11812, 9536, 9641, 8150, 7415, 9064, 8119, 12661, 10121, 8899, 8767, 9621, 8934, 15454, 10074, 9906, 12139, 8139, 13221, 11159, 9278, 10521, 9994, 7515, 9262, 8980, 8548, 11904, 14144]
Average: 10537.8984375
Evaluated in 21.55s

log2(n)
Running (μ + 1), μ = 10, p_c = 0.99, p_m = 0.0009765625 on OneMax(n = 1024)
Progress: 0 1 2 3 4 5 6 7 8 9 10 11 12 13 14 15 16 17 18 19 20 21 22 23 24 25 26 27 28 29 30 31 32 33 34 35 36 37 38 39 40 41 42 43 44 45 46 47 48 49 50 51 52 53 54 55 56 57 58 59 60 61 62 63 64 65 66 67 68 69 70 71 72 73 74 75 76 77 78 79 80 81 82 83 84 85 86 87 88 89 90 91 92 93 94 95 96 97 98 99 100 101 102 103 104 105 106 107 108 109 110 111 112 113 114 115 116 117 118 119 120 121 122 123 124 125 126 127 
Runtimes: [11302, 15200, 17168, 16934, 11594, 11446, 12172, 18918, 15361, 11860, 12047, 17751, 13348, 17450, 11197, 12887, 13330, 14612, 18841, 16035, 13410, 10949, 13911, 14871, 11104, 13399, 12654, 12672, 12885, 15650, 12113, 18421, 10735, 14292, 14699, 14290, 16785, 16314, 12287, 17065, 13126, 11146, 15772, 11446, 15231, 12474, 12386, 17574, 13490, 13119, 13510, 18530, 14320, 11137, 11246, 12906, 21854, 15224, 15185, 13916, 17818, 13842, 21157, 13918, 15748, 12595, 12486, 17653, 15759, 12586, 13044, 14015, 15401, 15637, 12147, 13756, 14427, 14179, 14481, 12596, 14510, 11703, 11152, 15290, 12012, 13603, 14474, 13702, 13104, 12472, 11873, 14578, 19375, 13879, 11979, 14604, 15471, 15244, 17137, 12824, 14211, 13352, 13693, 17123, 12803, 10878, 11005, 18505, 10258, 12240, 14355, 15677, 14733, 13339, 11394, 21349, 11823, 16464, 14025, 16329, 12810, 16424, 15189, 11758, 12988, 11011, 12489, 11143]
Average: 14149.609375
Evaluated in 25.44s

log2(n)
Running (μ + 1) w/ chm, μ = 10, p_c = 0.99, p_m = 0.0009765625 on OneMax(n = 1024)
Progress: 0 1 2 3 4 5 6 7 8 9 10 11 12 13 14 15 16 17 18 19 20 21 22 23 24 25 26 27 28 29 30 31 32 33 34 35 36 37 38 39 40 41 42 43 44 45 46 47 48 49 50 51 52 53 54 55 56 57 58 59 60 61 62 63 64 65 66 67 68 69 70 71 72 73 74 75 76 77 78 79 80 81 82 83 84 85 86 87 88 89 90 91 92 93 94 95 96 97 98 99 100 101 102 103 104 105 106 107 108 109 110 111 112 113 114 115 116 117 118 119 120 121 122 123 124 125 126 127 
Runtimes: [8900, 12326, 14107, 10901, 9837, 11597, 11807, 14261, 10942, 11956, 10553, 16544, 10891, 10291, 15678, 11390, 10356, 12141, 9312, 11237, 11437, 10194, 10088, 11478, 11914, 10923, 11271, 10507, 10812, 11879, 11394, 13346, 13881, 16741, 9381, 11336, 10127, 11219, 10942, 12268, 12720, 9185, 14658, 11555, 9878, 11709, 10411, 9840, 11785, 10962, 10908, 14254, 16039, 11709, 13369, 11467, 10752, 11721, 13575, 10636, 10425, 9884, 10453, 12486, 12461, 15011, 11004, 10861, 13291, 11100, 11172, 14222, 13551, 10360, 16309, 10106, 17820, 11401, 11371, 15369, 12326, 9982, 12670, 10608, 13060, 10500, 10213, 10796, 12362, 12235, 10820, 12573, 13698, 16206, 11318, 10589, 11881, 10807, 11637, 9241, 10723, 10401, 13457, 11588, 9456, 11207, 11349, 10341, 11295, 13232, 10126, 10938, 11647, 13399, 11791, 11476, 10669, 13561, 10722, 11320, 14135, 11154, 16707, 13230, 10181, 13313, 15009, 12388]
Average: 11877.28125
Evaluated in 40.31s

sqrt(n)
Running (μ + 1), μ = 32, p_c = 0.99, p_m = 0.0009765625 on OneMax(n = 1024)
Progress: 0 1 2 3 4 5 6 7 8 9 10 11 12 13 14 15 16 17 18 19 20 21 22 23 24 25 26 27 28 29 30 31 32 33 34 35 36 37 38 39 40 41 42 43 44 45 46 47 48 49 50 51 52 53 54 55 56 57 58 59 60 61 62 63 64 65 66 67 68 69 70 71 72 73 74 75 76 77 78 79 80 81 82 83 84 85 86 87 88 89 90 91 92 93 94 95 96 97 98 99 100 101 102 103 104 105 106 107 108 109 110 111 112 113 114 115 116 117 118 119 120 121 122 123 124 125 126 127 
Runtimes: [15626, 19312, 16071, 18294, 17358, 17035, 14186, 14240, 18100, 18016, 17401, 15157, 15967, 14088, 18363, 15584, 17955, 20335, 19261, 16785, 16939, 19353, 15889, 14669, 14207, 19617, 16264, 17884, 14068, 16156, 19796, 19339, 17037, 16085, 16230, 17809, 20321, 16706, 19242, 13673, 15493, 16789, 16731, 17510, 19968, 16334, 13666, 21606, 16949, 15246, 15835, 14881, 17811, 14668, 15262, 15811, 22062, 18758, 17861, 16367, 14398, 16986, 17958, 15039, 17350, 18111, 16840, 17127, 17417, 16221, 13546, 15396, 16092, 15449, 15781, 15789, 15058, 17926, 13385, 16712, 15438, 18500, 15605, 15449, 15114, 17081, 18384, 18015, 18009, 15074, 13874, 14997, 16901, 16275, 14943, 15024, 15753, 16735, 17054, 18320, 21476, 14935, 15264, 17738, 15715, 12963, 14061, 19452, 12958, 17995, 17529, 16662, 25095, 15588, 19009, 15987, 17751, 15729, 15991, 18578, 16782, 15466, 13142, 18100, 14654, 18746, 17084, 18526]
Average: 16735.375
Evaluated in 28.72s

sqrt(n)
Running (μ + 1) w/ chm, μ = 32, p_c = 0.99, p_m = 0.0009765625 on OneMax(n = 1024)
Progress: 0 1 2 3 4 5 6 7 8 9 10 11 12 13 14 15 16 17 18 19 20 21 22 23 24 25 26 27 28 29 30 31 32 33 34 35 36 37 38 39 40 41 42 43 44 45 46 47 48 49 50 51 52 53 54 55 56 57 58 59 60 61 62 63 64 65 66 67 68 69 70 71 72 73 74 75 76 77 78 79 80 81 82 83 84 85 86 87 88 89 90 91 92 93 94 95 96 97 98 99 100 101 102 103 104 105 106 107 108 109 110 111 112 113 114 115 116 117 118 119 120 121 122 123 124 125 126 127 
Runtimes: [12944, 16965, 15353, 15654, 13893, 14943, 14007, 13639, 13738, 16151, 12637, 16640, 16777, 14172, 15827, 16347, 13844, 13918, 13836, 13817, 15282, 13283, 12769, 14745, 14270, 13327, 14016, 13253, 13317, 12227, 15393, 13934, 16911, 15273, 14791, 13168, 15025, 20095, 13580, 12190, 13464, 15327, 14907, 16781, 12223, 15451, 14519, 15425, 14029, 17088, 14553, 15319, 13205, 13849, 19657, 14432, 16627, 14414, 13784, 15274, 11772, 16857, 16415, 14646, 13171, 15500, 15734, 17372, 12734, 12591, 13759, 16038, 14532, 16120, 15121, 11999, 14763, 13375, 13600, 14568, 14771, 15601, 13679, 13349, 15603, 16237, 13451, 15363, 16745, 13517, 16872, 13529, 15587, 14763, 14819, 15577, 16489, 15561, 14993, 14097, 13995, 13624, 14666, 13646, 14698, 16909, 14658, 13840, 12779, 15294, 13999, 16468, 15051, 12281, 15335, 16008, 16388, 16330, 12728, 13305, 16841, 15377, 15045, 14760, 14967, 14341, 17137, 15910]
Average: 14765.0703125
Evaluated in 141.93s


2
Running (μ + 1), μ = 2, p_c = 0.99, p_m = 0.00048828125 on OneMax(n = 2048)
Progress: 0 1 2 3 4 5 6 7 8 9 10 11 12 13 14 15 16 17 18 19 20 21 22 23 24 25 26 27 28 29 30 31 32 33 34 35 36 37 38 39 40 41 42 43 44 45 46 47 48 49 50 51 52 53 54 55 56 57 58 59 60 61 62 63 64 65 66 67 68 69 70 71 72 73 74 75 76 77 78 79 80 81 82 83 84 85 86 87 88 89 90 91 92 93 94 95 96 97 98 99 100 101 102 103 104 105 106 107 108 109 110 111 112 113 114 115 116 117 118 119 120 121 122 123 124 125 126 127 
Runtimes: [26757, 26267, 22560, 38641, 24551, 29771, 31959, 34532, 32720, 31382, 29910, 24126, 36513, 30179, 41145, 32940, 39733, 38172, 40574, 29146, 35814, 28538, 32103, 39334, 25209, 31470, 32323, 30032, 34097, 28667, 33372, 29490, 35265, 30366, 38119, 38116, 30764, 35614, 30984, 32898, 32743, 32669, 32572, 27782, 30341, 27577, 38087, 29749, 30029, 28102, 27899, 24233, 26526, 27162, 35576, 28690, 25419, 35203, 36370, 23789, 33405, 30919, 30018, 31486, 46562, 28946, 39241, 29424, 25807, 26328, 29444, 36686, 34268, 29623, 26634, 24648, 30513, 38554, 26419, 40109, 33989, 35686, 24233, 33931, 35871, 28065, 37257, 46715, 33942, 25459, 28394, 30224, 28078, 33308, 36952, 37926, 27024, 35142, 27202, 28017, 28098, 38199, 35235, 34799, 33660, 25361, 30528, 28561, 27982, 36115, 30990, 30502, 27488, 29063, 26558, 34046, 34783, 29287, 34372, 28882, 35856, 26861, 32566, 30603, 32258, 33389, 24857, 36657]
Average: 31708.40625
Evaluated in 54.39s

2
Running (μ + 1) w/ chm, μ = 2, p_c = 0.99, p_m = 0.00048828125 on OneMax(n = 2048)
Progress: 0 1 2 3 4 5 6 7 8 9 10 11 12 13 14 15 16 17 18 19 20 21 22 23 24 25 26 27 28 29 30 31 32 33 34 35 36 37 38 39 40 41 42 43 44 45 46 47 48 49 50 51 52 53 54 55 56 57 58 59 60 61 62 63 64 65 66 67 68 69 70 71 72 73 74 75 76 77 78 79 80 81 82 83 84 85 86 87 88 89 90 91 92 93 94 95 96 97 98 99 100 101 102 103 104 105 106 107 108 109 110 111 112 113 114 115 116 117 118 119 120 121 122 123 124 125 126 127 
Runtimes: [21094, 22668, 18471, 18617, 19482, 25444, 18950, 16203, 21451, 26215, 19899, 19887, 20952, 21553, 24119, 22427, 22605, 23805, 20827, 27967, 31417, 21224, 21501, 20730, 25254, 25874, 22564, 19983, 18336, 19582, 30400, 21356, 31732, 21410, 21336, 19510, 24498, 20976, 24605, 19847, 21674, 26195, 27343, 22041, 17983, 19669, 24980, 26274, 18592, 23752, 25227, 23825, 29317, 21921, 20976, 25840, 19572, 21852, 24853, 24384, 20924, 28816, 25249, 25152, 25573, 28843, 22675, 21154, 22062, 21523, 31118, 18924, 17841, 19975, 24971, 20130, 17859, 23726, 25514, 20171, 31527, 20128, 23608, 22857, 20705, 21159, 24526, 21832, 20593, 20063, 30541, 25710, 19229, 20651, 19684, 21925, 27788, 23993, 26993, 25102, 20329, 19654, 19276, 25078, 18078, 22600, 21000, 27322, 19717, 29150, 25838, 23921, 19435, 22000, 20029, 25389, 20188, 32831, 26440, 25124, 22527, 23611, 29597, 29722, 24986, 18136, 21246, 21482]
Average: 23020.0078125
Evaluated in 45.69s

log2(n)
Running (μ + 1), μ = 11, p_c = 0.99, p_m = 0.00048828125 on OneMax(n = 2048)
Progress: 0 1 2 3 4 5 6 7 8 9 10 11 12 13 14 15 16 17 18 19 20 21 22 23 24 25 26 27 28 29 30 31 32 33 34 35 36 37 38 39 40 41 42 43 44 45 46 47 48 49 50 51 52 53 54 55 56 57 58 59 60 61 62 63 64 65 66 67 68 69 70 71 72 73 74 75 76 77 78 79 80 81 82 83 84 85 86 87 88 89 90 91 92 93 94 95 96 97 98 99 100 101 102 103 104 105 106 107 108 109 110 111 112 113 114 115 116 117 118 119 120 121 122 123 124 125 126 127 
Runtimes: [33983, 31281, 38581, 33708, 32581, 25717, 28951, 29610, 30955, 29501, 30056, 24793, 25008, 26980, 38867, 28284, 30074, 27580, 27671, 28807, 27175, 31945, 35128, 27766, 25753, 25987, 26164, 33883, 31407, 39612, 28210, 24949, 34122, 27995, 28577, 38863, 26321, 34636, 26067, 32696, 28160, 34368, 31118, 28317, 33263, 39229, 29534, 26153, 29406, 27814, 27688, 27006, 26182, 29903, 34157, 25671, 39705, 40541, 38330, 29705, 32050, 28081, 29378, 25549, 33590, 29927, 30327, 31797, 31222, 32907, 35583, 27617, 29450, 31796, 29168, 26296, 26811, 33825, 37246, 31692, 29522, 26738, 28137, 29506, 25355, 26835, 30510, 21836, 26842, 34186, 32577, 29484, 28694, 28508, 27178, 28850, 30327, 31378, 30060, 29509, 30887, 26447, 31871, 31684, 31585, 28187, 39336, 28493, 26542, 29997, 33475, 37441, 28645, 24601, 32781, 22868, 40590, 27077, 27771, 27778, 29711, 27044, 30245, 23634, 29926, 26810, 26397, 25641]
Average: 30111.734375
Evaluated in 54.34s

log2(n)
Running (μ + 1) w/ chm, μ = 11, p_c = 0.99, p_m = 0.00048828125 on OneMax(n = 2048)
Progress: 0 1 2 3 4 5 6 7 8 9 10 11 12 13 14 15 16 17 18 19 20 21 22 23 24 25 26 27 28 29 30 31 32 33 34 35 36 37 38 39 40 41 42 43 44 45 46 47 48 49 50 51 52 53 54 55 56 57 58 59 60 61 62 63 64 65 66 67 68 69 70 71 72 73 74 75 76 77 78 79 80 81 82 83 84 85 86 87 88 89 90 91 92 93 94 95 96 97 98 99 100 101 102 103 104 105 106 107 108 109 110 111 112 113 114 115 116 117 118 119 120 121 122 123 124 125 126 127 
Runtimes: [25579, 29197, 24728, 33612, 19034, 21450, 21278, 21947, 30971, 25703, 29113, 24332, 23949, 30401, 24273, 22527, 24786, 25093, 24607, 29893, 24164, 28115, 20784, 33656, 25221, 26752, 27215, 32943, 31315, 24294, 26693, 30852, 25181, 24733, 26016, 22083, 28082, 21530, 29488, 25084, 26942, 20452, 23128, 26406, 25249, 27066, 27571, 23167, 24523, 22910, 21317, 35900, 26248, 24088, 22516, 28786, 23405, 31866, 24821, 22854, 25543, 32129, 28741, 24945, 37018, 31428, 29573, 23940, 27286, 21402, 28658, 24940, 35267, 26075, 28854, 20026, 28199, 24529, 30332, 25100, 28395, 26892, 27823, 28650, 22628, 25590, 27654, 31336, 23366, 29947, 25839, 28113, 35457, 20432, 26248, 26357, 24218, 23375, 22131, 22829, 30375, 26245, 29301, 22275, 26417, 33533, 33816, 25213, 24266, 24727, 26242, 25290, 25505, 25645, 24834, 21601, 31771, 28259, 21779, 28301, 23239, 31708, 26182, 25680, 22524, 28497, 20961, 26355]
Average: 26388.2421875
Evaluated in 94.68s

sqrt(n)
Running (μ + 1), μ = 45, p_c = 0.99, p_m = 0.00048828125 on OneMax(n = 2048)
Progress: 0 1 2 3 4 5 6 7 8 9 10 11 12 13 14 15 16 17 18 19 20 21 22 23 24 25 26 27 28 29 30 31 32 33 34 35 36 37 38 39 40 41 42 43 44 45 46 47 48 49 50 51 52 53 54 55 56 57 58 59 60 61 62 63 64 65 66 67 68 69 70 71 72 73 74 75 76 77 78 79 80 81 82 83 84 85 86 87 88 89 90 91 92 93 94 95 96 97 98 99 100 101 102 103 104 105 106 107 108 109 110 111 112 113 114 115 116 117 118 119 120 121 122 123 124 125 126 127 
Runtimes: [37394, 37359, 35661, 34728, 38264, 37295, 40978, 41503, 46064, 56439, 32625, 35252, 46869, 43249, 39518, 39165, 38025, 37707, 32288, 41687, 38478, 37334, 41347, 35884, 43854, 52902, 33862, 47478, 40907, 36319, 36831, 41164, 41327, 40452, 32753, 34985, 40953, 35197, 32299, 36138, 50285, 35873, 35530, 46139, 34040, 33078, 40544, 33199, 37801, 40838, 47416, 42541, 44742, 36204, 36660, 41025, 41207, 37700, 40736, 40702, 36092, 41011, 38512, 33220, 38869, 32540, 43728, 36350, 40152, 36913, 41509, 41716, 37437, 36258, 36025, 38437, 39403, 39178, 32237, 40972, 39858, 35710, 33216, 38753, 44928, 49704, 36916, 38307, 43140, 35516, 40822, 50514, 46251, 37502, 36841, 36530, 37287, 40550, 37644, 38433, 38668, 39700, 39868, 38623, 37093, 36658, 35419, 37202, 43612, 33830, 49368, 40530, 40646, 35712, 44669, 36418, 46446, 33494, 37908, 34614, 33405, 36280, 35045, 39706, 39356, 33823, 42930, 34666]
Average: 39089.5625
Evaluated in 71.14s

sqrt(n)
Running (μ + 1) w/ chm, μ = 45, p_c = 0.99, p_m = 0.00048828125 on OneMax(n = 2048)
Progress: 0 1 2 3 4 5 6 7 8 9 10 11 12 13 14 15 16 17 18 19 20 21 22 23 24 25 26 27 28 29 30 31 32 33 34 35 36 37 38 39 40 41 42 43 44 45 46 47 48 49 50 51 52 53 54 55 56 57 58 59 60 61 62 63 64 65 66 67 68 69 70 71 72 73 74 75 76 77 78 79 80 81 82 83 84 85 86 87 88 89 90 91 92 93 94 95 96 97 98 99 100 101 102 103 104 105 106 107 108 109 110 111 112 113 114 115 116 117 118 119 120 121 122 123 124 125 126 127 
Runtimes: [35796, 39846, 33628, 33784, 34142, 32862, 35660, 30781, 31056, 34074, 36360, 34158, 30548, 33897, 35813, 42093, 36643, 35503, 39511, 40099, 44987, 37487, 34040, 38416, 34729, 33627, 32300, 31884, 42530, 43162, 40198, 32785, 36845, 36529, 34961, 32186, 29140, 37849, 33967, 31728, 33184, 37324, 37300, 36631, 34257, 32003, 33669, 30654, 32210, 32856, 40732, 39103, 32753, 32022, 33512, 33520, 35454, 32222, 32371, 33633, 37632, 36444, 34283, 38037, 29944, 46682, 43992, 34064, 48910, 35683, 38116, 40762, 33932, 33449, 41572, 42637, 43548, 33046, 33858, 40736, 33204, 32529, 31949, 36913, 37726, 37912, 31929, 35416, 38824, 35213, 32703, 45362, 33455, 32806, 31768, 34048, 29693, 34409, 32077, 37555, 33583, 34838, 34128, 32297, 34785, 30786, 37264, 30732, 33995, 39578, 29820, 32738, 38005, 37332, 31436, 35082, 33989, 34409, 34470, 35882, 37341, 35397, 34406, 33478, 36528, 34385, 32347, 37092]
Average: 35468.3984375
Evaluated in 542.34s


2
Running (μ + 1), μ = 2, p_c = 0.99, p_m = 0.000244140625 on OneMax(n = 4096)
Progress: 0 1 2 3 4 5 6 7 8 9 10 11 12 13 14 15 16 17 18 19 20 21 22 23 24 25 26 27 28 29 30 31 32 33 34 35 36 37 38 39 40 41 42 43 44 45 46 47 48 49 50 51 52 53 54 55 56 57 58 59 60 61 62 63 64 65 66 67 68 69 70 71 72 73 74 75 76 77 78 79 80 81 82 83 84 85 86 87 88 89 90 91 92 93 94 95 96 97 98 99 100 101 102 103 104 105 106 107 108 109 110 111 112 113 114 115 116 117 118 119 120 121 122 123 124 125 126 127 
Runtimes: [63168, 84167, 65523, 88023, 74818, 72429, 70055, 66943, 76365, 76033, 58882, 62158, 51737, 85195, 60424, 62034, 70044, 70750, 78034, 72794, 71272, 89430, 71294, 64932, 73367, 63331, 79094, 66021, 66924, 79641, 67266, 63694, 91551, 78703, 73426, 76798, 68536, 75218, 76252, 83150, 57587, 74583, 78014, 59319, 78759, 74673, 62842, 84684, 93315, 73656, 94065, 63364, 61052, 63101, 74339, 65434, 65551, 62574, 58141, 60055, 86314, 87112, 60663, 63490, 62489, 75414, 66013, 89580, 87553, 78285, 93179, 63097, 66997, 71744, 79201, 61515, 83739, 69303, 65305, 105889, 61013, 77070, 62851, 61213, 59418, 66918, 68525, 102462, 72404, 76206, 71507, 70411, 59174, 68840, 66954, 53674, 70242, 69274, 57869, 72658, 56469, 75917, 63582, 70791, 59793, 67340, 66342, 80066, 60572, 101576, 57720, 69485, 69126, 75574, 70092, 64132, 75512, 83792, 61553, 62673, 79947, 57259, 83766, 65965, 78256, 65332, 77244, 47449]
Average: 71308.390625
Evaluated in 244.30s

2
Running (μ + 1) w/ chm, μ = 2, p_c = 0.99, p_m = 0.000244140625 on OneMax(n = 4096)
Progress: 0 1 2 3 4 5 6 7 8 9 10 11 12 13 14 15 16 17 18 19 20 21 22 23 24 25 26 27 28 29 30 31 32 33 34 35 36 37 38 39 40 41 42 43 44 45 46 47 48 49 50 51 52 53 54 55 56 57 58 59 60 61 62 63 64 65 66 67 68 69 70 71 72 73 74 75 76 77 78 79 80 81 82 83 84 85 86 87 88 89 90 91 92 93 94 95 96 97 98 99 100 101 102 103 104 105 106 107 108 109 110 111 112 113 114 115 116 117 118 119 120 121 122 123 124 125 126 127 
Runtimes: [50442, 63363, 44363, 52574, 54702, 43462, 51231, 50674, 43667, 50355, 52155, 56168, 46200, 58682, 52845, 46140, 56412, 52369, 42967, 51112, 65414, 51930, 61982, 40690, 43624, 45579, 54292, 41805, 46923, 55358, 53523, 55884, 45777, 45703, 54892, 44961, 51881, 58565, 45315, 60475, 40035, 44148, 63637, 44735, 44759, 46662, 55533, 43196, 52499, 47169, 48026, 56248, 57343, 45848, 63758, 42113, 47665, 41259, 52979, 46748, 55831, 56711, 40275, 69689, 53070, 48003, 50600, 44088, 57769, 48897, 52430, 45430, 44864, 55455, 59209, 52027, 55991, 43937, 41601, 50909, 47015, 48666, 43263, 54586, 50495, 42013, 46291, 67959, 40980, 39458, 51761, 47818, 52675, 47065, 49022, 46357, 49994, 46034, 56537, 46135, 46007, 43330, 45397, 46542, 60200, 53685, 52171, 46208, 50915, 49335, 48045, 45124, 44049, 44338, 57046, 52527, 42540, 51250, 39234, 39774, 42666, 46207, 42940, 41365, 57290, 45541, 42505, 42968]
Average: 49600.9765625
Evaluated in 198.31s

log2(n)
Running (μ + 1), μ = 12, p_c = 0.99, p_m = 0.000244140625 on OneMax(n = 4096)
Progress: 0 1 2 3 4 5 6 7 8 9 10 11 12 13 14 15 16 17 18 19 20 21 22 23 24 25 26 27 28 29 30 31 32 33 34 35 36 37 38 39 40 41 42 43 44 45 46 47 48 49 50 51 52 53 54 55 56 57 58 59 60 61 62 63 64 65 66 67 68 69 70 71 72 73 74 75 76 77 78 79 80 81 82 83 84 85 86 87 88 89 90 91 92 93 94 95 96 97 98 99 100 101 102 103 104 105 106 107 108 109 110 111 112 113 114 115 116 117 118 119 120 121 122 123 124 125 126 127 
Runtimes: [55919, 57846, 72307, 63122, 60307, 72257, 52001, 62702, 68392, 68813, 57353, 74098, 70732, 62863, 67718, 68093, 73220, 55350, 79646, 66417, 83011, 63370, 63209, 69812, 54382, 81007, 80025, 51751, 59463, 64273, 58021, 58205, 76724, 53769, 61124, 58782, 74621, 58910, 66660, 61602, 60168, 65867, 60048, 66107, 62503, 70482, 59570, 71413, 77573, 50737, 66769, 63824, 65337, 54265, 63388, 61835, 74518, 57103, 78085, 79949, 67357, 67966, 70320, 75300, 67306, 61070, 73016, 67306, 63124, 58176, 86699, 66447, 75011, 64464, 64737, 63592, 81944, 63511, 68048, 68677, 72704, 78641, 64673, 63302, 52129, 63561, 70507, 68071, 61910, 88406, 75260, 73855, 64135, 63667, 74749, 60149, 68642, 88503, 64984, 82658, 73386, 61297, 64082, 65795, 61796, 64113, 53608, 72762, 56514, 64326, 62520, 67482, 82326, 61271, 70323, 83886, 59927, 59541, 55260, 67517, 53448, 54657, 60562, 72720, 85346, 64700, 63008, 78297]
Average: 66659.8828125
Evaluated in 236.74s

log2(n)
Running (μ + 1) w/ chm, μ = 12, p_c = 0.99, p_m = 0.000244140625 on OneMax(n = 4096)
Progress: 0 1 2 3 4 5 6 7 8 9 10 11 12 13 14 15 16 17 18 19 20 21 22 23 24 25 26 27 28 29 30 31 32 33 34 35 36 